QuestaSim-64 vmap 2021.2_1 Lib Mapping Utility 2021.05 May 15 2021
vmap vid_edid_v1_0_0 /home/binhkieudo/Workspace/XRPIX/serv/build/servant_1.2.1/nexys_a7-vivado/servant_1.2.1.cache/compile_simlib/questa/vid_edid_v1_0_0 
Modifying modelsim.ini
QuestaSim-64 vcom 2021.2_1 Compiler 2021.05 May 15 2021
Start time: 11:30:48 on Jul 13,2023
vcom -64 -93 -work vid_edid_v1_0_0 -f /home/binhkieudo/Workspace/XRPIX/serv/build/servant_1.2.1/nexys_a7-vivado/servant_1.2.1.cache/compile_simlib/questa/vid_edid_v1_0_0/.cxl.vhdl.vid_edid_v1_0_0.vid_edid_v1_0_0.lin64.cmf 
-- Loading package STANDARD
-- Compiling package vid_edid_v1_0_0_family_support
-- Compiling package body vid_edid_v1_0_0_family_support
-- Loading package vid_edid_v1_0_0_family_support
-- Loading package TEXTIO
-- Loading package std_logic_1164
-- Loading package vid_edid_v1_0_0_family_support
-- Compiling entity vid_edid_v1_0_0_pselect_f
-- Compiling architecture imp of vid_edid_v1_0_0_pselect_f
-- Loading package std_logic_arith
-- Loading package STD_LOGIC_UNSIGNED
-- Compiling package vid_edid_v1_0_0_proc_common_pkg
-- Compiling package body vid_edid_v1_0_0_proc_common_pkg
-- Loading package vid_edid_v1_0_0_proc_common_pkg
-- Loading package NUMERIC_STD
-- Compiling entity vid_edid_v1_0_0_counter_f
-- Compiling architecture imp of vid_edid_v1_0_0_counter_f
-- Compiling package vid_edid_v1_0_0_common_pkg
-- Compiling package body vid_edid_v1_0_0_common_pkg
-- Loading package vid_edid_v1_0_0_common_pkg
-- Compiling entity vid_edid_v1_0_0_multiplexor
-- Compiling architecture RTL of vid_edid_v1_0_0_multiplexor
-- Loading package vid_edid_v1_0_0_proc_common_pkg
-- Compiling entity vid_edid_v1_0_0_axilite_sif
-- Compiling architecture RTL of vid_edid_v1_0_0_axilite_sif
-- Compiling entity vid_edid_v1_0_0_apb_mif
-- Compiling architecture RTL of vid_edid_v1_0_0_apb_mif
-- Loading package ATTRIBUTES
-- Loading package std_logic_misc
-- Compiling entity vid_edid_v1_0_0_psel_decoder
-- Compiling architecture RTL of vid_edid_v1_0_0_psel_decoder
-- Loading package vid_edid_v1_0_0_common_pkg
-- Compiling entity vid_edid_v1_0_0_rom
-- Compiling architecture rtl of vid_edid_v1_0_0_rom
-- Compiling entity vid_edid_v1_0_0_axi_apb_bridge
-- Compiling architecture RTL of vid_edid_v1_0_0_axi_apb_bridge
-- Compiling entity vid_edid_v1_0_0_edid_rom
-- Compiling architecture rtl of vid_edid_v1_0_0_edid_rom
-- Loading entity vid_edid_v1_0_0_rom
End time: 11:30:49 on Jul 13,2023, Elapsed time: 0:00:01
Errors: 0, Warnings: 0
