QuestaSim-64 vmap 2021.2_1 Lib Mapping Utility 2021.05 May 15 2021
vmap noc_hbm_v1_0_0 /home/binhkieudo/Workspace/XRPIX/serv/build/servant_1.2.1/nexys_a7-vivado/servant_1.2.1.cache/compile_simlib/questa/noc_hbm_v1_0_0 
Modifying modelsim.ini
QuestaSim-64 vlog 2021.2_1 Compiler 2021.05 May 15 2021
Start time: 11:30:05 on Jul 13,2023
vlog -64 -L noc_hbm_v1_0_0 "+incdir+/home/binhkieudo/Workspace/XRPIX/serv/build/servant_1.2.1/nexys_a7-vivado/.cxl.ip/incl" -sv -svinputport=relaxed -work noc_hbm_v1_0_0 -f /home/binhkieudo/Workspace/XRPIX/serv/build/servant_1.2.1/nexys_a7-vivado/servant_1.2.1.cache/compile_simlib/questa/noc_hbm_v1_0_0/.cxl.systemverilog.noc_hbm_v1_0_0.noc_hbm_v1_0_0.lin64.cmf 
-- Compiling module HBM_CHNL
** Warning: ** while parsing file included at /tools/Xilinx/Vivado/2022.2/data/ip/xilinx/noc_hbm_v1_0/hdl/bfm/MC/hbm_dbuf_bfm.sv(87)
** at /home/binhkieudo/Workspace/XRPIX/serv/build/servant_1.2.1/nexys_a7-vivado/.cxl.ip/incl/hbm_dfi_cmd_if_bfm.sv(87): (vlog-2275) Existing <protected> '<protected>'<protected> will be overwritten<protected>.
** Warning: ** while parsing file included at /tools/Xilinx/Vivado/2022.2/data/ip/xilinx/noc_hbm_v1_0/hdl/bfm/MC/hbm_dbuf_bfm.sv(87)
** at /home/binhkieudo/Workspace/XRPIX/serv/build/servant_1.2.1/nexys_a7-vivado/.cxl.ip/incl/hbm_dfi_data_if_bfm.sv(87): (vlog-2275) Existing <protected> '<protected>'<protected> will be overwritten<protected>.
** Warning: ** while parsing file included at /tools/Xilinx/Vivado/2022.2/data/ip/xilinx/noc_hbm_v1_0/hdl/bfm/MC/hbm_dbuf_bfm.sv(87)
** at /home/binhkieudo/Workspace/XRPIX/serv/build/servant_1.2.1/nexys_a7-vivado/.cxl.ip/incl/hbm_dfi_misc_ctl_if_bfm.sv(87): (vlog-2275) Existing <protected> '<protected>'<protected> will be overwritten<protected>.
** Warning: ** while parsing file included at /tools/Xilinx/Vivado/2022.2/data/ip/xilinx/noc_hbm_v1_0/hdl/bfm/MC/hbm_dc_bfm.sv(87)
** at /home/binhkieudo/Workspace/XRPIX/serv/build/servant_1.2.1/nexys_a7-vivado/.cxl.ip/incl/hbmmc_pkg_bfm.sv(87): (vlog-2275) Existing <protected> '<protected>'<protected> will be overwritten<protected>.
** Warning: ** while parsing file included at /tools/Xilinx/Vivado/2022.2/data/ip/xilinx/noc_hbm_v1_0/hdl/bfm/MC/hbm_dc_bfm.sv(87)
** at /home/binhkieudo/Workspace/XRPIX/serv/build/servant_1.2.1/nexys_a7-vivado/.cxl.ip/incl/hbm_dfi_cmd_if_bfm.sv(87): (vlog-2275) Existing <protected> '<protected>'<protected> will be overwritten<protected>.
** Warning: ** while parsing file included at /tools/Xilinx/Vivado/2022.2/data/ip/xilinx/noc_hbm_v1_0/hdl/bfm/MC/hbm_dc_bfm.sv(87)
** at /home/binhkieudo/Workspace/XRPIX/serv/build/servant_1.2.1/nexys_a7-vivado/.cxl.ip/incl/hbm_dfi_data_if_bfm.sv(87): (vlog-2275) Existing <protected> '<protected>'<protected> will be overwritten<protected>.
** Warning: ** while parsing file included at /tools/Xilinx/Vivado/2022.2/data/ip/xilinx/noc_hbm_v1_0/hdl/bfm/MC/hbm_dc_bfm.sv(87)
** at /home/binhkieudo/Workspace/XRPIX/serv/build/servant_1.2.1/nexys_a7-vivado/.cxl.ip/incl/hbm_dfi_misc_ctl_if_bfm.sv(87): (vlog-2275) Existing <protected> '<protected>'<protected> will be overwritten<protected>.
** Warning: ** while parsing file included at /tools/Xilinx/Vivado/2022.2/data/ip/xilinx/noc_hbm_v1_0/hdl/bfm/MC/hbm_dc_bfm.sv(87)
** at /home/binhkieudo/Workspace/XRPIX/serv/build/servant_1.2.1/nexys_a7-vivado/.cxl.ip/incl/hbmmc_lbus_cmd_if_bfm.sv(87): (vlog-2275) Existing <protected> '<protected>'<protected> will be overwritten<protected>.
** Warning: ** while parsing file included at /tools/Xilinx/Vivado/2022.2/data/ip/xilinx/noc_hbm_v1_0/hdl/bfm/MC/hbm_dc_bfm.sv(87)
** at /home/binhkieudo/Workspace/XRPIX/serv/build/servant_1.2.1/nexys_a7-vivado/.cxl.ip/incl/hbmmc_lbus_data_if_bfm.sv(87): (vlog-2275) Existing <protected> '<protected>'<protected> will be overwritten<protected>.
** Warning: ** while parsing file included at /tools/Xilinx/Vivado/2022.2/data/ip/xilinx/noc_hbm_v1_0/hdl/bfm/MC/hbm_dc_bfm.sv(87)
** at /home/binhkieudo/Workspace/XRPIX/serv/build/servant_1.2.1/nexys_a7-vivado/.cxl.ip/incl/hbmmc_csr_if_bfm.sv(87): (vlog-2275) Existing <protected> '<protected>'<protected> will be overwritten<protected>.
** Warning: ** while parsing file included at /tools/Xilinx/Vivado/2022.2/data/ip/xilinx/noc_hbm_v1_0/hdl/bfm/MC/hbm_dc_bfm.sv(87)
** at /home/binhkieudo/Workspace/XRPIX/serv/build/servant_1.2.1/nexys_a7-vivado/.cxl.ip/incl/hbmmc_na_regs_config_if_bfm.sv(87): (vlog-2275) Existing <protected> '<protected>'<protected> will be overwritten<protected>.
** Warning: ** while parsing file included at /tools/Xilinx/Vivado/2022.2/data/ip/xilinx/noc_hbm_v1_0/hdl/bfm/MC/hbm_dc_bfm.sv(87)
** at /home/binhkieudo/Workspace/XRPIX/serv/build/servant_1.2.1/nexys_a7-vivado/.cxl.ip/incl/hbmmc_mc_regs_config_if_bfm.sv(87): (vlog-2275) Existing <protected> '<protected>'<protected> will be overwritten<protected>.
** Warning: ** while parsing file included at /tools/Xilinx/Vivado/2022.2/data/ip/xilinx/noc_hbm_v1_0/hdl/bfm/MC/hbm_dpath_bfm.sv(87)
** at /home/binhkieudo/Workspace/XRPIX/serv/build/servant_1.2.1/nexys_a7-vivado/.cxl.ip/incl/hbmmc_pkg_bfm.sv(87): (vlog-2275) Existing <protected> '<protected>'<protected> will be overwritten<protected>.
** Warning: ** while parsing file included at /tools/Xilinx/Vivado/2022.2/data/ip/xilinx/noc_hbm_v1_0/hdl/bfm/MC/hbm_dpath_bfm.sv(87)
** at /home/binhkieudo/Workspace/XRPIX/serv/build/servant_1.2.1/nexys_a7-vivado/.cxl.ip/incl/hbm_dfi_cmd_if_bfm.sv(87): (vlog-2275) Existing <protected> '<protected>'<protected> will be overwritten<protected>.
** Warning: ** while parsing file included at /tools/Xilinx/Vivado/2022.2/data/ip/xilinx/noc_hbm_v1_0/hdl/bfm/MC/hbm_dpath_bfm.sv(87)
** at /home/binhkieudo/Workspace/XRPIX/serv/build/servant_1.2.1/nexys_a7-vivado/.cxl.ip/incl/hbm_dfi_data_if_bfm.sv(87): (vlog-2275) Existing <protected> '<protected>'<protected> will be overwritten<protected>.
** Warning: ** while parsing file included at /tools/Xilinx/Vivado/2022.2/data/ip/xilinx/noc_hbm_v1_0/hdl/bfm/MC/hbm_dpath_bfm.sv(87)
** at /home/binhkieudo/Workspace/XRPIX/serv/build/servant_1.2.1/nexys_a7-vivado/.cxl.ip/incl/hbm_dfi_misc_ctl_if_bfm.sv(87): (vlog-2275) Existing <protected> '<protected>'<protected> will be overwritten<protected>.
** Warning: ** while parsing file included at /tools/Xilinx/Vivado/2022.2/data/ip/xilinx/noc_hbm_v1_0/hdl/bfm/MC/hbm_dpath_bfm.sv(87)
** at /home/binhkieudo/Workspace/XRPIX/serv/build/servant_1.2.1/nexys_a7-vivado/.cxl.ip/incl/hbmmc_lbus_cmd_if_bfm.sv(87): (vlog-2275) Existing <protected> '<protected>'<protected> will be overwritten<protected>.
** Warning: ** while parsing file included at /tools/Xilinx/Vivado/2022.2/data/ip/xilinx/noc_hbm_v1_0/hdl/bfm/MC/hbm_dpath_bfm.sv(87)
** at /home/binhkieudo/Workspace/XRPIX/serv/build/servant_1.2.1/nexys_a7-vivado/.cxl.ip/incl/hbmmc_lbus_data_if_bfm.sv(87): (vlog-2275) Existing <protected> '<protected>'<protected> will be overwritten<protected>.
** Warning: ** while parsing file included at /tools/Xilinx/Vivado/2022.2/data/ip/xilinx/noc_hbm_v1_0/hdl/bfm/MC/hbm_dpath_bfm.sv(87)
** at /home/binhkieudo/Workspace/XRPIX/serv/build/servant_1.2.1/nexys_a7-vivado/.cxl.ip/incl/hbmmc_csr_if_bfm.sv(87): (vlog-2275) Existing <protected> '<protected>'<protected> will be overwritten<protected>.
** Warning: ** while parsing file included at /tools/Xilinx/Vivado/2022.2/data/ip/xilinx/noc_hbm_v1_0/hdl/bfm/MC/hbm_dpath_bfm.sv(87)
** at /home/binhkieudo/Workspace/XRPIX/serv/build/servant_1.2.1/nexys_a7-vivado/.cxl.ip/incl/hbmmc_na_regs_config_if_bfm.sv(87): (vlog-2275) Existing <protected> '<protected>'<protected> will be overwritten<protected>.
** Warning: ** while parsing file included at /tools/Xilinx/Vivado/2022.2/data/ip/xilinx/noc_hbm_v1_0/hdl/bfm/MC/hbm_dpath_bfm.sv(87)
** at /home/binhkieudo/Workspace/XRPIX/serv/build/servant_1.2.1/nexys_a7-vivado/.cxl.ip/incl/hbmmc_mc_regs_config_if_bfm.sv(87): (vlog-2275) Existing <protected> '<protected>'<protected> will be overwritten<protected>.
** Warning: /tools/Xilinx/Vivado/2022.2/data/ip/xilinx/noc_hbm_v1_0/hdl/bfm/MC/hbm_dpath_bfm.sv(87): (vlog-2240) Treating stand-alone use of function '<protected>' as an implicit VOID cast.
** Warning: /tools/Xilinx/Vivado/2022.2/data/ip/xilinx/noc_hbm_v1_0/hdl/bfm/MC/hbm_dpath_bfm.sv(87): (vlog-2240) Treating stand-alone use of function '<protected>' as an implicit VOID cast.
** Warning: ** while parsing file included at /tools/Xilinx/Vivado/2022.2/data/ip/xilinx/noc_hbm_v1_0/hdl/bfm/MC/hbm_refresh_bfm.sv(87)
** at /home/binhkieudo/Workspace/XRPIX/serv/build/servant_1.2.1/nexys_a7-vivado/.cxl.ip/incl/hbmmc_pkg_bfm.sv(87): (vlog-2275) Existing <protected> '<protected>'<protected> will be overwritten<protected>.
** Warning: ** while parsing file included at /tools/Xilinx/Vivado/2022.2/data/ip/xilinx/noc_hbm_v1_0/hdl/bfm/MC/hbm_refresh_bfm.sv(87)
** at /home/binhkieudo/Workspace/XRPIX/serv/build/servant_1.2.1/nexys_a7-vivado/.cxl.ip/incl/hbm_dfi_cmd_if_bfm.sv(87): (vlog-2275) Existing <protected> '<protected>'<protected> will be overwritten<protected>.
** Warning: ** while parsing file included at /tools/Xilinx/Vivado/2022.2/data/ip/xilinx/noc_hbm_v1_0/hdl/bfm/MC/hbm_refresh_bfm.sv(87)
** at /home/binhkieudo/Workspace/XRPIX/serv/build/servant_1.2.1/nexys_a7-vivado/.cxl.ip/incl/hbm_dfi_data_if_bfm.sv(87): (vlog-2275) Existing <protected> '<protected>'<protected> will be overwritten<protected>.
** Warning: ** while parsing file included at /tools/Xilinx/Vivado/2022.2/data/ip/xilinx/noc_hbm_v1_0/hdl/bfm/MC/hbm_refresh_bfm.sv(87)
** at /home/binhkieudo/Workspace/XRPIX/serv/build/servant_1.2.1/nexys_a7-vivado/.cxl.ip/incl/hbm_dfi_misc_ctl_if_bfm.sv(87): (vlog-2275) Existing <protected> '<protected>'<protected> will be overwritten<protected>.
** Warning: ** while parsing file included at /tools/Xilinx/Vivado/2022.2/data/ip/xilinx/noc_hbm_v1_0/hdl/bfm/MC/hbm_refresh_bfm.sv(87)
** at /home/binhkieudo/Workspace/XRPIX/serv/build/servant_1.2.1/nexys_a7-vivado/.cxl.ip/incl/hbmmc_lbus_cmd_if_bfm.sv(87): (vlog-2275) Existing <protected> '<protected>'<protected> will be overwritten<protected>.
** Warning: ** while parsing file included at /tools/Xilinx/Vivado/2022.2/data/ip/xilinx/noc_hbm_v1_0/hdl/bfm/MC/hbm_refresh_bfm.sv(87)
** at /home/binhkieudo/Workspace/XRPIX/serv/build/servant_1.2.1/nexys_a7-vivado/.cxl.ip/incl/hbmmc_lbus_data_if_bfm.sv(87): (vlog-2275) Existing <protected> '<protected>'<protected> will be overwritten<protected>.
** Warning: ** while parsing file included at /tools/Xilinx/Vivado/2022.2/data/ip/xilinx/noc_hbm_v1_0/hdl/bfm/MC/hbm_refresh_bfm.sv(87)
** at /home/binhkieudo/Workspace/XRPIX/serv/build/servant_1.2.1/nexys_a7-vivado/.cxl.ip/incl/hbmmc_csr_if_bfm.sv(87): (vlog-2275) Existing <protected> '<protected>'<protected> will be overwritten<protected>.
** Warning: ** while parsing file included at /tools/Xilinx/Vivado/2022.2/data/ip/xilinx/noc_hbm_v1_0/hdl/bfm/MC/hbm_refresh_bfm.sv(87)
** at /home/binhkieudo/Workspace/XRPIX/serv/build/servant_1.2.1/nexys_a7-vivado/.cxl.ip/incl/hbmmc_na_regs_config_if_bfm.sv(87): (vlog-2275) Existing <protected> '<protected>'<protected> will be overwritten<protected>.
** Warning: ** while parsing file included at /tools/Xilinx/Vivado/2022.2/data/ip/xilinx/noc_hbm_v1_0/hdl/bfm/MC/hbm_refresh_bfm.sv(87)
** at /home/binhkieudo/Workspace/XRPIX/serv/build/servant_1.2.1/nexys_a7-vivado/.cxl.ip/incl/hbmmc_mc_regs_config_if_bfm.sv(87): (vlog-2275) Existing <protected> '<protected>'<protected> will be overwritten<protected>.
** Warning: ** while parsing file included at /tools/Xilinx/Vivado/2022.2/data/ip/xilinx/noc_hbm_v1_0/hdl/bfm/MC/hbm_txnq_bfm.sv(87)
** at /home/binhkieudo/Workspace/XRPIX/serv/build/servant_1.2.1/nexys_a7-vivado/.cxl.ip/incl/hbmmc_pkg_bfm.sv(87): (vlog-2275) Existing <protected> '<protected>'<protected> will be overwritten<protected>.
** Warning: ** while parsing file included at /tools/Xilinx/Vivado/2022.2/data/ip/xilinx/noc_hbm_v1_0/hdl/bfm/MC/hbm_txnq_bfm.sv(87)
** at /home/binhkieudo/Workspace/XRPIX/serv/build/servant_1.2.1/nexys_a7-vivado/.cxl.ip/incl/hbm_dfi_cmd_if_bfm.sv(87): (vlog-2275) Existing <protected> '<protected>'<protected> will be overwritten<protected>.
** Warning: ** while parsing file included at /tools/Xilinx/Vivado/2022.2/data/ip/xilinx/noc_hbm_v1_0/hdl/bfm/MC/hbm_txnq_bfm.sv(87)
** at /home/binhkieudo/Workspace/XRPIX/serv/build/servant_1.2.1/nexys_a7-vivado/.cxl.ip/incl/hbm_dfi_data_if_bfm.sv(87): (vlog-2275) Existing <protected> '<protected>'<protected> will be overwritten<protected>.
** Warning: ** while parsing file included at /tools/Xilinx/Vivado/2022.2/data/ip/xilinx/noc_hbm_v1_0/hdl/bfm/MC/hbm_txnq_bfm.sv(87)
** at /home/binhkieudo/Workspace/XRPIX/serv/build/servant_1.2.1/nexys_a7-vivado/.cxl.ip/incl/hbm_dfi_misc_ctl_if_bfm.sv(87): (vlog-2275) Existing <protected> '<protected>'<protected> will be overwritten<protected>.
** Warning: ** while parsing file included at /tools/Xilinx/Vivado/2022.2/data/ip/xilinx/noc_hbm_v1_0/hdl/bfm/MC/hbm_txnq_bfm.sv(87)
** at /home/binhkieudo/Workspace/XRPIX/serv/build/servant_1.2.1/nexys_a7-vivado/.cxl.ip/incl/hbmmc_lbus_cmd_if_bfm.sv(87): (vlog-2275) Existing <protected> '<protected>'<protected> will be overwritten<protected>.
** Warning: ** while parsing file included at /tools/Xilinx/Vivado/2022.2/data/ip/xilinx/noc_hbm_v1_0/hdl/bfm/MC/hbm_txnq_bfm.sv(87)
** at /home/binhkieudo/Workspace/XRPIX/serv/build/servant_1.2.1/nexys_a7-vivado/.cxl.ip/incl/hbmmc_lbus_data_if_bfm.sv(87): (vlog-2275) Existing <protected> '<protected>'<protected> will be overwritten<protected>.
** Warning: ** while parsing file included at /tools/Xilinx/Vivado/2022.2/data/ip/xilinx/noc_hbm_v1_0/hdl/bfm/MC/hbm_txnq_bfm.sv(87)
** at /home/binhkieudo/Workspace/XRPIX/serv/build/servant_1.2.1/nexys_a7-vivado/.cxl.ip/incl/hbmmc_csr_if_bfm.sv(87): (vlog-2275) Existing <protected> '<protected>'<protected> will be overwritten<protected>.
** Warning: ** while parsing file included at /tools/Xilinx/Vivado/2022.2/data/ip/xilinx/noc_hbm_v1_0/hdl/bfm/MC/hbm_txnq_bfm.sv(87)
** at /home/binhkieudo/Workspace/XRPIX/serv/build/servant_1.2.1/nexys_a7-vivado/.cxl.ip/incl/hbmmc_na_regs_config_if_bfm.sv(87): (vlog-2275) Existing <protected> '<protected>'<protected> will be overwritten<protected>.
** Warning: ** while parsing file included at /tools/Xilinx/Vivado/2022.2/data/ip/xilinx/noc_hbm_v1_0/hdl/bfm/MC/hbm_txnq_bfm.sv(87)
** at /home/binhkieudo/Workspace/XRPIX/serv/build/servant_1.2.1/nexys_a7-vivado/.cxl.ip/incl/hbmmc_mc_regs_config_if_bfm.sv(87): (vlog-2275) Existing <protected> '<protected>'<protected> will be overwritten<protected>.
** Warning: /tools/Xilinx/Vivado/2022.2/data/ip/xilinx/noc_hbm_v1_0/hdl/bfm/MC/hbm_txnq_bfm.sv(87): (vlog-2240) Treating stand-alone use of function '<protected>' as an implicit VOID cast.
** Warning: ** while parsing file included at /tools/Xilinx/Vivado/2022.2/data/ip/xilinx/noc_hbm_v1_0/hdl/bfm/MC/hbm_pend_fifo_bfm.sv(87)
** at /home/binhkieudo/Workspace/XRPIX/serv/build/servant_1.2.1/nexys_a7-vivado/.cxl.ip/incl/hbmmc_pkg_bfm.sv(87): (vlog-2275) Existing <protected> '<protected>'<protected> will be overwritten<protected>.
** Warning: ** while parsing file included at /tools/Xilinx/Vivado/2022.2/data/ip/xilinx/noc_hbm_v1_0/hdl/bfm/MC/hbm_pend_fifo_bfm.sv(87)
** at /home/binhkieudo/Workspace/XRPIX/serv/build/servant_1.2.1/nexys_a7-vivado/.cxl.ip/incl/hbm_dfi_cmd_if_bfm.sv(87): (vlog-2275) Existing <protected> '<protected>'<protected> will be overwritten<protected>.
** Warning: ** while parsing file included at /tools/Xilinx/Vivado/2022.2/data/ip/xilinx/noc_hbm_v1_0/hdl/bfm/MC/hbm_pend_fifo_bfm.sv(87)
** at /home/binhkieudo/Workspace/XRPIX/serv/build/servant_1.2.1/nexys_a7-vivado/.cxl.ip/incl/hbm_dfi_data_if_bfm.sv(87): (vlog-2275) Existing <protected> '<protected>'<protected> will be overwritten<protected>.
** Warning: ** while parsing file included at /tools/Xilinx/Vivado/2022.2/data/ip/xilinx/noc_hbm_v1_0/hdl/bfm/MC/hbm_pend_fifo_bfm.sv(87)
** at /home/binhkieudo/Workspace/XRPIX/serv/build/servant_1.2.1/nexys_a7-vivado/.cxl.ip/incl/hbm_dfi_misc_ctl_if_bfm.sv(87): (vlog-2275) Existing <protected> '<protected>'<protected> will be overwritten<protected>.
** Warning: ** while parsing file included at /tools/Xilinx/Vivado/2022.2/data/ip/xilinx/noc_hbm_v1_0/hdl/bfm/MC/hbm_pend_fifo_bfm.sv(87)
** at /home/binhkieudo/Workspace/XRPIX/serv/build/servant_1.2.1/nexys_a7-vivado/.cxl.ip/incl/hbmmc_lbus_cmd_if_bfm.sv(87): (vlog-2275) Existing <protected> '<protected>'<protected> will be overwritten<protected>.
** Warning: ** while parsing file included at /tools/Xilinx/Vivado/2022.2/data/ip/xilinx/noc_hbm_v1_0/hdl/bfm/MC/hbm_pend_fifo_bfm.sv(87)
** at /home/binhkieudo/Workspace/XRPIX/serv/build/servant_1.2.1/nexys_a7-vivado/.cxl.ip/incl/hbmmc_lbus_data_if_bfm.sv(87): (vlog-2275) Existing <protected> '<protected>'<protected> will be overwritten<protected>.
** Warning: ** while parsing file included at /tools/Xilinx/Vivado/2022.2/data/ip/xilinx/noc_hbm_v1_0/hdl/bfm/MC/hbm_pend_fifo_bfm.sv(87)
** at /home/binhkieudo/Workspace/XRPIX/serv/build/servant_1.2.1/nexys_a7-vivado/.cxl.ip/incl/hbmmc_csr_if_bfm.sv(87): (vlog-2275) Existing <protected> '<protected>'<protected> will be overwritten<protected>.
** Warning: ** while parsing file included at /tools/Xilinx/Vivado/2022.2/data/ip/xilinx/noc_hbm_v1_0/hdl/bfm/MC/hbm_pend_fifo_bfm.sv(87)
** at /home/binhkieudo/Workspace/XRPIX/serv/build/servant_1.2.1/nexys_a7-vivado/.cxl.ip/incl/hbmmc_na_regs_config_if_bfm.sv(87): (vlog-2275) Existing <protected> '<protected>'<protected> will be overwritten<protected>.
** Warning: ** while parsing file included at /tools/Xilinx/Vivado/2022.2/data/ip/xilinx/noc_hbm_v1_0/hdl/bfm/MC/hbm_pend_fifo_bfm.sv(87)
** at /home/binhkieudo/Workspace/XRPIX/serv/build/servant_1.2.1/nexys_a7-vivado/.cxl.ip/incl/hbmmc_mc_regs_config_if_bfm.sv(87): (vlog-2275) Existing <protected> '<protected>'<protected> will be overwritten<protected>.
** Warning: ** while parsing file included at /tools/Xilinx/Vivado/2022.2/data/ip/xilinx/noc_hbm_v1_0/hdl/bfm/MC/hbm_farb_bfm.sv(87)
** at /home/binhkieudo/Workspace/XRPIX/serv/build/servant_1.2.1/nexys_a7-vivado/.cxl.ip/incl/hbmmc_pkg_bfm.sv(87): (vlog-2275) Existing <protected> '<protected>'<protected> will be overwritten<protected>.
** Warning: ** while parsing file included at /tools/Xilinx/Vivado/2022.2/data/ip/xilinx/noc_hbm_v1_0/hdl/bfm/MC/hbm_farb_bfm.sv(87)
** at /home/binhkieudo/Workspace/XRPIX/serv/build/servant_1.2.1/nexys_a7-vivado/.cxl.ip/incl/hbm_dfi_cmd_if_bfm.sv(87): (vlog-2275) Existing <protected> '<protected>'<protected> will be overwritten<protected>.
** Warning: ** while parsing file included at /tools/Xilinx/Vivado/2022.2/data/ip/xilinx/noc_hbm_v1_0/hdl/bfm/MC/hbm_farb_bfm.sv(87)
** at /home/binhkieudo/Workspace/XRPIX/serv/build/servant_1.2.1/nexys_a7-vivado/.cxl.ip/incl/hbm_dfi_data_if_bfm.sv(87): (vlog-2275) Existing <protected> '<protected>'<protected> will be overwritten<protected>.
** Warning: ** while parsing file included at /tools/Xilinx/Vivado/2022.2/data/ip/xilinx/noc_hbm_v1_0/hdl/bfm/MC/hbm_farb_bfm.sv(87)
** at /home/binhkieudo/Workspace/XRPIX/serv/build/servant_1.2.1/nexys_a7-vivado/.cxl.ip/incl/hbm_dfi_misc_ctl_if_bfm.sv(87): (vlog-2275) Existing <protected> '<protected>'<protected> will be overwritten<protected>.
** Warning: ** while parsing file included at /tools/Xilinx/Vivado/2022.2/data/ip/xilinx/noc_hbm_v1_0/hdl/bfm/MC/hbm_farb_bfm.sv(87)
** at /home/binhkieudo/Workspace/XRPIX/serv/build/servant_1.2.1/nexys_a7-vivado/.cxl.ip/incl/hbmmc_lbus_cmd_if_bfm.sv(87): (vlog-2275) Existing <protected> '<protected>'<protected> will be overwritten<protected>.
** Warning: ** while parsing file included at /tools/Xilinx/Vivado/2022.2/data/ip/xilinx/noc_hbm_v1_0/hdl/bfm/MC/hbm_farb_bfm.sv(87)
** at /home/binhkieudo/Workspace/XRPIX/serv/build/servant_1.2.1/nexys_a7-vivado/.cxl.ip/incl/hbmmc_lbus_data_if_bfm.sv(87): (vlog-2275) Existing <protected> '<protected>'<protected> will be overwritten<protected>.
** Warning: ** while parsing file included at /tools/Xilinx/Vivado/2022.2/data/ip/xilinx/noc_hbm_v1_0/hdl/bfm/MC/hbm_farb_bfm.sv(87)
** at /home/binhkieudo/Workspace/XRPIX/serv/build/servant_1.2.1/nexys_a7-vivado/.cxl.ip/incl/hbmmc_csr_if_bfm.sv(87): (vlog-2275) Existing <protected> '<protected>'<protected> will be overwritten<protected>.
** Warning: ** while parsing file included at /tools/Xilinx/Vivado/2022.2/data/ip/xilinx/noc_hbm_v1_0/hdl/bfm/MC/hbm_farb_bfm.sv(87)
** at /home/binhkieudo/Workspace/XRPIX/serv/build/servant_1.2.1/nexys_a7-vivado/.cxl.ip/incl/hbmmc_na_regs_config_if_bfm.sv(87): (vlog-2275) Existing <protected> '<protected>'<protected> will be overwritten<protected>.
** Warning: ** while parsing file included at /tools/Xilinx/Vivado/2022.2/data/ip/xilinx/noc_hbm_v1_0/hdl/bfm/MC/hbm_farb_bfm.sv(87)
** at /home/binhkieudo/Workspace/XRPIX/serv/build/servant_1.2.1/nexys_a7-vivado/.cxl.ip/incl/hbmmc_mc_regs_config_if_bfm.sv(87): (vlog-2275) Existing <protected> '<protected>'<protected> will be overwritten<protected>.
** Warning: ** while parsing file included at /tools/Xilinx/Vivado/2022.2/data/ip/xilinx/noc_hbm_v1_0/hdl/bfm/MC/hbmmc_na_bfm.sv(87)
** at /home/binhkieudo/Workspace/XRPIX/serv/build/servant_1.2.1/nexys_a7-vivado/.cxl.ip/incl/hbmmc_pkg_bfm.sv(87): (vlog-2275) Existing <protected> '<protected>'<protected> will be overwritten<protected>.
** Warning: ** while parsing file included at /tools/Xilinx/Vivado/2022.2/data/ip/xilinx/noc_hbm_v1_0/hdl/bfm/MC/hbmmc_na_bfm.sv(87)
** at /home/binhkieudo/Workspace/XRPIX/serv/build/servant_1.2.1/nexys_a7-vivado/.cxl.ip/incl/hbmmc_lbus_cmd_if_bfm.sv(87): (vlog-2275) Existing <protected> '<protected>'<protected> will be overwritten<protected>.
** Warning: ** while parsing file included at /tools/Xilinx/Vivado/2022.2/data/ip/xilinx/noc_hbm_v1_0/hdl/bfm/MC/hbmmc_na_bfm.sv(87)
** at /home/binhkieudo/Workspace/XRPIX/serv/build/servant_1.2.1/nexys_a7-vivado/.cxl.ip/incl/hbmmc_lbus_data_if_bfm.sv(87): (vlog-2275) Existing <protected> '<protected>'<protected> will be overwritten<protected>.
** Warning: ** while parsing file included at /tools/Xilinx/Vivado/2022.2/data/ip/xilinx/noc_hbm_v1_0/hdl/bfm/MC/hbmmc_na_bfm.sv(87)
** at /home/binhkieudo/Workspace/XRPIX/serv/build/servant_1.2.1/nexys_a7-vivado/.cxl.ip/incl/noc_npp_hbm_if_bfm.sv(87): (vlog-2275) Existing <protected> '<protected>'<protected> will be overwritten<protected>.
** Warning: ** while parsing file included at /tools/Xilinx/Vivado/2022.2/data/ip/xilinx/noc_hbm_v1_0/hdl/bfm/MC/hbmmc_na_bfm.sv(87)
** at /home/binhkieudo/Workspace/XRPIX/serv/build/servant_1.2.1/nexys_a7-vivado/.cxl.ip/incl/hbmmc_na_regs_config_if_bfm.sv(87): (vlog-2275) Existing <protected> '<protected>'<protected> will be overwritten<protected>.
** Warning: /tools/Xilinx/Vivado/2022.2/data/ip/xilinx/noc_hbm_v1_0/hdl/bfm/MC/hbmmc_na_bfm.sv(87): (vlog-2240) Treating stand-alone use of function '<protected>' as an implicit VOID cast.
** Warning: /tools/Xilinx/Vivado/2022.2/data/ip/xilinx/noc_hbm_v1_0/hdl/bfm/MC/hbmmc_na_bfm.sv(87): (vlog-2240) Treating stand-alone use of function '<protected>' as an implicit VOID cast.
** Warning: /tools/Xilinx/Vivado/2022.2/data/ip/xilinx/noc_hbm_v1_0/hdl/bfm/MC/hbmmc_na_bfm.sv(87): (vlog-2240) Treating stand-alone use of function '<protected>' as an implicit VOID cast.
** Warning: /tools/Xilinx/Vivado/2022.2/data/ip/xilinx/noc_hbm_v1_0/hdl/bfm/MC/hbmmc_na_bfm.sv(87): (vlog-2240) Treating stand-alone use of function '<protected>' as an implicit VOID cast.
** Warning: /tools/Xilinx/Vivado/2022.2/data/ip/xilinx/noc_hbm_v1_0/hdl/bfm/MC/hbmmc_na_bfm.sv(87): (vlog-2240) Treating stand-alone use of function '<protected>' as an implicit VOID cast.
** Warning: /tools/Xilinx/Vivado/2022.2/data/ip/xilinx/noc_hbm_v1_0/hdl/bfm/MC/hbmmc_na_bfm.sv(87): (vlog-2240) Treating stand-alone use of function '<protected>' as an implicit VOID cast.
** Warning: /tools/Xilinx/Vivado/2022.2/data/ip/xilinx/noc_hbm_v1_0/hdl/bfm/MC/hbmmc_na_bfm.sv(87): (vlog-2240) Treating stand-alone use of function '<protected>' as an implicit VOID cast.
** Warning: /tools/Xilinx/Vivado/2022.2/data/ip/xilinx/noc_hbm_v1_0/hdl/bfm/MC/hbmmc_na_bfm.sv(87): (vlog-2240) Treating stand-alone use of function '<protected>' as an implicit VOID cast.
** Warning: /tools/Xilinx/Vivado/2022.2/data/ip/xilinx/noc_hbm_v1_0/hdl/bfm/MC/hbmmc_na_bfm.sv(87): (vlog-2240) Treating stand-alone use of function '<protected>' as an implicit VOID cast.
** Warning: /tools/Xilinx/Vivado/2022.2/data/ip/xilinx/noc_hbm_v1_0/hdl/bfm/MC/hbmmc_na_bfm.sv(87): (vlog-2240) Treating stand-alone use of function '<protected>' as an implicit VOID cast.
** Warning: ** while parsing file included at /tools/Xilinx/Vivado/2022.2/data/ip/xilinx/noc_hbm_v1_0/hdl/bfm/MC/lbus_checker.sv(87)
** at /home/binhkieudo/Workspace/XRPIX/serv/build/servant_1.2.1/nexys_a7-vivado/.cxl.ip/incl/hbmmc_pkg_bfm.sv(87): (vlog-2275) Existing <protected> '<protected>'<protected> will be overwritten<protected>.
** Warning: ** while parsing file included at /tools/Xilinx/Vivado/2022.2/data/ip/xilinx/noc_hbm_v1_0/hdl/bfm/MC/lbus_checker.sv(87)
** at /home/binhkieudo/Workspace/XRPIX/serv/build/servant_1.2.1/nexys_a7-vivado/.cxl.ip/incl/hbmmc_lbus_cmd_if_bfm.sv(87): (vlog-2275) Existing <protected> '<protected>'<protected> will be overwritten<protected>.
** Warning: ** while parsing file included at /tools/Xilinx/Vivado/2022.2/data/ip/xilinx/noc_hbm_v1_0/hdl/bfm/MC/lbus_checker.sv(87)
** at /home/binhkieudo/Workspace/XRPIX/serv/build/servant_1.2.1/nexys_a7-vivado/.cxl.ip/incl/hbmmc_lbus_data_if_bfm.sv(87): (vlog-2275) Existing <protected> '<protected>'<protected> will be overwritten<protected>.
** Warning: ** while parsing file included at /tools/Xilinx/Vivado/2022.2/data/ip/xilinx/noc_hbm_v1_0/hdl/bfm/MC/lbus_checker.sv(87)
** at /home/binhkieudo/Workspace/XRPIX/serv/build/servant_1.2.1/nexys_a7-vivado/.cxl.ip/incl/noc_npp_hbm_if_bfm.sv(87): (vlog-2275) Existing <protected> '<protected>'<protected> will be overwritten<protected>.
** Warning: ** while parsing file included at /tools/Xilinx/Vivado/2022.2/data/ip/xilinx/noc_hbm_v1_0/hdl/bfm/MC/lbus_checker.sv(87)
** at /home/binhkieudo/Workspace/XRPIX/serv/build/servant_1.2.1/nexys_a7-vivado/.cxl.ip/incl/hbmmc_na_regs_config_if_bfm.sv(87): (vlog-2275) Existing <protected> '<protected>'<protected> will be overwritten<protected>.
** Warning: ** while parsing file included at /tools/Xilinx/Vivado/2022.2/data/ip/xilinx/noc_hbm_v1_0/hdl/bfm/MC/hbmmc_mc_bfm.sv(87)
** at /home/binhkieudo/Workspace/XRPIX/serv/build/servant_1.2.1/nexys_a7-vivado/.cxl.ip/incl/hbmmc_pkg_bfm.sv(87): (vlog-2275) Existing <protected> '<protected>'<protected> will be overwritten<protected>.
** Warning: ** while parsing file included at /tools/Xilinx/Vivado/2022.2/data/ip/xilinx/noc_hbm_v1_0/hdl/bfm/MC/hbmmc_mc_bfm.sv(87)
** at /home/binhkieudo/Workspace/XRPIX/serv/build/servant_1.2.1/nexys_a7-vivado/.cxl.ip/incl/noc_npp_hbm_if_bfm.sv(87): (vlog-2275) Existing <protected> '<protected>'<protected> will be overwritten<protected>.
** Warning: ** while parsing file included at /tools/Xilinx/Vivado/2022.2/data/ip/xilinx/noc_hbm_v1_0/hdl/bfm/MC/hbmmc_mc_bfm.sv(87)
** at /home/binhkieudo/Workspace/XRPIX/serv/build/servant_1.2.1/nexys_a7-vivado/.cxl.ip/incl/hbm_dfi_cmd_if_bfm.sv(87): (vlog-2275) Existing <protected> '<protected>'<protected> will be overwritten<protected>.
** Warning: ** while parsing file included at /tools/Xilinx/Vivado/2022.2/data/ip/xilinx/noc_hbm_v1_0/hdl/bfm/MC/hbmmc_mc_bfm.sv(87)
** at /home/binhkieudo/Workspace/XRPIX/serv/build/servant_1.2.1/nexys_a7-vivado/.cxl.ip/incl/hbm_dfi_data_if_bfm.sv(87): (vlog-2275) Existing <protected> '<protected>'<protected> will be overwritten<protected>.
** Warning: ** while parsing file included at /tools/Xilinx/Vivado/2022.2/data/ip/xilinx/noc_hbm_v1_0/hdl/bfm/MC/hbmmc_mc_bfm.sv(87)
** at /home/binhkieudo/Workspace/XRPIX/serv/build/servant_1.2.1/nexys_a7-vivado/.cxl.ip/incl/hbm_dfi_misc_ctl_if_bfm.sv(87): (vlog-2275) Existing <protected> '<protected>'<protected> will be overwritten<protected>.
** Warning: ** while parsing file included at /tools/Xilinx/Vivado/2022.2/data/ip/xilinx/noc_hbm_v1_0/hdl/bfm/MC/hbmmc_mc_bfm.sv(87)
** at /home/binhkieudo/Workspace/XRPIX/serv/build/servant_1.2.1/nexys_a7-vivado/.cxl.ip/incl/hbmmc_lbus_cmd_if_bfm.sv(87): (vlog-2275) Existing <protected> '<protected>'<protected> will be overwritten<protected>.
** Warning: ** while parsing file included at /tools/Xilinx/Vivado/2022.2/data/ip/xilinx/noc_hbm_v1_0/hdl/bfm/MC/hbmmc_mc_bfm.sv(87)
** at /home/binhkieudo/Workspace/XRPIX/serv/build/servant_1.2.1/nexys_a7-vivado/.cxl.ip/incl/hbmmc_lbus_data_if_bfm.sv(87): (vlog-2275) Existing <protected> '<protected>'<protected> will be overwritten<protected>.
** Warning: ** while parsing file included at /tools/Xilinx/Vivado/2022.2/data/ip/xilinx/noc_hbm_v1_0/hdl/bfm/MC/hbmmc_mc_bfm.sv(87)
** at /home/binhkieudo/Workspace/XRPIX/serv/build/servant_1.2.1/nexys_a7-vivado/.cxl.ip/incl/hbmmc_na_regs_config_if_bfm.sv(87): (vlog-2275) Existing <protected> '<protected>'<protected> will be overwritten<protected>.
** Warning: ** while parsing file included at /tools/Xilinx/Vivado/2022.2/data/ip/xilinx/noc_hbm_v1_0/hdl/bfm/MC/hbmmc_mc_bfm.sv(87)
** at /home/binhkieudo/Workspace/XRPIX/serv/build/servant_1.2.1/nexys_a7-vivado/.cxl.ip/incl/hbmmc_mc_regs_config_if_bfm.sv(87): (vlog-2275) Existing <protected> '<protected>'<protected> will be overwritten<protected>.
** Warning: ** while parsing file included at /tools/Xilinx/Vivado/2022.2/data/ip/xilinx/noc_hbm_v1_0/hdl/bfm/MC/hbm_ctrl_bfm.sv(87)
** at /home/binhkieudo/Workspace/XRPIX/serv/build/servant_1.2.1/nexys_a7-vivado/.cxl.ip/incl/hbmmc_pkg_bfm.sv(87): (vlog-2275) Existing <protected> '<protected>'<protected> will be overwritten<protected>.
** Warning: ** while parsing file included at /tools/Xilinx/Vivado/2022.2/data/ip/xilinx/noc_hbm_v1_0/hdl/bfm/MC/hbm_ctrl_bfm.sv(87)
** at /home/binhkieudo/Workspace/XRPIX/serv/build/servant_1.2.1/nexys_a7-vivado/.cxl.ip/incl/hbm_dfi_cmd_if_bfm.sv(87): (vlog-2275) Existing <protected> '<protected>'<protected> will be overwritten<protected>.
** Warning: ** while parsing file included at /tools/Xilinx/Vivado/2022.2/data/ip/xilinx/noc_hbm_v1_0/hdl/bfm/MC/hbm_ctrl_bfm.sv(87)
** at /home/binhkieudo/Workspace/XRPIX/serv/build/servant_1.2.1/nexys_a7-vivado/.cxl.ip/incl/hbm_dfi_data_if_bfm.sv(87): (vlog-2275) Existing <protected> '<protected>'<protected> will be overwritten<protected>.
** Warning: ** while parsing file included at /tools/Xilinx/Vivado/2022.2/data/ip/xilinx/noc_hbm_v1_0/hdl/bfm/MC/hbm_ctrl_bfm.sv(87)
** at /home/binhkieudo/Workspace/XRPIX/serv/build/servant_1.2.1/nexys_a7-vivado/.cxl.ip/incl/hbm_dfi_misc_ctl_if_bfm.sv(87): (vlog-2275) Existing <protected> '<protected>'<protected> will be overwritten<protected>.
** Warning: ** while parsing file included at /tools/Xilinx/Vivado/2022.2/data/ip/xilinx/noc_hbm_v1_0/hdl/bfm/MC/hbm_ctrl_bfm.sv(87)
** at /home/binhkieudo/Workspace/XRPIX/serv/build/servant_1.2.1/nexys_a7-vivado/.cxl.ip/incl/hbmmc_lbus_cmd_if_bfm.sv(87): (vlog-2275) Existing <protected> '<protected>'<protected> will be overwritten<protected>.
** Warning: ** while parsing file included at /tools/Xilinx/Vivado/2022.2/data/ip/xilinx/noc_hbm_v1_0/hdl/bfm/MC/hbm_ctrl_bfm.sv(87)
** at /home/binhkieudo/Workspace/XRPIX/serv/build/servant_1.2.1/nexys_a7-vivado/.cxl.ip/incl/hbmmc_lbus_data_if_bfm.sv(87): (vlog-2275) Existing <protected> '<protected>'<protected> will be overwritten<protected>.
** Warning: ** while parsing file included at /tools/Xilinx/Vivado/2022.2/data/ip/xilinx/noc_hbm_v1_0/hdl/bfm/MC/hbm_ctrl_bfm.sv(87)
** at /home/binhkieudo/Workspace/XRPIX/serv/build/servant_1.2.1/nexys_a7-vivado/.cxl.ip/incl/hbmmc_csr_if_bfm.sv(87): (vlog-2275) Existing <protected> '<protected>'<protected> will be overwritten<protected>.
** Warning: ** while parsing file included at /tools/Xilinx/Vivado/2022.2/data/ip/xilinx/noc_hbm_v1_0/hdl/bfm/MC/hbm_ctrl_bfm.sv(87)
** at /home/binhkieudo/Workspace/XRPIX/serv/build/servant_1.2.1/nexys_a7-vivado/.cxl.ip/incl/hbmmc_na_regs_config_if_bfm.sv(87): (vlog-2275) Existing <protected> '<protected>'<protected> will be overwritten<protected>.
** Warning: ** while parsing file included at /tools/Xilinx/Vivado/2022.2/data/ip/xilinx/noc_hbm_v1_0/hdl/bfm/MC/hbm_ctrl_bfm.sv(87)
** at /home/binhkieudo/Workspace/XRPIX/serv/build/servant_1.2.1/nexys_a7-vivado/.cxl.ip/incl/hbmmc_mc_regs_config_if_bfm.sv(87): (vlog-2275) Existing <protected> '<protected>'<protected> will be overwritten<protected>.
** Warning: ** while parsing file included at /tools/Xilinx/Vivado/2022.2/data/ip/xilinx/noc_hbm_v1_0/hdl/bfm/MC/hbm_bfm_phy_shim.sv(87)
** at /home/binhkieudo/Workspace/XRPIX/serv/build/servant_1.2.1/nexys_a7-vivado/.cxl.ip/incl/hbmmc_pkg_bfm.sv(87): (vlog-2275) Existing <protected> '<protected>'<protected> will be overwritten<protected>.
** Warning: ** while parsing file included at /tools/Xilinx/Vivado/2022.2/data/ip/xilinx/noc_hbm_v1_0/hdl/bfm/MC/hbm_bfm_phy_shim.sv(87)
** at /home/binhkieudo/Workspace/XRPIX/serv/build/servant_1.2.1/nexys_a7-vivado/.cxl.ip/incl/hbm_dfi_cmd_if_bfm.sv(87): (vlog-2275) Existing <protected> '<protected>'<protected> will be overwritten<protected>.
** Warning: ** while parsing file included at /tools/Xilinx/Vivado/2022.2/data/ip/xilinx/noc_hbm_v1_0/hdl/bfm/MC/hbm_bfm_phy_shim.sv(87)
** at /home/binhkieudo/Workspace/XRPIX/serv/build/servant_1.2.1/nexys_a7-vivado/.cxl.ip/incl/hbm_dfi_data_if_bfm.sv(87): (vlog-2275) Existing <protected> '<protected>'<protected> will be overwritten<protected>.
** Warning: ** while parsing file included at /tools/Xilinx/Vivado/2022.2/data/ip/xilinx/noc_hbm_v1_0/hdl/bfm/MC/hbm_bfm_phy_shim.sv(87)
** at /home/binhkieudo/Workspace/XRPIX/serv/build/servant_1.2.1/nexys_a7-vivado/.cxl.ip/incl/hbm_dfi_misc_ctl_if_bfm.sv(87): (vlog-2275) Existing <protected> '<protected>'<protected> will be overwritten<protected>.
** Warning: ** while parsing file included at /tools/Xilinx/Vivado/2022.2/data/ip/xilinx/noc_hbm_v1_0/hdl/bfm/MC/hbm_bfm_phy_shim.sv(87)
** at /home/binhkieudo/Workspace/XRPIX/serv/build/servant_1.2.1/nexys_a7-vivado/.cxl.ip/incl/hbmmc_lbus_cmd_if_bfm.sv(87): (vlog-2275) Existing <protected> '<protected>'<protected> will be overwritten<protected>.
** Warning: ** while parsing file included at /tools/Xilinx/Vivado/2022.2/data/ip/xilinx/noc_hbm_v1_0/hdl/bfm/MC/hbm_bfm_phy_shim.sv(87)
** at /home/binhkieudo/Workspace/XRPIX/serv/build/servant_1.2.1/nexys_a7-vivado/.cxl.ip/incl/hbmmc_lbus_data_if_bfm.sv(87): (vlog-2275) Existing <protected> '<protected>'<protected> will be overwritten<protected>.
** Warning: ** while parsing file included at /tools/Xilinx/Vivado/2022.2/data/ip/xilinx/noc_hbm_v1_0/hdl/bfm/MC/hbm_bfm_phy_shim.sv(87)
** at /home/binhkieudo/Workspace/XRPIX/serv/build/servant_1.2.1/nexys_a7-vivado/.cxl.ip/incl/hbmmc_csr_if_bfm.sv(87): (vlog-2275) Existing <protected> '<protected>'<protected> will be overwritten<protected>.
** Warning: ** while parsing file included at /tools/Xilinx/Vivado/2022.2/data/ip/xilinx/noc_hbm_v1_0/hdl/bfm/MC/hbm_bfm_phy_shim.sv(87)
** at /home/binhkieudo/Workspace/XRPIX/serv/build/servant_1.2.1/nexys_a7-vivado/.cxl.ip/incl/hbmmc_na_regs_config_if_bfm.sv(87): (vlog-2275) Existing <protected> '<protected>'<protected> will be overwritten<protected>.
** Warning: ** while parsing file included at /tools/Xilinx/Vivado/2022.2/data/ip/xilinx/noc_hbm_v1_0/hdl/bfm/MC/hbm_bfm_phy_shim.sv(87)
** at /home/binhkieudo/Workspace/XRPIX/serv/build/servant_1.2.1/nexys_a7-vivado/.cxl.ip/incl/hbmmc_mc_regs_config_if_bfm.sv(87): (vlog-2275) Existing <protected> '<protected>'<protected> will be overwritten<protected>.
** Warning: ** while parsing file included at /tools/Xilinx/Vivado/2022.2/data/ip/xilinx/noc_hbm_v1_0/hdl/bfm/PHY_IO_PLL/BM_HBM_PHY_CHNL.sv(87)
** at /home/binhkieudo/Workspace/XRPIX/serv/build/servant_1.2.1/nexys_a7-vivado/.cxl.ip/incl/hbm_dfi_cmd_if_bfm.sv(87): (vlog-2275) Existing <protected> '<protected>'<protected> will be overwritten<protected>.
** Warning: ** while parsing file included at /tools/Xilinx/Vivado/2022.2/data/ip/xilinx/noc_hbm_v1_0/hdl/bfm/PHY_IO_PLL/BM_HBM_PHY_CHNL.sv(87)
** at /home/binhkieudo/Workspace/XRPIX/serv/build/servant_1.2.1/nexys_a7-vivado/.cxl.ip/incl/hbm_dfi_data_if_bfm.sv(87): (vlog-2275) Existing <protected> '<protected>'<protected> will be overwritten<protected>.
** Warning: ** while parsing file included at /tools/Xilinx/Vivado/2022.2/data/ip/xilinx/noc_hbm_v1_0/hdl/bfm/PHY_IO_PLL/BM_HBM_PHY_CHNL.sv(87)
** at /home/binhkieudo/Workspace/XRPIX/serv/build/servant_1.2.1/nexys_a7-vivado/.cxl.ip/incl/hbm_dfi_misc_ctl_if_bfm.sv(87): (vlog-2275) Existing <protected> '<protected>'<protected> will be overwritten<protected>.
** Warning: ** while parsing file included at /tools/Xilinx/Vivado/2022.2/data/ip/xilinx/noc_hbm_v1_0/hdl/bfm/PHY_IO_PLL/hbm_phy_chnl_8_1_bfm.sv(87)
** at /home/binhkieudo/Workspace/XRPIX/serv/build/servant_1.2.1/nexys_a7-vivado/.cxl.ip/incl/hbm_dfi_cmd_if_bfm.sv(87): (vlog-2275) Existing <protected> '<protected>'<protected> will be overwritten<protected>.
** Warning: ** while parsing file included at /tools/Xilinx/Vivado/2022.2/data/ip/xilinx/noc_hbm_v1_0/hdl/bfm/PHY_IO_PLL/hbm_phy_chnl_8_1_bfm.sv(87)
** at /home/binhkieudo/Workspace/XRPIX/serv/build/servant_1.2.1/nexys_a7-vivado/.cxl.ip/incl/hbm_dfi_data_if_bfm.sv(87): (vlog-2275) Existing <protected> '<protected>'<protected> will be overwritten<protected>.
** Warning: ** while parsing file included at /tools/Xilinx/Vivado/2022.2/data/ip/xilinx/noc_hbm_v1_0/hdl/bfm/PHY_IO_PLL/hbm_phy_chnl_8_1_bfm.sv(87)
** at /home/binhkieudo/Workspace/XRPIX/serv/build/servant_1.2.1/nexys_a7-vivado/.cxl.ip/incl/hbm_dfi_misc_ctl_if_bfm.sv(87): (vlog-2275) Existing <protected> '<protected>'<protected> will be overwritten<protected>.
** Warning: ** while parsing file included at /tools/Xilinx/Vivado/2022.2/data/ip/xilinx/noc_hbm_v1_0/hdl/bfm/PHY_IO_PLL/hbm_phy_chnl_8_1_bfm.sv(87)
** at /home/binhkieudo/Workspace/XRPIX/serv/build/servant_1.2.1/nexys_a7-vivado/.cxl.ip/incl/hbm_noc_phy_direct_if_bfm.sv(87): (vlog-2275) Existing <protected> '<protected>'<protected> will be overwritten<protected>.
** Warning: ** while parsing file included at /tools/Xilinx/Vivado/2022.2/data/ip/xilinx/noc_hbm_v1_0/hdl/bfm/PHY_IO_PLL/hbm_phy_chnl_8_1_bfm.sv(87)
** at /home/binhkieudo/Workspace/XRPIX/serv/build/servant_1.2.1/nexys_a7-vivado/.cxl.ip/incl/noc_npp_if_phydir.sv(87): (vlog-2275) Existing <protected> '<protected>'<protected> will be overwritten<protected>.
** Warning: ** while parsing file included at /tools/Xilinx/Vivado/2022.2/data/ip/xilinx/noc_hbm_v1_0/hdl/bfm/PHY_IO_PLL/hbm_phy_chnl_intf_bfm.sv(87)
** at /home/binhkieudo/Workspace/XRPIX/serv/build/servant_1.2.1/nexys_a7-vivado/.cxl.ip/incl/hbm_dfi_cmd_if_bfm.sv(87): (vlog-2275) Existing <protected> '<protected>'<protected> will be overwritten<protected>.
** Warning: ** while parsing file included at /tools/Xilinx/Vivado/2022.2/data/ip/xilinx/noc_hbm_v1_0/hdl/bfm/PHY_IO_PLL/hbm_phy_chnl_intf_bfm.sv(87)
** at /home/binhkieudo/Workspace/XRPIX/serv/build/servant_1.2.1/nexys_a7-vivado/.cxl.ip/incl/hbm_dfi_data_if_bfm.sv(87): (vlog-2275) Existing <protected> '<protected>'<protected> will be overwritten<protected>.
** Warning: ** while parsing file included at /tools/Xilinx/Vivado/2022.2/data/ip/xilinx/noc_hbm_v1_0/hdl/bfm/PHY_IO_PLL/hbm_phy_chnl_intf_bfm.sv(87)
** at /home/binhkieudo/Workspace/XRPIX/serv/build/servant_1.2.1/nexys_a7-vivado/.cxl.ip/incl/hbm_dfi_misc_ctl_if_bfm.sv(87): (vlog-2275) Existing <protected> '<protected>'<protected> will be overwritten<protected>.
** Warning: ** while parsing file included at /tools/Xilinx/Vivado/2022.2/data/ip/xilinx/noc_hbm_v1_0/hdl/bfm/PHY_IO_PLL/hbm_phy_chnl_intf_bfm.sv(87)
** at /home/binhkieudo/Workspace/XRPIX/serv/build/servant_1.2.1/nexys_a7-vivado/.cxl.ip/incl/hbm_noc_phy_direct_if_bfm.sv(87): (vlog-2275) Existing <protected> '<protected>'<protected> will be overwritten<protected>.
** Warning: ** while parsing file included at /tools/Xilinx/Vivado/2022.2/data/ip/xilinx/noc_hbm_v1_0/hdl/bfm/PHY_IO_PLL/hbm_phy_chnl_intf_bfm.sv(87)
** at /home/binhkieudo/Workspace/XRPIX/serv/build/servant_1.2.1/nexys_a7-vivado/.cxl.ip/incl/noc_npp_if_phydir.sv(87): (vlog-2275) Existing <protected> '<protected>'<protected> will be overwritten<protected>.
** Warning: ** while parsing file included at /tools/Xilinx/Vivado/2022.2/data/ip/xilinx/noc_hbm_v1_0/hdl/bfm/PHY_IO_PLL/hbm_phy_chnl_top_bfm.sv(87)
** at /home/binhkieudo/Workspace/XRPIX/serv/build/servant_1.2.1/nexys_a7-vivado/.cxl.ip/incl/hbm_dfi_cmd_if_bfm.sv(87): (vlog-2275) Existing <protected> '<protected>'<protected> will be overwritten<protected>.
** Warning: ** while parsing file included at /tools/Xilinx/Vivado/2022.2/data/ip/xilinx/noc_hbm_v1_0/hdl/bfm/PHY_IO_PLL/hbm_phy_chnl_top_bfm.sv(87)
** at /home/binhkieudo/Workspace/XRPIX/serv/build/servant_1.2.1/nexys_a7-vivado/.cxl.ip/incl/hbm_dfi_data_if_bfm.sv(87): (vlog-2275) Existing <protected> '<protected>'<protected> will be overwritten<protected>.
** Warning: ** while parsing file included at /tools/Xilinx/Vivado/2022.2/data/ip/xilinx/noc_hbm_v1_0/hdl/bfm/PHY_IO_PLL/hbm_phy_chnl_top_bfm.sv(87)
** at /home/binhkieudo/Workspace/XRPIX/serv/build/servant_1.2.1/nexys_a7-vivado/.cxl.ip/incl/hbm_dfi_misc_ctl_if_bfm.sv(87): (vlog-2275) Existing <protected> '<protected>'<protected> will be overwritten<protected>.
** Warning: /tools/Xilinx/Vivado/2022.2/data/ip/xilinx/noc_hbm_v1_0/hdl/bfm/PHY_IO_PLL/hbm_phy_chnl_top_bfm.sv(87): (vlog-2240) Treating stand-alone use of function '<protected>' as an implicit VOID cast.
** Warning: /tools/Xilinx/Vivado/2022.2/data/ip/xilinx/noc_hbm_v1_0/hdl/bfm/PHY_IO_PLL/hbm_phy_chnl_top_bfm.sv(87): (vlog-2240) Treating stand-alone use of function '<protected>' as an implicit VOID cast.

Top level modules:
	HBM_CHNL
End time: 11:30:11 on Jul 13,2023, Elapsed time: 0:00:06
Errors: 0, Warnings: 125
