QuestaSim-64 vmap 2021.2_1 Lib Mapping Utility 2021.05 May 15 2021
vmap rwd_tlmmodel_v1 /home/binhkieudo/Workspace/XRPIX/serv/build/servant_1.2.1/nexys_a7-vivado/servant_1.2.1.cache/compile_simlib/questa/rwd_tlmmodel_v1 
Modifying modelsim.ini
sccom -64 -cpppath /tools/questasim/gcc-7.4.0-linux_x86_64/bin/g++ -nodebug -I /tools/Xilinx/Vivado/2022.2/data/systemc/simlibs/rwd_tlmmodel/rwd_tlmmodel_v1/include -I /home/binhkieudo/Workspace/XRPIX/serv/build/servant_1.2.1/nexys_a7-vivado/servant_1.2.1.cache/compile_simlib/questa/debug_tcp_server_v1/include/ -Wall -fPIC -fPIC -std=c++11 -DRWD_TLMMODEL_SC_DLL -O3 -work rwd_tlmmodel_v1 -f /home/binhkieudo/Workspace/XRPIX/serv/build/servant_1.2.1/nexys_a7-vivado/servant_1.2.1.cache/compile_simlib/questa/rwd_tlmmodel_v1/.cxl.systemc.rwd_tlmmodel_v1.rwd_tlmmodel_v1.lin64.cmf 
Start time: 11:26:13 on Jul 13,2023

QuestaSim-64 sccom 2021.2_1 compiler 2021.05 May 15 2021

In file included from /tools/questasim/include/systemc/sc_signal_ports.h:2301:0,
                 from /tools/questasim/include/systemc/sc_clock_ports.h:31,
                 from /tools/questasim/include/systemc/systemc:84,
                 from /tools/Xilinx/Vivado/2022.2/data/systemc/simlibs/rwd_tlmmodel/rwd_tlmmodel_v1/include/rwd_tlmmodel.h:51,
                 from /tools/Xilinx/Vivado/2022.2/data/systemc/simlibs/rwd_tlmmodel/rwd_tlmmodel_v1/src/rwd_tlmmodel.cpp:47:
/tools/questasim/include/systemc/sc_signal_ports_mti.h: In member function 'void sc_core::sc_in<sc_dt::sc_logic>::mti_initialize_boundary_port()':
/tools/questasim/include/systemc/sc_signal_ports_mti.h:121:5: warning: this 'else' clause does not guard... [-Wmisleading-indentation]
     else
     ^~~~
/tools/questasim/include/systemc/sc_signal_ports_mti.h:123:2: note: ...this statement, but the latter is misleadingly indented as if it were guarded by the 'else'
  mti_is_creating_dummy_signal = false;
  ^~~~~~~~~~~~~~~~~~~~~~~~~~~~
/tools/questasim/include/systemc/sc_signal_ports_mti.h: In member function 'void sc_core::sc_in<sc_dt::sc_lv<W> >::mti_initialize_boundary_port()':
/tools/questasim/include/systemc/sc_signal_ports_mti.h:500:5: warning: this 'else' clause does not guard... [-Wmisleading-indentation]
     else
     ^~~~
/tools/questasim/include/systemc/sc_signal_ports_mti.h:502:2: note: ...this statement, but the latter is misleadingly indented as if it were guarded by the 'else'
  mti_is_creating_dummy_signal = false;
  ^~~~~~~~~~~~~~~~~~~~~~~~~~~~
/tools/questasim/include/systemc/sc_signal_ports_mti.h: In member function 'void sc_core::sc_inout<sc_dt::sc_logic>::mti_initialize_boundary_port()':
/tools/questasim/include/systemc/sc_signal_ports_mti.h:651:5: warning: this 'else' clause does not guard... [-Wmisleading-indentation]
     else
     ^~~~
/tools/questasim/include/systemc/sc_signal_ports_mti.h:653:2: note: ...this statement, but the latter is misleadingly indented as if it were guarded by the 'else'
  mti_is_creating_dummy_signal = false;
  ^~~~~~~~~~~~~~~~~~~~~~~~~~~~
/tools/questasim/include/systemc/sc_signal_ports_mti.h: In member function 'void sc_core::sc_inout<sc_dt::sc_lv<W> >::mti_initialize_boundary_port()':
/tools/questasim/include/systemc/sc_signal_ports_mti.h:1035:5: warning: this 'else' clause does not guard... [-Wmisleading-indentation]
     else
     ^~~~
/tools/questasim/include/systemc/sc_signal_ports_mti.h:1037:2: note: ...this statement, but the latter is misleadingly indented as if it were guarded by the 'else'
  mti_is_creating_dummy_signal = false;
  ^~~~~~~~~~~~~~~~~~~~~~~~~~~~
/tools/Xilinx/Vivado/2022.2/data/systemc/simlibs/rwd_tlmmodel/rwd_tlmmodel_v1/src/rwd_tlmmodel.cpp: In member function 'virtual void rwd_tlmmodel::requestProcess_cb(rwd_packet&)':
/tools/Xilinx/Vivado/2022.2/data/systemc/simlibs/rwd_tlmmodel/rwd_tlmmodel_v1/src/rwd_tlmmodel.cpp:212:4: warning: this 'while' clause does not guard... [-Wmisleading-indentation]
    while(!m_impl->tx_done);
    ^~~~~
/tools/Xilinx/Vivado/2022.2/data/systemc/simlibs/rwd_tlmmodel/rwd_tlmmodel_v1/src/rwd_tlmmodel.cpp:213:4: note: ...this statement, but the latter is misleadingly indented as if it were guarded by the 'while'
    {
    ^
/tools/Xilinx/Vivado/2022.2/data/systemc/simlibs/rwd_tlmmodel/rwd_tlmmodel_v1/src/rwd_tlmmodel.cpp: In member function 'void rwd_tlmmodel::run_sc_thread()':
/tools/Xilinx/Vivado/2022.2/data/systemc/simlibs/rwd_tlmmodel/rwd_tlmmodel_v1/src/rwd_tlmmodel.cpp:282:28: warning: unused variable 'data_ptr' [-Wunused-variable]
             unsigned char* data_ptr = pay->get_data_ptr();
                            ^~~~~~~~
/tools/Xilinx/Vivado/2022.2/data/systemc/simlibs/rwd_tlmmodel/rwd_tlmmodel_v1/src/rwd_tlmmodel.cpp: In member function 'void rwd_tlmmodel_impl::display_packet(const rwd_packet&)':
/tools/Xilinx/Vivado/2022.2/data/systemc/simlibs/rwd_tlmmodel/rwd_tlmmodel_v1/src/rwd_tlmmodel.cpp:330:23: warning: comparison between signed and unsigned integer expressions [-Wsign-compare]
         for(int i=0; i<pkt.DataLength; i++){
                      ~^~~~~~~~~~~~~~~
In file included from /tools/questasim/include/systemc/sc_signal_ports.h:2301:0,
                 from /tools/questasim/include/systemc/sc_clock_ports.h:31,
                 from /tools/questasim/include/systemc/systemc:84,
                 from /tools/Xilinx/Vivado/2022.2/data/systemc/simlibs/rwd_tlmmodel/rwd_tlmmodel_v1/include/rwd_tlmmodel.h:51,
                 from /tools/Xilinx/Vivado/2022.2/data/systemc/simlibs/rwd_tlmmodel/rwd_tlmmodel_v1/src/rwd_interface.cpp:47:
/tools/questasim/include/systemc/sc_signal_ports_mti.h: In member function 'void sc_core::sc_in<sc_dt::sc_logic>::mti_initialize_boundary_port()':
/tools/questasim/include/systemc/sc_signal_ports_mti.h:121:5: warning: this 'else' clause does not guard... [-Wmisleading-indentation]
     else
     ^~~~
/tools/questasim/include/systemc/sc_signal_ports_mti.h:123:2: note: ...this statement, but the latter is misleadingly indented as if it were guarded by the 'else'
  mti_is_creating_dummy_signal = false;
  ^~~~~~~~~~~~~~~~~~~~~~~~~~~~
/tools/questasim/include/systemc/sc_signal_ports_mti.h: In member function 'void sc_core::sc_in<sc_dt::sc_lv<W> >::mti_initialize_boundary_port()':
/tools/questasim/include/systemc/sc_signal_ports_mti.h:500:5: warning: this 'else' clause does not guard... [-Wmisleading-indentation]
     else
     ^~~~
/tools/questasim/include/systemc/sc_signal_ports_mti.h:502:2: note: ...this statement, but the latter is misleadingly indented as if it were guarded by the 'else'
  mti_is_creating_dummy_signal = false;
  ^~~~~~~~~~~~~~~~~~~~~~~~~~~~
/tools/questasim/include/systemc/sc_signal_ports_mti.h: In member function 'void sc_core::sc_inout<sc_dt::sc_logic>::mti_initialize_boundary_port()':
/tools/questasim/include/systemc/sc_signal_ports_mti.h:651:5: warning: this 'else' clause does not guard... [-Wmisleading-indentation]
     else
     ^~~~
/tools/questasim/include/systemc/sc_signal_ports_mti.h:653:2: note: ...this statement, but the latter is misleadingly indented as if it were guarded by the 'else'
  mti_is_creating_dummy_signal = false;
  ^~~~~~~~~~~~~~~~~~~~~~~~~~~~
/tools/questasim/include/systemc/sc_signal_ports_mti.h: In member function 'void sc_core::sc_inout<sc_dt::sc_lv<W> >::mti_initialize_boundary_port()':
/tools/questasim/include/systemc/sc_signal_ports_mti.h:1035:5: warning: this 'else' clause does not guard... [-Wmisleading-indentation]
     else
     ^~~~
/tools/questasim/include/systemc/sc_signal_ports_mti.h:1037:2: note: ...this statement, but the latter is misleadingly indented as if it were guarded by the 'else'
  mti_is_creating_dummy_signal = false;
  ^~~~~~~~~~~~~~~~~~~~~~~~~~~~
End time: 11:26:15 on Jul 13,2023, Elapsed time: 0:00:02
Errors: 0, Warnings: 0
sccom -64 -cpppath /tools/questasim/gcc-7.4.0-linux_x86_64/bin/g++ -nodebug -linkshared -lib rwd_tlmmodel_v1 -L/home/binhkieudo/Workspace/XRPIX/serv/build/servant_1.2.1/nexys_a7-vivado/servant_1.2.1.cache/compile_simlib/questa/debug_tcp_server_v1 -ldebug_tcp_server_v1 -work rwd_tlmmodel_v1 
Start time: 11:26:15 on Jul 13,2023

QuestaSim-64 sccom 2021.2_1 compiler 2021.05 May 15 2021

/tools/questasim/gcc-7.4.0-linux_x86_64/bin/../libexec/gcc/x86_64-pc-linux-gnu/7.4.0/ld: cannot find -ldebug_tcp_server_v1
collect2: error: ld returned 1 exit status
** Error: (sccom-6126) Linking failed. Creation of /home/binhkieudo/Workspace/XRPIX/serv/build/servant_1.2.1/nexys_a7-vivado/servant_1.2.1.cache/compile_simlib/questa/rwd_tlmmodel_v1/systemc.so failed.
End time: 11:26:15 on Jul 13,2023, Elapsed time: 0:00:00
Errors: 1, Warnings: 0
