#-----------------------------------------------------------
# Vivado v2022.2 (64-bit)
# SW Build 3671981 on Fri Oct 14 04:59:54 MDT 2022
# IP Build 3669848 on Fri Oct 14 08:30:02 MDT 2022
# Start of session at: Sat Aug 12 16:08:28 2023
# Process ID: 18722
# Current directory: /home/binhkieudo/Workspace/XRPIX/serv/build/servant_1.2.1/nexys_a7-vivado
# Command line: vivado servant_1.2.1.xpr
# Log file: /home/binhkieudo/Workspace/XRPIX/serv/build/servant_1.2.1/nexys_a7-vivado/vivado.log
# Journal file: /home/binhkieudo/Workspace/XRPIX/serv/build/servant_1.2.1/nexys_a7-vivado/vivado.jou
# Running On: binhkieudo-hotswap, OS: Linux, CPU Frequency: 1400.000 MHz, CPU Physical cores: 16, Host memory: 33036 MB
#-----------------------------------------------------------
start_gui
open_project servant_1.2.1.xpr
WARNING: [Board 49-26] cannot add Board Part xilinx.com:vek280_es:part0:1.0 available at /opt/Xilinx/Vivado/2022.2/data/xhub/boards/XilinxBoardStore/boards/Xilinx/vek280/es/1.0/board.xml as part xcve2802-vsvh1760-2lp-e-s-es1 specified in board_part file is either invalid or not available
WARNING: [Board 49-26] cannot add Board Part xilinx.com:vhk158_es:part0:1.0 available at /opt/Xilinx/Vivado/2022.2/data/xhub/boards/XilinxBoardStore/boards/Xilinx/vhk158/es/1.0/board.xml as part xcvh1582-vsva3697-2mp-e-s-es1 specified in board_part file is either invalid or not available
WARNING: [Board 49-26] cannot add Board Part xilinx.com:vpk120_es:part0:1.2 available at /opt/Xilinx/Vivado/2022.2/data/xhub/boards/XilinxBoardStore/boards/Xilinx/vpk120/es/1.2/board.xml as part xcvp1202-vsva2785-2mp-e-s-es1 specified in board_part file is either invalid or not available
WARNING: [Board 49-26] cannot add Board Part xilinx.com:vpk120_es_revb:part0:1.0 available at /opt/Xilinx/Vivado/2022.2/data/xhub/boards/XilinxBoardStore/boards/Xilinx/vpk120_revb/es/1.0/board.xml as part xcvp1202-vsva2785-2mp-e-s-es1 specified in board_part file is either invalid or not available
WARNING: [Board 49-26] cannot add Board Part xilinx.com:vpk180_es:part0:1.0 available at /opt/Xilinx/Vivado/2022.2/data/xhub/boards/XilinxBoardStore/boards/Xilinx/vpk180/es/1.0/board.xml as part xcvp1802-lsvc4072-2mp-e-s-es1 specified in board_part file is either invalid or not available
WARNING: [Board 49-26] cannot add Board Part xilinx.com:zcu208ld:part0:2.0 available at /opt/Xilinx/Vivado/2022.2/data/xhub/boards/XilinxBoardStore/boards/Xilinx/zcu208ld/production/2.0/board.xml as part xczu58dr-fsvg1517-2-i specified in board_part file is either invalid or not available
WARNING: [Board 49-26] cannot add Board Part xilinx.com:zcu216ld:part0:2.0 available at /opt/Xilinx/Vivado/2022.2/data/xhub/boards/XilinxBoardStore/boards/Xilinx/zcu216ld/production/2.0/board.xml as part xczu59dr-ffvf1760-2-i specified in board_part file is either invalid or not available
WARNING: [Board 49-26] cannot add Board Part xilinx.com:zcu670:part0:2.0 available at /opt/Xilinx/Vivado/2022.2/data/xhub/boards/XilinxBoardStore/boards/Xilinx/zcu670/2.0/board.xml as part xczu67dr-fsve1156-2-i specified in board_part file is either invalid or not available
WARNING: [Board 49-26] cannot add Board Part xilinx.com:zcu670ld:part0:1.0 available at /opt/Xilinx/Vivado/2022.2/data/xhub/boards/XilinxBoardStore/boards/Xilinx/zcu670ld/1.0/board.xml as part xczu57dr-fsve1156-2-i specified in board_part file is either invalid or not available
Scanning sources...
Finished scanning sources
INFO: [IP_Flow 19-234] Refreshing IP repositories
INFO: [IP_Flow 19-1704] No user IP repositories specified
INFO: [IP_Flow 19-2313] Loaded Vivado IP repository '/opt/Xilinx/Vivado/2022.2/data/ip'.
open_project: Time (s): cpu = 00:00:24 ; elapsed = 00:00:08 . Memory (MB): peak = 7400.289 ; gain = 330.824 ; free physical = 19436 ; free virtual = 88452
update_compile_order -fileset sources_1
reset_run synth_1
INFO: [Project 1-1161] Replacing file /home/binhkieudo/Workspace/XRPIX/serv/build/servant_1.2.1/nexys_a7-vivado/servant_1.2.1.srcs/utils_1/imports/synth_1/servix.dcp with file /home/binhkieudo/Workspace/XRPIX/serv/build/servant_1.2.1/nexys_a7-vivado/servant_1.2.1.runs/synth_1/top.dcp
launch_runs impl_1 -to_step write_bitstream -jobs 16
[Sat Aug 12 16:14:46 2023] Launched synth_1...
Run output will be captured here: /home/binhkieudo/Workspace/XRPIX/serv/build/servant_1.2.1/nexys_a7-vivado/servant_1.2.1.runs/synth_1/runme.log
[Sat Aug 12 16:14:46 2023] Launched impl_1...
Run output will be captured here: /home/binhkieudo/Workspace/XRPIX/serv/build/servant_1.2.1/nexys_a7-vivado/servant_1.2.1.runs/impl_1/runme.log
open_hw_manager
connect_hw_server -allow_non_jtag
INFO: [Labtools 27-2285] Connecting to hw_server url TCP:localhost:3121
INFO: [Labtools 27-2222] Launching hw_server...
INFO: [Labtools 27-2221] Launch Output:

****** Xilinx hw_server v2022.2
  **** Build date : Oct 14 2022 at 05:10:28
    ** Copyright 1986-2022 Xilinx, Inc. All Rights Reserved.


INFO: [Labtools 27-3415] Connecting to cs_server url TCP:localhost:0
INFO: [Labtools 27-3417] Launching cs_server...
INFO: [Labtools 27-2221] Launch Output:


******** Xilinx cs_server v2022.2.0
  ****** Build date   : Oct 05 2022-08:25:37
    **** Build number : 2022.2.1664925937
      ** Copyright 2017-2023 Xilinx, Inc. All Rights Reserved.



open_hw_target
INFO: [Labtoolstcl 44-466] Opening hw_target localhost:3121/xilinx_tcf/Xilinx/00001db705be01
set_property PROGRAM.FILE {/home/binhkieudo/Workspace/XRPIX/serv/build/servant_1.2.1/nexys_a7-vivado/servant_1.2.1.runs/impl_1/top.bit} [get_hw_devices xc7vx485t_0]
set_property PROBES.FILE {/home/binhkieudo/Workspace/XRPIX/serv/build/servant_1.2.1/nexys_a7-vivado/servant_1.2.1.runs/impl_1/top.ltx} [get_hw_devices xc7vx485t_0]
set_property FULL_PROBES.FILE {/home/binhkieudo/Workspace/XRPIX/serv/build/servant_1.2.1/nexys_a7-vivado/servant_1.2.1.runs/impl_1/top.ltx} [get_hw_devices xc7vx485t_0]
current_hw_device [get_hw_devices xc7vx485t_0]
refresh_hw_device [lindex [get_hw_devices xc7vx485t_0] 0]
INFO: [Labtools 27-1435] Device xc7vx485t (JTAG device index = 0) is not programmed (DONE status = 0).
set_property PROBES.FILE {/home/binhkieudo/Workspace/XRPIX/serv/build/servant_1.2.1/nexys_a7-vivado/servant_1.2.1.runs/impl_1/top.ltx} [get_hw_devices xc7vx485t_0]
set_property FULL_PROBES.FILE {/home/binhkieudo/Workspace/XRPIX/serv/build/servant_1.2.1/nexys_a7-vivado/servant_1.2.1.runs/impl_1/top.ltx} [get_hw_devices xc7vx485t_0]
set_property PROGRAM.FILE {/home/binhkieudo/Workspace/XRPIX/serv/build/servant_1.2.1/nexys_a7-vivado/servant_1.2.1.runs/impl_1/top.bit} [get_hw_devices xc7vx485t_0]
program_hw_devices [get_hw_devices xc7vx485t_0]
INFO: [Labtools 27-3164] End of startup status: HIGH
program_hw_devices: Time (s): cpu = 00:00:58 ; elapsed = 00:00:57 . Memory (MB): peak = 9388.445 ; gain = 0.000 ; free physical = 600 ; free virtual = 85829
refresh_hw_device [lindex [get_hw_devices xc7vx485t_0] 0]
INFO: [Labtools 27-2302] Device xc7vx485t (JTAG device index = 0) is programmed with a design that has 1 ILA core(s).
INFO: [Labtools 27-2302] Device xc7vx485t (JTAG device index = 0) is programmed with a design that has 1 VIO core(s).
INFO: [Labtools 27-1967] Uploading output probe values from VIO core [hw_vio_1], for hw_probes which did not have this property set
display_hw_ila_data [ get_hw_ila_data hw_ila_data_1 -of_objects [get_hw_ilas -of_objects [get_hw_devices xc7vx485t_0] -filter {CELL_NAME=~"nolabel_line55/my_debugger/analyzer"}]]
set_property TRIGGER_COMPARE_VALUE eq1'bX [get_hw_probes nolabel_line55/my_debugger/dbg_misa_en -of_objects [get_hw_ilas -of_objects [get_hw_devices xc7vx485t_0] -filter {CELL_NAME=~"nolabel_line55/my_debugger/analyzer"}]]
set_property TRIGGER_COMPARE_VALUE eq1'bX [get_hw_probes nolabel_line55/my_debugger/dbg_cpu_execute_req -of_objects [get_hw_ilas -of_objects [get_hw_devices xc7vx485t_0] -filter {CELL_NAME=~"nolabel_line55/my_debugger/analyzer"}]]
set_property TRIGGER_COMPARE_VALUE eq32'h0005_0513 [get_hw_probes nolabel_line55/my_debugger/dmi_req_data -of_objects [get_hw_ilas -of_objects [get_hw_devices xc7vx485t_0] -filter {CELL_NAME=~"nolabel_line55/my_debugger/analyzer"}]]
run_hw_ila [get_hw_ilas -of_objects [get_hw_devices xc7vx485t_0] -filter {CELL_NAME=~"nolabel_line55/my_debugger/analyzer"}]
INFO: [Labtools 27-1964] The ILA core 'hw_ila_1' trigger was armed at 2023-Aug-13 02:27:56
wait_on_hw_ila [get_hw_ilas -of_objects [get_hw_devices xc7vx485t_0] -filter {CELL_NAME=~"nolabel_line55/my_debugger/analyzer"}]
display_hw_ila_data [upload_hw_ila_data [get_hw_ilas -of_objects [get_hw_devices xc7vx485t_0] -filter {CELL_NAME=~"nolabel_line55/my_debugger/analyzer"}]]
INFO: [Labtools 27-1966] The ILA core 'hw_ila_1' triggered at 2023-Aug-13 02:28:00
INFO: [Labtools 27-3304] ILA Waveform data saved to file /home/binhkieudo/Workspace/XRPIX/serv/build/servant_1.2.1/nexys_a7-vivado/servant_1.2.1.hw/backup/hw_ila_data_1.ila. Use Tcl command 'read_hw_ila_data' or Vivado File->Import->Import ILA Data menu item to import the previously saved data.
set_property PROBES.FILE {/home/binhkieudo/Workspace/XRPIX/serv/build/servant_1.2.1/nexys_a7-vivado/servant_1.2.1.runs/impl_1/top.ltx} [get_hw_devices xc7vx485t_0]
set_property FULL_PROBES.FILE {/home/binhkieudo/Workspace/XRPIX/serv/build/servant_1.2.1/nexys_a7-vivado/servant_1.2.1.runs/impl_1/top.ltx} [get_hw_devices xc7vx485t_0]
set_property PROGRAM.FILE {/home/binhkieudo/Workspace/XRPIX/serv/build/servant_1.2.1/nexys_a7-vivado/servant_1.2.1.runs/impl_1/top.bit} [get_hw_devices xc7vx485t_0]
program_hw_devices [get_hw_devices xc7vx485t_0]
INFO: [Labtools 27-3164] End of startup status: HIGH
program_hw_devices: Time (s): cpu = 00:00:59 ; elapsed = 00:00:57 . Memory (MB): peak = 9610.227 ; gain = 0.000 ; free physical = 3768 ; free virtual = 85441
refresh_hw_device [lindex [get_hw_devices xc7vx485t_0] 0]
INFO: [Labtools 27-2302] Device xc7vx485t (JTAG device index = 0) is programmed with a design that has 1 ILA core(s).
INFO: [Labtools 27-2302] Device xc7vx485t (JTAG device index = 0) is programmed with a design that has 1 VIO core(s).
set_property TRIGGER_COMPARE_VALUE eq32'h4000_0537 [get_hw_probes nolabel_line55/my_debugger/dmi_req_data -of_objects [get_hw_ilas -of_objects [get_hw_devices xc7vx485t_0] -filter {CELL_NAME=~"nolabel_line55/my_debugger/analyzer"}]]
run_hw_ila [get_hw_ilas -of_objects [get_hw_devices xc7vx485t_0] -filter {CELL_NAME=~"nolabel_line55/my_debugger/analyzer"}]
INFO: [Labtools 27-1964] The ILA core 'hw_ila_1' trigger was armed at 2023-Aug-13 03:44:14
wait_on_hw_ila [get_hw_ilas -of_objects [get_hw_devices xc7vx485t_0] -filter {CELL_NAME=~"nolabel_line55/my_debugger/analyzer"}]
display_hw_ila_data [upload_hw_ila_data [get_hw_ilas -of_objects [get_hw_devices xc7vx485t_0] -filter {CELL_NAME=~"nolabel_line55/my_debugger/analyzer"}]]
INFO: [Labtools 27-1966] The ILA core 'hw_ila_1' triggered at 2023-Aug-13 03:44:18
INFO: [Labtools 27-3304] ILA Waveform data saved to file /home/binhkieudo/Workspace/XRPIX/serv/build/servant_1.2.1/nexys_a7-vivado/servant_1.2.1.hw/backup/hw_ila_data_1.ila. Use Tcl command 'read_hw_ila_data' or Vivado File->Import->Import ILA Data menu item to import the previously saved data.
set_property PROBES.FILE {/home/binhkieudo/Workspace/XRPIX/serv/build/servant_1.2.1/nexys_a7-vivado/servant_1.2.1.runs/impl_1/top.ltx} [get_hw_devices xc7vx485t_0]
set_property FULL_PROBES.FILE {/home/binhkieudo/Workspace/XRPIX/serv/build/servant_1.2.1/nexys_a7-vivado/servant_1.2.1.runs/impl_1/top.ltx} [get_hw_devices xc7vx485t_0]
set_property PROGRAM.FILE {/home/binhkieudo/Workspace/XRPIX/serv/build/servant_1.2.1/nexys_a7-vivado/servant_1.2.1.runs/impl_1/top.bit} [get_hw_devices xc7vx485t_0]
program_hw_devices [get_hw_devices xc7vx485t_0]
INFO: [Labtools 27-3164] End of startup status: HIGH
program_hw_devices: Time (s): cpu = 00:00:59 ; elapsed = 00:00:57 . Memory (MB): peak = 9610.227 ; gain = 0.000 ; free physical = 3775 ; free virtual = 85441
refresh_hw_device [lindex [get_hw_devices xc7vx485t_0] 0]
INFO: [Labtools 27-2302] Device xc7vx485t (JTAG device index = 0) is programmed with a design that has 1 ILA core(s).
INFO: [Labtools 27-2302] Device xc7vx485t (JTAG device index = 0) is programmed with a design that has 1 VIO core(s).
set_property TRIGGER_COMPARE_VALUE eq32'h0012_C293 [get_hw_probes nolabel_line55/my_debugger/dmi_req_data -of_objects [get_hw_ilas -of_objects [get_hw_devices xc7vx485t_0] -filter {CELL_NAME=~"nolabel_line55/my_debugger/analyzer"}]]
run_hw_ila [get_hw_ilas -of_objects [get_hw_devices xc7vx485t_0] -filter {CELL_NAME=~"nolabel_line55/my_debugger/analyzer"}]
INFO: [Labtools 27-1964] The ILA core 'hw_ila_1' trigger was armed at 2023-Aug-13 03:46:52
wait_on_hw_ila [get_hw_ilas -of_objects [get_hw_devices xc7vx485t_0] -filter {CELL_NAME=~"nolabel_line55/my_debugger/analyzer"}]
display_hw_ila_data [upload_hw_ila_data [get_hw_ilas -of_objects [get_hw_devices xc7vx485t_0] -filter {CELL_NAME=~"nolabel_line55/my_debugger/analyzer"}]]
INFO: [Labtools 27-1966] The ILA core 'hw_ila_1' triggered at 2023-Aug-13 03:46:56
INFO: [Labtools 27-3304] ILA Waveform data saved to file /home/binhkieudo/Workspace/XRPIX/serv/build/servant_1.2.1/nexys_a7-vivado/servant_1.2.1.hw/backup/hw_ila_data_1.ila. Use Tcl command 'read_hw_ila_data' or Vivado File->Import->Import ILA Data menu item to import the previously saved data.
set_property PROBES.FILE {/home/binhkieudo/Workspace/XRPIX/serv/build/servant_1.2.1/nexys_a7-vivado/servant_1.2.1.runs/impl_1/top.ltx} [get_hw_devices xc7vx485t_0]
set_property FULL_PROBES.FILE {/home/binhkieudo/Workspace/XRPIX/serv/build/servant_1.2.1/nexys_a7-vivado/servant_1.2.1.runs/impl_1/top.ltx} [get_hw_devices xc7vx485t_0]
set_property PROGRAM.FILE {/home/binhkieudo/Workspace/XRPIX/serv/build/servant_1.2.1/nexys_a7-vivado/servant_1.2.1.runs/impl_1/top.bit} [get_hw_devices xc7vx485t_0]
program_hw_devices [get_hw_devices xc7vx485t_0]
INFO: [Labtools 27-3164] End of startup status: HIGH
program_hw_devices: Time (s): cpu = 00:00:59 ; elapsed = 00:00:57 . Memory (MB): peak = 9610.227 ; gain = 0.000 ; free physical = 3776 ; free virtual = 85443
refresh_hw_device [lindex [get_hw_devices xc7vx485t_0] 0]
INFO: [Labtools 27-2302] Device xc7vx485t (JTAG device index = 0) is programmed with a design that has 1 ILA core(s).
INFO: [Labtools 27-2302] Device xc7vx485t (JTAG device index = 0) is programmed with a design that has 1 VIO core(s).
set_property TRIGGER_COMPARE_VALUE eq32'hXXXX_XXXX [get_hw_probes nolabel_line55/my_debugger/dmi_req_data -of_objects [get_hw_ilas -of_objects [get_hw_devices xc7vx485t_0] -filter {CELL_NAME=~"nolabel_line55/my_debugger/analyzer"}]]
set_property TRIGGER_COMPARE_VALUE eq32'h0094_2023 [get_hw_probes nolabel_line55/my_debugger/dm_probuf1 -of_objects [get_hw_ilas -of_objects [get_hw_devices xc7vx485t_0] -filter {CELL_NAME=~"nolabel_line55/my_debugger/analyzer"}]]
set_property TRIGGER_COMPARE_VALUE eq32'h4000_0573 [get_hw_probes nolabel_line55/my_debugger/dm_databuf -of_objects [get_hw_ilas -of_objects [get_hw_devices xc7vx485t_0] -filter {CELL_NAME=~"nolabel_line55/my_debugger/analyzer"}]]
run_hw_ila [get_hw_ilas -of_objects [get_hw_devices xc7vx485t_0] -filter {CELL_NAME=~"nolabel_line55/my_debugger/analyzer"}]
INFO: [Labtools 27-1964] The ILA core 'hw_ila_1' trigger was armed at 2023-Aug-13 03:49:41
save_wave_config {/home/binhkieudo/Workspace/XRPIX/serv/build/servant_1.2.1/nexys_a7-vivado/servant_1.2.1.hw/hw_1/wave/hw_ila_data_1/hw_ila_data_1.wcfg}
close_hw_manager
reset_run synth_1
INFO: [Project 1-1161] Replacing file /home/binhkieudo/Workspace/XRPIX/serv/build/servant_1.2.1/nexys_a7-vivado/servant_1.2.1.srcs/utils_1/imports/synth_1/servix.dcp with file /home/binhkieudo/Workspace/XRPIX/serv/build/servant_1.2.1/nexys_a7-vivado/servant_1.2.1.runs/synth_1/top.dcp
launch_runs impl_1 -to_step write_bitstream -jobs 16
[Sun Aug 13 03:52:42 2023] Launched synth_1...
Run output will be captured here: /home/binhkieudo/Workspace/XRPIX/serv/build/servant_1.2.1/nexys_a7-vivado/servant_1.2.1.runs/synth_1/runme.log
[Sun Aug 13 03:52:42 2023] Launched impl_1...
Run output will be captured here: /home/binhkieudo/Workspace/XRPIX/serv/build/servant_1.2.1/nexys_a7-vivado/servant_1.2.1.runs/impl_1/runme.log
open_hw_manager
connect_hw_server -allow_non_jtag
INFO: [Labtools 27-2285] Connecting to hw_server url TCP:localhost:3121
INFO: [Labtools 27-2222] Launching hw_server...
INFO: [Labtools 27-2221] Launch Output:

****** Xilinx hw_server v2022.2
  **** Build date : Oct 14 2022 at 05:10:28
    ** Copyright 1986-2022 Xilinx, Inc. All Rights Reserved.


INFO: [Labtools 27-3415] Connecting to cs_server url TCP:localhost:0
INFO: [Labtools 27-3417] Launching cs_server...
INFO: [Labtools 27-2221] Launch Output:


******** Xilinx cs_server v2022.2.0
  ****** Build date   : Oct 05 2022-08:25:37
    **** Build number : 2022.2.1664925937
      ** Copyright 2017-2023 Xilinx, Inc. All Rights Reserved.



open_hw_target
INFO: [Labtoolstcl 44-466] Opening hw_target localhost:3121/xilinx_tcf/Xilinx/00001db705be01
set_property PROGRAM.FILE {/home/binhkieudo/Workspace/XRPIX/serv/build/servant_1.2.1/nexys_a7-vivado/servant_1.2.1.runs/impl_1/top.bit} [get_hw_devices xc7vx485t_0]
set_property PROBES.FILE {/home/binhkieudo/Workspace/XRPIX/serv/build/servant_1.2.1/nexys_a7-vivado/servant_1.2.1.runs/impl_1/top.ltx} [get_hw_devices xc7vx485t_0]
set_property FULL_PROBES.FILE {/home/binhkieudo/Workspace/XRPIX/serv/build/servant_1.2.1/nexys_a7-vivado/servant_1.2.1.runs/impl_1/top.ltx} [get_hw_devices xc7vx485t_0]
current_hw_device [get_hw_devices xc7vx485t_0]
refresh_hw_device [lindex [get_hw_devices xc7vx485t_0] 0]
INFO: [Labtools 27-2302] Device xc7vx485t (JTAG device index = 0) is programmed with a design that has 1 ILA core(s).
INFO: [Labtools 27-2302] Device xc7vx485t (JTAG device index = 0) is programmed with a design that has 1 VIO core(s).
display_hw_ila_data [ get_hw_ila_data hw_ila_data_1 -of_objects [get_hw_ilas -of_objects [get_hw_devices xc7vx485t_0] -filter {CELL_NAME=~"nolabel_line55/my_debugger/analyzer"}]]
set_property TRIGGER_COMPARE_VALUE eq1'bX [get_hw_probes nolabel_line55/my_debugger/dbg_misa_en -of_objects [get_hw_ilas -of_objects [get_hw_devices xc7vx485t_0] -filter {CELL_NAME=~"nolabel_line55/my_debugger/analyzer"}]]
set_property TRIGGER_COMPARE_VALUE eq32'hXXXX_XXXX [get_hw_probes nolabel_line55/my_debugger/dm_probuf1 -of_objects [get_hw_ilas -of_objects [get_hw_devices xc7vx485t_0] -filter {CELL_NAME=~"nolabel_line55/my_debugger/analyzer"}]]
set_property PROBES.FILE {/home/binhkieudo/Workspace/XRPIX/serv/build/servant_1.2.1/nexys_a7-vivado/servant_1.2.1.runs/impl_1/top.ltx} [get_hw_devices xc7vx485t_0]
set_property FULL_PROBES.FILE {/home/binhkieudo/Workspace/XRPIX/serv/build/servant_1.2.1/nexys_a7-vivado/servant_1.2.1.runs/impl_1/top.ltx} [get_hw_devices xc7vx485t_0]
set_property PROGRAM.FILE {/home/binhkieudo/Workspace/XRPIX/serv/build/servant_1.2.1/nexys_a7-vivado/servant_1.2.1.runs/impl_1/top.bit} [get_hw_devices xc7vx485t_0]
program_hw_devices [get_hw_devices xc7vx485t_0]
INFO: [Labtools 27-3164] End of startup status: HIGH
program_hw_devices: Time (s): cpu = 00:00:59 ; elapsed = 00:00:57 . Memory (MB): peak = 9626.227 ; gain = 0.000 ; free physical = 4060 ; free virtual = 85486
refresh_hw_device [lindex [get_hw_devices xc7vx485t_0] 0]
INFO: [Labtools 27-2302] Device xc7vx485t (JTAG device index = 0) is programmed with a design that has 1 ILA core(s).
INFO: [Labtools 27-2302] Device xc7vx485t (JTAG device index = 0) is programmed with a design that has 1 VIO core(s).
set_property OUTPUT_VALUE 1 [get_hw_probes nolabel_line55/my_debugger/execute_req_cnt_en -of_objects [get_hw_vios -of_objects [get_hw_devices xc7vx485t_0] -filter {CELL_NAME=~"nolabel_line55/my_debugger/vpins"}]]
commit_hw_vio [get_hw_probes {nolabel_line55/my_debugger/execute_req_cnt_en} -of_objects [get_hw_vios -of_objects [get_hw_devices xc7vx485t_0] -filter {CELL_NAME=~"nolabel_line55/my_debugger/vpins"}]]
set_property OUTPUT_VALUE 1 [get_hw_probes nolabel_line55/my_debugger/execute_req_cnt_rst -of_objects [get_hw_vios -of_objects [get_hw_devices xc7vx485t_0] -filter {CELL_NAME=~"nolabel_line55/my_debugger/vpins"}]]
commit_hw_vio [get_hw_probes {nolabel_line55/my_debugger/execute_req_cnt_rst} -of_objects [get_hw_vios -of_objects [get_hw_devices xc7vx485t_0] -filter {CELL_NAME=~"nolabel_line55/my_debugger/vpins"}]]
set_property OUTPUT_VALUE 0 [get_hw_probes nolabel_line55/my_debugger/execute_req_cnt_rst -of_objects [get_hw_vios -of_objects [get_hw_devices xc7vx485t_0] -filter {CELL_NAME=~"nolabel_line55/my_debugger/vpins"}]]
commit_hw_vio [get_hw_probes {nolabel_line55/my_debugger/execute_req_cnt_rst} -of_objects [get_hw_vios -of_objects [get_hw_devices xc7vx485t_0] -filter {CELL_NAME=~"nolabel_line55/my_debugger/vpins"}]]
set_property OUTPUT_VALUE 0 [get_hw_probes nolabel_line55/my_debugger/execute_req_cnt_en -of_objects [get_hw_vios -of_objects [get_hw_devices xc7vx485t_0] -filter {CELL_NAME=~"nolabel_line55/my_debugger/vpins"}]]
commit_hw_vio [get_hw_probes {nolabel_line55/my_debugger/execute_req_cnt_en} -of_objects [get_hw_vios -of_objects [get_hw_devices xc7vx485t_0] -filter {CELL_NAME=~"nolabel_line55/my_debugger/vpins"}]]
set_property OUTPUT_VALUE 1 [get_hw_probes nolabel_line55/my_debugger/execute_req_cnt_en -of_objects [get_hw_vios -of_objects [get_hw_devices xc7vx485t_0] -filter {CELL_NAME=~"nolabel_line55/my_debugger/vpins"}]]
commit_hw_vio [get_hw_probes {nolabel_line55/my_debugger/execute_req_cnt_en} -of_objects [get_hw_vios -of_objects [get_hw_devices xc7vx485t_0] -filter {CELL_NAME=~"nolabel_line55/my_debugger/vpins"}]]
set_property TRIGGER_COMPARE_VALUE eq32'h0005_0513 [get_hw_probes nolabel_line55/my_debugger/dm_databuf -of_objects [get_hw_ilas -of_objects [get_hw_devices xc7vx485t_0] -filter {CELL_NAME=~"nolabel_line55/my_debugger/analyzer"}]]
run_hw_ila [get_hw_ilas -of_objects [get_hw_devices xc7vx485t_0] -filter {CELL_NAME=~"nolabel_line55/my_debugger/analyzer"}]
INFO: [Labtools 27-1964] The ILA core 'hw_ila_1' trigger was armed at 2023-Aug-13 04:00:01
wait_on_hw_ila [get_hw_ilas -of_objects [get_hw_devices xc7vx485t_0] -filter {CELL_NAME=~"nolabel_line55/my_debugger/analyzer"}]
display_hw_ila_data [upload_hw_ila_data [get_hw_ilas -of_objects [get_hw_devices xc7vx485t_0] -filter {CELL_NAME=~"nolabel_line55/my_debugger/analyzer"}]]
INFO: [Labtools 27-1966] The ILA core 'hw_ila_1' triggered at 2023-Aug-13 04:00:09
INFO: [Labtools 27-3304] ILA Waveform data saved to file /home/binhkieudo/Workspace/XRPIX/serv/build/servant_1.2.1/nexys_a7-vivado/servant_1.2.1.hw/backup/hw_ila_data_1.ila. Use Tcl command 'read_hw_ila_data' or Vivado File->Import->Import ILA Data menu item to import the previously saved data.
save_wave_config {/home/binhkieudo/Workspace/XRPIX/serv/build/servant_1.2.1/nexys_a7-vivado/servant_1.2.1.hw/hw_1/wave/hw_ila_data_1/hw_ila_data_1.wcfg}
close_hw_manager
