#-----------------------------------------------------------
# Vivado v2022.2 (64-bit)
# SW Build 3671981 on Fri Oct 14 04:59:54 MDT 2022
# IP Build 3669848 on Fri Oct 14 08:30:02 MDT 2022
# Start of session at: Wed Jul 12 16:47:40 2023
# Process ID: 1509632
# Current directory: /home/binhkieudo/Workspace/XRPIX/serv/build/servant_1.2.1/nexys_a7-vivado
# Command line: vivado servant_1.2.1.xpr
# Log file: /home/binhkieudo/Workspace/XRPIX/serv/build/servant_1.2.1/nexys_a7-vivado/vivado.log
# Journal file: /home/binhkieudo/Workspace/XRPIX/serv/build/servant_1.2.1/nexys_a7-vivado/vivado.jou
# Running On: binhkieudo, OS: Linux, CPU Frequency: 3300.000 MHz, CPU Physical cores: 10, Host memory: 134739 MB
#-----------------------------------------------------------
start_gui
open_project servant_1.2.1.xpr
WARNING: [Board 49-26] cannot add Board Part xilinx.com:vek280_es:part0:1.0 available at /tools/Xilinx/Vivado/2022.2/data/xhub/boards/XilinxBoardStore/boards/Xilinx/vek280/es/1.0/board.xml as part xcve2802-vsvh1760-2lp-e-s-es1 specified in board_part file is either invalid or not available
WARNING: [Board 49-26] cannot add Board Part xilinx.com:vhk158_es:part0:1.0 available at /tools/Xilinx/Vivado/2022.2/data/xhub/boards/XilinxBoardStore/boards/Xilinx/vhk158/es/1.0/board.xml as part xcvh1582-vsva3697-2mp-e-s-es1 specified in board_part file is either invalid or not available
WARNING: [Board 49-26] cannot add Board Part xilinx.com:vpk120_es:part0:1.2 available at /tools/Xilinx/Vivado/2022.2/data/xhub/boards/XilinxBoardStore/boards/Xilinx/vpk120/es/1.2/board.xml as part xcvp1202-vsva2785-2mp-e-s-es1 specified in board_part file is either invalid or not available
WARNING: [Board 49-26] cannot add Board Part xilinx.com:vpk120_es_revb:part0:1.0 available at /tools/Xilinx/Vivado/2022.2/data/xhub/boards/XilinxBoardStore/boards/Xilinx/vpk120_revb/es/1.0/board.xml as part xcvp1202-vsva2785-2mp-e-s-es1 specified in board_part file is either invalid or not available
WARNING: [Board 49-26] cannot add Board Part xilinx.com:vpk180_es:part0:1.0 available at /tools/Xilinx/Vivado/2022.2/data/xhub/boards/XilinxBoardStore/boards/Xilinx/vpk180/es/1.0/board.xml as part xcvp1802-lsvc4072-2mp-e-s-es1 specified in board_part file is either invalid or not available
WARNING: [Board 49-26] cannot add Board Part xilinx.com:zcu208ld:part0:2.0 available at /tools/Xilinx/Vivado/2022.2/data/xhub/boards/XilinxBoardStore/boards/Xilinx/zcu208ld/production/2.0/board.xml as part xczu58dr-fsvg1517-2-i specified in board_part file is either invalid or not available
WARNING: [Board 49-26] cannot add Board Part xilinx.com:zcu216ld:part0:2.0 available at /tools/Xilinx/Vivado/2022.2/data/xhub/boards/XilinxBoardStore/boards/Xilinx/zcu216ld/production/2.0/board.xml as part xczu59dr-ffvf1760-2-i specified in board_part file is either invalid or not available
WARNING: [Board 49-26] cannot add Board Part xilinx.com:zcu670:part0:2.0 available at /tools/Xilinx/Vivado/2022.2/data/xhub/boards/XilinxBoardStore/boards/Xilinx/zcu670/2.0/board.xml as part xczu67dr-fsve1156-2-i specified in board_part file is either invalid or not available
WARNING: [Board 49-26] cannot add Board Part xilinx.com:zcu670ld:part0:1.0 available at /tools/Xilinx/Vivado/2022.2/data/xhub/boards/XilinxBoardStore/boards/Xilinx/zcu670ld/1.0/board.xml as part xczu57dr-fsve1156-2-i specified in board_part file is either invalid or not available
INFO: [filemgmt 56-3] Default IP Output Path : Could not find the directory '/home/binhkieudo/Workspace/XRPIX/serv/build/servant_1.2.1/nexys_a7-vivado/servant_1.2.1.gen/sources_1'.
Scanning sources...
Finished scanning sources
INFO: [IP_Flow 19-234] Refreshing IP repositories
INFO: [IP_Flow 19-1704] No user IP repositories specified
INFO: [IP_Flow 19-2313] Loaded Vivado IP repository '/tools/Xilinx/Vivado/2022.2/data/ip'.
open_project: Time (s): cpu = 00:00:19 ; elapsed = 00:00:06 . Memory (MB): peak = 7338.152 ; gain = 245.016 ; free physical = 68600 ; free virtual = 118075
set_property source_mgmt_mode None [current_project]
set_property source_mgmt_mode All [current_project]
update_compile_order -fileset sources_1
set_property top serv_rf_top [current_fileset]
update_compile_order -fileset sources_1
reset_run synth_1
INFO: [Project 1-1161] Replacing file /home/binhkieudo/Workspace/XRPIX/serv/build/servant_1.2.1/nexys_a7-vivado/servant_1.2.1.srcs/utils_1/imports/synth_1/servix.dcp with file /home/binhkieudo/Workspace/XRPIX/serv/build/servant_1.2.1/nexys_a7-vivado/servant_1.2.1.runs/synth_1/servix.dcp
launch_runs synth_1 -jobs 20
[Wed Jul 12 17:15:26 2023] Launched synth_1...
Run output will be captured here: /home/binhkieudo/Workspace/XRPIX/serv/build/servant_1.2.1/nexys_a7-vivado/servant_1.2.1.runs/synth_1/runme.log
reset_run synth_1
launch_runs synth_1 -jobs 20
[Wed Jul 12 17:36:59 2023] Launched synth_1...
Run output will be captured here: /home/binhkieudo/Workspace/XRPIX/serv/build/servant_1.2.1/nexys_a7-vivado/servant_1.2.1.runs/synth_1/runme.log
reset_run synth_1
INFO: [Project 1-1161] Replacing file /home/binhkieudo/Workspace/XRPIX/serv/build/servant_1.2.1/nexys_a7-vivado/servant_1.2.1.srcs/utils_1/imports/synth_1/servix.dcp with file /home/binhkieudo/Workspace/XRPIX/serv/build/servant_1.2.1/nexys_a7-vivado/servant_1.2.1.runs/synth_1/serv_rf_top.dcp
launch_runs synth_1 -jobs 20
[Wed Jul 12 17:44:52 2023] Launched synth_1...
Run output will be captured here: /home/binhkieudo/Workspace/XRPIX/serv/build/servant_1.2.1/nexys_a7-vivado/servant_1.2.1.runs/synth_1/runme.log
synth_design -rtl -rtl_skip_mlo -name rtl_1
Command: synth_design -rtl -rtl_skip_mlo -name rtl_1
Starting synth_design
Using part: xc7vx485tffg1157-1
Top: serv_rf_top
INFO: [Device 21-403] Loading part xc7vx485tffg1157-1
INFO: [Synth 8-11241] undeclared symbol 'REGCCE', assumed default net type 'wire' [/tools/Xilinx/Vivado/2022.2/data/verilog/src/unimacro/BRAM_SINGLE_MACRO.v:2170]
---------------------------------------------------------------------------------
Starting RTL Elaboration : Time (s): cpu = 00:00:03 ; elapsed = 00:00:03 . Memory (MB): peak = 8986.266 ; gain = 361.828 ; free physical = 67290 ; free virtual = 116789
---------------------------------------------------------------------------------
INFO: [Synth 8-6157] synthesizing module 'serv_rf_top' [/home/binhkieudo/Workspace/XRPIX/serv/build/servant_1.2.1/src/serv_1.2.1/rtl/serv_rf_top.v:1]
INFO: [Synth 8-6157] synthesizing module 'serv_top' [/home/binhkieudo/Workspace/XRPIX/serv/build/servant_1.2.1/src/serv_1.2.1/rtl/serv_top.v:1]
	Parameter RESET_PC bound to: 0 - type: integer 
INFO: [Synth 8-6157] synthesizing module 'serv_state' [/home/binhkieudo/Workspace/XRPIX/serv/build/servant_1.2.1/src/serv_1.2.1/rtl/serv_state.v:1]
INFO: [Synth 8-6155] done synthesizing module 'serv_state' (0#1) [/home/binhkieudo/Workspace/XRPIX/serv/build/servant_1.2.1/src/serv_1.2.1/rtl/serv_state.v:1]
INFO: [Synth 8-6157] synthesizing module 'serv_decode' [/home/binhkieudo/Workspace/XRPIX/serv/build/servant_1.2.1/src/serv_1.2.1/rtl/serv_decode.v:2]
INFO: [Synth 8-6155] done synthesizing module 'serv_decode' (0#1) [/home/binhkieudo/Workspace/XRPIX/serv/build/servant_1.2.1/src/serv_1.2.1/rtl/serv_decode.v:2]
WARNING: [Synth 8-7071] port 'o_ext_funct3' of module 'serv_decode' is unconnected for instance 'decode' [/home/binhkieudo/Workspace/XRPIX/serv/build/servant_1.2.1/src/serv_1.2.1/rtl/serv_top.v:203]
WARNING: [Synth 8-7023] instance 'decode' of module 'serv_decode' has 47 connections declared, but only 46 given [/home/binhkieudo/Workspace/XRPIX/serv/build/servant_1.2.1/src/serv_1.2.1/rtl/serv_top.v:203]
INFO: [Synth 8-6157] synthesizing module 'serv_immdec' [/home/binhkieudo/Workspace/XRPIX/serv/build/servant_1.2.1/src/serv_1.2.1/rtl/serv_immdec.v:2]
INFO: [Synth 8-6155] done synthesizing module 'serv_immdec' (0#1) [/home/binhkieudo/Workspace/XRPIX/serv/build/servant_1.2.1/src/serv_1.2.1/rtl/serv_immdec.v:2]
INFO: [Synth 8-6157] synthesizing module 'serv_bufreg' [/home/binhkieudo/Workspace/XRPIX/serv/build/servant_1.2.1/src/serv_1.2.1/rtl/serv_bufreg.v:1]
INFO: [Synth 8-6155] done synthesizing module 'serv_bufreg' (0#1) [/home/binhkieudo/Workspace/XRPIX/serv/build/servant_1.2.1/src/serv_1.2.1/rtl/serv_bufreg.v:1]
INFO: [Synth 8-6157] synthesizing module 'serv_bufreg2' [/home/binhkieudo/Workspace/XRPIX/serv/build/servant_1.2.1/src/serv_1.2.1/rtl/serv_bufreg2.v:1]
INFO: [Synth 8-6155] done synthesizing module 'serv_bufreg2' (0#1) [/home/binhkieudo/Workspace/XRPIX/serv/build/servant_1.2.1/src/serv_1.2.1/rtl/serv_bufreg2.v:1]
INFO: [Synth 8-6157] synthesizing module 'serv_ctrl' [/home/binhkieudo/Workspace/XRPIX/serv/build/servant_1.2.1/src/serv_1.2.1/rtl/serv_ctrl.v:1]
	Parameter RESET_PC bound to: 0 - type: integer 
INFO: [Synth 8-6155] done synthesizing module 'serv_ctrl' (0#1) [/home/binhkieudo/Workspace/XRPIX/serv/build/servant_1.2.1/src/serv_1.2.1/rtl/serv_ctrl.v:1]
INFO: [Synth 8-6157] synthesizing module 'serv_alu' [/home/binhkieudo/Workspace/XRPIX/serv/build/servant_1.2.1/src/serv_1.2.1/rtl/serv_alu.v:1]
INFO: [Synth 8-6155] done synthesizing module 'serv_alu' (0#1) [/home/binhkieudo/Workspace/XRPIX/serv/build/servant_1.2.1/src/serv_1.2.1/rtl/serv_alu.v:1]
INFO: [Synth 8-6157] synthesizing module 'serv_rf_if' [/home/binhkieudo/Workspace/XRPIX/serv/build/servant_1.2.1/src/serv_1.2.1/rtl/serv_rf_if.v:1]
INFO: [Synth 8-6155] done synthesizing module 'serv_rf_if' (0#1) [/home/binhkieudo/Workspace/XRPIX/serv/build/servant_1.2.1/src/serv_1.2.1/rtl/serv_rf_if.v:1]
INFO: [Synth 8-6157] synthesizing module 'serv_mem_if' [/home/binhkieudo/Workspace/XRPIX/serv/build/servant_1.2.1/src/serv_1.2.1/rtl/serv_mem_if.v:1]
INFO: [Synth 8-6155] done synthesizing module 'serv_mem_if' (0#1) [/home/binhkieudo/Workspace/XRPIX/serv/build/servant_1.2.1/src/serv_1.2.1/rtl/serv_mem_if.v:1]
INFO: [Synth 8-6157] synthesizing module 'serv_csr' [/home/binhkieudo/Workspace/XRPIX/serv/build/servant_1.2.1/src/serv_1.2.1/rtl/serv_csr.v:2]
INFO: [Synth 8-6155] done synthesizing module 'serv_csr' (0#1) [/home/binhkieudo/Workspace/XRPIX/serv/build/servant_1.2.1/src/serv_1.2.1/rtl/serv_csr.v:2]
INFO: [Synth 8-6155] done synthesizing module 'serv_top' (0#1) [/home/binhkieudo/Workspace/XRPIX/serv/build/servant_1.2.1/src/serv_1.2.1/rtl/serv_top.v:1]
INFO: [Synth 8-6157] synthesizing module 'serv_rf_ram_if' [/home/binhkieudo/Workspace/XRPIX/serv/build/servant_1.2.1/src/serv_1.2.1/rtl/serv_rf_ram_if.v:1]
	Parameter width bound to: 2 - type: integer 
	Parameter csr_regs bound to: 4 - type: integer 
INFO: [Synth 8-6155] done synthesizing module 'serv_rf_ram_if' (0#1) [/home/binhkieudo/Workspace/XRPIX/serv/build/servant_1.2.1/src/serv_1.2.1/rtl/serv_rf_ram_if.v:1]
INFO: [Synth 8-6157] synthesizing module 'serv_rf_ram' [/home/binhkieudo/Workspace/XRPIX/serv/build/servant_1.2.1/src/serv_1.2.1/rtl/serv_rf_ram.v:1]
	Parameter width bound to: 2 - type: integer 
	Parameter csr_regs bound to: 4 - type: integer 
INFO: [Synth 8-6155] done synthesizing module 'serv_rf_ram' (0#1) [/home/binhkieudo/Workspace/XRPIX/serv/build/servant_1.2.1/src/serv_1.2.1/rtl/serv_rf_ram.v:1]
INFO: [Synth 8-6155] done synthesizing module 'serv_rf_top' (0#1) [/home/binhkieudo/Workspace/XRPIX/serv/build/servant_1.2.1/src/serv_1.2.1/rtl/serv_rf_top.v:1]
WARNING: [Synth 8-3301] Unused top level parameter/generic memfile
WARNING: [Synth 8-3301] Unused top level parameter/generic memsize
WARNING: [Synth 8-3301] Unused top level parameter/generic frequency
WARNING: [Synth 8-6014] Unused sequential element imm25_reg was removed.  [/home/binhkieudo/Workspace/XRPIX/serv/build/servant_1.2.1/src/serv_1.2.1/rtl/serv_decode.v:234]
WARNING: [Synth 8-3848] Net o_ext_funct3 in module/entity serv_decode does not have driver. [/home/binhkieudo/Workspace/XRPIX/serv/build/servant_1.2.1/src/serv_1.2.1/rtl/serv_decode.v:21]
WARNING: [Synth 8-3848] Net dbus_ack in module/entity serv_top does not have driver. [/home/binhkieudo/Workspace/XRPIX/serv/build/servant_1.2.1/src/serv_1.2.1/rtl/serv_top.v:95]
WARNING: [Synth 8-3848] Net dbus_rdt in module/entity serv_top does not have driver. [/home/binhkieudo/Workspace/XRPIX/serv/build/servant_1.2.1/src/serv_1.2.1/rtl/serv_top.v:94]
WARNING: [Synth 8-7129] Port i_ren in module serv_rf_ram is either unconnected or has no load
WARNING: [Synth 8-7129] Port o_ext_funct3[2] in module serv_decode is either unconnected or has no load
WARNING: [Synth 8-7129] Port o_ext_funct3[1] in module serv_decode is either unconnected or has no load
WARNING: [Synth 8-7129] Port o_ext_funct3[0] in module serv_decode is either unconnected or has no load
WARNING: [Synth 8-7129] Port i_wb_rdt[31] in module serv_decode is either unconnected or has no load
WARNING: [Synth 8-7129] Port i_wb_rdt[29] in module serv_decode is either unconnected or has no load
WARNING: [Synth 8-7129] Port i_wb_rdt[28] in module serv_decode is either unconnected or has no load
WARNING: [Synth 8-7129] Port i_wb_rdt[27] in module serv_decode is either unconnected or has no load
WARNING: [Synth 8-7129] Port i_wb_rdt[25] in module serv_decode is either unconnected or has no load
WARNING: [Synth 8-7129] Port i_wb_rdt[24] in module serv_decode is either unconnected or has no load
WARNING: [Synth 8-7129] Port i_wb_rdt[23] in module serv_decode is either unconnected or has no load
WARNING: [Synth 8-7129] Port i_wb_rdt[19] in module serv_decode is either unconnected or has no load
WARNING: [Synth 8-7129] Port i_wb_rdt[18] in module serv_decode is either unconnected or has no load
WARNING: [Synth 8-7129] Port i_wb_rdt[17] in module serv_decode is either unconnected or has no load
WARNING: [Synth 8-7129] Port i_wb_rdt[16] in module serv_decode is either unconnected or has no load
WARNING: [Synth 8-7129] Port i_wb_rdt[15] in module serv_decode is either unconnected or has no load
WARNING: [Synth 8-7129] Port i_wb_rdt[11] in module serv_decode is either unconnected or has no load
WARNING: [Synth 8-7129] Port i_wb_rdt[10] in module serv_decode is either unconnected or has no load
WARNING: [Synth 8-7129] Port i_wb_rdt[9] in module serv_decode is either unconnected or has no load
WARNING: [Synth 8-7129] Port i_wb_rdt[8] in module serv_decode is either unconnected or has no load
WARNING: [Synth 8-7129] Port i_wb_rdt[7] in module serv_decode is either unconnected or has no load
WARNING: [Synth 8-7129] Port i_ibus_rdt[1] in module serv_top is either unconnected or has no load
WARNING: [Synth 8-7129] Port i_ibus_rdt[0] in module serv_top is either unconnected or has no load
WARNING: [Synth 8-7129] Port i_dbus_rdt[31] in module serv_top is either unconnected or has no load
WARNING: [Synth 8-7129] Port i_dbus_rdt[30] in module serv_top is either unconnected or has no load
WARNING: [Synth 8-7129] Port i_dbus_rdt[29] in module serv_top is either unconnected or has no load
WARNING: [Synth 8-7129] Port i_dbus_rdt[28] in module serv_top is either unconnected or has no load
WARNING: [Synth 8-7129] Port i_dbus_rdt[27] in module serv_top is either unconnected or has no load
WARNING: [Synth 8-7129] Port i_dbus_rdt[26] in module serv_top is either unconnected or has no load
WARNING: [Synth 8-7129] Port i_dbus_rdt[25] in module serv_top is either unconnected or has no load
WARNING: [Synth 8-7129] Port i_dbus_rdt[24] in module serv_top is either unconnected or has no load
WARNING: [Synth 8-7129] Port i_dbus_rdt[23] in module serv_top is either unconnected or has no load
WARNING: [Synth 8-7129] Port i_dbus_rdt[22] in module serv_top is either unconnected or has no load
WARNING: [Synth 8-7129] Port i_dbus_rdt[21] in module serv_top is either unconnected or has no load
WARNING: [Synth 8-7129] Port i_dbus_rdt[20] in module serv_top is either unconnected or has no load
WARNING: [Synth 8-7129] Port i_dbus_rdt[19] in module serv_top is either unconnected or has no load
WARNING: [Synth 8-7129] Port i_dbus_rdt[18] in module serv_top is either unconnected or has no load
WARNING: [Synth 8-7129] Port i_dbus_rdt[17] in module serv_top is either unconnected or has no load
WARNING: [Synth 8-7129] Port i_dbus_rdt[16] in module serv_top is either unconnected or has no load
WARNING: [Synth 8-7129] Port i_dbus_rdt[15] in module serv_top is either unconnected or has no load
WARNING: [Synth 8-7129] Port i_dbus_rdt[14] in module serv_top is either unconnected or has no load
WARNING: [Synth 8-7129] Port i_dbus_rdt[13] in module serv_top is either unconnected or has no load
WARNING: [Synth 8-7129] Port i_dbus_rdt[12] in module serv_top is either unconnected or has no load
WARNING: [Synth 8-7129] Port i_dbus_rdt[11] in module serv_top is either unconnected or has no load
WARNING: [Synth 8-7129] Port i_dbus_rdt[10] in module serv_top is either unconnected or has no load
WARNING: [Synth 8-7129] Port i_dbus_rdt[9] in module serv_top is either unconnected or has no load
WARNING: [Synth 8-7129] Port i_dbus_rdt[8] in module serv_top is either unconnected or has no load
WARNING: [Synth 8-7129] Port i_dbus_rdt[7] in module serv_top is either unconnected or has no load
WARNING: [Synth 8-7129] Port i_dbus_rdt[6] in module serv_top is either unconnected or has no load
WARNING: [Synth 8-7129] Port i_dbus_rdt[5] in module serv_top is either unconnected or has no load
WARNING: [Synth 8-7129] Port i_dbus_rdt[4] in module serv_top is either unconnected or has no load
WARNING: [Synth 8-7129] Port i_dbus_rdt[3] in module serv_top is either unconnected or has no load
WARNING: [Synth 8-7129] Port i_dbus_rdt[2] in module serv_top is either unconnected or has no load
WARNING: [Synth 8-7129] Port i_dbus_rdt[1] in module serv_top is either unconnected or has no load
WARNING: [Synth 8-7129] Port i_dbus_rdt[0] in module serv_top is either unconnected or has no load
---------------------------------------------------------------------------------
Finished RTL Elaboration : Time (s): cpu = 00:00:05 ; elapsed = 00:00:05 . Memory (MB): peak = 9057.234 ; gain = 432.797 ; free physical = 67357 ; free virtual = 116862
---------------------------------------------------------------------------------
---------------------------------------------------------------------------------
Start Handling Custom Attributes
---------------------------------------------------------------------------------
---------------------------------------------------------------------------------
Finished Handling Custom Attributes : Time (s): cpu = 00:00:05 ; elapsed = 00:00:05 . Memory (MB): peak = 9072.078 ; gain = 447.641 ; free physical = 67350 ; free virtual = 116859
---------------------------------------------------------------------------------
---------------------------------------------------------------------------------
Finished RTL Optimization Phase 1 : Time (s): cpu = 00:00:05 ; elapsed = 00:00:05 . Memory (MB): peak = 9072.078 ; gain = 447.641 ; free physical = 67350 ; free virtual = 116859
---------------------------------------------------------------------------------
Netlist sorting complete. Time (s): cpu = 00:00:00.01 ; elapsed = 00:00:00.01 . Memory (MB): peak = 9072.078 ; gain = 0.000 ; free physical = 67348 ; free virtual = 116855
INFO: [Project 1-570] Preparing netlist for logic optimization

Processing XDC Constraints
Initializing timing engine
Parsing XDC File [/home/binhkieudo/Workspace/XRPIX/serv/build/servant_1.2.1/src/servant_1.2.1/data/nexys_a7.xdc]
WARNING: [Vivado 12-584] No ports matched 'i_clk'. [/home/binhkieudo/Workspace/XRPIX/serv/build/servant_1.2.1/src/servant_1.2.1/data/nexys_a7.xdc:1]
CRITICAL WARNING: [Common 17-55] 'set_property' expects at least one object. [/home/binhkieudo/Workspace/XRPIX/serv/build/servant_1.2.1/src/servant_1.2.1/data/nexys_a7.xdc:1]
Resolution: If [get_<value>] was used to populate the object, check to make sure this command returns at least one valid object.
WARNING: [Vivado 12-584] No ports matched 'q'. [/home/binhkieudo/Workspace/XRPIX/serv/build/servant_1.2.1/src/servant_1.2.1/data/nexys_a7.xdc:2]
CRITICAL WARNING: [Common 17-55] 'set_property' expects at least one object. [/home/binhkieudo/Workspace/XRPIX/serv/build/servant_1.2.1/src/servant_1.2.1/data/nexys_a7.xdc:2]
Resolution: If [get_<value>] was used to populate the object, check to make sure this command returns at least one valid object.
WARNING: [Vivado 12-584] No ports matched 'i_clk'. [/home/binhkieudo/Workspace/XRPIX/serv/build/servant_1.2.1/src/servant_1.2.1/data/nexys_a7.xdc:4]
CRITICAL WARNING: [Vivado 12-4739] create_clock:No valid object(s) found for '-objects [get_ports i_clk]'. [/home/binhkieudo/Workspace/XRPIX/serv/build/servant_1.2.1/src/servant_1.2.1/data/nexys_a7.xdc:4]
Resolution: Check if the specified object(s) exists in the current design. If it does, ensure that the correct design hierarchy was specified for the object. If you are working with clocks, make sure create_clock was used to create the clock object before it is referenced.
Finished Parsing XDC File [/home/binhkieudo/Workspace/XRPIX/serv/build/servant_1.2.1/src/servant_1.2.1/data/nexys_a7.xdc]
Completed Processing XDC Constraints

Netlist sorting complete. Time (s): cpu = 00:00:00 ; elapsed = 00:00:00 . Memory (MB): peak = 9237.797 ; gain = 0.000 ; free physical = 67223 ; free virtual = 116719
INFO: [Project 1-111] Unisim Transformation Summary:
No Unisim elements were transformed.

RTL Elaboration Complete:  : Time (s): cpu = 00:00:20 ; elapsed = 00:00:10 . Memory (MB): peak = 9412.461 ; gain = 788.023 ; free physical = 67100 ; free virtual = 116602
32 Infos, 67 Warnings, 3 Critical Warnings and 0 Errors encountered.
synth_design completed successfully
synth_design: Time (s): cpu = 00:00:29 ; elapsed = 00:00:18 . Memory (MB): peak = 9412.461 ; gain = 1196.371 ; free physical = 67100 ; free virtual = 116602
close_design
update_compile_order -fileset sources_1
update_compile_order -fileset sources_1
update_compile_order -fileset sources_1
update_compile_order -fileset sources_1
update_compile_order -fileset sources_1
update_compile_order -fileset sources_1
reset_run synth_1
INFO: [Project 1-1161] Replacing file /home/binhkieudo/Workspace/XRPIX/serv/build/servant_1.2.1/nexys_a7-vivado/servant_1.2.1.srcs/utils_1/imports/synth_1/servix.dcp with file /home/binhkieudo/Workspace/XRPIX/serv/build/servant_1.2.1/nexys_a7-vivado/servant_1.2.1.runs/synth_1/serv_rf_top.dcp
launch_runs synth_1 -jobs 20
[Wed Jul 12 19:02:46 2023] Launched synth_1...
Run output will be captured here: /home/binhkieudo/Workspace/XRPIX/serv/build/servant_1.2.1/nexys_a7-vivado/servant_1.2.1.runs/synth_1/runme.log
synth_design -rtl -rtl_skip_mlo -name rtl_1
Command: synth_design -rtl -rtl_skip_mlo -name rtl_1
Starting synth_design
Using part: xc7vx485tffg1157-1
Top: serv_rf_top
INFO: [Synth 8-11241] undeclared symbol 'REGCCE', assumed default net type 'wire' [/tools/Xilinx/Vivado/2022.2/data/verilog/src/unimacro/BRAM_SINGLE_MACRO.v:2170]
---------------------------------------------------------------------------------
Starting RTL Elaboration : Time (s): cpu = 00:00:04 ; elapsed = 00:00:04 . Memory (MB): peak = 10055.406 ; gain = 0.000 ; free physical = 65977 ; free virtual = 115686
---------------------------------------------------------------------------------
INFO: [Synth 8-6157] synthesizing module 'serv_rf_top' [/home/binhkieudo/Workspace/XRPIX/serv/build/servant_1.2.1/src/serv_1.2.1/rtl/serv_rf_top.v:1]
INFO: [Synth 8-6157] synthesizing module 'serv_top' [/home/binhkieudo/Workspace/XRPIX/serv/build/servant_1.2.1/src/serv_1.2.1/rtl/serv_top.v:1]
	Parameter RESET_PC bound to: 0 - type: integer 
INFO: [Synth 8-6157] synthesizing module 'serv_state' [/home/binhkieudo/Workspace/XRPIX/serv/build/servant_1.2.1/src/serv_1.2.1/rtl/serv_state.v:1]
INFO: [Synth 8-6155] done synthesizing module 'serv_state' (0#1) [/home/binhkieudo/Workspace/XRPIX/serv/build/servant_1.2.1/src/serv_1.2.1/rtl/serv_state.v:1]
INFO: [Synth 8-6157] synthesizing module 'serv_decode' [/home/binhkieudo/Workspace/XRPIX/serv/build/servant_1.2.1/src/serv_1.2.1/rtl/serv_decode.v:2]
INFO: [Synth 8-6155] done synthesizing module 'serv_decode' (0#1) [/home/binhkieudo/Workspace/XRPIX/serv/build/servant_1.2.1/src/serv_1.2.1/rtl/serv_decode.v:2]
WARNING: [Synth 8-7071] port 'o_ext_funct3' of module 'serv_decode' is unconnected for instance 'decode' [/home/binhkieudo/Workspace/XRPIX/serv/build/servant_1.2.1/src/serv_1.2.1/rtl/serv_top.v:203]
WARNING: [Synth 8-7023] instance 'decode' of module 'serv_decode' has 47 connections declared, but only 46 given [/home/binhkieudo/Workspace/XRPIX/serv/build/servant_1.2.1/src/serv_1.2.1/rtl/serv_top.v:203]
INFO: [Synth 8-6157] synthesizing module 'serv_immdec' [/home/binhkieudo/Workspace/XRPIX/serv/build/servant_1.2.1/src/serv_1.2.1/rtl/serv_immdec.v:2]
INFO: [Synth 8-6155] done synthesizing module 'serv_immdec' (0#1) [/home/binhkieudo/Workspace/XRPIX/serv/build/servant_1.2.1/src/serv_1.2.1/rtl/serv_immdec.v:2]
INFO: [Synth 8-6157] synthesizing module 'serv_bufreg' [/home/binhkieudo/Workspace/XRPIX/serv/build/servant_1.2.1/src/serv_1.2.1/rtl/serv_bufreg.v:1]
INFO: [Synth 8-6155] done synthesizing module 'serv_bufreg' (0#1) [/home/binhkieudo/Workspace/XRPIX/serv/build/servant_1.2.1/src/serv_1.2.1/rtl/serv_bufreg.v:1]
INFO: [Synth 8-6157] synthesizing module 'serv_bufreg2' [/home/binhkieudo/Workspace/XRPIX/serv/build/servant_1.2.1/src/serv_1.2.1/rtl/serv_bufreg2.v:1]
INFO: [Synth 8-6155] done synthesizing module 'serv_bufreg2' (0#1) [/home/binhkieudo/Workspace/XRPIX/serv/build/servant_1.2.1/src/serv_1.2.1/rtl/serv_bufreg2.v:1]
INFO: [Synth 8-6157] synthesizing module 'serv_ctrl' [/home/binhkieudo/Workspace/XRPIX/serv/build/servant_1.2.1/src/serv_1.2.1/rtl/serv_ctrl.v:1]
	Parameter RESET_PC bound to: 0 - type: integer 
INFO: [Synth 8-6155] done synthesizing module 'serv_ctrl' (0#1) [/home/binhkieudo/Workspace/XRPIX/serv/build/servant_1.2.1/src/serv_1.2.1/rtl/serv_ctrl.v:1]
INFO: [Synth 8-6157] synthesizing module 'serv_alu' [/home/binhkieudo/Workspace/XRPIX/serv/build/servant_1.2.1/src/serv_1.2.1/rtl/serv_alu.v:1]
INFO: [Synth 8-6155] done synthesizing module 'serv_alu' (0#1) [/home/binhkieudo/Workspace/XRPIX/serv/build/servant_1.2.1/src/serv_1.2.1/rtl/serv_alu.v:1]
INFO: [Synth 8-6157] synthesizing module 'serv_rf_if' [/home/binhkieudo/Workspace/XRPIX/serv/build/servant_1.2.1/src/serv_1.2.1/rtl/serv_rf_if.v:1]
INFO: [Synth 8-6155] done synthesizing module 'serv_rf_if' (0#1) [/home/binhkieudo/Workspace/XRPIX/serv/build/servant_1.2.1/src/serv_1.2.1/rtl/serv_rf_if.v:1]
INFO: [Synth 8-6157] synthesizing module 'serv_mem_if' [/home/binhkieudo/Workspace/XRPIX/serv/build/servant_1.2.1/src/serv_1.2.1/rtl/serv_mem_if.v:1]
INFO: [Synth 8-6155] done synthesizing module 'serv_mem_if' (0#1) [/home/binhkieudo/Workspace/XRPIX/serv/build/servant_1.2.1/src/serv_1.2.1/rtl/serv_mem_if.v:1]
INFO: [Synth 8-6157] synthesizing module 'serv_csr' [/home/binhkieudo/Workspace/XRPIX/serv/build/servant_1.2.1/src/serv_1.2.1/rtl/serv_csr.v:2]
INFO: [Synth 8-6155] done synthesizing module 'serv_csr' (0#1) [/home/binhkieudo/Workspace/XRPIX/serv/build/servant_1.2.1/src/serv_1.2.1/rtl/serv_csr.v:2]
INFO: [Synth 8-6155] done synthesizing module 'serv_top' (0#1) [/home/binhkieudo/Workspace/XRPIX/serv/build/servant_1.2.1/src/serv_1.2.1/rtl/serv_top.v:1]
INFO: [Synth 8-6157] synthesizing module 'serv_rf_ram_if' [/home/binhkieudo/Workspace/XRPIX/serv/build/servant_1.2.1/src/serv_1.2.1/rtl/serv_rf_ram_if.v:1]
	Parameter width bound to: 8 - type: integer 
	Parameter csr_regs bound to: 4 - type: integer 
INFO: [Synth 8-6155] done synthesizing module 'serv_rf_ram_if' (0#1) [/home/binhkieudo/Workspace/XRPIX/serv/build/servant_1.2.1/src/serv_1.2.1/rtl/serv_rf_ram_if.v:1]
WARNING: [Synth 8-689] width (6) of port connection 'i_wreg0' does not match port width (5) of module 'serv_rf_ram_if' [/home/binhkieudo/Workspace/XRPIX/serv/build/servant_1.2.1/src/serv_1.2.1/rtl/serv_rf_top.v:94]
WARNING: [Synth 8-689] width (6) of port connection 'i_wreg1' does not match port width (5) of module 'serv_rf_ram_if' [/home/binhkieudo/Workspace/XRPIX/serv/build/servant_1.2.1/src/serv_1.2.1/rtl/serv_rf_top.v:95]
WARNING: [Synth 8-689] width (6) of port connection 'i_rreg0' does not match port width (5) of module 'serv_rf_ram_if' [/home/binhkieudo/Workspace/XRPIX/serv/build/servant_1.2.1/src/serv_1.2.1/rtl/serv_rf_top.v:100]
WARNING: [Synth 8-689] width (6) of port connection 'i_rreg1' does not match port width (5) of module 'serv_rf_ram_if' [/home/binhkieudo/Workspace/XRPIX/serv/build/servant_1.2.1/src/serv_1.2.1/rtl/serv_rf_top.v:101]
WARNING: [Synth 8-689] width (2) of port connection 'o_wdata' does not match port width (8) of module 'serv_rf_ram_if' [/home/binhkieudo/Workspace/XRPIX/serv/build/servant_1.2.1/src/serv_1.2.1/rtl/serv_rf_top.v:106]
INFO: [Synth 8-6157] synthesizing module 'serv_rf_ram' [/home/binhkieudo/Workspace/XRPIX/serv/build/servant_1.2.1/src/serv_1.2.1/rtl/serv_rf_ram.v:1]
	Parameter width bound to: 8 - type: integer 
	Parameter csr_regs bound to: 4 - type: integer 
INFO: [Synth 8-6155] done synthesizing module 'serv_rf_ram' (0#1) [/home/binhkieudo/Workspace/XRPIX/serv/build/servant_1.2.1/src/serv_1.2.1/rtl/serv_rf_ram.v:1]
WARNING: [Synth 8-689] width (2) of port connection 'o_rdata' does not match port width (8) of module 'serv_rf_ram' [/home/binhkieudo/Workspace/XRPIX/serv/build/servant_1.2.1/src/serv_1.2.1/rtl/serv_rf_top.v:123]
INFO: [Synth 8-6155] done synthesizing module 'serv_rf_top' (0#1) [/home/binhkieudo/Workspace/XRPIX/serv/build/servant_1.2.1/src/serv_1.2.1/rtl/serv_rf_top.v:1]
WARNING: [Synth 8-3301] Unused top level parameter/generic memfile
WARNING: [Synth 8-3301] Unused top level parameter/generic memsize
WARNING: [Synth 8-3301] Unused top level parameter/generic frequency
WARNING: [Synth 8-6014] Unused sequential element imm25_reg was removed.  [/home/binhkieudo/Workspace/XRPIX/serv/build/servant_1.2.1/src/serv_1.2.1/rtl/serv_decode.v:234]
WARNING: [Synth 8-3848] Net o_ext_funct3 in module/entity serv_decode does not have driver. [/home/binhkieudo/Workspace/XRPIX/serv/build/servant_1.2.1/src/serv_1.2.1/rtl/serv_decode.v:21]
WARNING: [Synth 8-3848] Net dbus_ack in module/entity serv_top does not have driver. [/home/binhkieudo/Workspace/XRPIX/serv/build/servant_1.2.1/src/serv_1.2.1/rtl/serv_top.v:95]
WARNING: [Synth 8-3848] Net dbus_rdt in module/entity serv_top does not have driver. [/home/binhkieudo/Workspace/XRPIX/serv/build/servant_1.2.1/src/serv_1.2.1/rtl/serv_top.v:94]
WARNING: [Synth 8-7129] Port i_ren in module serv_rf_ram is either unconnected or has no load
WARNING: [Synth 8-7129] Port o_ext_funct3[2] in module serv_decode is either unconnected or has no load
WARNING: [Synth 8-7129] Port o_ext_funct3[1] in module serv_decode is either unconnected or has no load
WARNING: [Synth 8-7129] Port o_ext_funct3[0] in module serv_decode is either unconnected or has no load
WARNING: [Synth 8-7129] Port i_wb_rdt[31] in module serv_decode is either unconnected or has no load
WARNING: [Synth 8-7129] Port i_wb_rdt[29] in module serv_decode is either unconnected or has no load
WARNING: [Synth 8-7129] Port i_wb_rdt[28] in module serv_decode is either unconnected or has no load
WARNING: [Synth 8-7129] Port i_wb_rdt[27] in module serv_decode is either unconnected or has no load
WARNING: [Synth 8-7129] Port i_wb_rdt[25] in module serv_decode is either unconnected or has no load
WARNING: [Synth 8-7129] Port i_wb_rdt[24] in module serv_decode is either unconnected or has no load
WARNING: [Synth 8-7129] Port i_wb_rdt[23] in module serv_decode is either unconnected or has no load
WARNING: [Synth 8-7129] Port i_wb_rdt[19] in module serv_decode is either unconnected or has no load
WARNING: [Synth 8-7129] Port i_wb_rdt[18] in module serv_decode is either unconnected or has no load
WARNING: [Synth 8-7129] Port i_wb_rdt[17] in module serv_decode is either unconnected or has no load
WARNING: [Synth 8-7129] Port i_wb_rdt[16] in module serv_decode is either unconnected or has no load
WARNING: [Synth 8-7129] Port i_wb_rdt[15] in module serv_decode is either unconnected or has no load
WARNING: [Synth 8-7129] Port i_wb_rdt[11] in module serv_decode is either unconnected or has no load
WARNING: [Synth 8-7129] Port i_wb_rdt[10] in module serv_decode is either unconnected or has no load
WARNING: [Synth 8-7129] Port i_wb_rdt[9] in module serv_decode is either unconnected or has no load
WARNING: [Synth 8-7129] Port i_wb_rdt[8] in module serv_decode is either unconnected or has no load
WARNING: [Synth 8-7129] Port i_wb_rdt[7] in module serv_decode is either unconnected or has no load
WARNING: [Synth 8-7129] Port i_ibus_rdt[1] in module serv_top is either unconnected or has no load
WARNING: [Synth 8-7129] Port i_ibus_rdt[0] in module serv_top is either unconnected or has no load
WARNING: [Synth 8-7129] Port i_dbus_rdt[31] in module serv_top is either unconnected or has no load
WARNING: [Synth 8-7129] Port i_dbus_rdt[30] in module serv_top is either unconnected or has no load
WARNING: [Synth 8-7129] Port i_dbus_rdt[29] in module serv_top is either unconnected or has no load
WARNING: [Synth 8-7129] Port i_dbus_rdt[28] in module serv_top is either unconnected or has no load
WARNING: [Synth 8-7129] Port i_dbus_rdt[27] in module serv_top is either unconnected or has no load
WARNING: [Synth 8-7129] Port i_dbus_rdt[26] in module serv_top is either unconnected or has no load
WARNING: [Synth 8-7129] Port i_dbus_rdt[25] in module serv_top is either unconnected or has no load
WARNING: [Synth 8-7129] Port i_dbus_rdt[24] in module serv_top is either unconnected or has no load
WARNING: [Synth 8-7129] Port i_dbus_rdt[23] in module serv_top is either unconnected or has no load
WARNING: [Synth 8-7129] Port i_dbus_rdt[22] in module serv_top is either unconnected or has no load
WARNING: [Synth 8-7129] Port i_dbus_rdt[21] in module serv_top is either unconnected or has no load
WARNING: [Synth 8-7129] Port i_dbus_rdt[20] in module serv_top is either unconnected or has no load
WARNING: [Synth 8-7129] Port i_dbus_rdt[19] in module serv_top is either unconnected or has no load
WARNING: [Synth 8-7129] Port i_dbus_rdt[18] in module serv_top is either unconnected or has no load
WARNING: [Synth 8-7129] Port i_dbus_rdt[17] in module serv_top is either unconnected or has no load
WARNING: [Synth 8-7129] Port i_dbus_rdt[16] in module serv_top is either unconnected or has no load
WARNING: [Synth 8-7129] Port i_dbus_rdt[15] in module serv_top is either unconnected or has no load
WARNING: [Synth 8-7129] Port i_dbus_rdt[14] in module serv_top is either unconnected or has no load
WARNING: [Synth 8-7129] Port i_dbus_rdt[13] in module serv_top is either unconnected or has no load
WARNING: [Synth 8-7129] Port i_dbus_rdt[12] in module serv_top is either unconnected or has no load
WARNING: [Synth 8-7129] Port i_dbus_rdt[11] in module serv_top is either unconnected or has no load
WARNING: [Synth 8-7129] Port i_dbus_rdt[10] in module serv_top is either unconnected or has no load
WARNING: [Synth 8-7129] Port i_dbus_rdt[9] in module serv_top is either unconnected or has no load
WARNING: [Synth 8-7129] Port i_dbus_rdt[8] in module serv_top is either unconnected or has no load
WARNING: [Synth 8-7129] Port i_dbus_rdt[7] in module serv_top is either unconnected or has no load
WARNING: [Synth 8-7129] Port i_dbus_rdt[6] in module serv_top is either unconnected or has no load
WARNING: [Synth 8-7129] Port i_dbus_rdt[5] in module serv_top is either unconnected or has no load
WARNING: [Synth 8-7129] Port i_dbus_rdt[4] in module serv_top is either unconnected or has no load
WARNING: [Synth 8-7129] Port i_dbus_rdt[3] in module serv_top is either unconnected or has no load
WARNING: [Synth 8-7129] Port i_dbus_rdt[2] in module serv_top is either unconnected or has no load
WARNING: [Synth 8-7129] Port i_dbus_rdt[1] in module serv_top is either unconnected or has no load
WARNING: [Synth 8-7129] Port i_dbus_rdt[0] in module serv_top is either unconnected or has no load
---------------------------------------------------------------------------------
Finished RTL Elaboration : Time (s): cpu = 00:00:05 ; elapsed = 00:00:05 . Memory (MB): peak = 10055.406 ; gain = 0.000 ; free physical = 66062 ; free virtual = 115772
---------------------------------------------------------------------------------
---------------------------------------------------------------------------------
Start Handling Custom Attributes
---------------------------------------------------------------------------------
---------------------------------------------------------------------------------
Finished Handling Custom Attributes : Time (s): cpu = 00:00:05 ; elapsed = 00:00:05 . Memory (MB): peak = 10055.406 ; gain = 0.000 ; free physical = 66062 ; free virtual = 115772
---------------------------------------------------------------------------------
---------------------------------------------------------------------------------
Finished RTL Optimization Phase 1 : Time (s): cpu = 00:00:05 ; elapsed = 00:00:05 . Memory (MB): peak = 10055.406 ; gain = 0.000 ; free physical = 66062 ; free virtual = 115772
---------------------------------------------------------------------------------
Netlist sorting complete. Time (s): cpu = 00:00:00.01 ; elapsed = 00:00:00.01 . Memory (MB): peak = 10055.406 ; gain = 0.000 ; free physical = 66061 ; free virtual = 115771
INFO: [Project 1-570] Preparing netlist for logic optimization

Processing XDC Constraints
Initializing timing engine
Parsing XDC File [/home/binhkieudo/Workspace/XRPIX/serv/build/servant_1.2.1/src/servant_1.2.1/data/nexys_a7.xdc]
WARNING: [Vivado 12-584] No ports matched 'i_clk'. [/home/binhkieudo/Workspace/XRPIX/serv/build/servant_1.2.1/src/servant_1.2.1/data/nexys_a7.xdc:1]
CRITICAL WARNING: [Common 17-55] 'set_property' expects at least one object. [/home/binhkieudo/Workspace/XRPIX/serv/build/servant_1.2.1/src/servant_1.2.1/data/nexys_a7.xdc:1]
Resolution: If [get_<value>] was used to populate the object, check to make sure this command returns at least one valid object.
WARNING: [Vivado 12-584] No ports matched 'q'. [/home/binhkieudo/Workspace/XRPIX/serv/build/servant_1.2.1/src/servant_1.2.1/data/nexys_a7.xdc:2]
CRITICAL WARNING: [Common 17-55] 'set_property' expects at least one object. [/home/binhkieudo/Workspace/XRPIX/serv/build/servant_1.2.1/src/servant_1.2.1/data/nexys_a7.xdc:2]
Resolution: If [get_<value>] was used to populate the object, check to make sure this command returns at least one valid object.
WARNING: [Vivado 12-584] No ports matched 'i_clk'. [/home/binhkieudo/Workspace/XRPIX/serv/build/servant_1.2.1/src/servant_1.2.1/data/nexys_a7.xdc:4]
CRITICAL WARNING: [Vivado 12-4739] create_clock:No valid object(s) found for '-objects [get_ports i_clk]'. [/home/binhkieudo/Workspace/XRPIX/serv/build/servant_1.2.1/src/servant_1.2.1/data/nexys_a7.xdc:4]
Resolution: Check if the specified object(s) exists in the current design. If it does, ensure that the correct design hierarchy was specified for the object. If you are working with clocks, make sure create_clock was used to create the clock object before it is referenced.
Finished Parsing XDC File [/home/binhkieudo/Workspace/XRPIX/serv/build/servant_1.2.1/src/servant_1.2.1/data/nexys_a7.xdc]
Completed Processing XDC Constraints

Netlist sorting complete. Time (s): cpu = 00:00:00 ; elapsed = 00:00:00 . Memory (MB): peak = 10119.438 ; gain = 0.000 ; free physical = 65994 ; free virtual = 115703
INFO: [Project 1-111] Unisim Transformation Summary:
No Unisim elements were transformed.

RTL Elaboration Complete:  : Time (s): cpu = 00:00:10 ; elapsed = 00:00:07 . Memory (MB): peak = 10138.453 ; gain = 83.047 ; free physical = 65881 ; free virtual = 115591
31 Infos, 73 Warnings, 3 Critical Warnings and 0 Errors encountered.
synth_design completed successfully
synth_design: Time (s): cpu = 00:00:10 ; elapsed = 00:00:07 . Memory (MB): peak = 10138.453 ; gain = 83.047 ; free physical = 65881 ; free virtual = 115591
exit
INFO: [Common 17-206] Exiting Vivado at Wed Jul 12 19:04:52 2023...
