#-----------------------------------------------------------
# Vivado v2022.2 (64-bit)
# SW Build 3671981 on Fri Oct 14 04:59:54 MDT 2022
# IP Build 3669848 on Fri Oct 14 08:30:02 MDT 2022
# Start of session at: Sat Aug  5 22:26:51 2023
# Process ID: 127337
# Current directory: /home/binhkieudo/Workspace/XRPIX/serv/build/servant_1.2.1/nexys_a7-vivado
# Command line: vivado servant_1.2.1.xpr
# Log file: /home/binhkieudo/Workspace/XRPIX/serv/build/servant_1.2.1/nexys_a7-vivado/vivado.log
# Journal file: /home/binhkieudo/Workspace/XRPIX/serv/build/servant_1.2.1/nexys_a7-vivado/vivado.jou
# Running On: binhkieudo-hotswap, OS: Linux, CPU Frequency: 1375.531 MHz, CPU Physical cores: 16, Host memory: 33036 MB
#-----------------------------------------------------------
start_gui
open_project servant_1.2.1.xpr
WARNING: [Board 49-26] cannot add Board Part xilinx.com:vek280_es:part0:1.0 available at /opt/Xilinx/Vivado/2022.2/data/xhub/boards/XilinxBoardStore/boards/Xilinx/vek280/es/1.0/board.xml as part xcve2802-vsvh1760-2lp-e-s-es1 specified in board_part file is either invalid or not available
WARNING: [Board 49-26] cannot add Board Part xilinx.com:vhk158_es:part0:1.0 available at /opt/Xilinx/Vivado/2022.2/data/xhub/boards/XilinxBoardStore/boards/Xilinx/vhk158/es/1.0/board.xml as part xcvh1582-vsva3697-2mp-e-s-es1 specified in board_part file is either invalid or not available
WARNING: [Board 49-26] cannot add Board Part xilinx.com:vpk120_es:part0:1.2 available at /opt/Xilinx/Vivado/2022.2/data/xhub/boards/XilinxBoardStore/boards/Xilinx/vpk120/es/1.2/board.xml as part xcvp1202-vsva2785-2mp-e-s-es1 specified in board_part file is either invalid or not available
WARNING: [Board 49-26] cannot add Board Part xilinx.com:vpk120_es_revb:part0:1.0 available at /opt/Xilinx/Vivado/2022.2/data/xhub/boards/XilinxBoardStore/boards/Xilinx/vpk120_revb/es/1.0/board.xml as part xcvp1202-vsva2785-2mp-e-s-es1 specified in board_part file is either invalid or not available
WARNING: [Board 49-26] cannot add Board Part xilinx.com:vpk180_es:part0:1.0 available at /opt/Xilinx/Vivado/2022.2/data/xhub/boards/XilinxBoardStore/boards/Xilinx/vpk180/es/1.0/board.xml as part xcvp1802-lsvc4072-2mp-e-s-es1 specified in board_part file is either invalid or not available
WARNING: [Board 49-26] cannot add Board Part xilinx.com:zcu208ld:part0:2.0 available at /opt/Xilinx/Vivado/2022.2/data/xhub/boards/XilinxBoardStore/boards/Xilinx/zcu208ld/production/2.0/board.xml as part xczu58dr-fsvg1517-2-i specified in board_part file is either invalid or not available
WARNING: [Board 49-26] cannot add Board Part xilinx.com:zcu216ld:part0:2.0 available at /opt/Xilinx/Vivado/2022.2/data/xhub/boards/XilinxBoardStore/boards/Xilinx/zcu216ld/production/2.0/board.xml as part xczu59dr-ffvf1760-2-i specified in board_part file is either invalid or not available
WARNING: [Board 49-26] cannot add Board Part xilinx.com:zcu670:part0:2.0 available at /opt/Xilinx/Vivado/2022.2/data/xhub/boards/XilinxBoardStore/boards/Xilinx/zcu670/2.0/board.xml as part xczu67dr-fsve1156-2-i specified in board_part file is either invalid or not available
WARNING: [Board 49-26] cannot add Board Part xilinx.com:zcu670ld:part0:1.0 available at /opt/Xilinx/Vivado/2022.2/data/xhub/boards/XilinxBoardStore/boards/Xilinx/zcu670ld/1.0/board.xml as part xczu57dr-fsve1156-2-i specified in board_part file is either invalid or not available
Scanning sources...
Finished scanning sources
INFO: [IP_Flow 19-234] Refreshing IP repositories
INFO: [IP_Flow 19-1704] No user IP repositories specified
INFO: [IP_Flow 19-2313] Loaded Vivado IP repository '/opt/Xilinx/Vivado/2022.2/data/ip'.
open_project: Time (s): cpu = 00:00:24 ; elapsed = 00:00:08 . Memory (MB): peak = 7403.625 ; gain = 333.492 ; free physical = 15894 ; free virtual = 87267
update_compile_order -fileset sources_1
open_hw_manager
connect_hw_server -allow_non_jtag
INFO: [Labtools 27-2285] Connecting to hw_server url TCP:localhost:3121
INFO: [Labtools 27-2222] Launching hw_server...
INFO: [Labtools 27-2221] Launch Output:

****** Xilinx hw_server v2022.2
  **** Build date : Oct 14 2022 at 05:10:28
    ** Copyright 1986-2022 Xilinx, Inc. All Rights Reserved.


INFO: [Labtools 27-3415] Connecting to cs_server url TCP:localhost:0
INFO: [Labtools 27-3417] Launching cs_server...
INFO: [Labtools 27-2221] Launch Output:


******** Xilinx cs_server v2022.2.0
  ****** Build date   : Oct 05 2022-08:25:37
    **** Build number : 2022.2.1664925937
      ** Copyright 2017-2023 Xilinx, Inc. All Rights Reserved.



open_hw_target
INFO: [Labtoolstcl 44-466] Opening hw_target localhost:3121/xilinx_tcf/Xilinx/00001db705be01
set_property PROGRAM.FILE {/home/binhkieudo/Workspace/XRPIX/serv/build/servant_1.2.1/nexys_a7-vivado/servant_1.2.1.runs/impl_1/top.bit} [get_hw_devices xc7vx485t_0]
set_property PROBES.FILE {/home/binhkieudo/Workspace/XRPIX/serv/build/servant_1.2.1/nexys_a7-vivado/servant_1.2.1.runs/impl_1/top.ltx} [get_hw_devices xc7vx485t_0]
set_property FULL_PROBES.FILE {/home/binhkieudo/Workspace/XRPIX/serv/build/servant_1.2.1/nexys_a7-vivado/servant_1.2.1.runs/impl_1/top.ltx} [get_hw_devices xc7vx485t_0]
current_hw_device [get_hw_devices xc7vx485t_0]
refresh_hw_device [lindex [get_hw_devices xc7vx485t_0] 0]
INFO: [Labtools 27-1435] Device xc7vx485t (JTAG device index = 0) is not programmed (DONE status = 0).
set_property PROBES.FILE {/home/binhkieudo/Workspace/XRPIX/serv/build/servant_1.2.1/nexys_a7-vivado/servant_1.2.1.runs/impl_1/top.ltx} [get_hw_devices xc7vx485t_0]
set_property FULL_PROBES.FILE {/home/binhkieudo/Workspace/XRPIX/serv/build/servant_1.2.1/nexys_a7-vivado/servant_1.2.1.runs/impl_1/top.ltx} [get_hw_devices xc7vx485t_0]
set_property PROGRAM.FILE {/home/binhkieudo/Workspace/XRPIX/serv/build/servant_1.2.1/nexys_a7-vivado/servant_1.2.1.runs/impl_1/top.bit} [get_hw_devices xc7vx485t_0]
program_hw_devices [get_hw_devices xc7vx485t_0]
INFO: [Labtools 27-3164] End of startup status: HIGH
program_hw_devices: Time (s): cpu = 00:00:59 ; elapsed = 00:00:57 . Memory (MB): peak = 9335.395 ; gain = 5.391 ; free physical = 13343 ; free virtual = 84983
refresh_hw_device [lindex [get_hw_devices xc7vx485t_0] 0]
INFO: [Labtools 27-2302] Device xc7vx485t (JTAG device index = 0) is programmed with a design that has 1 ILA core(s).
INFO: [Labtools 27-2302] Device xc7vx485t (JTAG device index = 0) is programmed with a design that has 1 VIO core(s).
display_hw_ila_data [ get_hw_ila_data hw_ila_data_1 -of_objects [get_hw_ilas -of_objects [get_hw_devices xc7vx485t_0] -filter {CELL_NAME=~"nolabel_line52/serv_dtm/debugger"}]]
run_hw_ila [get_hw_ilas -of_objects [get_hw_devices xc7vx485t_0] -filter {CELL_NAME=~"nolabel_line52/serv_dtm/debugger"}]
INFO: [Labtools 27-1964] The ILA core 'hw_ila_1' trigger was armed at 2023-Aug-06 01:34:52
wait_on_hw_ila [get_hw_ilas -of_objects [get_hw_devices xc7vx485t_0] -filter {CELL_NAME=~"nolabel_line52/serv_dtm/debugger"}]
display_hw_ila_data [upload_hw_ila_data [get_hw_ilas -of_objects [get_hw_devices xc7vx485t_0] -filter {CELL_NAME=~"nolabel_line52/serv_dtm/debugger"}]]
INFO: [Labtools 27-1966] The ILA core 'hw_ila_1' triggered at 2023-Aug-06 01:34:55
upload_hw_ila_data: Time (s): cpu = 00:00:02 ; elapsed = 00:00:27 . Memory (MB): peak = 9536.141 ; gain = 0.000 ; free physical = 5097 ; free virtual = 84883
INFO: [Labtools 27-3304] ILA Waveform data saved to file /home/binhkieudo/Workspace/XRPIX/serv/build/servant_1.2.1/nexys_a7-vivado/servant_1.2.1.hw/backup/hw_ila_data_1.ila. Use Tcl command 'read_hw_ila_data' or Vivado File->Import->Import ILA Data menu item to import the previously saved data.
display_hw_ila_data: Time (s): cpu = 00:00:06 ; elapsed = 00:00:05 . Memory (MB): peak = 9573.992 ; gain = 37.852 ; free physical = 5058 ; free virtual = 84872
set_property TRIGGER_COMPARE_VALUE eq1'bR [get_hw_probes nolabel_line52/serv_dtm/dbg_resume_req_1 -of_objects [get_hw_ilas -of_objects [get_hw_devices xc7vx485t_0] -filter {CELL_NAME=~"nolabel_line52/serv_dtm/debugger"}]]
run_hw_ila [get_hw_ilas -of_objects [get_hw_devices xc7vx485t_0] -filter {CELL_NAME=~"nolabel_line52/serv_dtm/debugger"}]
INFO: [Labtools 27-1964] The ILA core 'hw_ila_1' trigger was armed at 2023-Aug-06 01:57:54
wait_on_hw_ila [get_hw_ilas -of_objects [get_hw_devices xc7vx485t_0] -filter {CELL_NAME=~"nolabel_line52/serv_dtm/debugger"}]
display_hw_ila_data [upload_hw_ila_data [get_hw_ilas -of_objects [get_hw_devices xc7vx485t_0] -filter {CELL_NAME=~"nolabel_line52/serv_dtm/debugger"}]]
INFO: [Labtools 27-1966] The ILA core 'hw_ila_1' triggered at 2023-Aug-06 01:57:59
upload_hw_ila_data: Time (s): cpu = 00:00:02 ; elapsed = 00:00:26 . Memory (MB): peak = 9573.992 ; gain = 0.000 ; free physical = 3241 ; free virtual = 84874
INFO: [Labtools 27-3304] ILA Waveform data saved to file /home/binhkieudo/Workspace/XRPIX/serv/build/servant_1.2.1/nexys_a7-vivado/servant_1.2.1.hw/backup/hw_ila_data_1.ila. Use Tcl command 'read_hw_ila_data' or Vivado File->Import->Import ILA Data menu item to import the previously saved data.
display_hw_ila_data: Time (s): cpu = 00:00:06 ; elapsed = 00:00:05 . Memory (MB): peak = 9581.988 ; gain = 7.996 ; free physical = 3255 ; free virtual = 84891
run_hw_ila [get_hw_ilas -of_objects [get_hw_devices xc7vx485t_0] -filter {CELL_NAME=~"nolabel_line52/serv_dtm/debugger"}]
INFO: [Labtools 27-1964] The ILA core 'hw_ila_1' trigger was armed at 2023-Aug-06 01:58:46
save_wave_config {/home/binhkieudo/Workspace/XRPIX/serv/build/servant_1.2.1/nexys_a7-vivado/servant_1.2.1.hw/hw_1/wave/hw_ila_data_1/hw_ila_data_1.wcfg}
close_hw_manager
reset_run synth_1
INFO: [Project 1-1161] Replacing file /home/binhkieudo/Workspace/XRPIX/serv/build/servant_1.2.1/nexys_a7-vivado/servant_1.2.1.srcs/utils_1/imports/synth_1/servix.dcp with file /home/binhkieudo/Workspace/XRPIX/serv/build/servant_1.2.1/nexys_a7-vivado/servant_1.2.1.runs/synth_1/top.dcp
launch_runs impl_1 -to_step write_bitstream -jobs 16
[Sun Aug  6 02:04:08 2023] Launched synth_1...
Run output will be captured here: /home/binhkieudo/Workspace/XRPIX/serv/build/servant_1.2.1/nexys_a7-vivado/servant_1.2.1.runs/synth_1/runme.log
[Sun Aug  6 02:04:08 2023] Launched impl_1...
Run output will be captured here: /home/binhkieudo/Workspace/XRPIX/serv/build/servant_1.2.1/nexys_a7-vivado/servant_1.2.1.runs/impl_1/runme.log
open_hw_manager
connect_hw_server -allow_non_jtag
INFO: [Labtools 27-2285] Connecting to hw_server url TCP:localhost:3121
INFO: [Labtools 27-2222] Launching hw_server...
INFO: [Labtools 27-2221] Launch Output:

****** Xilinx hw_server v2022.2
  **** Build date : Oct 14 2022 at 05:10:28
    ** Copyright 1986-2022 Xilinx, Inc. All Rights Reserved.


INFO: [Labtools 27-3415] Connecting to cs_server url TCP:localhost:0
INFO: [Labtools 27-3417] Launching cs_server...
INFO: [Labtools 27-2221] Launch Output:


******** Xilinx cs_server v2022.2.0
  ****** Build date   : Oct 05 2022-08:25:37
    **** Build number : 2022.2.1664925937
      ** Copyright 2017-2023 Xilinx, Inc. All Rights Reserved.



open_hw_target
INFO: [Labtoolstcl 44-466] Opening hw_target localhost:3121/xilinx_tcf/Xilinx/00001db705be01
set_property PROGRAM.FILE {/home/binhkieudo/Workspace/XRPIX/serv/build/servant_1.2.1/nexys_a7-vivado/servant_1.2.1.runs/impl_1/top.bit} [get_hw_devices xc7vx485t_0]
set_property PROBES.FILE {/home/binhkieudo/Workspace/XRPIX/serv/build/servant_1.2.1/nexys_a7-vivado/servant_1.2.1.runs/impl_1/top.ltx} [get_hw_devices xc7vx485t_0]
set_property FULL_PROBES.FILE {/home/binhkieudo/Workspace/XRPIX/serv/build/servant_1.2.1/nexys_a7-vivado/servant_1.2.1.runs/impl_1/top.ltx} [get_hw_devices xc7vx485t_0]
current_hw_device [get_hw_devices xc7vx485t_0]
refresh_hw_device [lindex [get_hw_devices xc7vx485t_0] 0]
INFO: [Labtools 27-2302] Device xc7vx485t (JTAG device index = 0) is programmed with a design that has 1 ILA core(s).
INFO: [Labtools 27-2302] Device xc7vx485t (JTAG device index = 0) is programmed with a design that has 1 VIO core(s).
display_hw_ila_data [ get_hw_ila_data hw_ila_data_1 -of_objects [get_hw_ilas -of_objects [get_hw_devices xc7vx485t_0] -filter {CELL_NAME=~"nolabel_line52/serv_dtm/debugger"}]]
set_property PROBES.FILE {/home/binhkieudo/Workspace/XRPIX/serv/build/servant_1.2.1/nexys_a7-vivado/servant_1.2.1.runs/impl_1/top.ltx} [get_hw_devices xc7vx485t_0]
set_property FULL_PROBES.FILE {/home/binhkieudo/Workspace/XRPIX/serv/build/servant_1.2.1/nexys_a7-vivado/servant_1.2.1.runs/impl_1/top.ltx} [get_hw_devices xc7vx485t_0]
set_property PROGRAM.FILE {/home/binhkieudo/Workspace/XRPIX/serv/build/servant_1.2.1/nexys_a7-vivado/servant_1.2.1.runs/impl_1/top.bit} [get_hw_devices xc7vx485t_0]
program_hw_devices [get_hw_devices xc7vx485t_0]
INFO: [Labtools 27-3164] End of startup status: HIGH
program_hw_devices: Time (s): cpu = 00:00:58 ; elapsed = 00:00:57 . Memory (MB): peak = 9635.012 ; gain = 0.000 ; free physical = 5294 ; free virtual = 85059
refresh_hw_device [lindex [get_hw_devices xc7vx485t_0] 0]
INFO: [Labtools 27-2302] Device xc7vx485t (JTAG device index = 0) is programmed with a design that has 1 ILA core(s).
INFO: [Labtools 27-2302] Device xc7vx485t (JTAG device index = 0) is programmed with a design that has 1 VIO core(s).
run_hw_ila [get_hw_ilas -of_objects [get_hw_devices xc7vx485t_0] -filter {CELL_NAME=~"nolabel_line52/serv_dtm/debugger"}]
INFO: [Labtools 27-1964] The ILA core 'hw_ila_1' trigger was armed at 2023-Aug-06 02:25:59
wait_on_hw_ila [get_hw_ilas -of_objects [get_hw_devices xc7vx485t_0] -filter {CELL_NAME=~"nolabel_line52/serv_dtm/debugger"}]
display_hw_ila_data [upload_hw_ila_data [get_hw_ilas -of_objects [get_hw_devices xc7vx485t_0] -filter {CELL_NAME=~"nolabel_line52/serv_dtm/debugger"}]]
INFO: [Labtools 27-1966] The ILA core 'hw_ila_1' triggered at 2023-Aug-06 02:26:01
upload_hw_ila_data: Time (s): cpu = 00:00:02 ; elapsed = 00:00:27 . Memory (MB): peak = 9635.012 ; gain = 0.000 ; free physical = 5144 ; free virtual = 85045
INFO: [Labtools 27-3304] ILA Waveform data saved to file /home/binhkieudo/Workspace/XRPIX/serv/build/servant_1.2.1/nexys_a7-vivado/servant_1.2.1.hw/backup/hw_ila_data_1.ila. Use Tcl command 'read_hw_ila_data' or Vivado File->Import->Import ILA Data menu item to import the previously saved data.
display_hw_ila_data: Time (s): cpu = 00:00:06 ; elapsed = 00:00:05 . Memory (MB): peak = 9637.996 ; gain = 2.984 ; free physical = 5209 ; free virtual = 85107
run_hw_ila [get_hw_ilas -of_objects [get_hw_devices xc7vx485t_0] -filter {CELL_NAME=~"nolabel_line52/serv_dtm/debugger"}]
INFO: [Labtools 27-1964] The ILA core 'hw_ila_1' trigger was armed at 2023-Aug-06 02:27:29
wait_on_hw_ila [get_hw_ilas -of_objects [get_hw_devices xc7vx485t_0] -filter {CELL_NAME=~"nolabel_line52/serv_dtm/debugger"}]
display_hw_ila_data [upload_hw_ila_data [get_hw_ilas -of_objects [get_hw_devices xc7vx485t_0] -filter {CELL_NAME=~"nolabel_line52/serv_dtm/debugger"}]]
INFO: [Labtools 27-1966] The ILA core 'hw_ila_1' triggered at 2023-Aug-06 02:27:31
upload_hw_ila_data: Time (s): cpu = 00:00:01 ; elapsed = 00:00:26 . Memory (MB): peak = 9637.996 ; gain = 0.000 ; free physical = 5229 ; free virtual = 85196
INFO: [Labtools 27-3304] ILA Waveform data saved to file /home/binhkieudo/Workspace/XRPIX/serv/build/servant_1.2.1/nexys_a7-vivado/servant_1.2.1.hw/backup/hw_ila_data_1.ila. Use Tcl command 'read_hw_ila_data' or Vivado File->Import->Import ILA Data menu item to import the previously saved data.
display_hw_ila_data: Time (s): cpu = 00:00:06 ; elapsed = 00:00:05 . Memory (MB): peak = 9665.148 ; gain = 27.152 ; free physical = 5204 ; free virtual = 85181
run_hw_ila [get_hw_ilas -of_objects [get_hw_devices xc7vx485t_0] -filter {CELL_NAME=~"nolabel_line52/serv_dtm/debugger"}]
INFO: [Labtools 27-1964] The ILA core 'hw_ila_1' trigger was armed at 2023-Aug-06 02:28:19
wait_on_hw_ila [get_hw_ilas -of_objects [get_hw_devices xc7vx485t_0] -filter {CELL_NAME=~"nolabel_line52/serv_dtm/debugger"}]
display_hw_ila_data [upload_hw_ila_data [get_hw_ilas -of_objects [get_hw_devices xc7vx485t_0] -filter {CELL_NAME=~"nolabel_line52/serv_dtm/debugger"}]]
INFO: [Labtools 27-1966] The ILA core 'hw_ila_1' triggered at 2023-Aug-06 02:28:21
upload_hw_ila_data: Time (s): cpu = 00:00:01 ; elapsed = 00:00:26 . Memory (MB): peak = 9665.148 ; gain = 0.000 ; free physical = 5142 ; free virtual = 85198
INFO: [Labtools 27-3304] ILA Waveform data saved to file /home/binhkieudo/Workspace/XRPIX/serv/build/servant_1.2.1/nexys_a7-vivado/servant_1.2.1.hw/backup/hw_ila_data_1.ila. Use Tcl command 'read_hw_ila_data' or Vivado File->Import->Import ILA Data menu item to import the previously saved data.
display_hw_ila_data: Time (s): cpu = 00:00:06 ; elapsed = 00:00:06 . Memory (MB): peak = 9674.152 ; gain = 9.004 ; free physical = 5141 ; free virtual = 85206
run_hw_ila [get_hw_ilas -of_objects [get_hw_devices xc7vx485t_0] -filter {CELL_NAME=~"nolabel_line52/serv_dtm/debugger"}]
INFO: [Labtools 27-1964] The ILA core 'hw_ila_1' trigger was armed at 2023-Aug-06 02:28:58
wait_on_hw_ila [get_hw_ilas -of_objects [get_hw_devices xc7vx485t_0] -filter {CELL_NAME=~"nolabel_line52/serv_dtm/debugger"}]
display_hw_ila_data [upload_hw_ila_data [get_hw_ilas -of_objects [get_hw_devices xc7vx485t_0] -filter {CELL_NAME=~"nolabel_line52/serv_dtm/debugger"}]]
INFO: [Labtools 27-1966] The ILA core 'hw_ila_1' triggered at 2023-Aug-06 02:29:01
upload_hw_ila_data: Time (s): cpu = 00:00:01 ; elapsed = 00:00:26 . Memory (MB): peak = 9674.152 ; gain = 0.000 ; free physical = 5065 ; free virtual = 85196
INFO: [Labtools 27-3304] ILA Waveform data saved to file /home/binhkieudo/Workspace/XRPIX/serv/build/servant_1.2.1/nexys_a7-vivado/servant_1.2.1.hw/backup/hw_ila_data_1.ila. Use Tcl command 'read_hw_ila_data' or Vivado File->Import->Import ILA Data menu item to import the previously saved data.
display_hw_ila_data: Time (s): cpu = 00:00:06 ; elapsed = 00:00:06 . Memory (MB): peak = 9675.156 ; gain = 1.004 ; free physical = 5061 ; free virtual = 85202
run_hw_ila [get_hw_ilas -of_objects [get_hw_devices xc7vx485t_0] -filter {CELL_NAME=~"nolabel_line52/serv_dtm/debugger"}]
INFO: [Labtools 27-1964] The ILA core 'hw_ila_1' trigger was armed at 2023-Aug-06 02:29:34
wait_on_hw_ila [get_hw_ilas -of_objects [get_hw_devices xc7vx485t_0] -filter {CELL_NAME=~"nolabel_line52/serv_dtm/debugger"}]
display_hw_ila_data [upload_hw_ila_data [get_hw_ilas -of_objects [get_hw_devices xc7vx485t_0] -filter {CELL_NAME=~"nolabel_line52/serv_dtm/debugger"}]]
INFO: [Labtools 27-1966] The ILA core 'hw_ila_1' triggered at 2023-Aug-06 02:29:36
upload_hw_ila_data: Time (s): cpu = 00:00:02 ; elapsed = 00:00:26 . Memory (MB): peak = 9675.156 ; gain = 0.000 ; free physical = 4644 ; free virtual = 84914
INFO: [Labtools 27-3304] ILA Waveform data saved to file /home/binhkieudo/Workspace/XRPIX/serv/build/servant_1.2.1/nexys_a7-vivado/servant_1.2.1.hw/backup/hw_ila_data_1.ila. Use Tcl command 'read_hw_ila_data' or Vivado File->Import->Import ILA Data menu item to import the previously saved data.
display_hw_ila_data: Time (s): cpu = 00:00:06 ; elapsed = 00:00:05 . Memory (MB): peak = 9679.156 ; gain = 4.000 ; free physical = 4648 ; free virtual = 84926
run_hw_ila [get_hw_ilas -of_objects [get_hw_devices xc7vx485t_0] -filter {CELL_NAME=~"nolabel_line52/serv_dtm/debugger"}]
INFO: [Labtools 27-1964] The ILA core 'hw_ila_1' trigger was armed at 2023-Aug-06 02:30:09
wait_on_hw_ila [get_hw_ilas -of_objects [get_hw_devices xc7vx485t_0] -filter {CELL_NAME=~"nolabel_line52/serv_dtm/debugger"}]
display_hw_ila_data [upload_hw_ila_data [get_hw_ilas -of_objects [get_hw_devices xc7vx485t_0] -filter {CELL_NAME=~"nolabel_line52/serv_dtm/debugger"}]]
INFO: [Labtools 27-1966] The ILA core 'hw_ila_1' triggered at 2023-Aug-06 02:37:53
upload_hw_ila_data: Time (s): cpu = 00:00:01 ; elapsed = 00:00:27 . Memory (MB): peak = 9679.156 ; gain = 0.000 ; free physical = 5057 ; free virtual = 85834
INFO: [Labtools 27-3304] ILA Waveform data saved to file /home/binhkieudo/Workspace/XRPIX/serv/build/servant_1.2.1/nexys_a7-vivado/servant_1.2.1.hw/backup/hw_ila_data_1.ila. Use Tcl command 'read_hw_ila_data' or Vivado File->Import->Import ILA Data menu item to import the previously saved data.
display_hw_ila_data: Time (s): cpu = 00:00:05 ; elapsed = 00:00:05 . Memory (MB): peak = 9679.156 ; gain = 0.000 ; free physical = 5054 ; free virtual = 85830
run_hw_ila [get_hw_ilas -of_objects [get_hw_devices xc7vx485t_0] -filter {CELL_NAME=~"nolabel_line52/serv_dtm/debugger"}]
INFO: [Labtools 27-1964] The ILA core 'hw_ila_1' trigger was armed at 2023-Aug-06 02:38:27
set_property TRIGGER_COMPARE_VALUE eq1'bF [get_hw_probes nolabel_line52/serv_dtm/dbg_resume_req_1 -of_objects [get_hw_ilas -of_objects [get_hw_devices xc7vx485t_0] -filter {CELL_NAME=~"nolabel_line52/serv_dtm/debugger"}]]
wait_on_hw_ila [get_hw_ilas -of_objects [get_hw_devices xc7vx485t_0] -filter {CELL_NAME=~"nolabel_line52/serv_dtm/debugger"}]
display_hw_ila_data [upload_hw_ila_data [get_hw_ilas -of_objects [get_hw_devices xc7vx485t_0] -filter {CELL_NAME=~"nolabel_line52/serv_dtm/debugger"}]]
INFO: [Labtools 27-1966] The ILA core 'hw_ila_1' triggered at 2023-Aug-06 02:42:43
upload_hw_ila_data: Time (s): cpu = 00:00:04 ; elapsed = 00:00:27 . Memory (MB): peak = 9679.156 ; gain = 0.000 ; free physical = 4934 ; free virtual = 85752
INFO: [Labtools 27-3304] ILA Waveform data saved to file /home/binhkieudo/Workspace/XRPIX/serv/build/servant_1.2.1/nexys_a7-vivado/servant_1.2.1.hw/backup/hw_ila_data_1.ila. Use Tcl command 'read_hw_ila_data' or Vivado File->Import->Import ILA Data menu item to import the previously saved data.
display_hw_ila_data: Time (s): cpu = 00:00:06 ; elapsed = 00:00:05 . Memory (MB): peak = 9707.180 ; gain = 28.023 ; free physical = 4925 ; free virtual = 85748
run_hw_ila [get_hw_ilas -of_objects [get_hw_devices xc7vx485t_0] -filter {CELL_NAME=~"nolabel_line52/serv_dtm/debugger"}]
INFO: [Labtools 27-1964] The ILA core 'hw_ila_1' trigger was armed at 2023-Aug-06 02:43:16
wait_on_hw_ila -timeout 0 [get_hw_ilas -of_objects [get_hw_devices xc7vx485t_0] -filter {CELL_NAME=~"nolabel_line52/serv_dtm/debugger"}]
upload_hw_ila_data [get_hw_ilas -of_objects [get_hw_devices xc7vx485t_0] -filter {CELL_NAME=~"nolabel_line52/serv_dtm/debugger"}]
INFO: [Labtools 27-1965] The ILA core 'hw_ila_1' trigger was stopped by user at 2023-Aug-06 02:43:41
WARNING: [Labtools 27-157] hw_ila [hw_ila_1] stopped. No data to upload.
run_hw_ila [get_hw_ilas -of_objects [get_hw_devices xc7vx485t_0] -filter {CELL_NAME=~"nolabel_line52/serv_dtm/debugger"}]
INFO: [Labtools 27-1964] The ILA core 'hw_ila_1' trigger was armed at 2023-Aug-06 02:43:44
wait_on_hw_ila [get_hw_ilas -of_objects [get_hw_devices xc7vx485t_0] -filter {CELL_NAME=~"nolabel_line52/serv_dtm/debugger"}]
display_hw_ila_data [upload_hw_ila_data [get_hw_ilas -of_objects [get_hw_devices xc7vx485t_0] -filter {CELL_NAME=~"nolabel_line52/serv_dtm/debugger"}]]
INFO: [Labtools 27-1966] The ILA core 'hw_ila_1' triggered at 2023-Aug-06 02:43:48
upload_hw_ila_data: Time (s): cpu = 00:00:02 ; elapsed = 00:00:27 . Memory (MB): peak = 9707.180 ; gain = 0.000 ; free physical = 4912 ; free virtual = 85734
INFO: [Labtools 27-3304] ILA Waveform data saved to file /home/binhkieudo/Workspace/XRPIX/serv/build/servant_1.2.1/nexys_a7-vivado/servant_1.2.1.hw/backup/hw_ila_data_1.ila. Use Tcl command 'read_hw_ila_data' or Vivado File->Import->Import ILA Data menu item to import the previously saved data.
display_hw_ila_data: Time (s): cpu = 00:00:06 ; elapsed = 00:00:05 . Memory (MB): peak = 9707.180 ; gain = 0.000 ; free physical = 4915 ; free virtual = 85735
run_hw_ila [get_hw_ilas -of_objects [get_hw_devices xc7vx485t_0] -filter {CELL_NAME=~"nolabel_line52/serv_dtm/debugger"}]
INFO: [Labtools 27-1964] The ILA core 'hw_ila_1' trigger was armed at 2023-Aug-06 02:44:21
save_wave_config {/home/binhkieudo/Workspace/XRPIX/serv/build/servant_1.2.1/nexys_a7-vivado/servant_1.2.1.hw/hw_1/wave/hw_ila_data_1/hw_ila_data_1.wcfg}
close_hw_manager
exit
INFO: [Common 17-206] Exiting Vivado at Sun Aug  6 02:54:06 2023...
