#-----------------------------------------------------------
# Vivado v2022.2 (64-bit)
# SW Build 3671981 on Fri Oct 14 04:59:54 MDT 2022
# IP Build 3669848 on Fri Oct 14 08:30:02 MDT 2022
# Start of session at: Wed Aug  9 11:32:32 2023
# Process ID: 1181148
# Current directory: /home/binhkieudo/Workspace/XRPIX/serv/build/servant_1.2.1/nexys_a7-vivado
# Command line: vivado servant_1.2.1.xpr
# Log file: /home/binhkieudo/Workspace/XRPIX/serv/build/servant_1.2.1/nexys_a7-vivado/vivado.log
# Journal file: /home/binhkieudo/Workspace/XRPIX/serv/build/servant_1.2.1/nexys_a7-vivado/vivado.jou
# Running On: binhkieudo, OS: Linux, CPU Frequency: 3300.000 MHz, CPU Physical cores: 10, Host memory: 134739 MB
#-----------------------------------------------------------
start_gui
open_project servant_1.2.1.xpr
WARNING: [Board 49-26] cannot add Board Part xilinx.com:vek280_es:part0:1.0 available at /tools/Xilinx/Vivado/2022.2/data/xhub/boards/XilinxBoardStore/boards/Xilinx/vek280/es/1.0/board.xml as part xcve2802-vsvh1760-2lp-e-s-es1 specified in board_part file is either invalid or not available
WARNING: [Board 49-26] cannot add Board Part xilinx.com:vhk158_es:part0:1.0 available at /tools/Xilinx/Vivado/2022.2/data/xhub/boards/XilinxBoardStore/boards/Xilinx/vhk158/es/1.0/board.xml as part xcvh1582-vsva3697-2mp-e-s-es1 specified in board_part file is either invalid or not available
WARNING: [Board 49-26] cannot add Board Part xilinx.com:vpk120_es:part0:1.2 available at /tools/Xilinx/Vivado/2022.2/data/xhub/boards/XilinxBoardStore/boards/Xilinx/vpk120/es/1.2/board.xml as part xcvp1202-vsva2785-2mp-e-s-es1 specified in board_part file is either invalid or not available
WARNING: [Board 49-26] cannot add Board Part xilinx.com:vpk120_es_revb:part0:1.0 available at /tools/Xilinx/Vivado/2022.2/data/xhub/boards/XilinxBoardStore/boards/Xilinx/vpk120_revb/es/1.0/board.xml as part xcvp1202-vsva2785-2mp-e-s-es1 specified in board_part file is either invalid or not available
WARNING: [Board 49-26] cannot add Board Part xilinx.com:vpk180_es:part0:1.0 available at /tools/Xilinx/Vivado/2022.2/data/xhub/boards/XilinxBoardStore/boards/Xilinx/vpk180/es/1.0/board.xml as part xcvp1802-lsvc4072-2mp-e-s-es1 specified in board_part file is either invalid or not available
WARNING: [Board 49-26] cannot add Board Part xilinx.com:zcu208ld:part0:2.0 available at /tools/Xilinx/Vivado/2022.2/data/xhub/boards/XilinxBoardStore/boards/Xilinx/zcu208ld/production/2.0/board.xml as part xczu58dr-fsvg1517-2-i specified in board_part file is either invalid or not available
WARNING: [Board 49-26] cannot add Board Part xilinx.com:zcu216ld:part0:2.0 available at /tools/Xilinx/Vivado/2022.2/data/xhub/boards/XilinxBoardStore/boards/Xilinx/zcu216ld/production/2.0/board.xml as part xczu59dr-ffvf1760-2-i specified in board_part file is either invalid or not available
WARNING: [Board 49-26] cannot add Board Part xilinx.com:zcu670:part0:2.0 available at /tools/Xilinx/Vivado/2022.2/data/xhub/boards/XilinxBoardStore/boards/Xilinx/zcu670/2.0/board.xml as part xczu67dr-fsve1156-2-i specified in board_part file is either invalid or not available
WARNING: [Board 49-26] cannot add Board Part xilinx.com:zcu670ld:part0:1.0 available at /tools/Xilinx/Vivado/2022.2/data/xhub/boards/XilinxBoardStore/boards/Xilinx/zcu670ld/1.0/board.xml as part xczu57dr-fsve1156-2-i specified in board_part file is either invalid or not available
Scanning sources...
Finished scanning sources
INFO: [IP_Flow 19-234] Refreshing IP repositories
INFO: [IP_Flow 19-1704] No user IP repositories specified
INFO: [IP_Flow 19-2313] Loaded Vivado IP repository '/tools/Xilinx/Vivado/2022.2/data/ip'.
open_project: Time (s): cpu = 00:00:22 ; elapsed = 00:00:07 . Memory (MB): peak = 7398.031 ; gain = 312.422 ; free physical = 103598 ; free virtual = 120236
update_compile_order -fileset sources_1
reset_run synth_1
INFO: [Project 1-1161] Replacing file /home/binhkieudo/Workspace/XRPIX/serv/build/servant_1.2.1/nexys_a7-vivado/servant_1.2.1.srcs/utils_1/imports/synth_1/servix.dcp with file /home/binhkieudo/Workspace/XRPIX/serv/build/servant_1.2.1/nexys_a7-vivado/servant_1.2.1.runs/synth_1/top.dcp
launch_runs impl_1 -to_step write_bitstream -jobs 20
[Wed Aug  9 11:36:08 2023] Launched synth_1...
Run output will be captured here: /home/binhkieudo/Workspace/XRPIX/serv/build/servant_1.2.1/nexys_a7-vivado/servant_1.2.1.runs/synth_1/runme.log
[Wed Aug  9 11:36:08 2023] Launched impl_1...
Run output will be captured here: /home/binhkieudo/Workspace/XRPIX/serv/build/servant_1.2.1/nexys_a7-vivado/servant_1.2.1.runs/impl_1/runme.log
open_hw_manager
connect_hw_server -allow_non_jtag
INFO: [Labtools 27-2285] Connecting to hw_server url TCP:localhost:3121
INFO: [Labtools 27-2222] Launching hw_server...
INFO: [Labtools 27-2221] Launch Output:

****** Xilinx hw_server v2022.2
  **** Build date : Oct 14 2022 at 05:10:28
    ** Copyright 1986-2022 Xilinx, Inc. All Rights Reserved.


INFO: [Labtools 27-3415] Connecting to cs_server url TCP:localhost:0
INFO: [Labtools 27-3417] Launching cs_server...
INFO: [Labtools 27-2221] Launch Output:


******** Xilinx cs_server v2022.2.0
  ****** Build date   : Oct 05 2022-08:25:37
    **** Build number : 2022.2.1664925937
      ** Copyright 2017-2023 Xilinx, Inc. All Rights Reserved.



connect_hw_server: Time (s): cpu = 00:00:03 ; elapsed = 00:00:11 . Memory (MB): peak = 7527.594 ; gain = 0.105 ; free physical = 101500 ; free virtual = 119215
open_hw_target
INFO: [Labtoolstcl 44-466] Opening hw_target localhost:3121/xilinx_tcf/Xilinx/00001db705be01
set_property PROGRAM.FILE {/home/binhkieudo/Workspace/XRPIX/serv/build/servant_1.2.1/nexys_a7-vivado/servant_1.2.1.runs/impl_1/top.bit} [get_hw_devices xc7vx485t_0]
set_property PROBES.FILE {/home/binhkieudo/Workspace/XRPIX/serv/build/servant_1.2.1/nexys_a7-vivado/servant_1.2.1.runs/impl_1/top.ltx} [get_hw_devices xc7vx485t_0]
set_property FULL_PROBES.FILE {/home/binhkieudo/Workspace/XRPIX/serv/build/servant_1.2.1/nexys_a7-vivado/servant_1.2.1.runs/impl_1/top.ltx} [get_hw_devices xc7vx485t_0]
current_hw_device [get_hw_devices xc7vx485t_0]
refresh_hw_device [lindex [get_hw_devices xc7vx485t_0] 0]
INFO: [Labtools 27-1435] Device xc7vx485t (JTAG device index = 0) is not programmed (DONE status = 0).
set_property PROBES.FILE {/home/binhkieudo/Workspace/XRPIX/serv/build/servant_1.2.1/nexys_a7-vivado/servant_1.2.1.runs/impl_1/top.ltx} [get_hw_devices xc7vx485t_0]
set_property FULL_PROBES.FILE {/home/binhkieudo/Workspace/XRPIX/serv/build/servant_1.2.1/nexys_a7-vivado/servant_1.2.1.runs/impl_1/top.ltx} [get_hw_devices xc7vx485t_0]
set_property PROGRAM.FILE {/home/binhkieudo/Workspace/XRPIX/serv/build/servant_1.2.1/nexys_a7-vivado/servant_1.2.1.runs/impl_1/top.bit} [get_hw_devices xc7vx485t_0]
program_hw_devices [get_hw_devices xc7vx485t_0]
INFO: [Labtools 27-3164] End of startup status: HIGH
program_hw_devices: Time (s): cpu = 00:00:59 ; elapsed = 00:00:57 . Memory (MB): peak = 9409.617 ; gain = 15.000 ; free physical = 99570 ; free virtual = 117289
refresh_hw_device [lindex [get_hw_devices xc7vx485t_0] 0]
INFO: [Labtools 27-2302] Device xc7vx485t (JTAG device index = 0) is programmed with a design that has 1 ILA core(s).
INFO: [Labtools 27-2302] Device xc7vx485t (JTAG device index = 0) is programmed with a design that has 1 VIO core(s).
display_hw_ila_data [ get_hw_ila_data hw_ila_data_1 -of_objects [get_hw_ilas -of_objects [get_hw_devices xc7vx485t_0] -filter {CELL_NAME=~"nolabel_line52/serv_dtm/debugger"}]]
run_hw_ila [get_hw_ilas -of_objects [get_hw_devices xc7vx485t_0] -filter {CELL_NAME=~"nolabel_line52/serv_dtm/debugger"}]
INFO: [Labtools 27-1964] The ILA core 'hw_ila_1' trigger was armed at 2023-Aug-09 11:50:57
wait_on_hw_ila [get_hw_ilas -of_objects [get_hw_devices xc7vx485t_0] -filter {CELL_NAME=~"nolabel_line52/serv_dtm/debugger"}]
display_hw_ila_data [upload_hw_ila_data [get_hw_ilas -of_objects [get_hw_devices xc7vx485t_0] -filter {CELL_NAME=~"nolabel_line52/serv_dtm/debugger"}]]
INFO: [Labtools 27-1966] The ILA core 'hw_ila_1' triggered at 2023-Aug-09 11:52:06
upload_hw_ila_data: Time (s): cpu = 00:00:02 ; elapsed = 00:00:27 . Memory (MB): peak = 9607.117 ; gain = 0.000 ; free physical = 99526 ; free virtual = 117231
INFO: [Labtools 27-3304] ILA Waveform data saved to file /home/binhkieudo/Workspace/XRPIX/serv/build/servant_1.2.1/nexys_a7-vivado/servant_1.2.1.hw/backup/hw_ila_data_1.ila. Use Tcl command 'read_hw_ila_data' or Vivado File->Import->Import ILA Data menu item to import the previously saved data.
display_hw_ila_data: Time (s): cpu = 00:00:08 ; elapsed = 00:00:07 . Memory (MB): peak = 9658.887 ; gain = 51.770 ; free physical = 99464 ; free virtual = 117214
save_wave_config {/home/binhkieudo/Workspace/XRPIX/serv/build/servant_1.2.1/nexys_a7-vivado/servant_1.2.1.hw/hw_1/wave/hw_ila_data_1/hw_ila_data_1.wcfg}
close_hw_manager
reset_run synth_1
INFO: [Project 1-1161] Replacing file /home/binhkieudo/Workspace/XRPIX/serv/build/servant_1.2.1/nexys_a7-vivado/servant_1.2.1.srcs/utils_1/imports/synth_1/servix.dcp with file /home/binhkieudo/Workspace/XRPIX/serv/build/servant_1.2.1/nexys_a7-vivado/servant_1.2.1.runs/synth_1/top.dcp
launch_runs impl_1 -to_step write_bitstream -jobs 20
[Wed Aug  9 12:28:53 2023] Launched synth_1...
Run output will be captured here: /home/binhkieudo/Workspace/XRPIX/serv/build/servant_1.2.1/nexys_a7-vivado/servant_1.2.1.runs/synth_1/runme.log
[Wed Aug  9 12:28:53 2023] Launched impl_1...
Run output will be captured here: /home/binhkieudo/Workspace/XRPIX/serv/build/servant_1.2.1/nexys_a7-vivado/servant_1.2.1.runs/impl_1/runme.log
open_hw_manager
connect_hw_server -allow_non_jtag
INFO: [Labtools 27-2285] Connecting to hw_server url TCP:localhost:3121
INFO: [Labtools 27-2222] Launching hw_server...
INFO: [Labtools 27-2221] Launch Output:

****** Xilinx hw_server v2022.2
  **** Build date : Oct 14 2022 at 05:10:28
    ** Copyright 1986-2022 Xilinx, Inc. All Rights Reserved.


INFO: [Labtools 27-3415] Connecting to cs_server url TCP:localhost:0
INFO: [Labtools 27-3417] Launching cs_server...
INFO: [Labtools 27-2221] Launch Output:


******** Xilinx cs_server v2022.2.0
  ****** Build date   : Oct 05 2022-08:25:37
    **** Build number : 2022.2.1664925937
      ** Copyright 2017-2023 Xilinx, Inc. All Rights Reserved.



open_hw_target
INFO: [Labtoolstcl 44-466] Opening hw_target localhost:3121/xilinx_tcf/Xilinx/00001db705be01
set_property PROGRAM.FILE {/home/binhkieudo/Workspace/XRPIX/serv/build/servant_1.2.1/nexys_a7-vivado/servant_1.2.1.runs/impl_1/top.bit} [get_hw_devices xc7vx485t_0]
set_property PROBES.FILE {/home/binhkieudo/Workspace/XRPIX/serv/build/servant_1.2.1/nexys_a7-vivado/servant_1.2.1.runs/impl_1/top.ltx} [get_hw_devices xc7vx485t_0]
set_property FULL_PROBES.FILE {/home/binhkieudo/Workspace/XRPIX/serv/build/servant_1.2.1/nexys_a7-vivado/servant_1.2.1.runs/impl_1/top.ltx} [get_hw_devices xc7vx485t_0]
current_hw_device [get_hw_devices xc7vx485t_0]
refresh_hw_device [lindex [get_hw_devices xc7vx485t_0] 0]
INFO: [Labtools 27-2302] Device xc7vx485t (JTAG device index = 0) is programmed with a design that has 1 ILA core(s).
INFO: [Labtools 27-2302] Device xc7vx485t (JTAG device index = 0) is programmed with a design that has 1 VIO core(s).
display_hw_ila_data [ get_hw_ila_data hw_ila_data_1 -of_objects [get_hw_ilas -of_objects [get_hw_devices xc7vx485t_0] -filter {CELL_NAME=~"nolabel_line52/serv_dtm/debugger"}]]
set_property PROBES.FILE {/home/binhkieudo/Workspace/XRPIX/serv/build/servant_1.2.1/nexys_a7-vivado/servant_1.2.1.runs/impl_1/top.ltx} [get_hw_devices xc7vx485t_0]
set_property FULL_PROBES.FILE {/home/binhkieudo/Workspace/XRPIX/serv/build/servant_1.2.1/nexys_a7-vivado/servant_1.2.1.runs/impl_1/top.ltx} [get_hw_devices xc7vx485t_0]
set_property PROGRAM.FILE {/home/binhkieudo/Workspace/XRPIX/serv/build/servant_1.2.1/nexys_a7-vivado/servant_1.2.1.runs/impl_1/top.bit} [get_hw_devices xc7vx485t_0]
program_hw_devices [get_hw_devices xc7vx485t_0]
INFO: [Labtools 27-3164] End of startup status: HIGH
program_hw_devices: Time (s): cpu = 00:00:59 ; elapsed = 00:00:57 . Memory (MB): peak = 9933.992 ; gain = 0.000 ; free physical = 101419 ; free virtual = 119118
refresh_hw_device [lindex [get_hw_devices xc7vx485t_0] 0]
INFO: [Labtools 27-2302] Device xc7vx485t (JTAG device index = 0) is programmed with a design that has 1 ILA core(s).
INFO: [Labtools 27-2302] Device xc7vx485t (JTAG device index = 0) is programmed with a design that has 1 VIO core(s).
run_hw_ila [get_hw_ilas -of_objects [get_hw_devices xc7vx485t_0] -filter {CELL_NAME=~"nolabel_line52/serv_dtm/debugger"}]
INFO: [Labtools 27-1964] The ILA core 'hw_ila_1' trigger was armed at 2023-Aug-09 12:50:50
set_property PROBES.FILE {/home/binhkieudo/Workspace/XRPIX/serv/build/servant_1.2.1/nexys_a7-vivado/servant_1.2.1.runs/impl_1/top.ltx} [get_hw_devices xc7vx485t_0]
set_property FULL_PROBES.FILE {/home/binhkieudo/Workspace/XRPIX/serv/build/servant_1.2.1/nexys_a7-vivado/servant_1.2.1.runs/impl_1/top.ltx} [get_hw_devices xc7vx485t_0]
set_property PROGRAM.FILE {/home/binhkieudo/Workspace/XRPIX/serv/build/servant_1.2.1/nexys_a7-vivado/servant_1.2.1.runs/impl_1/top.bit} [get_hw_devices xc7vx485t_0]
program_hw_devices [get_hw_devices xc7vx485t_0]
INFO: [Labtools 27-3164] End of startup status: HIGH
program_hw_devices: Time (s): cpu = 00:01:00 ; elapsed = 00:00:57 . Memory (MB): peak = 9933.992 ; gain = 0.000 ; free physical = 101177 ; free virtual = 118900
refresh_hw_device [lindex [get_hw_devices xc7vx485t_0] 0]
INFO: [Labtools 27-2302] Device xc7vx485t (JTAG device index = 0) is programmed with a design that has 1 ILA core(s).
INFO: [Labtools 27-2302] Device xc7vx485t (JTAG device index = 0) is programmed with a design that has 1 VIO core(s).
run_hw_ila [get_hw_ilas -of_objects [get_hw_devices xc7vx485t_0] -filter {CELL_NAME=~"nolabel_line52/serv_dtm/debugger"}]
INFO: [Labtools 27-1964] The ILA core 'hw_ila_1' trigger was armed at 2023-Aug-09 12:52:11
set_property PROBES.FILE {/home/binhkieudo/Workspace/XRPIX/serv/build/servant_1.2.1/nexys_a7-vivado/servant_1.2.1.runs/impl_1/top.ltx} [get_hw_devices xc7vx485t_0]
set_property FULL_PROBES.FILE {/home/binhkieudo/Workspace/XRPIX/serv/build/servant_1.2.1/nexys_a7-vivado/servant_1.2.1.runs/impl_1/top.ltx} [get_hw_devices xc7vx485t_0]
set_property PROGRAM.FILE {/home/binhkieudo/Workspace/XRPIX/serv/build/servant_1.2.1/nexys_a7-vivado/servant_1.2.1.runs/impl_1/top.bit} [get_hw_devices xc7vx485t_0]
program_hw_devices [get_hw_devices xc7vx485t_0]
INFO: [Labtools 27-3164] End of startup status: HIGH
program_hw_devices: Time (s): cpu = 00:00:59 ; elapsed = 00:00:57 . Memory (MB): peak = 9935.988 ; gain = 0.000 ; free physical = 101154 ; free virtual = 118858
refresh_hw_device [lindex [get_hw_devices xc7vx485t_0] 0]
INFO: [Labtools 27-2302] Device xc7vx485t (JTAG device index = 0) is programmed with a design that has 1 ILA core(s).
INFO: [Labtools 27-2302] Device xc7vx485t (JTAG device index = 0) is programmed with a design that has 1 VIO core(s).
set_property TRIGGER_COMPARE_VALUE eq1'bX [get_hw_probes nolabel_line52/serv_dtm/o_dbg_step_1 -of_objects [get_hw_ilas -of_objects [get_hw_devices xc7vx485t_0] -filter {CELL_NAME=~"nolabel_line52/serv_dtm/debugger"}]]
set_property TRIGGER_COMPARE_VALUE eq1'bF [get_hw_probes nolabel_line52/serv_dtm/dbg_resume_req_1 -of_objects [get_hw_ilas -of_objects [get_hw_devices xc7vx485t_0] -filter {CELL_NAME=~"nolabel_line52/serv_dtm/debugger"}]]
run_hw_ila [get_hw_ilas -of_objects [get_hw_devices xc7vx485t_0] -filter {CELL_NAME=~"nolabel_line52/serv_dtm/debugger"}]
INFO: [Labtools 27-1964] The ILA core 'hw_ila_1' trigger was armed at 2023-Aug-09 12:55:36
wait_on_hw_ila [get_hw_ilas -of_objects [get_hw_devices xc7vx485t_0] -filter {CELL_NAME=~"nolabel_line52/serv_dtm/debugger"}]
display_hw_ila_data [upload_hw_ila_data [get_hw_ilas -of_objects [get_hw_devices xc7vx485t_0] -filter {CELL_NAME=~"nolabel_line52/serv_dtm/debugger"}]]
INFO: [Labtools 27-1966] The ILA core 'hw_ila_1' triggered at 2023-Aug-09 12:55:40
upload_hw_ila_data: Time (s): cpu = 00:00:02 ; elapsed = 00:00:27 . Memory (MB): peak = 9935.988 ; gain = 0.000 ; free physical = 101219 ; free virtual = 118921
INFO: [Labtools 27-3304] ILA Waveform data saved to file /home/binhkieudo/Workspace/XRPIX/serv/build/servant_1.2.1/nexys_a7-vivado/servant_1.2.1.hw/backup/hw_ila_data_1.ila. Use Tcl command 'read_hw_ila_data' or Vivado File->Import->Import ILA Data menu item to import the previously saved data.
display_hw_ila_data: Time (s): cpu = 00:00:07 ; elapsed = 00:00:07 . Memory (MB): peak = 9936.984 ; gain = 0.996 ; free physical = 101247 ; free virtual = 118947
set_property TRIGGER_COMPARE_VALUE eq1'bX [get_hw_probes nolabel_line52/serv_dtm/dbg_resume_req_1 -of_objects [get_hw_ilas -of_objects [get_hw_devices xc7vx485t_0] -filter {CELL_NAME=~"nolabel_line52/serv_dtm/debugger"}]]
set_property TRIGGER_COMPARE_VALUE eq1'b1 [get_hw_probes nolabel_line52/serv_dtm/ibus_cycle_1 -of_objects [get_hw_ilas -of_objects [get_hw_devices xc7vx485t_0] -filter {CELL_NAME=~"nolabel_line52/serv_dtm/debugger"}]]
set_property TRIGGER_COMPARE_VALUE eq32'bXXXX_XXXX_XXXX_XXXX_XXXX_XXXX_XXXX_XXXX [get_hw_probes nolabel_line52/serv_dtm/i_bus_rdt -of_objects [get_hw_ilas -of_objects [get_hw_devices xc7vx485t_0] -filter {CELL_NAME=~"nolabel_line52/serv_dtm/debugger"}]]
set_property TRIGGER_COMPARE_VALUE eq32'b0111_1011_0000_XXXX_X010_XXXX_X111_0011 [get_hw_probes nolabel_line52/serv_dtm/i_bus_rdt -of_objects [get_hw_ilas -of_objects [get_hw_devices xc7vx485t_0] -filter {CELL_NAME=~"nolabel_line52/serv_dtm/debugger"}]]
set_property PROBES.FILE {/home/binhkieudo/Workspace/XRPIX/serv/build/servant_1.2.1/nexys_a7-vivado/servant_1.2.1.runs/impl_1/top.ltx} [get_hw_devices xc7vx485t_0]
set_property FULL_PROBES.FILE {/home/binhkieudo/Workspace/XRPIX/serv/build/servant_1.2.1/nexys_a7-vivado/servant_1.2.1.runs/impl_1/top.ltx} [get_hw_devices xc7vx485t_0]
set_property PROGRAM.FILE {/home/binhkieudo/Workspace/XRPIX/serv/build/servant_1.2.1/nexys_a7-vivado/servant_1.2.1.runs/impl_1/top.bit} [get_hw_devices xc7vx485t_0]
program_hw_devices [get_hw_devices xc7vx485t_0]
INFO: [Labtools 27-3164] End of startup status: HIGH
program_hw_devices: Time (s): cpu = 00:00:59 ; elapsed = 00:00:57 . Memory (MB): peak = 9951.977 ; gain = 0.000 ; free physical = 100755 ; free virtual = 118511
refresh_hw_device [lindex [get_hw_devices xc7vx485t_0] 0]
INFO: [Labtools 27-2302] Device xc7vx485t (JTAG device index = 0) is programmed with a design that has 1 ILA core(s).
INFO: [Labtools 27-2302] Device xc7vx485t (JTAG device index = 0) is programmed with a design that has 1 VIO core(s).
run_hw_ila [get_hw_ilas -of_objects [get_hw_devices xc7vx485t_0] -filter {CELL_NAME=~"nolabel_line52/serv_dtm/debugger"}]
INFO: [Labtools 27-1964] The ILA core 'hw_ila_1' trigger was armed at 2023-Aug-09 13:06:36
wait_on_hw_ila [get_hw_ilas -of_objects [get_hw_devices xc7vx485t_0] -filter {CELL_NAME=~"nolabel_line52/serv_dtm/debugger"}]
display_hw_ila_data [upload_hw_ila_data [get_hw_ilas -of_objects [get_hw_devices xc7vx485t_0] -filter {CELL_NAME=~"nolabel_line52/serv_dtm/debugger"}]]
INFO: [Labtools 27-1966] The ILA core 'hw_ila_1' triggered at 2023-Aug-09 13:06:40
upload_hw_ila_data: Time (s): cpu = 00:00:02 ; elapsed = 00:00:27 . Memory (MB): peak = 9957.988 ; gain = 0.000 ; free physical = 100531 ; free virtual = 118320
INFO: [Labtools 27-3304] ILA Waveform data saved to file /home/binhkieudo/Workspace/XRPIX/serv/build/servant_1.2.1/nexys_a7-vivado/servant_1.2.1.hw/backup/hw_ila_data_1.ila. Use Tcl command 'read_hw_ila_data' or Vivado File->Import->Import ILA Data menu item to import the previously saved data.
display_hw_ila_data: Time (s): cpu = 00:00:08 ; elapsed = 00:00:07 . Memory (MB): peak = 9957.988 ; gain = 0.000 ; free physical = 100526 ; free virtual = 118316
set_property TRIGGER_COMPARE_VALUE eq32'b0111_1011_0000_XXXX_X010_0100_0111_0011 [get_hw_probes nolabel_line52/serv_dtm/i_bus_rdt -of_objects [get_hw_ilas -of_objects [get_hw_devices xc7vx485t_0] -filter {CELL_NAME=~"nolabel_line52/serv_dtm/debugger"}]]
set_property PROBES.FILE {/home/binhkieudo/Workspace/XRPIX/serv/build/servant_1.2.1/nexys_a7-vivado/servant_1.2.1.runs/impl_1/top.ltx} [get_hw_devices xc7vx485t_0]
set_property FULL_PROBES.FILE {/home/binhkieudo/Workspace/XRPIX/serv/build/servant_1.2.1/nexys_a7-vivado/servant_1.2.1.runs/impl_1/top.ltx} [get_hw_devices xc7vx485t_0]
set_property PROGRAM.FILE {/home/binhkieudo/Workspace/XRPIX/serv/build/servant_1.2.1/nexys_a7-vivado/servant_1.2.1.runs/impl_1/top.bit} [get_hw_devices xc7vx485t_0]
program_hw_devices [get_hw_devices xc7vx485t_0]
INFO: [Labtools 27-3164] End of startup status: HIGH
program_hw_devices: Time (s): cpu = 00:01:00 ; elapsed = 00:00:57 . Memory (MB): peak = 9957.988 ; gain = 0.000 ; free physical = 100714 ; free virtual = 118445
refresh_hw_device [lindex [get_hw_devices xc7vx485t_0] 0]
INFO: [Labtools 27-2302] Device xc7vx485t (JTAG device index = 0) is programmed with a design that has 1 ILA core(s).
INFO: [Labtools 27-2302] Device xc7vx485t (JTAG device index = 0) is programmed with a design that has 1 VIO core(s).
run_hw_ila [get_hw_ilas -of_objects [get_hw_devices xc7vx485t_0] -filter {CELL_NAME=~"nolabel_line52/serv_dtm/debugger"}]
INFO: [Labtools 27-1964] The ILA core 'hw_ila_1' trigger was armed at 2023-Aug-09 13:29:47
wait_on_hw_ila [get_hw_ilas -of_objects [get_hw_devices xc7vx485t_0] -filter {CELL_NAME=~"nolabel_line52/serv_dtm/debugger"}]
display_hw_ila_data [upload_hw_ila_data [get_hw_ilas -of_objects [get_hw_devices xc7vx485t_0] -filter {CELL_NAME=~"nolabel_line52/serv_dtm/debugger"}]]
INFO: [Labtools 27-1966] The ILA core 'hw_ila_1' triggered at 2023-Aug-09 13:29:50
upload_hw_ila_data: Time (s): cpu = 00:00:01 ; elapsed = 00:00:27 . Memory (MB): peak = 9957.988 ; gain = 0.000 ; free physical = 100718 ; free virtual = 118446
INFO: [Labtools 27-3304] ILA Waveform data saved to file /home/binhkieudo/Workspace/XRPIX/serv/build/servant_1.2.1/nexys_a7-vivado/servant_1.2.1.hw/backup/hw_ila_data_1.ila. Use Tcl command 'read_hw_ila_data' or Vivado File->Import->Import ILA Data menu item to import the previously saved data.
display_hw_ila_data: Time (s): cpu = 00:00:07 ; elapsed = 00:00:07 . Memory (MB): peak = 9957.988 ; gain = 0.000 ; free physical = 100710 ; free virtual = 118440
set_property TRIGGER_COMPARE_VALUE eq32'b0111_1011_0000_0100_0010_XXXX_X111_0011 [get_hw_probes nolabel_line52/serv_dtm/i_bus_rdt -of_objects [get_hw_ilas -of_objects [get_hw_devices xc7vx485t_0] -filter {CELL_NAME=~"nolabel_line52/serv_dtm/debugger"}]]
set_property PROBES.FILE {/home/binhkieudo/Workspace/XRPIX/serv/build/servant_1.2.1/nexys_a7-vivado/servant_1.2.1.runs/impl_1/top.ltx} [get_hw_devices xc7vx485t_0]
set_property FULL_PROBES.FILE {/home/binhkieudo/Workspace/XRPIX/serv/build/servant_1.2.1/nexys_a7-vivado/servant_1.2.1.runs/impl_1/top.ltx} [get_hw_devices xc7vx485t_0]
set_property PROGRAM.FILE {/home/binhkieudo/Workspace/XRPIX/serv/build/servant_1.2.1/nexys_a7-vivado/servant_1.2.1.runs/impl_1/top.bit} [get_hw_devices xc7vx485t_0]
program_hw_devices [get_hw_devices xc7vx485t_0]
INFO: [Labtools 27-3164] End of startup status: HIGH
program_hw_devices: Time (s): cpu = 00:00:59 ; elapsed = 00:00:57 . Memory (MB): peak = 9957.988 ; gain = 0.000 ; free physical = 100368 ; free virtual = 118140
refresh_hw_device [lindex [get_hw_devices xc7vx485t_0] 0]
INFO: [Labtools 27-2302] Device xc7vx485t (JTAG device index = 0) is programmed with a design that has 1 ILA core(s).
INFO: [Labtools 27-2302] Device xc7vx485t (JTAG device index = 0) is programmed with a design that has 1 VIO core(s).
run_hw_ila [get_hw_ilas -of_objects [get_hw_devices xc7vx485t_0] -filter {CELL_NAME=~"nolabel_line52/serv_dtm/debugger"}]
INFO: [Labtools 27-1964] The ILA core 'hw_ila_1' trigger was armed at 2023-Aug-09 13:34:29
set_property PROBES.FILE {/home/binhkieudo/Workspace/XRPIX/serv/build/servant_1.2.1/nexys_a7-vivado/servant_1.2.1.runs/impl_1/top.ltx} [get_hw_devices xc7vx485t_0]
set_property FULL_PROBES.FILE {/home/binhkieudo/Workspace/XRPIX/serv/build/servant_1.2.1/nexys_a7-vivado/servant_1.2.1.runs/impl_1/top.ltx} [get_hw_devices xc7vx485t_0]
set_property PROGRAM.FILE {/home/binhkieudo/Workspace/XRPIX/serv/build/servant_1.2.1/nexys_a7-vivado/servant_1.2.1.runs/impl_1/top.bit} [get_hw_devices xc7vx485t_0]
program_hw_devices [get_hw_devices xc7vx485t_0]
INFO: [Labtools 27-3164] End of startup status: HIGH
program_hw_devices: Time (s): cpu = 00:00:59 ; elapsed = 00:00:57 . Memory (MB): peak = 9957.988 ; gain = 0.000 ; free physical = 100331 ; free virtual = 118123
refresh_hw_device [lindex [get_hw_devices xc7vx485t_0] 0]
INFO: [Labtools 27-2302] Device xc7vx485t (JTAG device index = 0) is programmed with a design that has 1 ILA core(s).
INFO: [Labtools 27-2302] Device xc7vx485t (JTAG device index = 0) is programmed with a design that has 1 VIO core(s).
set_property TRIGGER_COMPARE_VALUE eq1'bX [get_hw_probes nolabel_line52/serv_dtm/ibus_cycle_1 -of_objects [get_hw_ilas -of_objects [get_hw_devices xc7vx485t_0] -filter {CELL_NAME=~"nolabel_line52/serv_dtm/debugger"}]]
set_property TRIGGER_COMPARE_VALUE eq32'hXXXX_XXXX [get_hw_probes nolabel_line52/serv_dtm/i_bus_rdt -of_objects [get_hw_ilas -of_objects [get_hw_devices xc7vx485t_0] -filter {CELL_NAME=~"nolabel_line52/serv_dtm/debugger"}]]
set_property TRIGGER_COMPARE_VALUE eq1'bF [get_hw_probes nolabel_line52/serv_dtm/dbg_resume_req_1 -of_objects [get_hw_ilas -of_objects [get_hw_devices xc7vx485t_0] -filter {CELL_NAME=~"nolabel_line52/serv_dtm/debugger"}]]
run_hw_ila [get_hw_ilas -of_objects [get_hw_devices xc7vx485t_0] -filter {CELL_NAME=~"nolabel_line52/serv_dtm/debugger"}]
INFO: [Labtools 27-1964] The ILA core 'hw_ila_1' trigger was armed at 2023-Aug-09 13:38:04
wait_on_hw_ila [get_hw_ilas -of_objects [get_hw_devices xc7vx485t_0] -filter {CELL_NAME=~"nolabel_line52/serv_dtm/debugger"}]
display_hw_ila_data [upload_hw_ila_data [get_hw_ilas -of_objects [get_hw_devices xc7vx485t_0] -filter {CELL_NAME=~"nolabel_line52/serv_dtm/debugger"}]]
INFO: [Labtools 27-1966] The ILA core 'hw_ila_1' triggered at 2023-Aug-09 13:38:11
upload_hw_ila_data: Time (s): cpu = 00:00:02 ; elapsed = 00:00:26 . Memory (MB): peak = 9957.988 ; gain = 0.000 ; free physical = 100007 ; free virtual = 117797
INFO: [Labtools 27-3304] ILA Waveform data saved to file /home/binhkieudo/Workspace/XRPIX/serv/build/servant_1.2.1/nexys_a7-vivado/servant_1.2.1.hw/backup/hw_ila_data_1.ila. Use Tcl command 'read_hw_ila_data' or Vivado File->Import->Import ILA Data menu item to import the previously saved data.
display_hw_ila_data: Time (s): cpu = 00:00:07 ; elapsed = 00:00:07 . Memory (MB): peak = 9957.988 ; gain = 0.000 ; free physical = 99951 ; free virtual = 117763
run_hw_ila [get_hw_ilas -of_objects [get_hw_devices xc7vx485t_0] -filter {CELL_NAME=~"nolabel_line52/serv_dtm/debugger"}]
INFO: [Labtools 27-1964] The ILA core 'hw_ila_1' trigger was armed at 2023-Aug-09 13:38:53
wait_on_hw_ila [get_hw_ilas -of_objects [get_hw_devices xc7vx485t_0] -filter {CELL_NAME=~"nolabel_line52/serv_dtm/debugger"}]
display_hw_ila_data [upload_hw_ila_data [get_hw_ilas -of_objects [get_hw_devices xc7vx485t_0] -filter {CELL_NAME=~"nolabel_line52/serv_dtm/debugger"}]]
INFO: [Labtools 27-1966] The ILA core 'hw_ila_1' triggered at 2023-Aug-09 13:39:18
upload_hw_ila_data: Time (s): cpu = 00:00:02 ; elapsed = 00:00:27 . Memory (MB): peak = 9957.988 ; gain = 0.000 ; free physical = 99940 ; free virtual = 117795
INFO: [Labtools 27-3304] ILA Waveform data saved to file /home/binhkieudo/Workspace/XRPIX/serv/build/servant_1.2.1/nexys_a7-vivado/servant_1.2.1.hw/backup/hw_ila_data_1.ila. Use Tcl command 'read_hw_ila_data' or Vivado File->Import->Import ILA Data menu item to import the previously saved data.
display_hw_ila_data: Time (s): cpu = 00:00:07 ; elapsed = 00:00:07 . Memory (MB): peak = 9966.992 ; gain = 9.004 ; free physical = 99923 ; free virtual = 117806
set_property TRIGGER_COMPARE_VALUE eq1'bR [get_hw_probes nolabel_line52/serv_dtm/dbg_resume_req_1 -of_objects [get_hw_ilas -of_objects [get_hw_devices xc7vx485t_0] -filter {CELL_NAME=~"nolabel_line52/serv_dtm/debugger"}]]
set_property CONTROL.TRIGGER_POSITION 64 [get_hw_ilas -of_objects [get_hw_devices xc7vx485t_0] -filter {CELL_NAME=~"nolabel_line52/serv_dtm/debugger"}]
run_hw_ila [get_hw_ilas -of_objects [get_hw_devices xc7vx485t_0] -filter {CELL_NAME=~"nolabel_line52/serv_dtm/debugger"}]
INFO: [Labtools 27-1964] The ILA core 'hw_ila_1' trigger was armed at 2023-Aug-09 13:41:37
wait_on_hw_ila [get_hw_ilas -of_objects [get_hw_devices xc7vx485t_0] -filter {CELL_NAME=~"nolabel_line52/serv_dtm/debugger"}]
display_hw_ila_data [upload_hw_ila_data [get_hw_ilas -of_objects [get_hw_devices xc7vx485t_0] -filter {CELL_NAME=~"nolabel_line52/serv_dtm/debugger"}]]
INFO: [Labtools 27-1966] The ILA core 'hw_ila_1' triggered at 2023-Aug-09 13:41:40
upload_hw_ila_data: Time (s): cpu = 00:00:03 ; elapsed = 00:00:27 . Memory (MB): peak = 9966.992 ; gain = 0.000 ; free physical = 100520 ; free virtual = 118264
INFO: [Labtools 27-3304] ILA Waveform data saved to file /home/binhkieudo/Workspace/XRPIX/serv/build/servant_1.2.1/nexys_a7-vivado/servant_1.2.1.hw/backup/hw_ila_data_1.ila. Use Tcl command 'read_hw_ila_data' or Vivado File->Import->Import ILA Data menu item to import the previously saved data.
display_hw_ila_data: Time (s): cpu = 00:00:08 ; elapsed = 00:00:06 . Memory (MB): peak = 9966.992 ; gain = 0.000 ; free physical = 100513 ; free virtual = 118253
set_property TRIGGER_COMPARE_VALUE eq1'b1 [get_hw_probes nolabel_line52/serv_dtm/dbg_resume_req_1 -of_objects [get_hw_ilas -of_objects [get_hw_devices xc7vx485t_0] -filter {CELL_NAME=~"nolabel_line52/serv_dtm/debugger"}]]
set_property TRIGGER_COMPARE_VALUE eq1'b1 [get_hw_probes nolabel_line52/serv_dtm/o_dmi_req_valid_1 -of_objects [get_hw_ilas -of_objects [get_hw_devices xc7vx485t_0] -filter {CELL_NAME=~"nolabel_line52/serv_dtm/debugger"}]]
set_property TRIGGER_COMPARE_VALUE eq1'bR [get_hw_probes nolabel_line52/serv_dtm/o_dmi_req_valid_1 -of_objects [get_hw_ilas -of_objects [get_hw_devices xc7vx485t_0] -filter {CELL_NAME=~"nolabel_line52/serv_dtm/debugger"}]]
run_hw_ila [get_hw_ilas -of_objects [get_hw_devices xc7vx485t_0] -filter {CELL_NAME=~"nolabel_line52/serv_dtm/debugger"}]
INFO: [Labtools 27-1964] The ILA core 'hw_ila_1' trigger was armed at 2023-Aug-09 13:43:05
wait_on_hw_ila [get_hw_ilas -of_objects [get_hw_devices xc7vx485t_0] -filter {CELL_NAME=~"nolabel_line52/serv_dtm/debugger"}]
display_hw_ila_data [upload_hw_ila_data [get_hw_ilas -of_objects [get_hw_devices xc7vx485t_0] -filter {CELL_NAME=~"nolabel_line52/serv_dtm/debugger"}]]
INFO: [Labtools 27-1966] The ILA core 'hw_ila_1' triggered at 2023-Aug-09 13:43:07
upload_hw_ila_data: Time (s): cpu = 00:00:02 ; elapsed = 00:00:27 . Memory (MB): peak = 9966.992 ; gain = 0.000 ; free physical = 100442 ; free virtual = 118189
INFO: [Labtools 27-3304] ILA Waveform data saved to file /home/binhkieudo/Workspace/XRPIX/serv/build/servant_1.2.1/nexys_a7-vivado/servant_1.2.1.hw/backup/hw_ila_data_1.ila. Use Tcl command 'read_hw_ila_data' or Vivado File->Import->Import ILA Data menu item to import the previously saved data.
display_hw_ila_data: Time (s): cpu = 00:00:07 ; elapsed = 00:00:06 . Memory (MB): peak = 9966.992 ; gain = 0.000 ; free physical = 100426 ; free virtual = 118183
set_property TRIGGER_COMPARE_VALUE eq32'h0040_0C83 [get_hw_probes nolabel_line52/serv_dtm/i_dmi_rsp_data -of_objects [get_hw_ilas -of_objects [get_hw_devices xc7vx485t_0] -filter {CELL_NAME=~"nolabel_line52/serv_dtm/debugger"}]]
run_hw_ila [get_hw_ilas -of_objects [get_hw_devices xc7vx485t_0] -filter {CELL_NAME=~"nolabel_line52/serv_dtm/debugger"}]
INFO: [Labtools 27-1964] The ILA core 'hw_ila_1' trigger was armed at 2023-Aug-09 14:16:23
wait_on_hw_ila -timeout 0 [get_hw_ilas -of_objects [get_hw_devices xc7vx485t_0] -filter {CELL_NAME=~"nolabel_line52/serv_dtm/debugger"}]
upload_hw_ila_data [get_hw_ilas -of_objects [get_hw_devices xc7vx485t_0] -filter {CELL_NAME=~"nolabel_line52/serv_dtm/debugger"}]
INFO: [Labtools 27-1965] The ILA core 'hw_ila_1' trigger was stopped by user at 2023-Aug-09 14:16:58
WARNING: [Labtools 27-157] hw_ila [hw_ila_1] stopped. No data to upload.
set_property TRIGGER_COMPARE_VALUE eq1'bX [get_hw_probes nolabel_line52/serv_dtm/dbg_resume_req_1 -of_objects [get_hw_ilas -of_objects [get_hw_devices xc7vx485t_0] -filter {CELL_NAME=~"nolabel_line52/serv_dtm/debugger"}]]
run_hw_ila [get_hw_ilas -of_objects [get_hw_devices xc7vx485t_0] -filter {CELL_NAME=~"nolabel_line52/serv_dtm/debugger"}]
INFO: [Labtools 27-1964] The ILA core 'hw_ila_1' trigger was armed at 2023-Aug-09 14:17:25
wait_on_hw_ila [get_hw_ilas -of_objects [get_hw_devices xc7vx485t_0] -filter {CELL_NAME=~"nolabel_line52/serv_dtm/debugger"}]
display_hw_ila_data [upload_hw_ila_data [get_hw_ilas -of_objects [get_hw_devices xc7vx485t_0] -filter {CELL_NAME=~"nolabel_line52/serv_dtm/debugger"}]]
INFO: [Labtools 27-1966] The ILA core 'hw_ila_1' triggered at 2023-Aug-09 14:17:27
upload_hw_ila_data: Time (s): cpu = 00:00:02 ; elapsed = 00:00:27 . Memory (MB): peak = 9966.992 ; gain = 0.000 ; free physical = 100211 ; free virtual = 117983
INFO: [Labtools 27-3304] ILA Waveform data saved to file /home/binhkieudo/Workspace/XRPIX/serv/build/servant_1.2.1/nexys_a7-vivado/servant_1.2.1.hw/backup/hw_ila_data_1.ila. Use Tcl command 'read_hw_ila_data' or Vivado File->Import->Import ILA Data menu item to import the previously saved data.
display_hw_ila_data: Time (s): cpu = 00:00:08 ; elapsed = 00:00:07 . Memory (MB): peak = 9966.992 ; gain = 0.000 ; free physical = 100204 ; free virtual = 117974
set_property CONTROL.TRIGGER_POSITION 16384 [get_hw_ilas -of_objects [get_hw_devices xc7vx485t_0] -filter {CELL_NAME=~"nolabel_line52/serv_dtm/debugger"}]
run_hw_ila [get_hw_ilas -of_objects [get_hw_devices xc7vx485t_0] -filter {CELL_NAME=~"nolabel_line52/serv_dtm/debugger"}]
INFO: [Labtools 27-1964] The ILA core 'hw_ila_1' trigger was armed at 2023-Aug-09 14:18:27
wait_on_hw_ila [get_hw_ilas -of_objects [get_hw_devices xc7vx485t_0] -filter {CELL_NAME=~"nolabel_line52/serv_dtm/debugger"}]
display_hw_ila_data [upload_hw_ila_data [get_hw_ilas -of_objects [get_hw_devices xc7vx485t_0] -filter {CELL_NAME=~"nolabel_line52/serv_dtm/debugger"}]]
INFO: [Labtools 27-1966] The ILA core 'hw_ila_1' triggered at 2023-Aug-09 14:18:29
upload_hw_ila_data: Time (s): cpu = 00:00:02 ; elapsed = 00:00:27 . Memory (MB): peak = 9966.992 ; gain = 0.000 ; free physical = 100124 ; free virtual = 117911
INFO: [Labtools 27-3304] ILA Waveform data saved to file /home/binhkieudo/Workspace/XRPIX/serv/build/servant_1.2.1/nexys_a7-vivado/servant_1.2.1.hw/backup/hw_ila_data_1.ila. Use Tcl command 'read_hw_ila_data' or Vivado File->Import->Import ILA Data menu item to import the previously saved data.
display_hw_ila_data: Time (s): cpu = 00:00:08 ; elapsed = 00:00:07 . Memory (MB): peak = 9966.992 ; gain = 0.000 ; free physical = 100111 ; free virtual = 117900
save_wave_config {/home/binhkieudo/Workspace/XRPIX/serv/build/servant_1.2.1/nexys_a7-vivado/servant_1.2.1.hw/hw_1/wave/hw_ila_data_1/hw_ila_data_1.wcfg}
close_hw_manager
reset_run synth_1
INFO: [Project 1-1161] Replacing file /home/binhkieudo/Workspace/XRPIX/serv/build/servant_1.2.1/nexys_a7-vivado/servant_1.2.1.srcs/utils_1/imports/synth_1/servix.dcp with file /home/binhkieudo/Workspace/XRPIX/serv/build/servant_1.2.1/nexys_a7-vivado/servant_1.2.1.runs/synth_1/top.dcp
launch_runs impl_1 -to_step write_bitstream -jobs 20
[Wed Aug  9 14:21:14 2023] Launched synth_1...
Run output will be captured here: /home/binhkieudo/Workspace/XRPIX/serv/build/servant_1.2.1/nexys_a7-vivado/servant_1.2.1.runs/synth_1/runme.log
[Wed Aug  9 14:21:14 2023] Launched impl_1...
Run output will be captured here: /home/binhkieudo/Workspace/XRPIX/serv/build/servant_1.2.1/nexys_a7-vivado/servant_1.2.1.runs/impl_1/runme.log
open_hw_manager
connect_hw_server -allow_non_jtag
INFO: [Labtools 27-2285] Connecting to hw_server url TCP:localhost:3121
INFO: [Labtools 27-2222] Launching hw_server...
INFO: [Labtools 27-2221] Launch Output:

****** Xilinx hw_server v2022.2
  **** Build date : Oct 14 2022 at 05:10:28
    ** Copyright 1986-2022 Xilinx, Inc. All Rights Reserved.


INFO: [Labtools 27-3415] Connecting to cs_server url TCP:localhost:0
INFO: [Labtools 27-3417] Launching cs_server...
INFO: [Labtools 27-2221] Launch Output:


******** Xilinx cs_server v2022.2.0
  ****** Build date   : Oct 05 2022-08:25:37
    **** Build number : 2022.2.1664925937
      ** Copyright 2017-2023 Xilinx, Inc. All Rights Reserved.



open_hw_target
INFO: [Labtoolstcl 44-466] Opening hw_target localhost:3121/xilinx_tcf/Xilinx/00001db705be01
set_property PROGRAM.FILE {/home/binhkieudo/Workspace/XRPIX/serv/build/servant_1.2.1/nexys_a7-vivado/servant_1.2.1.runs/impl_1/top.bit} [get_hw_devices xc7vx485t_0]
set_property PROBES.FILE {/home/binhkieudo/Workspace/XRPIX/serv/build/servant_1.2.1/nexys_a7-vivado/servant_1.2.1.runs/impl_1/top.ltx} [get_hw_devices xc7vx485t_0]
set_property FULL_PROBES.FILE {/home/binhkieudo/Workspace/XRPIX/serv/build/servant_1.2.1/nexys_a7-vivado/servant_1.2.1.runs/impl_1/top.ltx} [get_hw_devices xc7vx485t_0]
current_hw_device [get_hw_devices xc7vx485t_0]
refresh_hw_device [lindex [get_hw_devices xc7vx485t_0] 0]
INFO: [Labtools 27-2302] Device xc7vx485t (JTAG device index = 0) is programmed with a design that has 1 ILA core(s).
INFO: [Labtools 27-2302] Device xc7vx485t (JTAG device index = 0) is programmed with a design that has 1 VIO core(s).
display_hw_ila_data [ get_hw_ila_data hw_ila_data_1 -of_objects [get_hw_ilas -of_objects [get_hw_devices xc7vx485t_0] -filter {CELL_NAME=~"nolabel_line52/serv_dtm/debugger"}]]
set_property PROBES.FILE {/home/binhkieudo/Workspace/XRPIX/serv/build/servant_1.2.1/nexys_a7-vivado/servant_1.2.1.runs/impl_1/top.ltx} [get_hw_devices xc7vx485t_0]
set_property FULL_PROBES.FILE {/home/binhkieudo/Workspace/XRPIX/serv/build/servant_1.2.1/nexys_a7-vivado/servant_1.2.1.runs/impl_1/top.ltx} [get_hw_devices xc7vx485t_0]
set_property PROGRAM.FILE {/home/binhkieudo/Workspace/XRPIX/serv/build/servant_1.2.1/nexys_a7-vivado/servant_1.2.1.runs/impl_1/top.bit} [get_hw_devices xc7vx485t_0]
program_hw_devices [get_hw_devices xc7vx485t_0]
INFO: [Labtools 27-3164] End of startup status: HIGH
program_hw_devices: Time (s): cpu = 00:00:59 ; elapsed = 00:00:57 . Memory (MB): peak = 9971.992 ; gain = 0.000 ; free physical = 99843 ; free virtual = 117715
refresh_hw_device [lindex [get_hw_devices xc7vx485t_0] 0]
INFO: [Labtools 27-2302] Device xc7vx485t (JTAG device index = 0) is programmed with a design that has 1 ILA core(s).
INFO: [Labtools 27-2302] Device xc7vx485t (JTAG device index = 0) is programmed with a design that has 1 VIO core(s).
set_property TRIGGER_COMPARE_VALUE eq32'hXXXX_XXXX [get_hw_probes nolabel_line52/serv_dtm/i_dmi_rsp_data -of_objects [get_hw_ilas -of_objects [get_hw_devices xc7vx485t_0] -filter {CELL_NAME=~"nolabel_line52/serv_dtm/debugger"}]]
set_property TRIGGER_COMPARE_VALUE eq1'bX [get_hw_probes nolabel_line52/serv_dtm/o_dmi_req_valid_1 -of_objects [get_hw_ilas -of_objects [get_hw_devices xc7vx485t_0] -filter {CELL_NAME=~"nolabel_line52/serv_dtm/debugger"}]]
set_property TRIGGER_COMPARE_VALUE eq1'bR [get_hw_probes nolabel_line52/serv_dtm/o_dbg_step_1 -of_objects [get_hw_ilas -of_objects [get_hw_devices xc7vx485t_0] -filter {CELL_NAME=~"nolabel_line52/serv_dtm/debugger"}]]
set_property TRIGGER_COMPARE_VALUE eq1'bF [get_hw_probes nolabel_line52/serv_dtm/o_dbg_step_1 -of_objects [get_hw_ilas -of_objects [get_hw_devices xc7vx485t_0] -filter {CELL_NAME=~"nolabel_line52/serv_dtm/debugger"}]]
run_hw_ila [get_hw_ilas -of_objects [get_hw_devices xc7vx485t_0] -filter {CELL_NAME=~"nolabel_line52/serv_dtm/debugger"}]
INFO: [Labtools 27-1964] The ILA core 'hw_ila_1' trigger was armed at 2023-Aug-09 14:47:51
wait_on_hw_ila -timeout 0 [get_hw_ilas -of_objects [get_hw_devices xc7vx485t_0] -filter {CELL_NAME=~"nolabel_line52/serv_dtm/debugger"}]
upload_hw_ila_data [get_hw_ilas -of_objects [get_hw_devices xc7vx485t_0] -filter {CELL_NAME=~"nolabel_line52/serv_dtm/debugger"}]
INFO: [Labtools 27-1965] The ILA core 'hw_ila_1' trigger was stopped by user at 2023-Aug-09 14:49:29
WARNING: [Labtools 27-157] hw_ila [hw_ila_1] stopped. No data to upload.
set_property TRIGGER_COMPARE_VALUE eq1'b1 [get_hw_probes nolabel_line52/serv_dtm/o_dbg_step_1 -of_objects [get_hw_ilas -of_objects [get_hw_devices xc7vx485t_0] -filter {CELL_NAME=~"nolabel_line52/serv_dtm/debugger"}]]
run_hw_ila [get_hw_ilas -of_objects [get_hw_devices xc7vx485t_0] -filter {CELL_NAME=~"nolabel_line52/serv_dtm/debugger"}]
INFO: [Labtools 27-1964] The ILA core 'hw_ila_1' trigger was armed at 2023-Aug-09 14:49:32
wait_on_hw_ila [get_hw_ilas -of_objects [get_hw_devices xc7vx485t_0] -filter {CELL_NAME=~"nolabel_line52/serv_dtm/debugger"}]
display_hw_ila_data [upload_hw_ila_data [get_hw_ilas -of_objects [get_hw_devices xc7vx485t_0] -filter {CELL_NAME=~"nolabel_line52/serv_dtm/debugger"}]]
INFO: [Labtools 27-1966] The ILA core 'hw_ila_1' triggered at 2023-Aug-09 14:49:32
upload_hw_ila_data: Time (s): cpu = 00:00:02 ; elapsed = 00:00:26 . Memory (MB): peak = 9971.992 ; gain = 0.000 ; free physical = 99988 ; free virtual = 117826
INFO: [Labtools 27-3304] ILA Waveform data saved to file /home/binhkieudo/Workspace/XRPIX/serv/build/servant_1.2.1/nexys_a7-vivado/servant_1.2.1.hw/backup/hw_ila_data_1.ila. Use Tcl command 'read_hw_ila_data' or Vivado File->Import->Import ILA Data menu item to import the previously saved data.
display_hw_ila_data: Time (s): cpu = 00:00:07 ; elapsed = 00:00:07 . Memory (MB): peak = 9976.984 ; gain = 4.992 ; free physical = 99965 ; free virtual = 117805
save_wave_config {/home/binhkieudo/Workspace/XRPIX/serv/build/servant_1.2.1/nexys_a7-vivado/servant_1.2.1.hw/hw_1/wave/hw_ila_data_1/hw_ila_data_1.wcfg}
close_hw_manager
open_hw_manager
close_hw_manager
reset_run synth_1
INFO: [Project 1-1161] Replacing file /home/binhkieudo/Workspace/XRPIX/serv/build/servant_1.2.1/nexys_a7-vivado/servant_1.2.1.srcs/utils_1/imports/synth_1/servix.dcp with file /home/binhkieudo/Workspace/XRPIX/serv/build/servant_1.2.1/nexys_a7-vivado/servant_1.2.1.runs/synth_1/top.dcp
launch_runs impl_1 -to_step write_bitstream -jobs 20
[Wed Aug  9 14:51:14 2023] Launched synth_1...
Run output will be captured here: /home/binhkieudo/Workspace/XRPIX/serv/build/servant_1.2.1/nexys_a7-vivado/servant_1.2.1.runs/synth_1/runme.log
[Wed Aug  9 14:51:14 2023] Launched impl_1...
Run output will be captured here: /home/binhkieudo/Workspace/XRPIX/serv/build/servant_1.2.1/nexys_a7-vivado/servant_1.2.1.runs/impl_1/runme.log
open_hw_manager
connect_hw_server -allow_non_jtag
INFO: [Labtools 27-2285] Connecting to hw_server url TCP:localhost:3121
INFO: [Labtools 27-2222] Launching hw_server...
INFO: [Labtools 27-2221] Launch Output:

****** Xilinx hw_server v2022.2
  **** Build date : Oct 14 2022 at 05:10:28
    ** Copyright 1986-2022 Xilinx, Inc. All Rights Reserved.


INFO: [Labtools 27-3415] Connecting to cs_server url TCP:localhost:0
INFO: [Labtools 27-3417] Launching cs_server...
INFO: [Labtools 27-2221] Launch Output:


******** Xilinx cs_server v2022.2.0
  ****** Build date   : Oct 05 2022-08:25:37
    **** Build number : 2022.2.1664925937
      ** Copyright 2017-2023 Xilinx, Inc. All Rights Reserved.



open_hw_target
INFO: [Labtoolstcl 44-466] Opening hw_target localhost:3121/xilinx_tcf/Xilinx/00001db705be01
set_property PROGRAM.FILE {/home/binhkieudo/Workspace/XRPIX/serv/build/servant_1.2.1/nexys_a7-vivado/servant_1.2.1.runs/impl_1/top.bit} [get_hw_devices xc7vx485t_0]
set_property PROBES.FILE {/home/binhkieudo/Workspace/XRPIX/serv/build/servant_1.2.1/nexys_a7-vivado/servant_1.2.1.runs/impl_1/top.ltx} [get_hw_devices xc7vx485t_0]
set_property FULL_PROBES.FILE {/home/binhkieudo/Workspace/XRPIX/serv/build/servant_1.2.1/nexys_a7-vivado/servant_1.2.1.runs/impl_1/top.ltx} [get_hw_devices xc7vx485t_0]
current_hw_device [get_hw_devices xc7vx485t_0]
refresh_hw_device [lindex [get_hw_devices xc7vx485t_0] 0]
INFO: [Labtools 27-2302] Device xc7vx485t (JTAG device index = 0) is programmed with a design that has 1 ILA core(s).
INFO: [Labtools 27-2302] Device xc7vx485t (JTAG device index = 0) is programmed with a design that has 1 VIO core(s).
display_hw_ila_data [ get_hw_ila_data hw_ila_data_1 -of_objects [get_hw_ilas -of_objects [get_hw_devices xc7vx485t_0] -filter {CELL_NAME=~"nolabel_line52/serv_dtm/debugger"}]]
set_property PROBES.FILE {/home/binhkieudo/Workspace/XRPIX/serv/build/servant_1.2.1/nexys_a7-vivado/servant_1.2.1.runs/impl_1/top.ltx} [get_hw_devices xc7vx485t_0]
set_property FULL_PROBES.FILE {/home/binhkieudo/Workspace/XRPIX/serv/build/servant_1.2.1/nexys_a7-vivado/servant_1.2.1.runs/impl_1/top.ltx} [get_hw_devices xc7vx485t_0]
set_property PROGRAM.FILE {/home/binhkieudo/Workspace/XRPIX/serv/build/servant_1.2.1/nexys_a7-vivado/servant_1.2.1.runs/impl_1/top.bit} [get_hw_devices xc7vx485t_0]
program_hw_devices [get_hw_devices xc7vx485t_0]
INFO: [Labtools 27-3164] End of startup status: HIGH
program_hw_devices: Time (s): cpu = 00:00:59 ; elapsed = 00:00:57 . Memory (MB): peak = 9990.000 ; gain = 0.000 ; free physical = 98046 ; free virtual = 116387
refresh_hw_device [lindex [get_hw_devices xc7vx485t_0] 0]
INFO: [Labtools 27-2302] Device xc7vx485t (JTAG device index = 0) is programmed with a design that has 1 ILA core(s).
INFO: [Labtools 27-2302] Device xc7vx485t (JTAG device index = 0) is programmed with a design that has 1 VIO core(s).
set_property TRIGGER_COMPARE_VALUE eq1'bR [get_hw_probes nolabel_line52/serv_dtm/o_dbg_step_1 -of_objects [get_hw_ilas -of_objects [get_hw_devices xc7vx485t_0] -filter {CELL_NAME=~"nolabel_line52/serv_dtm/debugger"}]]
run_hw_ila [get_hw_ilas -of_objects [get_hw_devices xc7vx485t_0] -filter {CELL_NAME=~"nolabel_line52/serv_dtm/debugger"}]
INFO: [Labtools 27-1964] The ILA core 'hw_ila_1' trigger was armed at 2023-Aug-09 15:08:07
set_property PROBES.FILE {/home/binhkieudo/Workspace/XRPIX/serv/build/servant_1.2.1/nexys_a7-vivado/servant_1.2.1.runs/impl_1/top.ltx} [get_hw_devices xc7vx485t_0]
set_property FULL_PROBES.FILE {/home/binhkieudo/Workspace/XRPIX/serv/build/servant_1.2.1/nexys_a7-vivado/servant_1.2.1.runs/impl_1/top.ltx} [get_hw_devices xc7vx485t_0]
set_property PROGRAM.FILE {/home/binhkieudo/Workspace/XRPIX/serv/build/servant_1.2.1/nexys_a7-vivado/servant_1.2.1.runs/impl_1/top.bit} [get_hw_devices xc7vx485t_0]
program_hw_devices [get_hw_devices xc7vx485t_0]
INFO: [Labtools 27-3164] End of startup status: HIGH
program_hw_devices: Time (s): cpu = 00:01:00 ; elapsed = 00:00:57 . Memory (MB): peak = 9990.000 ; gain = 0.000 ; free physical = 96314 ; free virtual = 114757
refresh_hw_device [lindex [get_hw_devices xc7vx485t_0] 0]
INFO: [Labtools 27-2302] Device xc7vx485t (JTAG device index = 0) is programmed with a design that has 1 ILA core(s).
INFO: [Labtools 27-2302] Device xc7vx485t (JTAG device index = 0) is programmed with a design that has 1 VIO core(s).
set_property PROBES.FILE {/home/binhkieudo/Workspace/XRPIX/serv/build/servant_1.2.1/nexys_a7-vivado/servant_1.2.1.runs/impl_1/top.ltx} [get_hw_devices xc7vx485t_0]
set_property FULL_PROBES.FILE {/home/binhkieudo/Workspace/XRPIX/serv/build/servant_1.2.1/nexys_a7-vivado/servant_1.2.1.runs/impl_1/top.ltx} [get_hw_devices xc7vx485t_0]
set_property PROGRAM.FILE {/home/binhkieudo/Workspace/XRPIX/serv/build/servant_1.2.1/nexys_a7-vivado/servant_1.2.1.runs/impl_1/top.bit} [get_hw_devices xc7vx485t_0]
program_hw_devices [get_hw_devices xc7vx485t_0]
INFO: [Labtools 27-3164] End of startup status: HIGH
program_hw_devices: Time (s): cpu = 00:01:00 ; elapsed = 00:00:57 . Memory (MB): peak = 9994.992 ; gain = 0.000 ; free physical = 96412 ; free virtual = 114827
refresh_hw_device [lindex [get_hw_devices xc7vx485t_0] 0]
INFO: [Labtools 27-2302] Device xc7vx485t (JTAG device index = 0) is programmed with a design that has 1 ILA core(s).
INFO: [Labtools 27-2302] Device xc7vx485t (JTAG device index = 0) is programmed with a design that has 1 VIO core(s).
set_property TRIGGER_COMPARE_VALUE eq1'bX [get_hw_probes nolabel_line52/serv_dtm/o_dbg_step_1 -of_objects [get_hw_ilas -of_objects [get_hw_devices xc7vx485t_0] -filter {CELL_NAME=~"nolabel_line52/serv_dtm/debugger"}]]
set_property TRIGGER_COMPARE_VALUE eq1'b1 [get_hw_probes nolabel_line52/serv_dtm/ibus_cycle_1 -of_objects [get_hw_ilas -of_objects [get_hw_devices xc7vx485t_0] -filter {CELL_NAME=~"nolabel_line52/serv_dtm/debugger"}]]
set_property TRIGGER_COMPARE_VALUE eq32'bXXXX_XXXX_XXXX_XXXX_XXXX_XXXX_XXXX_XXXX [get_hw_probes nolabel_line52/serv_dtm/i_bus_rdt -of_objects [get_hw_ilas -of_objects [get_hw_devices xc7vx485t_0] -filter {CELL_NAME=~"nolabel_line52/serv_dtm/debugger"}]]
set_property TRIGGER_COMPARE_VALUE eq32'b0111_1011_0000_XXXX_X010_XXXX_X111_0011 [get_hw_probes nolabel_line52/serv_dtm/i_bus_rdt -of_objects [get_hw_ilas -of_objects [get_hw_devices xc7vx485t_0] -filter {CELL_NAME=~"nolabel_line52/serv_dtm/debugger"}]]
