#-----------------------------------------------------------
# Vivado v2022.2 (64-bit)
# SW Build 3671981 on Fri Oct 14 04:59:54 MDT 2022
# IP Build 3669848 on Fri Oct 14 08:30:02 MDT 2022
# Start of session at: Tue Aug  8 23:29:14 2023
# Process ID: 4400
# Current directory: /home/binhkieudo/Workspace/XRPIX/serv/build/servant_1.2.1/nexys_a7-vivado
# Command line: vivado servant_1.2.1.xpr
# Log file: /home/binhkieudo/Workspace/XRPIX/serv/build/servant_1.2.1/nexys_a7-vivado/vivado.log
# Journal file: /home/binhkieudo/Workspace/XRPIX/serv/build/servant_1.2.1/nexys_a7-vivado/vivado.jou
# Running On: binhkieudo-hotswap, OS: Linux, CPU Frequency: 1400.000 MHz, CPU Physical cores: 16, Host memory: 33036 MB
#-----------------------------------------------------------
start_gui
open_project servant_1.2.1.xpr
WARNING: [Board 49-26] cannot add Board Part xilinx.com:vek280_es:part0:1.0 available at /opt/Xilinx/Vivado/2022.2/data/xhub/boards/XilinxBoardStore/boards/Xilinx/vek280/es/1.0/board.xml as part xcve2802-vsvh1760-2lp-e-s-es1 specified in board_part file is either invalid or not available
WARNING: [Board 49-26] cannot add Board Part xilinx.com:vhk158_es:part0:1.0 available at /opt/Xilinx/Vivado/2022.2/data/xhub/boards/XilinxBoardStore/boards/Xilinx/vhk158/es/1.0/board.xml as part xcvh1582-vsva3697-2mp-e-s-es1 specified in board_part file is either invalid or not available
WARNING: [Board 49-26] cannot add Board Part xilinx.com:vpk120_es:part0:1.2 available at /opt/Xilinx/Vivado/2022.2/data/xhub/boards/XilinxBoardStore/boards/Xilinx/vpk120/es/1.2/board.xml as part xcvp1202-vsva2785-2mp-e-s-es1 specified in board_part file is either invalid or not available
WARNING: [Board 49-26] cannot add Board Part xilinx.com:vpk120_es_revb:part0:1.0 available at /opt/Xilinx/Vivado/2022.2/data/xhub/boards/XilinxBoardStore/boards/Xilinx/vpk120_revb/es/1.0/board.xml as part xcvp1202-vsva2785-2mp-e-s-es1 specified in board_part file is either invalid or not available
WARNING: [Board 49-26] cannot add Board Part xilinx.com:vpk180_es:part0:1.0 available at /opt/Xilinx/Vivado/2022.2/data/xhub/boards/XilinxBoardStore/boards/Xilinx/vpk180/es/1.0/board.xml as part xcvp1802-lsvc4072-2mp-e-s-es1 specified in board_part file is either invalid or not available
WARNING: [Board 49-26] cannot add Board Part xilinx.com:zcu208ld:part0:2.0 available at /opt/Xilinx/Vivado/2022.2/data/xhub/boards/XilinxBoardStore/boards/Xilinx/zcu208ld/production/2.0/board.xml as part xczu58dr-fsvg1517-2-i specified in board_part file is either invalid or not available
WARNING: [Board 49-26] cannot add Board Part xilinx.com:zcu216ld:part0:2.0 available at /opt/Xilinx/Vivado/2022.2/data/xhub/boards/XilinxBoardStore/boards/Xilinx/zcu216ld/production/2.0/board.xml as part xczu59dr-ffvf1760-2-i specified in board_part file is either invalid or not available
WARNING: [Board 49-26] cannot add Board Part xilinx.com:zcu670:part0:2.0 available at /opt/Xilinx/Vivado/2022.2/data/xhub/boards/XilinxBoardStore/boards/Xilinx/zcu670/2.0/board.xml as part xczu67dr-fsve1156-2-i specified in board_part file is either invalid or not available
WARNING: [Board 49-26] cannot add Board Part xilinx.com:zcu670ld:part0:1.0 available at /opt/Xilinx/Vivado/2022.2/data/xhub/boards/XilinxBoardStore/boards/Xilinx/zcu670ld/1.0/board.xml as part xczu57dr-fsve1156-2-i specified in board_part file is either invalid or not available
Scanning sources...
Finished scanning sources
INFO: [IP_Flow 19-234] Refreshing IP repositories
INFO: [IP_Flow 19-1704] No user IP repositories specified
INFO: [IP_Flow 19-2313] Loaded Vivado IP repository '/opt/Xilinx/Vivado/2022.2/data/ip'.
open_project: Time (s): cpu = 00:00:23 ; elapsed = 00:00:08 . Memory (MB): peak = 7383.305 ; gain = 309.402 ; free physical = 23693 ; free virtual = 90758
update_compile_order -fileset sources_1
open_hw_manager
connect_hw_server -allow_non_jtag
INFO: [Labtools 27-2285] Connecting to hw_server url TCP:localhost:3121
INFO: [Labtools 27-2222] Launching hw_server...
INFO: [Labtools 27-2221] Launch Output:

****** Xilinx hw_server v2022.2
  **** Build date : Oct 14 2022 at 05:10:28
    ** Copyright 1986-2022 Xilinx, Inc. All Rights Reserved.


INFO: [Labtools 27-3415] Connecting to cs_server url TCP:localhost:0
INFO: [Labtools 27-3417] Launching cs_server...
INFO: [Labtools 27-2221] Launch Output:


******** Xilinx cs_server v2022.2.0
  ****** Build date   : Oct 05 2022-08:25:37
    **** Build number : 2022.2.1664925937
      ** Copyright 2017-2023 Xilinx, Inc. All Rights Reserved.



open_hw_target
INFO: [Labtoolstcl 44-466] Opening hw_target localhost:3121/xilinx_tcf/Xilinx/00001db705be01
set_property PROGRAM.FILE {/home/binhkieudo/Workspace/XRPIX/serv/build/servant_1.2.1/nexys_a7-vivado/servant_1.2.1.runs/impl_1/top.bit} [get_hw_devices xc7vx485t_0]
set_property PROBES.FILE {/home/binhkieudo/Workspace/XRPIX/serv/build/servant_1.2.1/nexys_a7-vivado/servant_1.2.1.runs/impl_1/top.ltx} [get_hw_devices xc7vx485t_0]
set_property FULL_PROBES.FILE {/home/binhkieudo/Workspace/XRPIX/serv/build/servant_1.2.1/nexys_a7-vivado/servant_1.2.1.runs/impl_1/top.ltx} [get_hw_devices xc7vx485t_0]
current_hw_device [get_hw_devices xc7vx485t_0]
refresh_hw_device [lindex [get_hw_devices xc7vx485t_0] 0]
INFO: [Labtools 27-1435] Device xc7vx485t (JTAG device index = 0) is not programmed (DONE status = 0).
disconnect_hw_server localhost:3121
connect_hw_server -allow_non_jtag
INFO: [Labtools 27-2285] Connecting to hw_server url TCP:localhost:3121
INFO: [Labtools 27-3415] Connecting to cs_server url TCP:localhost:0
INFO: [Labtools 27-3417] Launching cs_server...
INFO: [Labtools 27-2221] Launch Output:


******** Xilinx cs_server v2022.2.0
  ****** Build date   : Oct 05 2022-08:25:37
    **** Build number : 2022.2.1664925937
      ** Copyright 2017-2023 Xilinx, Inc. All Rights Reserved.



open_hw_target
INFO: [Labtoolstcl 44-466] Opening hw_target localhost:3121/xilinx_tcf/Xilinx/00001db705be01
ERROR: [Labtools 27-2269] No devices detected on target localhost:3121/xilinx_tcf/Xilinx/00001db705be01.
Check cable connectivity and that the target board is powered up then
use the disconnect_hw_server and connect_hw_server to re-register this hardware target.
ERROR: [Common 17-39] 'open_hw_target' failed due to earlier errors.
set_property PROBES.FILE {/home/binhkieudo/Workspace/XRPIX/serv/build/servant_1.2.1/nexys_a7-vivado/servant_1.2.1.runs/impl_1/top.ltx} [get_hw_devices xc7vx485t_0]
set_property FULL_PROBES.FILE {/home/binhkieudo/Workspace/XRPIX/serv/build/servant_1.2.1/nexys_a7-vivado/servant_1.2.1.runs/impl_1/top.ltx} [get_hw_devices xc7vx485t_0]
set_property PROGRAM.FILE {/home/binhkieudo/Workspace/XRPIX/serv/build/servant_1.2.1/nexys_a7-vivado/servant_1.2.1.runs/impl_1/top.bit} [get_hw_devices xc7vx485t_0]
program_hw_devices [get_hw_devices xc7vx485t_0]
INFO: [Labtools 27-3164] End of startup status: HIGH
program_hw_devices: Time (s): cpu = 00:00:58 ; elapsed = 00:00:57 . Memory (MB): peak = 9334.074 ; gain = 0.000 ; free physical = 21598 ; free virtual = 88779
refresh_hw_device [lindex [get_hw_devices xc7vx485t_0] 0]
INFO: [Labtools 27-2302] Device xc7vx485t (JTAG device index = 0) is programmed with a design that has 1 ILA core(s).
INFO: [Labtools 27-2302] Device xc7vx485t (JTAG device index = 0) is programmed with a design that has 1 VIO core(s).
display_hw_ila_data [ get_hw_ila_data hw_ila_data_1 -of_objects [get_hw_ilas -of_objects [get_hw_devices xc7vx485t_0] -filter {CELL_NAME=~"nolabel_line52/serv_dtm/debugger"}]]
set_property TRIGGER_COMPARE_VALUE eq1'bX [get_hw_probes nolabel_line52/serv_dtm/dbg_execute_req_1 -of_objects [get_hw_ilas -of_objects [get_hw_devices xc7vx485t_0] -filter {CELL_NAME=~"nolabel_line52/serv_dtm/debugger"}]]
set_property TRIGGER_COMPARE_VALUE eq1'bR [get_hw_probes nolabel_line52/serv_dtm/dbg_resume_req_1 -of_objects [get_hw_ilas -of_objects [get_hw_devices xc7vx485t_0] -filter {CELL_NAME=~"nolabel_line52/serv_dtm/debugger"}]]
run_hw_ila [get_hw_ilas -of_objects [get_hw_devices xc7vx485t_0] -filter {CELL_NAME=~"nolabel_line52/serv_dtm/debugger"}]
INFO: [Labtools 27-1964] The ILA core 'hw_ila_1' trigger was armed at 2023-Aug-08 23:34:23
set_property PROBES.FILE {/home/binhkieudo/Workspace/XRPIX/serv/build/servant_1.2.1/nexys_a7-vivado/servant_1.2.1.runs/impl_1/top.ltx} [get_hw_devices xc7vx485t_0]
set_property FULL_PROBES.FILE {/home/binhkieudo/Workspace/XRPIX/serv/build/servant_1.2.1/nexys_a7-vivado/servant_1.2.1.runs/impl_1/top.ltx} [get_hw_devices xc7vx485t_0]
set_property PROGRAM.FILE {/home/binhkieudo/Workspace/XRPIX/serv/build/servant_1.2.1/nexys_a7-vivado/servant_1.2.1.runs/impl_1/top.bit} [get_hw_devices xc7vx485t_0]
program_hw_devices [get_hw_devices xc7vx485t_0]
INFO: [Labtools 27-3164] End of startup status: HIGH
program_hw_devices: Time (s): cpu = 00:00:58 ; elapsed = 00:00:57 . Memory (MB): peak = 9521.875 ; gain = 0.000 ; free physical = 21477 ; free virtual = 88676
refresh_hw_device [lindex [get_hw_devices xc7vx485t_0] 0]
INFO: [Labtools 27-2302] Device xc7vx485t (JTAG device index = 0) is programmed with a design that has 1 ILA core(s).
INFO: [Labtools 27-2302] Device xc7vx485t (JTAG device index = 0) is programmed with a design that has 1 VIO core(s).
run_hw_ila [get_hw_ilas -of_objects [get_hw_devices xc7vx485t_0] -filter {CELL_NAME=~"nolabel_line52/serv_dtm/debugger"}]
INFO: [Labtools 27-1964] The ILA core 'hw_ila_1' trigger was armed at 2023-Aug-08 23:37:41
wait_on_hw_ila -timeout 0 [get_hw_ilas -of_objects [get_hw_devices xc7vx485t_0] -filter {CELL_NAME=~"nolabel_line52/serv_dtm/debugger"}]
upload_hw_ila_data [get_hw_ilas -of_objects [get_hw_devices xc7vx485t_0] -filter {CELL_NAME=~"nolabel_line52/serv_dtm/debugger"}]
INFO: [Labtools 27-1965] The ILA core 'hw_ila_1' trigger was stopped by user at 2023-Aug-08 23:38:12
WARNING: [Labtools 27-157] hw_ila [hw_ila_1] stopped. No data to upload.
set_property TRIGGER_COMPARE_VALUE eq1'bX [get_hw_probes nolabel_line52/serv_dtm/dbg_resume_req_1 -of_objects [get_hw_ilas -of_objects [get_hw_devices xc7vx485t_0] -filter {CELL_NAME=~"nolabel_line52/serv_dtm/debugger"}]]
set_property TRIGGER_COMPARE_VALUE eq1'bR [get_hw_probes nolabel_line52/serv_dtm/ibus_cycle_1 -of_objects [get_hw_ilas -of_objects [get_hw_devices xc7vx485t_0] -filter {CELL_NAME=~"nolabel_line52/serv_dtm/debugger"}]]
run_hw_ila [get_hw_ilas -of_objects [get_hw_devices xc7vx485t_0] -filter {CELL_NAME=~"nolabel_line52/serv_dtm/debugger"}]
INFO: [Labtools 27-1964] The ILA core 'hw_ila_1' trigger was armed at 2023-Aug-08 23:38:25
wait_on_hw_ila [get_hw_ilas -of_objects [get_hw_devices xc7vx485t_0] -filter {CELL_NAME=~"nolabel_line52/serv_dtm/debugger"}]
display_hw_ila_data [upload_hw_ila_data [get_hw_ilas -of_objects [get_hw_devices xc7vx485t_0] -filter {CELL_NAME=~"nolabel_line52/serv_dtm/debugger"}]]
INFO: [Labtools 27-1966] The ILA core 'hw_ila_1' triggered at 2023-Aug-08 23:38:25
upload_hw_ila_data: Time (s): cpu = 00:00:01 ; elapsed = 00:00:27 . Memory (MB): peak = 9533.836 ; gain = 0.000 ; free physical = 21253 ; free virtual = 88609
INFO: [Labtools 27-3304] ILA Waveform data saved to file /home/binhkieudo/Workspace/XRPIX/serv/build/servant_1.2.1/nexys_a7-vivado/servant_1.2.1.hw/backup/hw_ila_data_1.ila. Use Tcl command 'read_hw_ila_data' or Vivado File->Import->Import ILA Data menu item to import the previously saved data.
display_hw_ila_data: Time (s): cpu = 00:00:06 ; elapsed = 00:00:05 . Memory (MB): peak = 9602.699 ; gain = 68.863 ; free physical = 21189 ; free virtual = 88591
set_property TRIGGER_COMPARE_VALUE eq1'bX [get_hw_probes nolabel_line52/serv_dtm/ibus_cycle_1 -of_objects [get_hw_ilas -of_objects [get_hw_devices xc7vx485t_0] -filter {CELL_NAME=~"nolabel_line52/serv_dtm/debugger"}]]
set_property TRIGGER_COMPARE_VALUE eq1'bR [get_hw_probes nolabel_line52/serv_dtm/o_cpu_req_halt_1 -of_objects [get_hw_ilas -of_objects [get_hw_devices xc7vx485t_0] -filter {CELL_NAME=~"nolabel_line52/serv_dtm/debugger"}]]
set_property PROBES.FILE {/home/binhkieudo/Workspace/XRPIX/serv/build/servant_1.2.1/nexys_a7-vivado/servant_1.2.1.runs/impl_1/top.ltx} [get_hw_devices xc7vx485t_0]
set_property FULL_PROBES.FILE {/home/binhkieudo/Workspace/XRPIX/serv/build/servant_1.2.1/nexys_a7-vivado/servant_1.2.1.runs/impl_1/top.ltx} [get_hw_devices xc7vx485t_0]
set_property PROGRAM.FILE {/home/binhkieudo/Workspace/XRPIX/serv/build/servant_1.2.1/nexys_a7-vivado/servant_1.2.1.runs/impl_1/top.bit} [get_hw_devices xc7vx485t_0]
program_hw_devices [get_hw_devices xc7vx485t_0]
INFO: [Labtools 27-3164] End of startup status: HIGH
program_hw_devices: Time (s): cpu = 00:01:02 ; elapsed = 00:00:57 . Memory (MB): peak = 9602.699 ; gain = 0.000 ; free physical = 19277 ; free virtual = 87501
refresh_hw_device [lindex [get_hw_devices xc7vx485t_0] 0]
INFO: [Labtools 27-2302] Device xc7vx485t (JTAG device index = 0) is programmed with a design that has 1 ILA core(s).
INFO: [Labtools 27-2302] Device xc7vx485t (JTAG device index = 0) is programmed with a design that has 1 VIO core(s).
run_hw_ila [get_hw_ilas -of_objects [get_hw_devices xc7vx485t_0] -filter {CELL_NAME=~"nolabel_line52/serv_dtm/debugger"}]
INFO: [Labtools 27-1964] The ILA core 'hw_ila_1' trigger was armed at 2023-Aug-08 23:42:20
wait_on_hw_ila [get_hw_ilas -of_objects [get_hw_devices xc7vx485t_0] -filter {CELL_NAME=~"nolabel_line52/serv_dtm/debugger"}]
display_hw_ila_data [upload_hw_ila_data [get_hw_ilas -of_objects [get_hw_devices xc7vx485t_0] -filter {CELL_NAME=~"nolabel_line52/serv_dtm/debugger"}]]
INFO: [Labtools 27-1966] The ILA core 'hw_ila_1' triggered at 2023-Aug-08 23:42:46
upload_hw_ila_data: Time (s): cpu = 00:00:01 ; elapsed = 00:00:26 . Memory (MB): peak = 9603.062 ; gain = 0.000 ; free physical = 19232 ; free virtual = 87440
INFO: [Labtools 27-3304] ILA Waveform data saved to file /home/binhkieudo/Workspace/XRPIX/serv/build/servant_1.2.1/nexys_a7-vivado/servant_1.2.1.hw/backup/hw_ila_data_1.ila. Use Tcl command 'read_hw_ila_data' or Vivado File->Import->Import ILA Data menu item to import the previously saved data.
display_hw_ila_data: Time (s): cpu = 00:00:05 ; elapsed = 00:00:05 . Memory (MB): peak = 9604.066 ; gain = 1.004 ; free physical = 19238 ; free virtual = 87445
set_property TRIGGER_COMPARE_VALUE eq1'bX [get_hw_probes nolabel_line52/serv_dtm/o_cpu_req_halt_1 -of_objects [get_hw_ilas -of_objects [get_hw_devices xc7vx485t_0] -filter {CELL_NAME=~"nolabel_line52/serv_dtm/debugger"}]]
set_property TRIGGER_COMPARE_VALUE eq1'bR [get_hw_probes nolabel_line52/serv_dtm/i_sbus_cyc_1 -of_objects [get_hw_ilas -of_objects [get_hw_devices xc7vx485t_0] -filter {CELL_NAME=~"nolabel_line52/serv_dtm/debugger"}]]
set_property TRIGGER_COMPARE_VALUE eq32'hFFFF_F818 [get_hw_probes nolabel_line52/serv_dtm/i_sbus_adr_1 -of_objects [get_hw_ilas -of_objects [get_hw_devices xc7vx485t_0] -filter {CELL_NAME=~"nolabel_line52/serv_dtm/debugger"}]]
set_property PROBES.FILE {/home/binhkieudo/Workspace/XRPIX/serv/build/servant_1.2.1/nexys_a7-vivado/servant_1.2.1.runs/impl_1/top.ltx} [get_hw_devices xc7vx485t_0]
set_property FULL_PROBES.FILE {/home/binhkieudo/Workspace/XRPIX/serv/build/servant_1.2.1/nexys_a7-vivado/servant_1.2.1.runs/impl_1/top.ltx} [get_hw_devices xc7vx485t_0]
set_property PROGRAM.FILE {/home/binhkieudo/Workspace/XRPIX/serv/build/servant_1.2.1/nexys_a7-vivado/servant_1.2.1.runs/impl_1/top.bit} [get_hw_devices xc7vx485t_0]
program_hw_devices [get_hw_devices xc7vx485t_0]
INFO: [Labtools 27-3164] End of startup status: HIGH
program_hw_devices: Time (s): cpu = 00:00:59 ; elapsed = 00:00:57 . Memory (MB): peak = 9646.102 ; gain = 0.000 ; free physical = 18871 ; free virtual = 87099
refresh_hw_device [lindex [get_hw_devices xc7vx485t_0] 0]
INFO: [Labtools 27-2302] Device xc7vx485t (JTAG device index = 0) is programmed with a design that has 1 ILA core(s).
INFO: [Labtools 27-2302] Device xc7vx485t (JTAG device index = 0) is programmed with a design that has 1 VIO core(s).
run_hw_ila [get_hw_ilas -of_objects [get_hw_devices xc7vx485t_0] -filter {CELL_NAME=~"nolabel_line52/serv_dtm/debugger"}]
INFO: [Labtools 27-1964] The ILA core 'hw_ila_1' trigger was armed at 2023-Aug-09 00:01:12
set_property TRIGGER_COMPARE_VALUE eq32'hXXXX_XXXX [get_hw_probes nolabel_line52/serv_dtm/i_sbus_adr_1 -of_objects [get_hw_ilas -of_objects [get_hw_devices xc7vx485t_0] -filter {CELL_NAME=~"nolabel_line52/serv_dtm/debugger"}]]
set_property TRIGGER_COMPARE_VALUE eq1'bX [get_hw_probes nolabel_line52/serv_dtm/i_sbus_cyc_1 -of_objects [get_hw_ilas -of_objects [get_hw_devices xc7vx485t_0] -filter {CELL_NAME=~"nolabel_line52/serv_dtm/debugger"}]]
set_property TRIGGER_COMPARE_VALUE eq1'bR [get_hw_probes nolabel_line52/serv_dtm/dbg_execute_req_1 -of_objects [get_hw_ilas -of_objects [get_hw_devices xc7vx485t_0] -filter {CELL_NAME=~"nolabel_line52/serv_dtm/debugger"}]]
set_property PROBES.FILE {/home/binhkieudo/Workspace/XRPIX/serv/build/servant_1.2.1/nexys_a7-vivado/servant_1.2.1.runs/impl_1/top.ltx} [get_hw_devices xc7vx485t_0]
set_property FULL_PROBES.FILE {/home/binhkieudo/Workspace/XRPIX/serv/build/servant_1.2.1/nexys_a7-vivado/servant_1.2.1.runs/impl_1/top.ltx} [get_hw_devices xc7vx485t_0]
set_property PROGRAM.FILE {/home/binhkieudo/Workspace/XRPIX/serv/build/servant_1.2.1/nexys_a7-vivado/servant_1.2.1.runs/impl_1/top.bit} [get_hw_devices xc7vx485t_0]
program_hw_devices [get_hw_devices xc7vx485t_0]
INFO: [Labtools 27-3164] End of startup status: HIGH
program_hw_devices: Time (s): cpu = 00:00:58 ; elapsed = 00:00:57 . Memory (MB): peak = 9649.094 ; gain = 0.000 ; free physical = 18779 ; free virtual = 87023
refresh_hw_device [lindex [get_hw_devices xc7vx485t_0] 0]
INFO: [Labtools 27-2302] Device xc7vx485t (JTAG device index = 0) is programmed with a design that has 1 ILA core(s).
INFO: [Labtools 27-2302] Device xc7vx485t (JTAG device index = 0) is programmed with a design that has 1 VIO core(s).
run_hw_ila [get_hw_ilas -of_objects [get_hw_devices xc7vx485t_0] -filter {CELL_NAME=~"nolabel_line52/serv_dtm/debugger"}]
INFO: [Labtools 27-1964] The ILA core 'hw_ila_1' trigger was armed at 2023-Aug-09 00:19:45
wait_on_hw_ila [get_hw_ilas -of_objects [get_hw_devices xc7vx485t_0] -filter {CELL_NAME=~"nolabel_line52/serv_dtm/debugger"}]
display_hw_ila_data [upload_hw_ila_data [get_hw_ilas -of_objects [get_hw_devices xc7vx485t_0] -filter {CELL_NAME=~"nolabel_line52/serv_dtm/debugger"}]]
INFO: [Labtools 27-1966] The ILA core 'hw_ila_1' triggered at 2023-Aug-09 00:19:49
upload_hw_ila_data: Time (s): cpu = 00:00:02 ; elapsed = 00:00:26 . Memory (MB): peak = 9657.098 ; gain = 0.000 ; free physical = 18813 ; free virtual = 87059
INFO: [Labtools 27-3304] ILA Waveform data saved to file /home/binhkieudo/Workspace/XRPIX/serv/build/servant_1.2.1/nexys_a7-vivado/servant_1.2.1.hw/backup/hw_ila_data_1.ila. Use Tcl command 'read_hw_ila_data' or Vivado File->Import->Import ILA Data menu item to import the previously saved data.
display_hw_ila_data: Time (s): cpu = 00:00:07 ; elapsed = 00:00:06 . Memory (MB): peak = 9657.098 ; gain = 0.000 ; free physical = 18748 ; free virtual = 87008
close_hw_manager
reset_run synth_1
INFO: [Project 1-1161] Replacing file /home/binhkieudo/Workspace/XRPIX/serv/build/servant_1.2.1/nexys_a7-vivado/servant_1.2.1.srcs/utils_1/imports/synth_1/servix.dcp with file /home/binhkieudo/Workspace/XRPIX/serv/build/servant_1.2.1/nexys_a7-vivado/servant_1.2.1.runs/synth_1/top.dcp
launch_runs impl_1 -to_step write_bitstream -jobs 16
[Wed Aug  9 00:25:21 2023] Launched synth_1...
Run output will be captured here: /home/binhkieudo/Workspace/XRPIX/serv/build/servant_1.2.1/nexys_a7-vivado/servant_1.2.1.runs/synth_1/runme.log
[Wed Aug  9 00:25:21 2023] Launched impl_1...
Run output will be captured here: /home/binhkieudo/Workspace/XRPIX/serv/build/servant_1.2.1/nexys_a7-vivado/servant_1.2.1.runs/impl_1/runme.log
open_hw_manager
connect_hw_server -allow_non_jtag
INFO: [Labtools 27-2285] Connecting to hw_server url TCP:localhost:3121
INFO: [Labtools 27-2222] Launching hw_server...
INFO: [Labtools 27-2221] Launch Output:

****** Xilinx hw_server v2022.2
  **** Build date : Oct 14 2022 at 05:10:28
    ** Copyright 1986-2022 Xilinx, Inc. All Rights Reserved.


INFO: [Labtools 27-3415] Connecting to cs_server url TCP:localhost:0
INFO: [Labtools 27-3417] Launching cs_server...
INFO: [Labtools 27-2221] Launch Output:


******** Xilinx cs_server v2022.2.0
  ****** Build date   : Oct 05 2022-08:25:37
    **** Build number : 2022.2.1664925937
      ** Copyright 2017-2023 Xilinx, Inc. All Rights Reserved.



open_hw_target
INFO: [Labtoolstcl 44-466] Opening hw_target localhost:3121/xilinx_tcf/Xilinx/00001db705be01
set_property PROGRAM.FILE {/home/binhkieudo/Workspace/XRPIX/serv/build/servant_1.2.1/nexys_a7-vivado/servant_1.2.1.runs/impl_1/top.bit} [get_hw_devices xc7vx485t_0]
set_property PROBES.FILE {/home/binhkieudo/Workspace/XRPIX/serv/build/servant_1.2.1/nexys_a7-vivado/servant_1.2.1.runs/impl_1/top.ltx} [get_hw_devices xc7vx485t_0]
set_property FULL_PROBES.FILE {/home/binhkieudo/Workspace/XRPIX/serv/build/servant_1.2.1/nexys_a7-vivado/servant_1.2.1.runs/impl_1/top.ltx} [get_hw_devices xc7vx485t_0]
current_hw_device [get_hw_devices xc7vx485t_0]
refresh_hw_device [lindex [get_hw_devices xc7vx485t_0] 0]
INFO: [Labtools 27-2302] Device xc7vx485t (JTAG device index = 0) is programmed with a design that has 1 ILA core(s).
INFO: [Labtools 27-2302] Device xc7vx485t (JTAG device index = 0) is programmed with a design that has 1 VIO core(s).
display_hw_ila_data [ get_hw_ila_data hw_ila_data_1 -of_objects [get_hw_ilas -of_objects [get_hw_devices xc7vx485t_0] -filter {CELL_NAME=~"nolabel_line52/serv_dtm/debugger"}]]
set_property PROBES.FILE {/home/binhkieudo/Workspace/XRPIX/serv/build/servant_1.2.1/nexys_a7-vivado/servant_1.2.1.runs/impl_1/top.ltx} [get_hw_devices xc7vx485t_0]
set_property FULL_PROBES.FILE {/home/binhkieudo/Workspace/XRPIX/serv/build/servant_1.2.1/nexys_a7-vivado/servant_1.2.1.runs/impl_1/top.ltx} [get_hw_devices xc7vx485t_0]
set_property PROGRAM.FILE {/home/binhkieudo/Workspace/XRPIX/serv/build/servant_1.2.1/nexys_a7-vivado/servant_1.2.1.runs/impl_1/top.bit} [get_hw_devices xc7vx485t_0]
program_hw_devices [get_hw_devices xc7vx485t_0]
INFO: [Labtools 27-3164] End of startup status: HIGH
program_hw_devices: Time (s): cpu = 00:00:59 ; elapsed = 00:00:57 . Memory (MB): peak = 9703.152 ; gain = 0.000 ; free physical = 18461 ; free virtual = 86984
refresh_hw_device [lindex [get_hw_devices xc7vx485t_0] 0]
INFO: [Labtools 27-2302] Device xc7vx485t (JTAG device index = 0) is programmed with a design that has 1 ILA core(s).
INFO: [Labtools 27-2302] Device xc7vx485t (JTAG device index = 0) is programmed with a design that has 1 VIO core(s).
set_property TRIGGER_COMPARE_VALUE eq1'bX [get_hw_probes nolabel_line52/serv_dtm/dbg_execute_req_1 -of_objects [get_hw_ilas -of_objects [get_hw_devices xc7vx485t_0] -filter {CELL_NAME=~"nolabel_line52/serv_dtm/debugger"}]]
set_property TRIGGER_COMPARE_VALUE eq1'bR [get_hw_probes nolabel_line52/serv_dtm/dbg_resume_req_1 -of_objects [get_hw_ilas -of_objects [get_hw_devices xc7vx485t_0] -filter {CELL_NAME=~"nolabel_line52/serv_dtm/debugger"}]]
run_hw_ila [get_hw_ilas -of_objects [get_hw_devices xc7vx485t_0] -filter {CELL_NAME=~"nolabel_line52/serv_dtm/debugger"}]
INFO: [Labtools 27-1964] The ILA core 'hw_ila_1' trigger was armed at 2023-Aug-09 00:41:44
wait_on_hw_ila [get_hw_ilas -of_objects [get_hw_devices xc7vx485t_0] -filter {CELL_NAME=~"nolabel_line52/serv_dtm/debugger"}]
display_hw_ila_data [upload_hw_ila_data [get_hw_ilas -of_objects [get_hw_devices xc7vx485t_0] -filter {CELL_NAME=~"nolabel_line52/serv_dtm/debugger"}]]
INFO: [Labtools 27-1966] The ILA core 'hw_ila_1' triggered at 2023-Aug-09 00:41:48
upload_hw_ila_data: Time (s): cpu = 00:00:02 ; elapsed = 00:00:27 . Memory (MB): peak = 9703.152 ; gain = 0.000 ; free physical = 18431 ; free virtual = 86956
INFO: [Labtools 27-3304] ILA Waveform data saved to file /home/binhkieudo/Workspace/XRPIX/serv/build/servant_1.2.1/nexys_a7-vivado/servant_1.2.1.hw/backup/hw_ila_data_1.ila. Use Tcl command 'read_hw_ila_data' or Vivado File->Import->Import ILA Data menu item to import the previously saved data.
display_hw_ila_data: Time (s): cpu = 00:00:05 ; elapsed = 00:00:05 . Memory (MB): peak = 9703.152 ; gain = 0.000 ; free physical = 18441 ; free virtual = 86965
set_property TRIGGER_COMPARE_VALUE eq1'bF [get_hw_probes nolabel_line52/serv_dtm/dbg_resume_req_1 -of_objects [get_hw_ilas -of_objects [get_hw_devices xc7vx485t_0] -filter {CELL_NAME=~"nolabel_line52/serv_dtm/debugger"}]]
set_property PROBES.FILE {/home/binhkieudo/Workspace/XRPIX/serv/build/servant_1.2.1/nexys_a7-vivado/servant_1.2.1.runs/impl_1/top.ltx} [get_hw_devices xc7vx485t_0]
set_property FULL_PROBES.FILE {/home/binhkieudo/Workspace/XRPIX/serv/build/servant_1.2.1/nexys_a7-vivado/servant_1.2.1.runs/impl_1/top.ltx} [get_hw_devices xc7vx485t_0]
set_property PROGRAM.FILE {/home/binhkieudo/Workspace/XRPIX/serv/build/servant_1.2.1/nexys_a7-vivado/servant_1.2.1.runs/impl_1/top.bit} [get_hw_devices xc7vx485t_0]
program_hw_devices [get_hw_devices xc7vx485t_0]
INFO: [Labtools 27-3164] End of startup status: HIGH
program_hw_devices: Time (s): cpu = 00:00:58 ; elapsed = 00:00:57 . Memory (MB): peak = 9703.152 ; gain = 0.000 ; free physical = 18449 ; free virtual = 86968
refresh_hw_device [lindex [get_hw_devices xc7vx485t_0] 0]
INFO: [Labtools 27-2302] Device xc7vx485t (JTAG device index = 0) is programmed with a design that has 1 ILA core(s).
INFO: [Labtools 27-2302] Device xc7vx485t (JTAG device index = 0) is programmed with a design that has 1 VIO core(s).
run_hw_ila [get_hw_ilas -of_objects [get_hw_devices xc7vx485t_0] -filter {CELL_NAME=~"nolabel_line52/serv_dtm/debugger"}]
INFO: [Labtools 27-1964] The ILA core 'hw_ila_1' trigger was armed at 2023-Aug-09 00:44:29
wait_on_hw_ila -timeout 0 [get_hw_ilas -of_objects [get_hw_devices xc7vx485t_0] -filter {CELL_NAME=~"nolabel_line52/serv_dtm/debugger"}]
upload_hw_ila_data [get_hw_ilas -of_objects [get_hw_devices xc7vx485t_0] -filter {CELL_NAME=~"nolabel_line52/serv_dtm/debugger"}]
INFO: [Labtools 27-1965] The ILA core 'hw_ila_1' trigger was stopped by user at 2023-Aug-09 00:44:36
WARNING: [Labtools 27-157] hw_ila [hw_ila_1] stopped. No data to upload.
set_property CONTROL.TRIGGER_POSITION 16384 [get_hw_ilas -of_objects [get_hw_devices xc7vx485t_0] -filter {CELL_NAME=~"nolabel_line52/serv_dtm/debugger"}]
run_hw_ila [get_hw_ilas -of_objects [get_hw_devices xc7vx485t_0] -filter {CELL_NAME=~"nolabel_line52/serv_dtm/debugger"}]
INFO: [Labtools 27-1964] The ILA core 'hw_ila_1' trigger was armed at 2023-Aug-09 00:44:46
wait_on_hw_ila [get_hw_ilas -of_objects [get_hw_devices xc7vx485t_0] -filter {CELL_NAME=~"nolabel_line52/serv_dtm/debugger"}]
display_hw_ila_data [upload_hw_ila_data [get_hw_ilas -of_objects [get_hw_devices xc7vx485t_0] -filter {CELL_NAME=~"nolabel_line52/serv_dtm/debugger"}]]
INFO: [Labtools 27-1966] The ILA core 'hw_ila_1' triggered at 2023-Aug-09 00:46:23
upload_hw_ila_data: Time (s): cpu = 00:00:01 ; elapsed = 00:00:27 . Memory (MB): peak = 9705.137 ; gain = 0.000 ; free physical = 18299 ; free virtual = 86841
INFO: [Labtools 27-3304] ILA Waveform data saved to file /home/binhkieudo/Workspace/XRPIX/serv/build/servant_1.2.1/nexys_a7-vivado/servant_1.2.1.hw/backup/hw_ila_data_1.ila. Use Tcl command 'read_hw_ila_data' or Vivado File->Import->Import ILA Data menu item to import the previously saved data.
display_hw_ila_data: Time (s): cpu = 00:00:06 ; elapsed = 00:00:05 . Memory (MB): peak = 9705.137 ; gain = 0.000 ; free physical = 18305 ; free virtual = 86850
set_property TRIGGER_COMPARE_VALUE eq1'bR [get_hw_probes nolabel_line52/serv_dtm/dbg_resume_req_1 -of_objects [get_hw_ilas -of_objects [get_hw_devices xc7vx485t_0] -filter {CELL_NAME=~"nolabel_line52/serv_dtm/debugger"}]]
run_hw_ila [get_hw_ilas -of_objects [get_hw_devices xc7vx485t_0] -filter {CELL_NAME=~"nolabel_line52/serv_dtm/debugger"}]
INFO: [Labtools 27-1964] The ILA core 'hw_ila_1' trigger was armed at 2023-Aug-09 00:48:41
wait_on_hw_ila [get_hw_ilas -of_objects [get_hw_devices xc7vx485t_0] -filter {CELL_NAME=~"nolabel_line52/serv_dtm/debugger"}]
display_hw_ila_data [upload_hw_ila_data [get_hw_ilas -of_objects [get_hw_devices xc7vx485t_0] -filter {CELL_NAME=~"nolabel_line52/serv_dtm/debugger"}]]
INFO: [Labtools 27-1966] The ILA core 'hw_ila_1' triggered at 2023-Aug-09 00:59:19
upload_hw_ila_data: Time (s): cpu = 00:00:02 ; elapsed = 00:00:27 . Memory (MB): peak = 9724.133 ; gain = 0.000 ; free physical = 18170 ; free virtual = 86849
INFO: [Labtools 27-3304] ILA Waveform data saved to file /home/binhkieudo/Workspace/XRPIX/serv/build/servant_1.2.1/nexys_a7-vivado/servant_1.2.1.hw/backup/hw_ila_data_1.ila. Use Tcl command 'read_hw_ila_data' or Vivado File->Import->Import ILA Data menu item to import the previously saved data.
display_hw_ila_data: Time (s): cpu = 00:00:06 ; elapsed = 00:00:05 . Memory (MB): peak = 9741.148 ; gain = 17.016 ; free physical = 18184 ; free virtual = 86860
set_property TRIGGER_COMPARE_VALUE eq1'bF [get_hw_probes nolabel_line52/serv_dtm/dbg_resume_req_1 -of_objects [get_hw_ilas -of_objects [get_hw_devices xc7vx485t_0] -filter {CELL_NAME=~"nolabel_line52/serv_dtm/debugger"}]]
run_hw_ila [get_hw_ilas -of_objects [get_hw_devices xc7vx485t_0] -filter {CELL_NAME=~"nolabel_line52/serv_dtm/debugger"}]
INFO: [Labtools 27-1964] The ILA core 'hw_ila_1' trigger was armed at 2023-Aug-09 01:01:07
wait_on_hw_ila [get_hw_ilas -of_objects [get_hw_devices xc7vx485t_0] -filter {CELL_NAME=~"nolabel_line52/serv_dtm/debugger"}]
display_hw_ila_data [upload_hw_ila_data [get_hw_ilas -of_objects [get_hw_devices xc7vx485t_0] -filter {CELL_NAME=~"nolabel_line52/serv_dtm/debugger"}]]
INFO: [Labtools 27-1966] The ILA core 'hw_ila_1' triggered at 2023-Aug-09 01:01:10
upload_hw_ila_data: Time (s): cpu = 00:00:01 ; elapsed = 00:00:27 . Memory (MB): peak = 9741.148 ; gain = 0.000 ; free physical = 18184 ; free virtual = 86860
INFO: [Labtools 27-3304] ILA Waveform data saved to file /home/binhkieudo/Workspace/XRPIX/serv/build/servant_1.2.1/nexys_a7-vivado/servant_1.2.1.hw/backup/hw_ila_data_1.ila. Use Tcl command 'read_hw_ila_data' or Vivado File->Import->Import ILA Data menu item to import the previously saved data.
display_hw_ila_data: Time (s): cpu = 00:00:06 ; elapsed = 00:00:05 . Memory (MB): peak = 9741.148 ; gain = 0.000 ; free physical = 18176 ; free virtual = 86855
set_property CONTROL.TRIGGER_POSITION 64 [get_hw_ilas -of_objects [get_hw_devices xc7vx485t_0] -filter {CELL_NAME=~"nolabel_line52/serv_dtm/debugger"}]
run_hw_ila [get_hw_ilas -of_objects [get_hw_devices xc7vx485t_0] -filter {CELL_NAME=~"nolabel_line52/serv_dtm/debugger"}]
INFO: [Labtools 27-1964] The ILA core 'hw_ila_1' trigger was armed at 2023-Aug-09 01:02:20
wait_on_hw_ila [get_hw_ilas -of_objects [get_hw_devices xc7vx485t_0] -filter {CELL_NAME=~"nolabel_line52/serv_dtm/debugger"}]
display_hw_ila_data [upload_hw_ila_data [get_hw_ilas -of_objects [get_hw_devices xc7vx485t_0] -filter {CELL_NAME=~"nolabel_line52/serv_dtm/debugger"}]]
INFO: [Labtools 27-1966] The ILA core 'hw_ila_1' triggered at 2023-Aug-09 01:02:21
upload_hw_ila_data: Time (s): cpu = 00:00:01 ; elapsed = 00:00:27 . Memory (MB): peak = 9741.148 ; gain = 0.000 ; free physical = 18181 ; free virtual = 86857
INFO: [Labtools 27-3304] ILA Waveform data saved to file /home/binhkieudo/Workspace/XRPIX/serv/build/servant_1.2.1/nexys_a7-vivado/servant_1.2.1.hw/backup/hw_ila_data_1.ila. Use Tcl command 'read_hw_ila_data' or Vivado File->Import->Import ILA Data menu item to import the previously saved data.
display_hw_ila_data: Time (s): cpu = 00:00:06 ; elapsed = 00:00:05 . Memory (MB): peak = 9741.148 ; gain = 0.000 ; free physical = 18218 ; free virtual = 86891
save_wave_config {/home/binhkieudo/Workspace/XRPIX/serv/build/servant_1.2.1/nexys_a7-vivado/servant_1.2.1.hw/hw_1/wave/hw_ila_data_1/hw_ila_data_1.wcfg}
close_hw_manager
reset_run synth_1
INFO: [Project 1-1161] Replacing file /home/binhkieudo/Workspace/XRPIX/serv/build/servant_1.2.1/nexys_a7-vivado/servant_1.2.1.srcs/utils_1/imports/synth_1/servix.dcp with file /home/binhkieudo/Workspace/XRPIX/serv/build/servant_1.2.1/nexys_a7-vivado/servant_1.2.1.runs/synth_1/top.dcp
launch_runs impl_1 -to_step write_bitstream -jobs 16
[Wed Aug  9 01:05:29 2023] Launched synth_1...
Run output will be captured here: /home/binhkieudo/Workspace/XRPIX/serv/build/servant_1.2.1/nexys_a7-vivado/servant_1.2.1.runs/synth_1/runme.log
[Wed Aug  9 01:05:29 2023] Launched impl_1...
Run output will be captured here: /home/binhkieudo/Workspace/XRPIX/serv/build/servant_1.2.1/nexys_a7-vivado/servant_1.2.1.runs/impl_1/runme.log
open_hw_manager
connect_hw_server -allow_non_jtag
INFO: [Labtools 27-2285] Connecting to hw_server url TCP:localhost:3121
INFO: [Labtools 27-2222] Launching hw_server...
INFO: [Labtools 27-2221] Launch Output:

****** Xilinx hw_server v2022.2
  **** Build date : Oct 14 2022 at 05:10:28
    ** Copyright 1986-2022 Xilinx, Inc. All Rights Reserved.


INFO: [Labtools 27-3415] Connecting to cs_server url TCP:localhost:0
INFO: [Labtools 27-3417] Launching cs_server...
INFO: [Labtools 27-2221] Launch Output:


******** Xilinx cs_server v2022.2.0
  ****** Build date   : Oct 05 2022-08:25:37
    **** Build number : 2022.2.1664925937
      ** Copyright 2017-2023 Xilinx, Inc. All Rights Reserved.



open_hw_target
INFO: [Labtoolstcl 44-466] Opening hw_target localhost:3121/xilinx_tcf/Xilinx/00001db705be01
set_property PROGRAM.FILE {/home/binhkieudo/Workspace/XRPIX/serv/build/servant_1.2.1/nexys_a7-vivado/servant_1.2.1.runs/impl_1/top.bit} [get_hw_devices xc7vx485t_0]
set_property PROBES.FILE {/home/binhkieudo/Workspace/XRPIX/serv/build/servant_1.2.1/nexys_a7-vivado/servant_1.2.1.runs/impl_1/top.ltx} [get_hw_devices xc7vx485t_0]
set_property FULL_PROBES.FILE {/home/binhkieudo/Workspace/XRPIX/serv/build/servant_1.2.1/nexys_a7-vivado/servant_1.2.1.runs/impl_1/top.ltx} [get_hw_devices xc7vx485t_0]
current_hw_device [get_hw_devices xc7vx485t_0]
refresh_hw_device [lindex [get_hw_devices xc7vx485t_0] 0]
INFO: [Labtools 27-2302] Device xc7vx485t (JTAG device index = 0) is programmed with a design that has 1 ILA core(s).
INFO: [Labtools 27-2302] Device xc7vx485t (JTAG device index = 0) is programmed with a design that has 1 VIO core(s).
display_hw_ila_data [ get_hw_ila_data hw_ila_data_1 -of_objects [get_hw_ilas -of_objects [get_hw_devices xc7vx485t_0] -filter {CELL_NAME=~"nolabel_line52/serv_dtm/debugger"}]]
set_property PROBES.FILE {/home/binhkieudo/Workspace/XRPIX/serv/build/servant_1.2.1/nexys_a7-vivado/servant_1.2.1.runs/impl_1/top.ltx} [get_hw_devices xc7vx485t_0]
set_property FULL_PROBES.FILE {/home/binhkieudo/Workspace/XRPIX/serv/build/servant_1.2.1/nexys_a7-vivado/servant_1.2.1.runs/impl_1/top.ltx} [get_hw_devices xc7vx485t_0]
set_property PROGRAM.FILE {/home/binhkieudo/Workspace/XRPIX/serv/build/servant_1.2.1/nexys_a7-vivado/servant_1.2.1.runs/impl_1/top.bit} [get_hw_devices xc7vx485t_0]
program_hw_devices [get_hw_devices xc7vx485t_0]
INFO: [Labtools 27-3164] End of startup status: HIGH
program_hw_devices: Time (s): cpu = 00:00:58 ; elapsed = 00:00:57 . Memory (MB): peak = 9773.164 ; gain = 0.000 ; free physical = 17266 ; free virtual = 86114
refresh_hw_device [lindex [get_hw_devices xc7vx485t_0] 0]
INFO: [Labtools 27-2302] Device xc7vx485t (JTAG device index = 0) is programmed with a design that has 1 ILA core(s).
INFO: [Labtools 27-2302] Device xc7vx485t (JTAG device index = 0) is programmed with a design that has 1 VIO core(s).
run_hw_ila [get_hw_ilas -of_objects [get_hw_devices xc7vx485t_0] -filter {CELL_NAME=~"nolabel_line52/serv_dtm/debugger"}]
INFO: [Labtools 27-1964] The ILA core 'hw_ila_1' trigger was armed at 2023-Aug-09 01:21:06
wait_on_hw_ila [get_hw_ilas -of_objects [get_hw_devices xc7vx485t_0] -filter {CELL_NAME=~"nolabel_line52/serv_dtm/debugger"}]
display_hw_ila_data [upload_hw_ila_data [get_hw_ilas -of_objects [get_hw_devices xc7vx485t_0] -filter {CELL_NAME=~"nolabel_line52/serv_dtm/debugger"}]]
INFO: [Labtools 27-1966] The ILA core 'hw_ila_1' triggered at 2023-Aug-09 01:21:11
upload_hw_ila_data: Time (s): cpu = 00:00:02 ; elapsed = 00:00:27 . Memory (MB): peak = 9773.164 ; gain = 0.000 ; free physical = 16933 ; free virtual = 85931
INFO: [Labtools 27-3304] ILA Waveform data saved to file /home/binhkieudo/Workspace/XRPIX/serv/build/servant_1.2.1/nexys_a7-vivado/servant_1.2.1.hw/backup/hw_ila_data_1.ila. Use Tcl command 'read_hw_ila_data' or Vivado File->Import->Import ILA Data menu item to import the previously saved data.
display_hw_ila_data: Time (s): cpu = 00:00:06 ; elapsed = 00:00:06 . Memory (MB): peak = 9773.164 ; gain = 0.000 ; free physical = 16894 ; free virtual = 85910
set_property TRIGGER_COMPARE_VALUE eq1'bX [get_hw_probes nolabel_line52/serv_dtm/dbg_resume_req_1 -of_objects [get_hw_ilas -of_objects [get_hw_devices xc7vx485t_0] -filter {CELL_NAME=~"nolabel_line52/serv_dtm/debugger"}]]
set_property TRIGGER_COMPARE_VALUE eq1'bR [get_hw_probes nolabel_line52/serv_dtm/o_dbg_step_1 -of_objects [get_hw_ilas -of_objects [get_hw_devices xc7vx485t_0] -filter {CELL_NAME=~"nolabel_line52/serv_dtm/debugger"}]]
set_property PROBES.FILE {/home/binhkieudo/Workspace/XRPIX/serv/build/servant_1.2.1/nexys_a7-vivado/servant_1.2.1.runs/impl_1/top.ltx} [get_hw_devices xc7vx485t_0]
set_property FULL_PROBES.FILE {/home/binhkieudo/Workspace/XRPIX/serv/build/servant_1.2.1/nexys_a7-vivado/servant_1.2.1.runs/impl_1/top.ltx} [get_hw_devices xc7vx485t_0]
set_property PROGRAM.FILE {/home/binhkieudo/Workspace/XRPIX/serv/build/servant_1.2.1/nexys_a7-vivado/servant_1.2.1.runs/impl_1/top.bit} [get_hw_devices xc7vx485t_0]
program_hw_devices [get_hw_devices xc7vx485t_0]
INFO: [Labtools 27-3164] End of startup status: HIGH
program_hw_devices: Time (s): cpu = 00:00:59 ; elapsed = 00:00:57 . Memory (MB): peak = 9773.164 ; gain = 0.000 ; free physical = 16736 ; free virtual = 85690
refresh_hw_device [lindex [get_hw_devices xc7vx485t_0] 0]
INFO: [Labtools 27-2302] Device xc7vx485t (JTAG device index = 0) is programmed with a design that has 1 ILA core(s).
INFO: [Labtools 27-2302] Device xc7vx485t (JTAG device index = 0) is programmed with a design that has 1 VIO core(s).
run_hw_ila [get_hw_ilas -of_objects [get_hw_devices xc7vx485t_0] -filter {CELL_NAME=~"nolabel_line52/serv_dtm/debugger"}]
INFO: [Labtools 27-1964] The ILA core 'hw_ila_1' trigger was armed at 2023-Aug-09 01:31:36
wait_on_hw_ila [get_hw_ilas -of_objects [get_hw_devices xc7vx485t_0] -filter {CELL_NAME=~"nolabel_line52/serv_dtm/debugger"}]
display_hw_ila_data [upload_hw_ila_data [get_hw_ilas -of_objects [get_hw_devices xc7vx485t_0] -filter {CELL_NAME=~"nolabel_line52/serv_dtm/debugger"}]]
INFO: [Labtools 27-1966] The ILA core 'hw_ila_1' triggered at 2023-Aug-09 01:31:41
upload_hw_ila_data: Time (s): cpu = 00:00:01 ; elapsed = 00:00:27 . Memory (MB): peak = 9773.164 ; gain = 0.000 ; free physical = 16737 ; free virtual = 85687
INFO: [Labtools 27-3304] ILA Waveform data saved to file /home/binhkieudo/Workspace/XRPIX/serv/build/servant_1.2.1/nexys_a7-vivado/servant_1.2.1.hw/backup/hw_ila_data_1.ila. Use Tcl command 'read_hw_ila_data' or Vivado File->Import->Import ILA Data menu item to import the previously saved data.
set_property TRIGGER_COMPARE_VALUE eq1'bF [get_hw_probes nolabel_line52/serv_dtm/o_dbg_step_1 -of_objects [get_hw_ilas -of_objects [get_hw_devices xc7vx485t_0] -filter {CELL_NAME=~"nolabel_line52/serv_dtm/debugger"}]]
set_property PROBES.FILE {/home/binhkieudo/Workspace/XRPIX/serv/build/servant_1.2.1/nexys_a7-vivado/servant_1.2.1.runs/impl_1/top.ltx} [get_hw_devices xc7vx485t_0]
set_property FULL_PROBES.FILE {/home/binhkieudo/Workspace/XRPIX/serv/build/servant_1.2.1/nexys_a7-vivado/servant_1.2.1.runs/impl_1/top.ltx} [get_hw_devices xc7vx485t_0]
set_property PROGRAM.FILE {/home/binhkieudo/Workspace/XRPIX/serv/build/servant_1.2.1/nexys_a7-vivado/servant_1.2.1.runs/impl_1/top.bit} [get_hw_devices xc7vx485t_0]
program_hw_devices [get_hw_devices xc7vx485t_0]
INFO: [Labtools 27-3164] End of startup status: HIGH
program_hw_devices: Time (s): cpu = 00:00:59 ; elapsed = 00:00:57 . Memory (MB): peak = 9773.164 ; gain = 0.000 ; free physical = 16698 ; free virtual = 85667
refresh_hw_device [lindex [get_hw_devices xc7vx485t_0] 0]
INFO: [Labtools 27-2302] Device xc7vx485t (JTAG device index = 0) is programmed with a design that has 1 ILA core(s).
INFO: [Labtools 27-2302] Device xc7vx485t (JTAG device index = 0) is programmed with a design that has 1 VIO core(s).
run_hw_ila [get_hw_ilas -of_objects [get_hw_devices xc7vx485t_0] -filter {CELL_NAME=~"nolabel_line52/serv_dtm/debugger"}]
INFO: [Labtools 27-1964] The ILA core 'hw_ila_1' trigger was armed at 2023-Aug-09 01:34:11
wait_on_hw_ila -timeout 0 [get_hw_ilas -of_objects [get_hw_devices xc7vx485t_0] -filter {CELL_NAME=~"nolabel_line52/serv_dtm/debugger"}]
upload_hw_ila_data [get_hw_ilas -of_objects [get_hw_devices xc7vx485t_0] -filter {CELL_NAME=~"nolabel_line52/serv_dtm/debugger"}]
INFO: [Labtools 27-1965] The ILA core 'hw_ila_1' trigger was stopped by user at 2023-Aug-09 01:34:14
WARNING: [Labtools 27-157] hw_ila [hw_ila_1] stopped. No data to upload.
set_property CONTROL.TRIGGER_POSITION 8192 [get_hw_ilas -of_objects [get_hw_devices xc7vx485t_0] -filter {CELL_NAME=~"nolabel_line52/serv_dtm/debugger"}]
run_hw_ila [get_hw_ilas -of_objects [get_hw_devices xc7vx485t_0] -filter {CELL_NAME=~"nolabel_line52/serv_dtm/debugger"}]
INFO: [Labtools 27-1964] The ILA core 'hw_ila_1' trigger was armed at 2023-Aug-09 01:34:23
wait_on_hw_ila [get_hw_ilas -of_objects [get_hw_devices xc7vx485t_0] -filter {CELL_NAME=~"nolabel_line52/serv_dtm/debugger"}]
display_hw_ila_data [upload_hw_ila_data [get_hw_ilas -of_objects [get_hw_devices xc7vx485t_0] -filter {CELL_NAME=~"nolabel_line52/serv_dtm/debugger"}]]
INFO: [Labtools 27-1966] The ILA core 'hw_ila_1' triggered at 2023-Aug-09 01:34:27
upload_hw_ila_data: Time (s): cpu = 00:00:03 ; elapsed = 00:00:27 . Memory (MB): peak = 9773.164 ; gain = 0.000 ; free physical = 16730 ; free virtual = 85676
INFO: [Labtools 27-3304] ILA Waveform data saved to file /home/binhkieudo/Workspace/XRPIX/serv/build/servant_1.2.1/nexys_a7-vivado/servant_1.2.1.hw/backup/hw_ila_data_1.ila. Use Tcl command 'read_hw_ila_data' or Vivado File->Import->Import ILA Data menu item to import the previously saved data.
display_hw_ila_data: Time (s): cpu = 00:00:05 ; elapsed = 00:00:05 . Memory (MB): peak = 9773.164 ; gain = 0.000 ; free physical = 16727 ; free virtual = 85673
save_wave_config {/home/binhkieudo/Workspace/XRPIX/serv/build/servant_1.2.1/nexys_a7-vivado/servant_1.2.1.hw/hw_1/wave/hw_ila_data_1/hw_ila_data_1.wcfg}
close_hw_manager
open_hw_manager
connect_hw_server -allow_non_jtag
INFO: [Labtools 27-2285] Connecting to hw_server url TCP:localhost:3121
INFO: [Labtools 27-2222] Launching hw_server...
INFO: [Labtools 27-2221] Launch Output:

****** Xilinx hw_server v2022.2
  **** Build date : Oct 14 2022 at 05:10:28
    ** Copyright 1986-2022 Xilinx, Inc. All Rights Reserved.


INFO: [Labtools 27-3415] Connecting to cs_server url TCP:localhost:0
INFO: [Labtools 27-3417] Launching cs_server...
INFO: [Labtools 27-2221] Launch Output:


******** Xilinx cs_server v2022.2.0
  ****** Build date   : Oct 05 2022-08:25:37
    **** Build number : 2022.2.1664925937
      ** Copyright 2017-2023 Xilinx, Inc. All Rights Reserved.



open_hw_target
INFO: [Labtoolstcl 44-466] Opening hw_target localhost:3121/xilinx_tcf/Xilinx/00001db705be01
set_property PROGRAM.FILE {/home/binhkieudo/Workspace/XRPIX/serv/build/servant_1.2.1/nexys_a7-vivado/servant_1.2.1.runs/impl_1/top.bit} [get_hw_devices xc7vx485t_0]
set_property PROBES.FILE {/home/binhkieudo/Workspace/XRPIX/serv/build/servant_1.2.1/nexys_a7-vivado/servant_1.2.1.runs/impl_1/top.ltx} [get_hw_devices xc7vx485t_0]
set_property FULL_PROBES.FILE {/home/binhkieudo/Workspace/XRPIX/serv/build/servant_1.2.1/nexys_a7-vivado/servant_1.2.1.runs/impl_1/top.ltx} [get_hw_devices xc7vx485t_0]
current_hw_device [get_hw_devices xc7vx485t_0]
refresh_hw_device [lindex [get_hw_devices xc7vx485t_0] 0]
INFO: [Labtools 27-2302] Device xc7vx485t (JTAG device index = 0) is programmed with a design that has 1 ILA core(s).
INFO: [Labtools 27-2302] Device xc7vx485t (JTAG device index = 0) is programmed with a design that has 1 VIO core(s).
display_hw_ila_data [ get_hw_ila_data hw_ila_data_1 -of_objects [get_hw_ilas -of_objects [get_hw_devices xc7vx485t_0] -filter {CELL_NAME=~"nolabel_line52/serv_dtm/debugger"}]]
set_property PROBES.FILE {/home/binhkieudo/Workspace/XRPIX/serv/build/servant_1.2.1/nexys_a7-vivado/servant_1.2.1.runs/impl_1/top.ltx} [get_hw_devices xc7vx485t_0]
set_property FULL_PROBES.FILE {/home/binhkieudo/Workspace/XRPIX/serv/build/servant_1.2.1/nexys_a7-vivado/servant_1.2.1.runs/impl_1/top.ltx} [get_hw_devices xc7vx485t_0]
set_property PROGRAM.FILE {/home/binhkieudo/Workspace/XRPIX/serv/build/servant_1.2.1/nexys_a7-vivado/servant_1.2.1.runs/impl_1/top.bit} [get_hw_devices xc7vx485t_0]
program_hw_devices [get_hw_devices xc7vx485t_0]
INFO: [Labtools 27-3164] End of startup status: HIGH
program_hw_devices: Time (s): cpu = 00:00:58 ; elapsed = 00:00:57 . Memory (MB): peak = 9773.164 ; gain = 0.000 ; free physical = 16689 ; free virtual = 85650
refresh_hw_device [lindex [get_hw_devices xc7vx485t_0] 0]
INFO: [Labtools 27-2302] Device xc7vx485t (JTAG device index = 0) is programmed with a design that has 1 ILA core(s).
INFO: [Labtools 27-2302] Device xc7vx485t (JTAG device index = 0) is programmed with a design that has 1 VIO core(s).
run_hw_ila [get_hw_ilas -of_objects [get_hw_devices xc7vx485t_0] -filter {CELL_NAME=~"nolabel_line52/serv_dtm/debugger"}]
INFO: [Labtools 27-1964] The ILA core 'hw_ila_1' trigger was armed at 2023-Aug-09 01:40:47
add_wave -into {hw_ila_data_1.wcfg} -radix hex { {nolabel_line52/serv_dtm/o_dbg_csr_dcsr_en} }
wait_on_hw_ila [get_hw_ilas -of_objects [get_hw_devices xc7vx485t_0] -filter {CELL_NAME=~"nolabel_line52/serv_dtm/debugger"}]
display_hw_ila_data [upload_hw_ila_data [get_hw_ilas -of_objects [get_hw_devices xc7vx485t_0] -filter {CELL_NAME=~"nolabel_line52/serv_dtm/debugger"}]]
INFO: [Labtools 27-1966] The ILA core 'hw_ila_1' triggered at 2023-Aug-09 01:41:48
upload_hw_ila_data: Time (s): cpu = 00:00:02 ; elapsed = 00:00:26 . Memory (MB): peak = 9773.164 ; gain = 0.000 ; free physical = 16289 ; free virtual = 85357
INFO: [Labtools 27-3304] ILA Waveform data saved to file /home/binhkieudo/Workspace/XRPIX/serv/build/servant_1.2.1/nexys_a7-vivado/servant_1.2.1.hw/backup/hw_ila_data_1.ila. Use Tcl command 'read_hw_ila_data' or Vivado File->Import->Import ILA Data menu item to import the previously saved data.
display_hw_ila_data: Time (s): cpu = 00:00:05 ; elapsed = 00:00:05 . Memory (MB): peak = 9773.164 ; gain = 0.000 ; free physical = 16264 ; free virtual = 85330
save_wave_config {/home/binhkieudo/Workspace/XRPIX/serv/build/servant_1.2.1/nexys_a7-vivado/servant_1.2.1.hw/hw_1/wave/hw_ila_data_1/hw_ila_data_1.wcfg}
close_hw_manager
exit
INFO: [Common 17-206] Exiting Vivado at Wed Aug  9 01:50:30 2023...
