QuestaSim-64 vmap 2021.2_1 Lib Mapping Utility 2021.05 May 15 2021
vmap noc_nps6_v1_0_0 /home/binhkieudo/Workspace/XRPIX/serv/build/servant_1.2.1/nexys_a7-vivado/servant_1.2.1.cache/compile_simlib/questa/noc_nps6_v1_0_0 
Modifying modelsim.ini
QuestaSim-64 vlog 2021.2_1 Compiler 2021.05 May 15 2021
Start time: 11:28:31 on Jul 13,2023
vlog -64 -L noc_nps6_v1_0_0 "+incdir+/home/binhkieudo/Workspace/XRPIX/serv/build/servant_1.2.1/nexys_a7-vivado/.cxl.ip/incl" -sv -svinputport=relaxed -work noc_nps6_v1_0_0 -f /home/binhkieudo/Workspace/XRPIX/serv/build/servant_1.2.1/nexys_a7-vivado/servant_1.2.1.cache/compile_simlib/questa/noc_nps6_v1_0_0/.cxl.systemverilog.noc_nps6_v1_0_0.noc_nps6_v1_0_0.lin64.cmf 
** Warning: /home/binhkieudo/Workspace/XRPIX/serv/build/servant_1.2.1/nexys_a7-vivado/.cxl.ip/incl/nps6_ivca.sv(87): (vlog-2240) Treating stand-alone use of function '<protected>' as an implicit VOID cast.
** Warning: /home/binhkieudo/Workspace/XRPIX/serv/build/servant_1.2.1/nexys_a7-vivado/.cxl.ip/incl/nps6_ivca.sv(87): (vlog-2240) Treating stand-alone use of function '<protected>' as an implicit VOID cast.
** Warning: /home/binhkieudo/Workspace/XRPIX/serv/build/servant_1.2.1/nexys_a7-vivado/.cxl.ip/incl/nps6_ivca.sv(87): (vlog-2240) Treating stand-alone use of function '<protected>' as an implicit VOID cast.
** Warning: /home/binhkieudo/Workspace/XRPIX/serv/build/servant_1.2.1/nexys_a7-vivado/.cxl.ip/incl/nps6_ipa.sv(87): (vlog-2240) Treating stand-alone use of function '<protected>' as an implicit VOID cast.
** Warning: /home/binhkieudo/Workspace/XRPIX/serv/build/servant_1.2.1/nexys_a7-vivado/.cxl.ip/incl/nps6_ipa.sv(87): (vlog-2240) Treating stand-alone use of function '<protected>' as an implicit VOID cast.
** Warning: /home/binhkieudo/Workspace/XRPIX/serv/build/servant_1.2.1/nexys_a7-vivado/.cxl.ip/incl/nps6_ipa.sv(87): (vlog-2240) Treating stand-alone use of function '<protected>' as an implicit VOID cast.
** Warning: /home/binhkieudo/Workspace/XRPIX/serv/build/servant_1.2.1/nexys_a7-vivado/.cxl.ip/incl/nps6_ipa.sv(87): (vlog-2240) Treating stand-alone use of function '<protected>' as an implicit VOID cast.
** Warning: /home/binhkieudo/Workspace/XRPIX/serv/build/servant_1.2.1/nexys_a7-vivado/.cxl.ip/incl/nps6_ipa.sv(87): (vlog-2240) Treating stand-alone use of function '<protected>' as an implicit VOID cast.
** Warning: /home/binhkieudo/Workspace/XRPIX/serv/build/servant_1.2.1/nexys_a7-vivado/.cxl.ip/incl/nps6_ipa.sv(87): (vlog-2240) Treating stand-alone use of function '<protected>' as an implicit VOID cast.
** Warning: /home/binhkieudo/Workspace/XRPIX/serv/build/servant_1.2.1/nexys_a7-vivado/.cxl.ip/incl/nps6_ipa.sv(87): (vlog-2240) Treating stand-alone use of function '<protected>' as an implicit VOID cast.
** Warning: /home/binhkieudo/Workspace/XRPIX/serv/build/servant_1.2.1/nexys_a7-vivado/.cxl.ip/incl/nps6_ipa.sv(87): (vlog-2240) Treating stand-alone use of function '<protected>' as an implicit VOID cast.
** Warning: /home/binhkieudo/Workspace/XRPIX/serv/build/servant_1.2.1/nexys_a7-vivado/.cxl.ip/incl/nps6_ipa.sv(87): (vlog-2240) Treating stand-alone use of function '<protected>' as an implicit VOID cast.
** Warning: /home/binhkieudo/Workspace/XRPIX/serv/build/servant_1.2.1/nexys_a7-vivado/.cxl.ip/incl/nps6_ipa.sv(87): (vlog-2240) Treating stand-alone use of function '<protected>' as an implicit VOID cast.
** Warning: /home/binhkieudo/Workspace/XRPIX/serv/build/servant_1.2.1/nexys_a7-vivado/.cxl.ip/incl/nps6_class.sv(87): (vlog-2240) Treating stand-alone use of function '<protected>' as an implicit VOID cast.
** Warning: /home/binhkieudo/Workspace/XRPIX/serv/build/servant_1.2.1/nexys_a7-vivado/.cxl.ip/incl/nps6_class.sv(87): (vlog-2583) [SVCHK] - Extra checking for conflicts with always_comb and always_latch variables is done at vopt time.
** Warning: /home/binhkieudo/Workspace/XRPIX/serv/build/servant_1.2.1/nexys_a7-vivado/.cxl.ip/incl/nps6_class.sv(87): (vlog-2583) [SVCHK] - Extra checking for conflicts with always_comb and always_latch variables is done at vopt time.
** Warning: /home/binhkieudo/Workspace/XRPIX/serv/build/servant_1.2.1/nexys_a7-vivado/.cxl.ip/incl/nps6_class.sv(87): (vlog-2583) [SVCHK] - Extra checking for conflicts with always_comb and always_latch variables is done at vopt time.
** Warning: /home/binhkieudo/Workspace/XRPIX/serv/build/servant_1.2.1/nexys_a7-vivado/.cxl.ip/incl/nps6_class.sv(87): (vlog-2583) [SVCHK] - Extra checking for conflicts with always_comb and always_latch variables is done at vopt time.
** Warning: /home/binhkieudo/Workspace/XRPIX/serv/build/servant_1.2.1/nexys_a7-vivado/.cxl.ip/incl/nps6_class.sv(87): (vlog-2583) [SVCHK] - Extra checking for conflicts with always_comb and always_latch variables is done at vopt time.

Top level modules:
End time: 11:28:31 on Jul 13,2023, Elapsed time: 0:00:00
Errors: 0, Warnings: 19
