QuestaSim-64 vmap 2021.2_1 Lib Mapping Utility 2021.05 May 15 2021
vmap axi_sg_v4_1_15 /home/binhkieudo/Workspace/XRPIX/serv/build/servant_1.2.1/nexys_a7-vivado/servant_1.2.1.cache/compile_simlib/questa/axi_sg_v4_1_15 
Modifying modelsim.ini
QuestaSim-64 vcom 2021.2_1 Compiler 2021.05 May 15 2021
Start time: 11:32:46 on Jul 13,2023
vcom -64 -93 -work axi_sg_v4_1_15 -f /home/binhkieudo/Workspace/XRPIX/serv/build/servant_1.2.1/nexys_a7-vivado/servant_1.2.1.cache/compile_simlib/questa/axi_sg_v4_1_15/.cxl.vhdl.axi_sg_v4_1_15.axi_sg_v4_1_15.lin64.cmf 
-- Loading package STANDARD
-- Loading package TEXTIO
-- Loading package std_logic_1164
-- Loading package NUMERIC_STD
-- Compiling package axi_sg_pkg
-- Compiling package body axi_sg_pkg
-- Loading package axi_sg_pkg
-- Compiling entity axi_sg_reset
-- Compiling architecture implementation of axi_sg_reset
-- Loading package std_logic_arith
-- Loading package STD_LOGIC_UNSIGNED
-- Loading package VCOMPONENTS
-- Loading entity sync_fifo_fg
-- Compiling entity axi_sg_sfifo_autord
-- Compiling architecture imp of axi_sg_sfifo_autord
-- Loading package ATTRIBUTES
-- Loading package std_logic_misc
-- Loading entity async_fifo_fg
-- Compiling entity axi_sg_afifo_autord
-- Compiling architecture imp of axi_sg_afifo_autord
-- Loading package lib_pkg
-- Loading entity srl_fifo_f
-- Loading entity axi_sg_sfifo_autord
-- Loading entity axi_sg_afifo_autord
-- Compiling entity axi_sg_fifo
-- Compiling architecture imp of axi_sg_fifo
-- Loading entity axi_sg_fifo
-- Compiling entity axi_sg_cmd_status
-- Compiling architecture implementation of axi_sg_cmd_status
-- Compiling entity axi_sg_rdmux
-- Compiling architecture implementation of axi_sg_rdmux
-- Compiling entity axi_sg_addr_cntl
-- Compiling architecture implementation of axi_sg_addr_cntl
-- Loading entity axi_sg_rdmux
-- Compiling entity axi_sg_rddata_cntl
-- Compiling architecture implementation of axi_sg_rddata_cntl
-- Compiling entity axi_sg_rd_status_cntl
-- Compiling architecture implementation of axi_sg_rd_status_cntl
-- Compiling entity axi_sg_scc
-- Compiling architecture implementation of axi_sg_scc
-- Compiling entity axi_sg_wr_demux
-- Compiling architecture implementation of axi_sg_wr_demux
-- Compiling entity axi_sg_scc_wr
-- Compiling architecture implementation of axi_sg_scc_wr
-- Loading entity axi_sg_wr_demux
-- Compiling entity axi_sg_skid2mm_buf
-- Compiling architecture implementation of axi_sg_skid2mm_buf
-- Compiling entity axi_sg_wrdata_cntl
-- Compiling architecture implementation of axi_sg_wrdata_cntl
-- Compiling entity axi_sg_wr_status_cntl
-- Compiling architecture implementation of axi_sg_wr_status_cntl
-- Compiling entity axi_sg_skid_buf
-- Compiling architecture implementation of axi_sg_skid_buf
-- Loading entity axi_sg_reset
-- Loading entity axi_sg_cmd_status
-- Loading entity axi_sg_scc
-- Loading entity axi_sg_addr_cntl
-- Loading entity axi_sg_rddata_cntl
-- Loading entity axi_sg_rd_status_cntl
-- Loading entity axi_sg_skid_buf
-- Compiling entity axi_sg_mm2s_basic_wrap
-- Compiling architecture implementation of axi_sg_mm2s_basic_wrap
-- Loading entity axi_sg_scc_wr
-- Loading entity axi_sg_wrdata_cntl
-- Loading entity axi_sg_wr_status_cntl
-- Loading entity axi_sg_skid2mm_buf
-- Compiling entity axi_sg_s2mm_basic_wrap
-- Compiling architecture implementation of axi_sg_s2mm_basic_wrap
-- Loading entity axi_sg_mm2s_basic_wrap
-- Loading entity axi_sg_s2mm_basic_wrap
-- Compiling entity axi_sg_datamover
-- Compiling architecture implementation of axi_sg_datamover
-- Loading package axi_sg_pkg
-- Compiling entity axi_sg_ftch_sm
-- Compiling architecture implementation of axi_sg_ftch_sm
-- Compiling entity axi_sg_ftch_pntr
-- Compiling architecture implementation of axi_sg_ftch_pntr
-- Compiling entity axi_sg_ftch_cmdsts_if
-- Compiling architecture implementation of axi_sg_ftch_cmdsts_if
-- Compiling entity axi_sg_ftch_mngr
-- Compiling architecture implementation of axi_sg_ftch_mngr
-- Loading entity axi_sg_ftch_sm
-- Loading entity axi_sg_ftch_pntr
-- Loading entity axi_sg_ftch_cmdsts_if
-- Compiling entity axi_sg_cntrl_strm
-- Compiling architecture implementation of axi_sg_cntrl_strm
-- Loading entity cdc_sync
-- Compiling entity axi_sg_ftch_queue
-- Compiling architecture implementation of axi_sg_ftch_queue
-- Loading entity axi_sg_cntrl_strm
-- Compiling entity axi_sg_ftch_noqueue
-- Compiling architecture implementation of axi_sg_ftch_noqueue
-- Compiling entity axi_sg_ftch_q_mngr
-- Compiling architecture implementation of axi_sg_ftch_q_mngr
-- Loading entity axi_sg_ftch_queue
-- Loading entity axi_sg_ftch_noqueue
-- Compiling entity axi_sg_updt_cmdsts_if
-- Compiling architecture implementation of axi_sg_updt_cmdsts_if
-- Compiling entity axi_sg_updt_sm
-- Compiling architecture implementation of axi_sg_updt_sm
-- Compiling entity axi_sg_updt_mngr
-- Compiling architecture implementation of axi_sg_updt_mngr
-- Loading entity axi_sg_updt_sm
-- Loading entity axi_sg_updt_cmdsts_if
-- Compiling entity axi_sg_updt_queue
-- Compiling architecture implementation of axi_sg_updt_queue
-- Compiling entity axi_sg_updt_noqueue
-- Compiling architecture implementation of axi_sg_updt_noqueue
-- Compiling entity axi_sg_updt_q_mngr
-- Compiling architecture implementation of axi_sg_updt_q_mngr
-- Loading entity axi_sg_updt_queue
-- Loading entity axi_sg_updt_noqueue
-- Compiling entity axi_sg_intrpt
-- Compiling architecture implementation of axi_sg_intrpt
-- Compiling entity axi_sg
-- Compiling architecture implementation of axi_sg
-- Loading entity axi_sg_ftch_mngr
-- Loading entity axi_sg_ftch_q_mngr
-- Loading entity axi_sg_updt_mngr
-- Loading entity axi_sg_updt_q_mngr
-- Loading entity axi_sg_intrpt
-- Loading entity axi_sg_datamover
End time: 11:32:47 on Jul 13,2023, Elapsed time: 0:00:01
Errors: 0, Warnings: 0
