QuestaSim-64 vmap 2021.2_1 Lib Mapping Utility 2021.05 May 15 2021
vmap audio_formatter_v1_0_9 /home/binhkieudo/Workspace/XRPIX/serv/build/servant_1.2.1/nexys_a7-vivado/servant_1.2.1.cache/compile_simlib/questa/audio_formatter_v1_0_9 
Modifying modelsim.ini
QuestaSim-64 vlog 2021.2_1 Compiler 2021.05 May 15 2021
Start time: 11:34:48 on Jul 13,2023
vlog -64 "+incdir+/home/binhkieudo/Workspace/XRPIX/serv/build/servant_1.2.1/nexys_a7-vivado/.cxl.ip/incl" -work audio_formatter_v1_0_9 -f /home/binhkieudo/Workspace/XRPIX/serv/build/servant_1.2.1/nexys_a7-vivado/servant_1.2.1.cache/compile_simlib/questa/audio_formatter_v1_0_9/.cxl.verilog.audio_formatter_v1_0_9.audio_formatter_v1_0_9.lin64.cmf 
-- Compiling module audio_formatter_v1_0_9
-- Compiling module audio_formatter_v1_0_9_reset
-- Compiling module audio_formatter_v1_0_9_aes_enc
-- Compiling module audio_formatter_v1_0_9_aes_dec
-- Compiling module audio_formatter_v1_0_9_s2mm_top
-- Compiling module audio_formatter_v1_0_9_s2mm_registers
-- Compiling module audio_formatter_v1_0_9_s2mm
-- Compiling module audio_formatter_v1_0_9_s2mm_sync
-- Compiling module audio_formatter_v1_0_9_s2mm_buffer
-- Compiling module audio_formatter_v1_0_9_s2mm_command_gen
-- Compiling module audio_formatter_v1_0_9_mm2s_top
-- Compiling module audio_formatter_v1_0_9_mm2s_registers
-- Compiling module audio_formatter_v1_0_9_mm2s
-- Compiling module audio_formatter_v1_0_9_mm2s_sync
-- Compiling module audio_formatter_v1_0_9_mm2s_buffer
-- Compiling module audio_formatter_v1_0_9_mm2s_command_gen

Top level modules:
	audio_formatter_v1_0_9
End time: 11:34:49 on Jul 13,2023, Elapsed time: 0:00:01
Errors: 0, Warnings: 0
