QuestaSim-64 vmap 2021.2_1 Lib Mapping Utility 2021.05 May 15 2021
vmap axi_traffic_gen_v3_0_13 /home/binhkieudo/Workspace/XRPIX/serv/build/servant_1.2.1/nexys_a7-vivado/servant_1.2.1.cache/compile_simlib/questa/axi_traffic_gen_v3_0_13 
Modifying modelsim.ini
QuestaSim-64 vlog 2021.2_1 Compiler 2021.05 May 15 2021
Start time: 11:34:43 on Jul 13,2023
vlog -64 "+incdir+/home/binhkieudo/Workspace/XRPIX/serv/build/servant_1.2.1/nexys_a7-vivado/.cxl.ip/incl" -work axi_traffic_gen_v3_0_13 -f /home/binhkieudo/Workspace/XRPIX/serv/build/servant_1.2.1/nexys_a7-vivado/servant_1.2.1.cache/compile_simlib/questa/axi_traffic_gen_v3_0_13/.cxl.verilog.axi_traffic_gen_v3_0_13.axi_traffic_gen_v3_0_13.lin64.cmf 
-- Compiling module axi_traffic_gen_v3_0_13_asynch_rst_ff
-- Compiling module axi_traffic_gen_v3_0_13_slvram_v7
-- Compiling module axi_traffic_gen_v3_0_13_regslice
-- Compiling module axi_traffic_gen_v3_0_13_inferram
-- Compiling module axi_traffic_gen_v3_0_13_randgen
-- Compiling module axi_traffic_gen_v3_0_13_id_track
-- Compiling module axi_traffic_gen_v3_0_13_ex_fifo
-- Compiling module axi_traffic_gen_v3_0_13_cmdram
-- Compiling module axi_traffic_gen_v3_0_13_addrgen
-- Compiling module axi_traffic_gen_v3_0_13_s_w_channel
-- Compiling module axi_traffic_gen_v3_0_13_s_r_channel
-- Compiling module axi_traffic_gen_v3_0_13_sharedram_wrap
-- Compiling module axi_traffic_gen_v3_0_13_registers
-- Compiling module axi_traffic_gen_v3_0_13_paramram_wrap
-- Compiling module axi_traffic_gen_v3_0_13_paramram_64_wrap
-- Compiling module axi_traffic_gen_v3_0_13_addrram_wrap
-- Compiling module axi_traffic_gen_v3_0_13_m_w_channel
-- Compiling module axi_traffic_gen_v3_0_13_m_r_channel
-- Compiling module axi_traffic_gen_v3_0_13_cmdram_wrap
-- Compiling module axi_traffic_gen_v3_0_13_static_regblk
-- Compiling module axi_traffic_gen_v3_0_13_static_cmdgen
-- Compiling module axi_traffic_gen_v3_0_13_static_mrdwr
-- Compiling module axi_traffic_gen_v3_0_13_static_top
-- Compiling module axi_traffic_gen_v3_0_13_slave_only_top
-- Compiling module axi_traffic_gen_v3_0_13_basic_n_full_top
-- Compiling module axi_traffic_gen_v3_0_13_axis_fifo
-- Compiling module axi_traffic_gen_v3_0_13_streaming_top
-- Compiling module axi_traffic_gen_v3_0_13_systeminit_dmg
-- Compiling module axi_traffic_gen_v3_0_13_systeminit_mrdwr
-- Compiling module axi_traffic_gen_v3_0_13_systeminit_top
-- Compiling module axi_traffic_gen_v3_0_13_top

Top level modules:
	axi_traffic_gen_v3_0_13_top
End time: 11:34:43 on Jul 13,2023, Elapsed time: 0:00:00
Errors: 0, Warnings: 0
