QuestaSim-64 vmap 2021.2_1 Lib Mapping Utility 2021.05 May 15 2021
vmap axis_switch_v1_1_27 /home/binhkieudo/Workspace/XRPIX/serv/build/servant_1.2.1/nexys_a7-vivado/servant_1.2.1.cache/compile_simlib/questa/axis_switch_v1_1_27 
Modifying modelsim.ini
QuestaSim-64 vlog 2021.2_1 Compiler 2021.05 May 15 2021
Start time: 11:32:44 on Jul 13,2023
vlog -64 "+incdir+/home/binhkieudo/Workspace/XRPIX/serv/build/servant_1.2.1/nexys_a7-vivado/.cxl.ip/incl" -work axis_switch_v1_1_27 -f /home/binhkieudo/Workspace/XRPIX/serv/build/servant_1.2.1/nexys_a7-vivado/servant_1.2.1.cache/compile_simlib/questa/axis_switch_v1_1_27/.cxl.verilog.axis_switch_v1_1_27.axis_switch_v1_1_27.lin64.cmf 
-- Compiling module axis_switch_v1_1_27_arb_rr
-- Compiling module axis_switch_v1_1_27_arb_trr
-- Compiling module axis_switch_v1_1_27_axisc_decoder
-- Compiling module axis_switch_v1_1_27_axisc_transfer_mux
-- Compiling module axis_switch_v1_1_27_axisc_arb_responder
-- Compiling module axis_switch_v1_1_27_axis_switch_arbiter
-- Compiling module axis_switch_v1_1_27_dynamic_priority_encoder
-- Compiling module axis_switch_v1_1_27_axi_ctrl_read
-- Compiling module axis_switch_v1_1_27_axi_ctrl_write
-- Compiling module axis_switch_v1_1_27_axi_ctrl_top
-- Compiling module axis_switch_v1_1_27_static_router_config_dp
-- Compiling module axis_switch_v1_1_27_static_router_config
-- Compiling module axis_switch_v1_1_27_static_router
-- Compiling module axis_switch_v1_1_27_reg_bank_16x32
-- Compiling module axis_switch_v1_1_27_axis_switch

Top level modules:
	axis_switch_v1_1_27_axis_switch
End time: 11:32:44 on Jul 13,2023, Elapsed time: 0:00:00
Errors: 0, Warnings: 0
