** Warning: (vlib-34) Library already exists at "questa_lib/work".
Errors: 0, Warnings: 1
** Warning: (vlib-34) Library already exists at "questa_lib/msim".
Errors: 0, Warnings: 1
** Warning: (vlib-34) Library already exists at "questa_lib/msim/xil_defaultlib".
Errors: 0, Warnings: 1
QuestaSim-64 vmap 2021.2_1 Lib Mapping Utility 2021.05 May 15 2021
vmap xil_defaultlib questa_lib/msim/xil_defaultlib 
Modifying modelsim.ini
QuestaSim-64 vlog 2021.2_1 Compiler 2021.05 May 15 2021
Start time: 18:15:38 on Jul 13,2023
vlog -64 -incr -mfcu -work xil_defaultlib "+incdir+../../../../" "+incdir+../../../../servant_1.2.1.srcs/sources_1/new" ../../../../../src/serv_1.2.1/rtl/serv_alu.v ../../../../../src/serv_1.2.1/rtl/serv_bufreg.v ../../../../../src/serv_1.2.1/rtl/serv_bufreg2.v ../../../../../src/serv_1.2.1/rtl/serv_csr.v ../../../../../src/serv_1.2.1/rtl/serv_ctrl.v ../../../../../src/serv_1.2.1/rtl/serv_decode.v ../../../../../src/serv_1.2.1/rtl/serv_immdec.v ../../../../../src/serv_1.2.1/rtl/serv_mem_if.v ../../../../../src/serv_1.2.1/rtl/serv_rf_if.v ../../../../../src/serv_1.2.1/rtl/serv_rf_ram.v ../../../../../src/serv_1.2.1/rtl/serv_rf_ram_if.v ../../../../../src/serv_1.2.1/rtl/serv_rf_top.v ../../../../../src/serv_1.2.1/rtl/serv_state.v ../../../../../src/serv_1.2.1/rtl/serv_top.v ../../../../../src/servant_1.2.1/servant/servant.v ../../../../../src/servant_1.2.1/servant/servant_arbiter.v ../../../../../src/servant_1.2.1/servant/servant_gpio.v ../../../../../src/servant_1.2.1/servant/servant_mux.v ../../../../../src/servant_1.2.1/servant/servant_ram.v ../../../../../src/servant_1.2.1/servant/servant_timer.v 
-- Compiling module serv_alu
-- Compiling module serv_bufreg
-- Compiling module serv_bufreg2
-- Compiling module serv_csr
-- Compiling module serv_ctrl
-- Compiling module serv_decode
-- Compiling module serv_immdec
-- Compiling module serv_mem_if
-- Compiling module serv_rf_if
-- Compiling module serv_rf_ram
-- Compiling module serv_rf_ram_if
-- Compiling module serv_rf_top
-- Compiling module serv_state
-- Compiling module serv_top
-- Compiling module servant
-- Compiling module servant_arbiter
-- Compiling module servant_gpio
-- Compiling module servant_mux
-- Compiling module servant_ram
-- Compiling module servant_timer

Top level modules:
	servant
End time: 18:15:38 on Jul 13,2023, Elapsed time: 0:00:00
Errors: 0, Warnings: 0
QuestaSim-64 vlog 2021.2_1 Compiler 2021.05 May 15 2021
Start time: 18:15:38 on Jul 13,2023
vlog -64 -incr -mfcu -sv -work xil_defaultlib "+incdir+../../../../" "+incdir+../../../../servant_1.2.1.srcs/sources_1/new" ../../../../servant_1.2.1.srcs/sim_1/new/tb.sv 
-- Compiling module tb

Top level modules:
	tb
End time: 18:15:38 on Jul 13,2023, Elapsed time: 0:00:00
Errors: 0, Warnings: 0
QuestaSim-64 vlog 2021.2_1 Compiler 2021.05 May 15 2021
Start time: 18:15:38 on Jul 13,2023
vlog -work xil_defaultlib glbl.v 
-- Compiling module glbl

Top level modules:
	glbl
End time: 18:15:38 on Jul 13,2023, Elapsed time: 0:00:00
Errors: 0, Warnings: 0
