QuestaSim-64 vopt 2021.2_1 Compiler 2021.05 May 15 2021
Start time: 02:41:03 on Jul 14,2023
vopt "+acc=npr" -suppress 10016 -L xil_defaultlib -L unisims_ver -L unimacro_ver -L secureip -work xil_defaultlib xil_defaultlib.tb xil_defaultlib.glbl -o tb_opt 

Top level modules:
	tb
	glbl

Analyzing design...
-- Loading module tb
-- Loading module glbl
-- Loading module servant
-- Loading module servant_arbiter
-- Loading module servant_mux
-- Loading module servant_ram
-- Loading module servant_gpio
-- Loading module serv_rf_top
-- Loading module serv_top
-- Loading module serv_state
-- Loading module serv_decode
-- Loading module serv_immdec
-- Loading module serv_bufreg
-- Loading module serv_bufreg2
-- Loading module serv_ctrl
-- Loading module serv_alu
-- Loading module serv_rf_if
-- Loading module serv_mem_if
-- Loading module serv_csr
-- Loading module serv_rf_ram_if
-- Loading module serv_rf_ram
-- Loading module servant_timer
Incremental compilation check found no design-units have changed.
Optimized design name is tb_opt
End time: 02:41:03 on Jul 14,2023, Elapsed time: 0:00:00
Errors: 0, Warnings: 0
