# //  Questa Sim-64
# //  Version 2021.2_1 linux_x86_64 May 15 2021
# //
# //  Copyright 1991-2021 Mentor Graphics Corporation
# //  All Rights Reserved.
# //
# //  QuestaSim and its associated documentation contain trade
# //  secrets and commercial or financial information that are the property of
# //  Mentor Graphics Corporation and are privileged, confidential,
# //  and exempt from disclosure under the Freedom of Information Act,
# //  5 U.S.C. Section 552. Furthermore, this information
# //  is prohibited from disclosure under the Trade Secrets Act,
# //  18 U.S.C. Section 1905.
# //
# do {tb_simulate.do}
# vsim -lib xil_defaultlib tb_opt 
# Start time: 08:21:51 on Aug 15,2023
# Loading sv_std.std
# Loading work.tb(fast)
# Loading work.servant(fast)
# Loading work.servant_arbiter(fast)
# Loading work.servant_mux(fast)
# Loading work.servant_ram(fast)
# Loading work.servant_timer(fast)
# Loading work.servant_gpio(fast)
# Loading work.serv_rf_top(fast)
# Loading work.serv_top(fast)
# Loading work.serv_state(fast)
# Loading work.serv_decode(fast)
# Loading work.serv_immdec(fast)
# Loading work.serv_bufreg(fast)
# Loading work.serv_bufreg2(fast)
# Loading work.serv_ctrl(fast)
# Loading work.serv_alu(fast)
# Loading work.serv_rf_if(fast)
# Loading work.serv_mem_if(fast)
# Loading work.serv_csr(fast)
# Loading work.serv_rf_ram_if(fast)
# Loading work.serv_rf_ram(fast)
# Loading work.flash_controller(fast)
# Loading work.spi_master(fast)
# Loading work.debug_dtm(fast)
# Loading work.debug_dm(fast)
# Loading work.debugger(fast)
# Loading work.vio_0(fast)
# Loading work.ila_0(fast)
# Loading work.glbl(fast)
# ** Warning: (vsim-3015) [PCDPC] - Port size (7) does not match connection size (8) for port 'i_waddr'. The port definition is at: ../../../../../src/serv_1.2.1/rtl/serv_rf_ram.v(9).
#    Time: 0 ps  Iteration: 0  Instance: /tb/udt/cpu/rf_ram File: ../../../../../src/serv_1.2.1/rtl/serv_rf_top.v Line: 154
# ** Warning: (vsim-3015) [PCDPC] - Port size (7) does not match connection size (8) for port 'i_raddr'. The port definition is at: ../../../../../src/serv_1.2.1/rtl/serv_rf_ram.v(12).
#    Time: 0 ps  Iteration: 0  Instance: /tb/udt/cpu/rf_ram File: ../../../../../src/serv_1.2.1/rtl/serv_rf_top.v Line: 154
# ** Warning: (vsim-3015) [PCDPC] - Port size (24) does not match connection size (32) for port 'i_wb_adr'. The port definition is at: ../../../../servant_1.2.1.srcs/sources_1/new/flash_controller.v(27).
#    Time: 0 ps  Iteration: 0  Instance: /tb/udt/serv_flash File: ../../../../../src/servant_1.2.1/servant/servant.v Line: 292
# 1
# 1
# .main_pane.wave.interior.cs.body.pw.wf
# .main_pane.structure.interior.cs.body.struct
# .main_pane.objects.interior.cs.body.tree
# ** Note: $stop    : ../../../../servant_1.2.1.srcs/sim_1/new/tb.sv(51)
#    Time: 100004 ns  Iteration: 0  Instance: /tb
# Break at ../../../../servant_1.2.1.srcs/sim_1/new/tb.sv line 51
# End time: 08:22:18 on Aug 15,2023, Elapsed time: 0:00:27
# Errors: 0, Warnings: 3
