QuestaSim-64 vmap 2021.2_1 Lib Mapping Utility 2021.05 May 15 2021
vmap perf_axi_tg_v1_0_9 /home/binhkieudo/Workspace/XRPIX/serv/build/servant_1.2.1/nexys_a7-vivado/servant_1.2.1.cache/compile_simlib/questa/perf_axi_tg_v1_0_9 
Modifying modelsim.ini
QuestaSim-64 vlog 2021.2_1 Compiler 2021.05 May 15 2021
Start time: 11:32:28 on Jul 13,2023
vlog -64 -L axi4stream_vip_v1_1_13 -L axi_vip_v1_1_13 -L perf_axi_tg_v1_0_9 -L xilinx_vip "+incdir+/home/binhkieudo/Workspace/XRPIX/serv/build/servant_1.2.1/nexys_a7-vivado/.cxl.ip/incl" -sv -svinputport=relaxed -work perf_axi_tg_v1_0_9 -f /home/binhkieudo/Workspace/XRPIX/serv/build/servant_1.2.1/nexys_a7-vivado/servant_1.2.1.cache/compile_simlib/questa/perf_axi_tg_v1_0_9/.cxl.systemverilog.perf_axi_tg_v1_0_9.perf_axi_tg_v1_0_9.lin64.cmf 
-- Importing package xilinx_vip.xil_common_vip_pkg
-- Importing package xilinx_vip.axi_vip_pkg
** Warning: /tools/Xilinx/Vivado/2022.2/data/ip/xilinx/perf_axi_tg_v1_0/hdl/rtl/axi_rdch_ctrl.sv(87): (vlog-2583) [SVCHK] - Extra checking for conflicts with always_comb and always_latch variables is done at vopt time.
** Warning: /tools/Xilinx/Vivado/2022.2/data/ip/xilinx/perf_axi_tg_v1_0/hdl/rtl/axi_rdch_ctrl.sv(87): (vlog-2583) [SVCHK] - Extra checking for conflicts with always_comb and always_latch variables is done at vopt time.
** Warning: /tools/Xilinx/Vivado/2022.2/data/ip/xilinx/perf_axi_tg_v1_0/hdl/rtl/axi_stream_sptg.sv(87): (vlog-2583) [SVCHK] - Extra checking for conflicts with always_comb and always_latch variables is done at vopt time.
** Warning: /tools/Xilinx/Vivado/2022.2/data/ip/xilinx/perf_axi_tg_v1_0/hdl/rtl/axi_stream_sptg.sv(87): (vlog-2583) [SVCHK] - Extra checking for conflicts with always_comb and always_latch variables is done at vopt time.
** Warning: /tools/Xilinx/Vivado/2022.2/data/ip/xilinx/perf_axi_tg_v1_0/hdl/rtl/axi_stream_sptg.sv(87): (vlog-2583) [SVCHK] - Extra checking for conflicts with always_comb and always_latch variables is done at vopt time.
** Warning: /tools/Xilinx/Vivado/2022.2/data/ip/xilinx/perf_axi_tg_v1_0/hdl/rtl/axi_wrch_ctrl.sv(87): (vlog-2583) [SVCHK] - Extra checking for conflicts with always_comb and always_latch variables is done at vopt time.
** Warning: /tools/Xilinx/Vivado/2022.2/data/ip/xilinx/perf_axi_tg_v1_0/hdl/rtl/axi_wrch_ctrl.sv(87): (vlog-2583) [SVCHK] - Extra checking for conflicts with always_comb and always_latch variables is done at vopt time.
** Warning: /tools/Xilinx/Vivado/2022.2/data/ip/xilinx/perf_axi_tg_v1_0/hdl/rtl/axi_wrch_ctrl.sv(87): (vlog-2583) [SVCHK] - Extra checking for conflicts with always_comb and always_latch variables is done at vopt time.
** Warning: /tools/Xilinx/Vivado/2022.2/data/ip/xilinx/perf_axi_tg_v1_0/hdl/rtl/axi_wrch_ctrl.sv(87): (vlog-2583) [SVCHK] - Extra checking for conflicts with always_comb and always_latch variables is done at vopt time.
** Warning: /tools/Xilinx/Vivado/2022.2/data/ip/xilinx/perf_axi_tg_v1_0/hdl/rtl/axi_wrch_ctrl.sv(87): (vlog-2583) [SVCHK] - Extra checking for conflicts with always_comb and always_latch variables is done at vopt time.
** Warning: /tools/Xilinx/Vivado/2022.2/data/ip/xilinx/perf_axi_tg_v1_0/hdl/rtl/axi_wrch_ctrl.sv(87): (vlog-2583) [SVCHK] - Extra checking for conflicts with always_comb and always_latch variables is done at vopt time.
** Warning: /tools/Xilinx/Vivado/2022.2/data/ip/xilinx/perf_axi_tg_v1_0/hdl/rtl/di_check_cnst_id.sv(87): (vlog-2583) [SVCHK] - Extra checking for conflicts with always_comb and always_latch variables is done at vopt time.
** Warning: /tools/Xilinx/Vivado/2022.2/data/ip/xilinx/perf_axi_tg_v1_0/hdl/rtl/di_check_cnst_id.sv(87): (vlog-2583) [SVCHK] - Extra checking for conflicts with always_comb and always_latch variables is done at vopt time.
** Warning: /tools/Xilinx/Vivado/2022.2/data/ip/xilinx/perf_axi_tg_v1_0/hdl/rtl/di_check_cnst_id.sv(87): (vlog-2583) [SVCHK] - Extra checking for conflicts with always_comb and always_latch variables is done at vopt time.
** Warning: /tools/Xilinx/Vivado/2022.2/data/ip/xilinx/perf_axi_tg_v1_0/hdl/rtl/di_check_cnst_id.sv(87): (vlog-2583) [SVCHK] - Extra checking for conflicts with always_comb and always_latch variables is done at vopt time.
** Warning: /tools/Xilinx/Vivado/2022.2/data/ip/xilinx/perf_axi_tg_v1_0/hdl/rtl/di_check_cnst_id.sv(87): (vlog-2583) [SVCHK] - Extra checking for conflicts with always_comb and always_latch variables is done at vopt time.
** Warning: /tools/Xilinx/Vivado/2022.2/data/ip/xilinx/perf_axi_tg_v1_0/hdl/rtl/di_check_mult_id.sv(87): (vlog-2583) [SVCHK] - Extra checking for conflicts with always_comb and always_latch variables is done at vopt time.
** Warning: /tools/Xilinx/Vivado/2022.2/data/ip/xilinx/perf_axi_tg_v1_0/hdl/rtl/di_check_mult_id.sv(87): (vlog-2583) [SVCHK] - Extra checking for conflicts with always_comb and always_latch variables is done at vopt time.
** Warning: /tools/Xilinx/Vivado/2022.2/data/ip/xilinx/perf_axi_tg_v1_0/hdl/rtl/di_check_mult_id.sv(87): (vlog-2583) [SVCHK] - Extra checking for conflicts with always_comb and always_latch variables is done at vopt time.
** Warning: /tools/Xilinx/Vivado/2022.2/data/ip/xilinx/perf_axi_tg_v1_0/hdl/rtl/di_check_mult_id.sv(87): (vlog-2583) [SVCHK] - Extra checking for conflicts with always_comb and always_latch variables is done at vopt time.
** Warning: /tools/Xilinx/Vivado/2022.2/data/ip/xilinx/perf_axi_tg_v1_0/hdl/rtl/di_check_mult_id.sv(87): (vlog-2583) [SVCHK] - Extra checking for conflicts with always_comb and always_latch variables is done at vopt time.
** Warning: /tools/Xilinx/Vivado/2022.2/data/ip/xilinx/perf_axi_tg_v1_0/hdl/rtl/di_check_mult_id.sv(87): (vlog-2583) [SVCHK] - Extra checking for conflicts with always_comb and always_latch variables is done at vopt time.
** Warning: /tools/Xilinx/Vivado/2022.2/data/ip/xilinx/perf_axi_tg_v1_0/hdl/rtl/di_check_mult_id.sv(87): (vlog-2583) [SVCHK] - Extra checking for conflicts with always_comb and always_latch variables is done at vopt time.

Top level modules:
End time: 11:32:30 on Jul 13,2023, Elapsed time: 0:00:02
Errors: 0, Warnings: 23
