QuestaSim-64 vmap 2021.2_1 Lib Mapping Utility 2021.05 May 15 2021
vmap v_uhdsdi_audio_v2_0_6 /home/binhkieudo/Workspace/XRPIX/serv/build/servant_1.2.1/nexys_a7-vivado/servant_1.2.1.cache/compile_simlib/questa/v_uhdsdi_audio_v2_0_6 
Modifying modelsim.ini
QuestaSim-64 vlog 2021.2_1 Compiler 2021.05 May 15 2021
Start time: 11:30:24 on Jul 13,2023
vlog -64 "+incdir+/home/binhkieudo/Workspace/XRPIX/serv/build/servant_1.2.1/nexys_a7-vivado/.cxl.ip/incl" -work v_uhdsdi_audio_v2_0_6 -f /home/binhkieudo/Workspace/XRPIX/serv/build/servant_1.2.1/nexys_a7-vivado/servant_1.2.1.cache/compile_simlib/questa/v_uhdsdi_audio_v2_0_6/.cxl.verilog.v_uhdsdi_audio_v2_0_6.v_uhdsdi_audio_v2_0_6.lin64.cmf 
-- Compiling module v_uhdsdi_audio_v2_0_6_fifo_34x64_fwft
-- Compiling module v_uhdsdi_audio_v2_0_6_fifo_40x32_fwft
-- Compiling module v_uhdsdi_audio_v2_0_6_fifo_28x16_fwft
-- Compiling module v_uhdsdi_audio_v2_0_6_fifo_29x32_fwft
-- Compiling module v_uhdsdi_audio_v2_0_6_fifo_5x32_fwft
-- Compiling module v_uhdsdi_audio_v2_0_6_aud_stat_ext
-- Compiling module v_uhdsdi_audio_v2_0_6_ctrl_pkt_dec
-- Compiling module v_uhdsdi_audio_v2_0_6_aes_cs_ext
-- Compiling module v_uhdsdi_audio_v2_0_6_sync_one_shot
-- Compiling module v_uhdsdi_audio_v2_0_6_trs_detect
-- Compiling module v_uhdsdi_audio_v2_0_6_hd_mux_anc_det
-- Compiling module v_uhdsdi_audio_v2_0_6_hd_mux_ctrl_constr
-- Compiling module v_uhdsdi_audio_v2_0_6_hd_mux_ctrl
-- Compiling module v_uhdsdi_audio_v2_0_6_hd_mux_data_constr
-- Compiling module v_uhdsdi_audio_v2_0_6_hd_mux_data
-- Compiling module v_uhdsdi_audio_v2_0_6_hd_mux_ecc_encode
-- Compiling module v_uhdsdi_audio_v2_0_6_hd_mux_pkt_mux
-- Compiling module v_uhdsdi_audio_v2_0_6_hd_mux_top
-- Compiling module v_uhdsdi_audio_v2_0_6_sd_mux_anc_det
-- Compiling module v_uhdsdi_audio_v2_0_6_sd_mux_anc_store
-- Compiling module v_uhdsdi_audio_v2_0_6_sd_mux_pkt_gen
-- Compiling module v_uhdsdi_audio_v2_0_6_sd_mux_pkt_mux
-- Compiling module v_uhdsdi_audio_v2_0_6_sd_mux_ram_300x10
-- Compiling module v_uhdsdi_audio_v2_0_6_sd_mux_ram_64x9
-- Compiling module v_uhdsdi_audio_v2_0_6_sd_mux_samp_calc_alu
-- Compiling module v_uhdsdi_audio_v2_0_6_sd_mux_vid_delay
-- Compiling module v_uhdsdi_audio_v2_0_6_sd_mux_top
-- Compiling module v_uhdsdi_audio_v2_0_6_mux_axilite_slave
-- Compiling module v_uhdsdi_audio_v2_0_6_mux_axis_slave
-- Compiling module v_uhdsdi_audio_v2_0_6_mux_delay_dwx32
-- Compiling module v_uhdsdi_audio_v2_0_6_mux_inp_fifos
-- Compiling module v_uhdsdi_audio_v2_0_6_mux_top
-- Compiling module v_uhdsdi_audio_v2_0_6_hd_demux_arbiter
-- Compiling module v_uhdsdi_audio_v2_0_6_hd_demux_clk_phase
-- Compiling module v_uhdsdi_audio_v2_0_6_hd_demux_audio_det
-- Compiling module v_uhdsdi_audio_v2_0_6_hd_demux_data_extr
-- Compiling module v_uhdsdi_audio_v2_0_6_hd_demux_data
-- Compiling module v_uhdsdi_audio_v2_0_6_hd_demux_fifos
-- Compiling module v_uhdsdi_audio_v2_0_6_sd_demux_buffer_512
-- Compiling module v_uhdsdi_audio_v2_0_6_sd_demux_infsm
-- Compiling module v_uhdsdi_audio_v2_0_6_sd_demux_outfsm
-- Compiling module v_uhdsdi_audio_v2_0_6_sd_demux_pkt_del
-- Compiling module v_uhdsdi_audio_v2_0_6_sd_demux_present_flags
-- Compiling module v_uhdsdi_audio_v2_0_6_sd_demux_trs_adf_xyz_detect
-- Compiling module v_uhdsdi_audio_v2_0_6_sd_demux_aud_clk_gen
-- Compiling module v_uhdsdi_audio_v2_0_6_sd_demux_clock_interp_2
-- Compiling module v_uhdsdi_audio_v2_0_6_sd_demux_aes
-- Compiling module v_uhdsdi_audio_v2_0_6_sd_demux_aes_top
-- Compiling module v_uhdsdi_audio_v2_0_6_demux_axilite_slave
-- Compiling module v_uhdsdi_audio_v2_0_6_demux_axis_master
-- Compiling module v_uhdsdi_audio_v2_0_6_demux_rs_fifo1
-- Compiling module v_uhdsdi_audio_v2_0_6_demux_rs_fifo2
-- Compiling module v_uhdsdi_audio_v2_0_6_demux_top

Top level modules:
	v_uhdsdi_audio_v2_0_6_mux_top
	v_uhdsdi_audio_v2_0_6_demux_top
End time: 11:30:24 on Jul 13,2023, Elapsed time: 0:00:00
Errors: 0, Warnings: 0
