QuestaSim-64 vmap 2021.2_1 Lib Mapping Utility 2021.05 May 15 2021
vmap gtwizard_ultrascale_v1_5_4 /home/binhkieudo/Workspace/XRPIX/serv/build/servant_1.2.1/nexys_a7-vivado/servant_1.2.1.cache/compile_simlib/questa/gtwizard_ultrascale_v1_5_4 
Modifying modelsim.ini
QuestaSim-64 vlog 2021.2_1 Compiler 2021.05 May 15 2021
Start time: 11:28:30 on Jul 13,2023
vlog -64 "+incdir+/home/binhkieudo/Workspace/XRPIX/serv/build/servant_1.2.1/nexys_a7-vivado/.cxl.ip/incl" -work gtwizard_ultrascale_v1_5_4 -f /home/binhkieudo/Workspace/XRPIX/serv/build/servant_1.2.1/nexys_a7-vivado/servant_1.2.1.cache/compile_simlib/questa/gtwizard_ultrascale_v1_5_4/.cxl.verilog.gtwizard_ultrascale_v1_5_4.gtwizard_ultrascale_v1_5_4.lin64.cmf 
-- Compiling module gtwizard_ultrascale_v1_5_4_bit_synchronizer
-- Compiling module gtwizard_ultrascale_v1_5_4_gthe3_cpll_cal
-- Compiling module gtwizard_ultrascale_v1_5_4_gthe3_cpll_cal_freq_counter
-- Compiling module gtwizard_ultrascale_v1_5_4_gtwiz_buffbypass_rx
-- Compiling module gtwizard_ultrascale_v1_5_4_gtwiz_buffbypass_tx
-- Compiling module gtwizard_ultrascale_v1_5_4_gtwiz_reset
-- Compiling module gtwizard_ultrascale_v1_5_4_gtwiz_userclk_rx
-- Compiling module gtwizard_ultrascale_v1_5_4_gtwiz_userclk_tx
-- Compiling module gtwizard_ultrascale_v1_5_4_gtwiz_userdata_rx
-- Compiling module gtwizard_ultrascale_v1_5_4_gtwiz_userdata_tx
-- Compiling module gtwizard_ultrascale_v1_5_4_reset_synchronizer

Top level modules:
	gtwizard_ultrascale_v1_5_4_gthe3_cpll_cal
	gtwizard_ultrascale_v1_5_4_gtwiz_buffbypass_rx
	gtwizard_ultrascale_v1_5_4_gtwiz_buffbypass_tx
	gtwizard_ultrascale_v1_5_4_gtwiz_reset
	gtwizard_ultrascale_v1_5_4_gtwiz_userclk_rx
	gtwizard_ultrascale_v1_5_4_gtwiz_userclk_tx
	gtwizard_ultrascale_v1_5_4_gtwiz_userdata_rx
	gtwizard_ultrascale_v1_5_4_gtwiz_userdata_tx
End time: 11:28:30 on Jul 13,2023, Elapsed time: 0:00:00
Errors: 0, Warnings: 0
