QuestaSim-64 vmap 2021.2_1 Lib Mapping Utility 2021.05 May 15 2021
vmap proc_sys_reset_v5_0_13 /home/binhkieudo/Workspace/XRPIX/serv/build/servant_1.2.1/nexys_a7-vivado/servant_1.2.1.cache/compile_simlib/questa/proc_sys_reset_v5_0_13 
Modifying modelsim.ini
QuestaSim-64 vcom 2021.2_1 Compiler 2021.05 May 15 2021
Start time: 11:32:59 on Jul 13,2023
vcom -64 -93 -work proc_sys_reset_v5_0_13 -f /home/binhkieudo/Workspace/XRPIX/serv/build/servant_1.2.1/nexys_a7-vivado/servant_1.2.1.cache/compile_simlib/questa/proc_sys_reset_v5_0_13/.cxl.vhdl.proc_sys_reset_v5_0_13.proc_sys_reset_v5_0_13.lin64.cmf 
-- Loading package STANDARD
-- Loading package TEXTIO
-- Loading package std_logic_1164
-- Loading package std_logic_arith
-- Compiling entity upcnt_n
-- Compiling architecture imp of upcnt_n
-- Compiling entity sequence_psr
-- Compiling architecture imp of sequence_psr
-- Loading entity upcnt_n
-- Compiling entity lpf
-- Compiling architecture imp of lpf
-- Loading package ATTRIBUTES
-- Loading package std_logic_misc
-- Loading entity cdc_sync
-- Compiling entity proc_sys_reset
-- Compiling architecture imp of proc_sys_reset
-- Loading entity lpf
-- Loading entity sequence_psr
End time: 11:33:00 on Jul 13,2023, Elapsed time: 0:00:01
Errors: 0, Warnings: 0
