QuestaSim-64 vmap 2021.2_1 Lib Mapping Utility 2021.05 May 15 2021
vmap axi_mcdma_v1_1_8 /home/binhkieudo/Workspace/XRPIX/serv/build/servant_1.2.1/nexys_a7-vivado/servant_1.2.1.cache/compile_simlib/questa/axi_mcdma_v1_1_8 
Modifying modelsim.ini
QuestaSim-64 vcom 2021.2_1 Compiler 2021.05 May 15 2021
Start time: 11:33:05 on Jul 13,2023
vcom -64 -93 -work axi_mcdma_v1_1_8 -f /home/binhkieudo/Workspace/XRPIX/serv/build/servant_1.2.1/nexys_a7-vivado/servant_1.2.1.cache/compile_simlib/questa/axi_mcdma_v1_1_8/.cxl.vhdl.axi_mcdma_v1_1_8.axi_mcdma_v1_1_8.lin64.cmf 
-- Loading package STANDARD
-- Loading package TEXTIO
-- Loading package std_logic_1164
-- Loading package NUMERIC_STD
-- Loading package std_logic_arith
-- Loading package STD_LOGIC_UNSIGNED
-- Loading package lib_pkg
-- Compiling package axi_mcdma_pkg
-- Compiling package body axi_mcdma_pkg
-- Loading package axi_mcdma_pkg
-- Loading package ATTRIBUTES
-- Loading package std_logic_misc
-- Loading package axi_mcdma_pkg
-- Compiling entity axi_mcdma_reset
-- Compiling architecture implementation of axi_mcdma_reset
-- Loading entity cdc_sync
-- Compiling entity axi_mcdma_rst_module
-- Compiling architecture implementation of axi_mcdma_rst_module
-- Loading entity axi_mcdma_reset
-- Compiling entity axi_mcdma_lite_if
-- Compiling architecture implementation of axi_mcdma_lite_if
-- Compiling entity axi_mcdma_register
-- Compiling architecture implementation of axi_mcdma_register
-- Compiling entity axi_mcdma_common_register
-- Compiling architecture implementation of axi_mcdma_common_register
-- Compiling entity axi_mcdma_s2mm_common_register
-- Compiling architecture implementation of axi_mcdma_s2mm_common_register
-- Compiling entity axi_mcdma_mm2s_common_register
-- Compiling architecture implementation of axi_mcdma_mm2s_common_register
-- Compiling entity axi_mcdma_read_mux
-- Compiling architecture implementation of axi_mcdma_read_mux
-- Compiling entity axi_mcdma_reg_module
-- Compiling architecture implementation of axi_mcdma_reg_module
-- Loading entity axi_mcdma_lite_if
-- Loading entity axi_mcdma_common_register
-- Loading entity axi_mcdma_read_mux
-- Loading entity axi_mcdma_mm2s_common_register
-- Loading entity axi_mcdma_register
-- Loading entity axi_mcdma_s2mm_common_register
-- Compiling entity axi_mcdma_skid_buf
-- Compiling architecture implementation of axi_mcdma_skid_buf
-- Loading package VCOMPONENTS
-- Loading entity async_fifo_fg
-- Compiling entity axi_mcdma_afifo_autord
-- Compiling architecture imp of axi_mcdma_afifo_autord
-- Compiling entity axi_mcdma_pkt_drop
-- Compiling architecture implementation of axi_mcdma_pkt_drop
-- Compiling entity axi_mcdma_s2mm_tdest
-- Compiling architecture implementation of axi_mcdma_s2mm_tdest
-- Loading entity axi_mcdma_pkt_drop
-- Compiling entity axi_mcdma_sofeof_gen
-- Compiling architecture implementation of axi_mcdma_sofeof_gen
-- Loading entity axi_mcdma_afifo_autord
-- Compiling entity axi_mcdma_smple_sm
-- Compiling architecture implementation of axi_mcdma_smple_sm
-- Compiling entity axi_mcdma_mm2s_tdest
-- Compiling architecture implementation of axi_mcdma_mm2s_tdest
-- Loading entity sync_fifo_fg
-- Compiling entity axi_mcdma_mm2s_priority
-- Compiling architecture implementation of axi_mcdma_mm2s_priority
-- Compiling entity axi_mcdma_mm2s_wrr
-- Compiling architecture implementation of axi_mcdma_mm2s_wrr
-- Loading entity srl_fifo_f
-- Compiling entity axi_mcdma_mm2s_sg_if
-- Compiling architecture implementation of axi_mcdma_mm2s_sg_if
-- Compiling entity axi_mcdma_mm2s_sm
-- Compiling architecture implementation of axi_mcdma_mm2s_sm
-- Compiling entity axi_mcdma_mm2s_cmdsts_if
-- Compiling architecture implementation of axi_mcdma_mm2s_cmdsts_if
-- Compiling entity axi_mcdma_mm2s_sts_mngr
-- Compiling architecture implementation of axi_mcdma_mm2s_sts_mngr
-- Compiling entity axi_mcdma_mm2s_cntrl_strm
-- Compiling architecture implementation of axi_mcdma_mm2s_cntrl_strm
-- Loading entity axi_mcdma_skid_buf
-- Compiling entity axi_mcdma_mm2s_mngr
-- Compiling architecture implementation of axi_mcdma_mm2s_mngr
-- Loading entity axi_mcdma_mm2s_wrr
-- Loading entity axi_mcdma_mm2s_priority
** Warning: /tools/Xilinx/Vivado/2022.2/data/ip/xilinx/axi_mcdma_v1_1/hdl/axi_mcdma_v1_1_vh_rfs.vhd(18058): (vcom-1445) Duplicate signal "tid_to_fifo_fp" found in sensitivity list.
-- Loading entity axi_mcdma_mm2s_tdest
-- Loading entity axi_mcdma_mm2s_sm
-- Loading entity axi_mcdma_mm2s_sg_if
-- Loading entity axi_mcdma_mm2s_cmdsts_if
-- Loading entity axi_mcdma_mm2s_sts_mngr
-- Loading entity axi_mcdma_mm2s_cntrl_strm
-- Compiling entity axi_mcdma_stbs_set
-- Compiling architecture implementation of axi_mcdma_stbs_set
-- Compiling entity axi_mcdma_s2mm_sg_if
-- Compiling architecture implementation of axi_mcdma_s2mm_sg_if
-- Compiling entity axi_mcdma_s2mm_sm
-- Compiling architecture implementation of axi_mcdma_s2mm_sm
-- Compiling entity axi_mcdma_s2mm_cmdsts_if
-- Compiling architecture implementation of axi_mcdma_s2mm_cmdsts_if
-- Compiling entity axi_mcdma_s2mm_sts_mngr
-- Compiling architecture implementation of axi_mcdma_s2mm_sts_mngr
-- Compiling entity axi_mcdma_s2mm_sts_strm
-- Compiling architecture implementation of axi_mcdma_s2mm_sts_strm
-- Compiling entity axi_mcdma_s2mm_mngr
-- Compiling architecture implementation of axi_mcdma_s2mm_mngr
-- Loading entity axi_mcdma_s2mm_sm
-- Loading entity axi_mcdma_s2mm_sg_if
-- Loading entity axi_mcdma_s2mm_cmdsts_if
-- Loading entity axi_mcdma_s2mm_sts_mngr
-- Loading entity axi_mcdma_s2mm_sts_strm
-- Compiling entity axi_mcdma_cmd_split
-- Compiling architecture implementation of axi_mcdma_cmd_split
-- Compiling entity axi_mcdma
-- Compiling architecture implementation of axi_mcdma
-- Loading entity axi_mcdma_rst_module
-- Loading entity axi_mcdma_reg_module
-- Loading package axi_msg_pkg
-- Loading entity axi_msg
-- Loading entity axi_mcdma_mm2s_mngr
-- Loading entity axi_mcdma_sofeof_gen
-- Loading entity axi_mcdma_s2mm_mngr
-- Loading entity axi_mcdma_s2mm_tdest
-- Loading entity axi_mcdma_stbs_set
-- Loading entity axi_datamover_mm2s_omit_wrap
-- Loading entity axi_datamover_reset
-- Loading entity axi_datamover_sfifo_autord
-- Loading entity axi_datamover_afifo_autord
-- Loading entity axi_datamover_fifo
-- Loading entity axi_datamover_cmd_status
-- Loading entity axi_datamover_strb_gen2
-- Loading entity axi_datamover_pcc
-- Loading entity axi_datamover_addr_cntl
-- Loading entity axi_datamover_rdmux
-- Loading entity axi_datamover_rddata_cntl
-- Loading entity axi_datamover_rd_status_cntl
-- Loading entity axi_datamover_dre_mux8_1_x_n
-- Loading entity axi_datamover_dre_mux4_1_x_n
-- Loading entity axi_datamover_dre_mux2_1_x_n
-- Loading entity axi_datamover_mm2s_dre
-- Loading entity axi_datamover_rd_sf
-- Loading entity axi_datamover_skid_buf
-- Loading entity axi_datamover_mm2s_full_wrap
-- Loading entity axi_datamover_scc
-- Loading entity axi_datamover_mm2s_basic_wrap
-- Loading entity axi_datamover_s2mm_omit_wrap
-- Loading entity axi_datamover_ibttcc
-- Loading entity axi_datamover_stbs_set
-- Loading entity axi_datamover_stbs_set_nodre
-- Loading entity axi_datamover_indet_btt
-- Loading entity axi_datamover_s2mm_dre
-- Loading entity axi_datamover_ms_strb_set
-- Loading entity axi_datamover_mssai_skid_buf
-- Loading entity axi_datamover_slice
-- Loading entity axi_datamover_s2mm_scatter
-- Loading entity axi_datamover_s2mm_realign
-- Loading entity axi_datamover_wrdata_cntl
-- Loading entity axi_datamover_wr_status_cntl
-- Loading entity axi_datamover_wr_demux
-- Loading entity axi_datamover_skid2mm_buf
-- Loading entity axi_datamover_wr_sf
-- Loading entity axi_datamover_s2mm_full_wrap
-- Loading entity axi_datamover_s2mm_basic_wrap
-- Loading entity axi_datamover
End time: 11:33:06 on Jul 13,2023, Elapsed time: 0:00:01
Errors: 0, Warnings: 1
