QuestaSim-64 vmap 2021.2_1 Lib Mapping Utility 2021.05 May 15 2021
vmap dp_videoaxi4s_bridge_v1_0_1 /home/binhkieudo/Workspace/XRPIX/serv/build/servant_1.2.1/nexys_a7-vivado/servant_1.2.1.cache/compile_simlib/questa/dp_videoaxi4s_bridge_v1_0_1 
Modifying modelsim.ini
QuestaSim-64 vlog 2021.2_1 Compiler 2021.05 May 15 2021
Start time: 11:30:56 on Jul 13,2023
vlog -64 "+incdir+/home/binhkieudo/Workspace/XRPIX/serv/build/servant_1.2.1/nexys_a7-vivado/.cxl.ip/incl" -work dp_videoaxi4s_bridge_v1_0_1 -f /home/binhkieudo/Workspace/XRPIX/serv/build/servant_1.2.1/nexys_a7-vivado/servant_1.2.1.cache/compile_simlib/questa/dp_videoaxi4s_bridge_v1_0_1/.cxl.verilog.dp_videoaxi4s_bridge_v1_0_1.dp_videoaxi4s_bridge_v1_0_1.lin64.cmf 
-- Compiling module dp_videoaxi4s_bridge_v1_0_1
-- Compiling module dp_videoaxi4s_bridge_v1_0_1_axis
-- Compiling module dp_videoaxi4s_bridge_v1_0_1_sub
-- Compiling module dp_videoaxi4s_bridge_v1_0_1_remap
-- Compiling module dp_videoaxi4s_bridge_v1_0_1_fifo_async
-- Compiling module dp_videoaxi4s_bridge_v1_0_1_fifo_sync
-- Compiling module dp_videoaxi4s_bridge_v1_0_1_cdc_single
-- Compiling module dp_videoaxi4s_bridge_v1_0_1_cdc_array
-- Compiling module dp_videoaxi4s_bridge_v1_0_1_cdc_pulse
-- Compiling module dp_videoaxi4s_bridge_v1_0_1_dsc_fifo

Top level modules:
	dp_videoaxi4s_bridge_v1_0_1
	dp_videoaxi4s_bridge_v1_0_1_fifo_async
End time: 11:30:56 on Jul 13,2023, Elapsed time: 0:00:00
Errors: 0, Warnings: 0
