QuestaSim-64 vmap 2021.2_1 Lib Mapping Utility 2021.05 May 15 2021
vmap v_smpte_uhdsdi_v1_0_9 /home/binhkieudo/Workspace/XRPIX/serv/build/servant_1.2.1/nexys_a7-vivado/servant_1.2.1.cache/compile_simlib/questa/v_smpte_uhdsdi_v1_0_9 
Modifying modelsim.ini
QuestaSim-64 vlog 2021.2_1 Compiler 2021.05 May 15 2021
Start time: 11:30:45 on Jul 13,2023
vlog -64 "+incdir+/home/binhkieudo/Workspace/XRPIX/serv/build/servant_1.2.1/nexys_a7-vivado/.cxl.ip/incl" -work v_smpte_uhdsdi_v1_0_9 -f /home/binhkieudo/Workspace/XRPIX/serv/build/servant_1.2.1/nexys_a7-vivado/servant_1.2.1.cache/compile_simlib/questa/v_smpte_uhdsdi_v1_0_9/.cxl.verilog.v_smpte_uhdsdi_v1_0_9.v_smpte_uhdsdi_v1_0_9.lin64.cmf 
-- Compiling module v_smpte_uhdsdi_v1_0_9_crc2
-- Compiling module v_smpte_uhdsdi_v1_0_9_edh_anc_rx
-- Compiling module v_smpte_uhdsdi_v1_0_9_edh_autodetect
-- Compiling module v_smpte_uhdsdi_v1_0_9_edh_crc16
-- Compiling module v_smpte_uhdsdi_v1_0_9_edh_crc
-- Compiling module v_smpte_uhdsdi_v1_0_9_edh_errcnt
-- Compiling module v_smpte_uhdsdi_v1_0_9_edh_flags
-- Compiling module v_smpte_uhdsdi_v1_0_9_edh_fly_field
-- Compiling module v_smpte_uhdsdi_v1_0_9_edh_fly_fsm
-- Compiling module v_smpte_uhdsdi_v1_0_9_edh_fly_horz
-- Compiling module v_smpte_uhdsdi_v1_0_9_edh_fly_vert
-- Compiling module v_smpte_uhdsdi_v1_0_9_edh_flywheel
-- Compiling module v_smpte_uhdsdi_v1_0_9_edh_loc
-- Compiling module v_smpte_uhdsdi_v1_0_9_edh_processor
-- Compiling module v_smpte_uhdsdi_v1_0_9_edh_rx
-- Compiling module v_smpte_uhdsdi_v1_0_9_edh_trs_detect
-- Compiling module v_smpte_uhdsdi_v1_0_9_edh_tx
-- Compiling module v_smpte_uhdsdi_v1_0_9_edh_video_decode
-- Compiling module v_smpte_uhdsdi_v1_0_9_rx_autorate
-- Compiling module v_smpte_uhdsdi_v1_0_9_rx_crc
-- Compiling module v_smpte_uhdsdi_v1_0_9_rx_decoder
-- Compiling module v_smpte_uhdsdi_v1_0_9_rx_demux_4
-- Compiling module v_smpte_uhdsdi_v1_0_9_rx_framer
-- Compiling module v_smpte_uhdsdi_v1_0_9_rx_st352_pid_capture
-- Compiling module v_smpte_uhdsdi_v1_0_9_rx_to_demux
** Warning: (vlog-2083) /tools/Xilinx/Vivado/2022.2/data/ip/xilinx/v_smpte_uhdsdi_v1_0/hdl/v_smpte_uhdsdi_v1_0_vl_rfs.v(8299): Carriage return (0x0D) is not followed by a newline (0x0A).
-- Compiling module v_smpte_uhdsdi_v1_0_9_rx_transport_detect
-- Compiling module v_smpte_uhdsdi_v1_0_9_rx_trs_restore
-- Compiling module v_smpte_uhdsdi_v1_0_9_rx
-- Compiling module v_smpte_uhdsdi_v1_0_9_tx_bitrep_20b
-- Compiling module v_smpte_uhdsdi_v1_0_9_tx_channel
-- Compiling module v_smpte_uhdsdi_v1_0_9_tx_encoder
-- Compiling module v_smpte_uhdsdi_v1_0_9_tx_insert_crc
-- Compiling module v_smpte_uhdsdi_v1_0_9_tx_insert_ln
-- Compiling module v_smpte_uhdsdi_v1_0_9_tx_mux
-- Compiling module v_smpte_uhdsdi_v1_0_9_tx_output
-- Compiling module v_smpte_uhdsdi_v1_0_9_tx_scrambler
-- Compiling module v_smpte_uhdsdi_v1_0_9_tx_st352_pid_insert
-- Compiling module v_smpte_uhdsdi_v1_0_9_tx_syncbit_insert
-- Compiling module v_smpte_uhdsdi_v1_0_9_tx_trsgen
-- Compiling module v_smpte_uhdsdi_v1_0_9_tx
-- Compiling module v_smpte_uhdsdi_v1_0_9

Top level modules:
	v_smpte_uhdsdi_v1_0_9
End time: 11:30:46 on Jul 13,2023, Elapsed time: 0:00:01
Errors: 0, Warnings: 1
