QuestaSim-64 vmap 2021.2_1 Lib Mapping Utility 2021.05 May 15 2021
vmap high_speed_selectio_wiz_v3_6_4 /home/binhkieudo/Workspace/XRPIX/serv/build/servant_1.2.1/nexys_a7-vivado/servant_1.2.1.cache/compile_simlib/questa/high_speed_selectio_wiz_v3_6_4 
Modifying modelsim.ini
QuestaSim-64 vlog 2021.2_1 Compiler 2021.05 May 15 2021
Start time: 11:30:46 on Jul 13,2023
vlog -64 "+incdir+/home/binhkieudo/Workspace/XRPIX/serv/build/servant_1.2.1/nexys_a7-vivado/.cxl.ip/incl" -work high_speed_selectio_wiz_v3_6_4 -f /home/binhkieudo/Workspace/XRPIX/serv/build/servant_1.2.1/nexys_a7-vivado/servant_1.2.1.cache/compile_simlib/questa/high_speed_selectio_wiz_v3_6_4/.cxl.verilog.high_speed_selectio_wiz_v3_6_4.high_speed_selectio_wiz_v3_6_4.lin64.cmf 
-- Compiling module high_speed_selectio_wiz_v3_6_4_sync_cell
-- Compiling module PRBS_ANY
-- Compiling module high_speed_selectio_wiz_v3_6_4_rst_scheme
-- Compiling module high_speed_selectio_wiz_v3_6_4_clk_scheme
-- Compiling module high_speed_selectio_wiz_v3_6_4_clk_rst_top
-- Compiling module high_speed_selectio_wiz_v3_6_4_bs_ctrl_top
-- Compiling module high_speed_selectio_wiz_v3_6_4_iobuf_top
-- Compiling module high_speed_selectio_wiz_v3_6_4_C2BCEtc
-- Compiling module high_speed_selectio_wiz_v3_6_4_C2BCEtc_dwnld
-- Compiling module high_speed_selectio_wiz_v3_6_4_C3BCEtc
-- Compiling module high_speed_selectio_wiz_v3_6_4_C3BCEtc_dwnld
-- Compiling module high_speed_selectio_wiz_v3_6_4_Fdcr
-- Compiling module high_speed_selectio_wiz_v3_6_4_GenPulse
-- Compiling module high_speed_selectio_wiz_v3_6_4_BitSlipInLogic_4b
-- Compiling module high_speed_selectio_wiz_v3_6_4_BitSlipInLogic_8b
-- Compiling module high_speed_selectio_wiz_v3_6_4_BitSlipInLogic_FstCmp_4b
-- Compiling module high_speed_selectio_wiz_v3_6_4_BitSlipInLogic_FstCmp_8b
-- Compiling module high_speed_selectio_wiz_v3_6_4_BitSlipInLogic_Toplevel
-- Compiling module high_speed_selectio_wiz_v3_6_4_rxtx_bs
-- Compiling module high_speed_selectio_wiz_v3_6_4_tx_bs_tri
-- Compiling module high_speed_selectio_wiz_v3_6_4_rx_bs
-- Compiling module high_speed_selectio_wiz_v3_6_4_tx_bs
-- Compiling module high_speed_selectio_wiz_v3_6_4_bs_top

Top level modules:
	PRBS_ANY
	high_speed_selectio_wiz_v3_6_4_clk_rst_top
	high_speed_selectio_wiz_v3_6_4_bs_ctrl_top
	high_speed_selectio_wiz_v3_6_4_iobuf_top
	high_speed_selectio_wiz_v3_6_4_bs_top
End time: 11:30:47 on Jul 13,2023, Elapsed time: 0:00:01
Errors: 0, Warnings: 0
