QuestaSim-64 vmap 2021.2_1 Lib Mapping Utility 2021.05 May 15 2021
vmap cpm5n_v1_0_1 /home/binhkieudo/Workspace/XRPIX/serv/build/servant_1.2.1/nexys_a7-vivado/servant_1.2.1.cache/compile_simlib/questa/cpm5n_v1_0_1 
Modifying modelsim.ini
QuestaSim-64 vlog 2021.2_1 Compiler 2021.05 May 15 2021
Start time: 11:28:28 on Jul 13,2023
vlog -64 -L cpm5n_v1_0_1 "+incdir+/home/binhkieudo/Workspace/XRPIX/serv/build/servant_1.2.1/nexys_a7-vivado/.cxl.ip/incl" -sv -svinputport=relaxed -work cpm5n_v1_0_1 -f /home/binhkieudo/Workspace/XRPIX/serv/build/servant_1.2.1/nexys_a7-vivado/servant_1.2.1.cache/compile_simlib/questa/cpm5n_v1_0_1/.cxl.systemverilog.cpm5n_v1_0_1.cpm5n_v1_0_1.lin64.cmf 
** Warning: ** while parsing file included at /tools/Xilinx/Vivado/2022.2/data/ip/xilinx/cpm5n_v1_0/hdl/cpm5n_v1_0_vl_rfs.sv(87)
** while parsing file included at /home/binhkieudo/Workspace/XRPIX/serv/build/servant_1.2.1/nexys_a7-vivado/.cxl.ip/incl/cpm5n_dma5_defines.svh(4)
** while parsing file included at /home/binhkieudo/Workspace/XRPIX/serv/build/servant_1.2.1/nexys_a7-vivado/.cxl.ip/incl/cpm5n_dma5_axi4mm_axi_bridge.vh(3)
** at /home/binhkieudo/Workspace/XRPIX/serv/build/servant_1.2.1/nexys_a7-vivado/.cxl.ip/incl/cpm5n_pcie5n_coredefines.svh(318): (vlog-2263) Redefinition of macro: 'XSRREG' (previously defined near /home/binhkieudo/Workspace/XRPIX/serv/build/servant_1.2.1/nexys_a7-vivado/.cxl.ip/incl/cpm5n_defines.vh(84), old value '
`ifdef SOFT_IP  
`XSRREG_SYNC_CDX (clk, reset_n, q,d,rstval) 
`else   
`XSRREG_ASYNC_CDX (clk, reset_n, q,d,rstval)  
`endif ', new value '
`ifndef SYNC_FF 
`XSRREG_ASYNC(clk, reset_n, q,d,rstval) 
`else 
`XSRREG_SYNC(clk, reset_n, q,d,rstval) 
`endif') .
** Warning: ** while parsing file included at /tools/Xilinx/Vivado/2022.2/data/ip/xilinx/cpm5n_v1_0/hdl/cpm5n_v1_0_vl_rfs.sv(87)
** while parsing file included at /home/binhkieudo/Workspace/XRPIX/serv/build/servant_1.2.1/nexys_a7-vivado/.cxl.ip/incl/cpm5n_dma5_defines.svh(4)
** while parsing file included at /home/binhkieudo/Workspace/XRPIX/serv/build/servant_1.2.1/nexys_a7-vivado/.cxl.ip/incl/cpm5n_dma5_axi4mm_axi_bridge.vh(3)
** at /home/binhkieudo/Workspace/XRPIX/serv/build/servant_1.2.1/nexys_a7-vivado/.cxl.ip/incl/cpm5n_pcie5n_coredefines.svh(382): (vlog-2263) Redefinition of macro: 'XLREG' (previously defined near /home/binhkieudo/Workspace/XRPIX/serv/build/servant_1.2.1/nexys_a7-vivado/.cxl.ip/incl/cpm5n_defines.vh(141), old value '
`ifdef SOFT_IP 
`XLREGS_SYNC_CDX(clk, reset_n) 
`else 
`XLREGS_ASYNC_CDX(clk, reset_n)  
`endif', new value '
`ifndef SYNC_FF 
`XLREGS_ASYNC(clk, reset_n) 
`else 
`XLREGS_SYNC(clk, reset_n) 
`endif') .
** Warning: ** while parsing file included at /tools/Xilinx/Vivado/2022.2/data/ip/xilinx/cpm5n_v1_0/hdl/cpm5n_v1_0_vl_rfs.sv(87)
** while parsing file included at /home/binhkieudo/Workspace/XRPIX/serv/build/servant_1.2.1/nexys_a7-vivado/.cxl.ip/incl/cpm5n_dma5_defines.svh(4)
** at /home/binhkieudo/Workspace/XRPIX/serv/build/servant_1.2.1/nexys_a7-vivado/.cxl.ip/incl/cpm5n_dma5_axi4mm_axi_bridge.vh(5): (vlog-2263) Redefinition of macro: 'XSRREG_AXIMM' (previously defined near /home/binhkieudo/Workspace/XRPIX/serv/build/servant_1.2.1/nexys_a7-vivado/.cxl.ip/incl/cpm5n_defines.vh(91), old value '
`ifdef SOFT_IP  
`XSRREG_SYNC_CDX (clk, reset_n, q,d,rstval) 
`else   
`XSRREG_ASYNC_CDX (clk, reset_n, q,d,rstval)  
`endif ', new value '
`ifdef SOFT_IP  
`XSRREG_SYNC (clk, reset_n, q,d,rstval) 
`else   
`XSRREG_ASYNC (clk, reset_n, q,d,rstval)  
`endif ') .
** Warning: ** while parsing file included at /tools/Xilinx/Vivado/2022.2/data/ip/xilinx/cpm5n_v1_0/hdl/cpm5n_v1_0_vl_rfs.sv(87)
** while parsing file included at /home/binhkieudo/Workspace/XRPIX/serv/build/servant_1.2.1/nexys_a7-vivado/.cxl.ip/incl/cpm5n_dma5_defines.svh(4)
** at /home/binhkieudo/Workspace/XRPIX/serv/build/servant_1.2.1/nexys_a7-vivado/.cxl.ip/incl/cpm5n_dma5_axi4mm_axi_bridge.vh(12): (vlog-2263) Redefinition of macro: 'XSRREG_EN_AXIMM' (previously defined near /home/binhkieudo/Workspace/XRPIX/serv/build/servant_1.2.1/nexys_a7-vivado/.cxl.ip/incl/cpm5n_defines.vh(105), old value '
`ifdef SOFT_IP 
`XSRREG_SYNC_EN_CDX(clk, reset_n, q,d,rstval, en) 
`else 
`XSRREG_ASYNC_EN_CDX(clk, reset_n, q,d,rstval, en) 
`endif', new value '
`ifdef SOFT_IP 
`XSRREG_SYNC_EN(clk, reset_n, q,d,rstval, en) 
`else 
`XSRREG_ASYNC_EN(clk, reset_n, q,d,rstval, en) 
`endif') .
** Warning: ** while parsing file included at /tools/Xilinx/Vivado/2022.2/data/ip/xilinx/cpm5n_v1_0/hdl/cpm5n_v1_0_vl_rfs.sv(87)
** while parsing file included at /home/binhkieudo/Workspace/XRPIX/serv/build/servant_1.2.1/nexys_a7-vivado/.cxl.ip/incl/cpm5n_dma5_defines.svh(4)
** at /home/binhkieudo/Workspace/XRPIX/serv/build/servant_1.2.1/nexys_a7-vivado/.cxl.ip/incl/cpm5n_dma5_axi4mm_axi_bridge.vh(26): (vlog-2263) Redefinition of macro: 'XSRREG_HARD' (previously defined near /home/binhkieudo/Workspace/XRPIX/serv/build/servant_1.2.1/nexys_a7-vivado/.cxl.ip/incl/cpm5n_defines.vh(112), old value '
`ifdef SOFT_IP  
`XPREG_NORESET_CDX(clk, q,d) 
`else   
`XSRREG_ASYNC_CDX (clk, reset_n, q,d,rstval)  
`endif', new value '
`ifdef SOFT_IP  
`XPREG_NORESET(clk, q,d) 
`else   
`XSRREG_ASYNC (clk, reset_n, q,d,rstval)  
`endif') .
** Warning: ** while parsing file included at /tools/Xilinx/Vivado/2022.2/data/ip/xilinx/cpm5n_v1_0/hdl/cpm5n_v1_0_vl_rfs.sv(87)
** while parsing file included at /home/binhkieudo/Workspace/XRPIX/serv/build/servant_1.2.1/nexys_a7-vivado/.cxl.ip/incl/cpm5n_dma5_defines.svh(4)
** at /home/binhkieudo/Workspace/XRPIX/serv/build/servant_1.2.1/nexys_a7-vivado/.cxl.ip/incl/cpm5n_dma5_axi4mm_axi_bridge.vh(33): (vlog-2263) Redefinition of macro: 'XSRREG_SYNC_HARD' (previously defined near /home/binhkieudo/Workspace/XRPIX/serv/build/servant_1.2.1/nexys_a7-vivado/.cxl.ip/incl/cpm5n_defines.vh(119), old value '
`ifdef SOFT_IP  
`XSRREG_SYNC_CDX(clk, sync_reset_n, q,d, rstval) 
`else   
`XSRREG_ASYNC_CDX (clk, reset_n, q,d,rstval)  
`endif', new value '
`ifdef SOFT_IP  
`XSRREG_SYNC(clk, sync_reset_n, q,d, rstval) 
`else   
`XSRREG_ASYNC (clk, reset_n, q,d,rstval)  
`endif') .
** Warning: ** while parsing file included at /tools/Xilinx/Vivado/2022.2/data/ip/xilinx/cpm5n_v1_0/hdl/cpm5n_v1_0_vl_rfs.sv(87)
** while parsing file included at /home/binhkieudo/Workspace/XRPIX/serv/build/servant_1.2.1/nexys_a7-vivado/.cxl.ip/incl/cpm5n_dma5_defines.svh(4)
** at /home/binhkieudo/Workspace/XRPIX/serv/build/servant_1.2.1/nexys_a7-vivado/.cxl.ip/incl/cpm5n_dma5_axi4mm_axi_bridge.vh(40): (vlog-2263) Redefinition of macro: 'XSRREG_HARD_CLR' (previously defined near /home/binhkieudo/Workspace/XRPIX/serv/build/servant_1.2.1/nexys_a7-vivado/.cxl.ip/incl/cpm5n_defines.vh(126), old value '
`ifdef SOFT_IP  
`XPREG_NORESET_CDX(clk, q,d) 
`else   
`XSRREG_ASYNC_CDX (clk, reset_n, q,d,'h0)  
`endif', new value '
`ifdef SOFT_IP  
`XPREG_NORESET(clk, q,d) 
`else   
`XSRREG_ASYNC (clk, reset_n, q,d,'h0)  
`endif') .
** Warning: ** while parsing file included at /tools/Xilinx/Vivado/2022.2/data/ip/xilinx/cpm5n_v1_0/hdl/cpm5n_v1_0_vl_rfs.sv(87)
** while parsing file included at /home/binhkieudo/Workspace/XRPIX/serv/build/servant_1.2.1/nexys_a7-vivado/.cxl.ip/incl/cpm5n_dma5_defines.svh(4)
** at /home/binhkieudo/Workspace/XRPIX/serv/build/servant_1.2.1/nexys_a7-vivado/.cxl.ip/incl/cpm5n_dma5_axi4mm_axi_bridge.vh(54): (vlog-2263) Redefinition of macro: 'XLREG_AXIMM' (previously defined near /home/binhkieudo/Workspace/XRPIX/serv/build/servant_1.2.1/nexys_a7-vivado/.cxl.ip/incl/cpm5n_defines.vh(148), old value '
`ifdef SOFT_IP 
`XLREGS_SYNC_CDX(clk, reset_n) 
`else 
`XLREGS_ASYNC_CDX(clk, reset_n)  
`endif', new value '
`ifdef SOFT_IP 
`XLREGS_SYNC(clk, reset_n) 
`else 
`XLREGS_ASYNC(clk, reset_n)  
`endif') .
** Warning: ** while parsing file included at /tools/Xilinx/Vivado/2022.2/data/ip/xilinx/cpm5n_v1_0/hdl/cpm5n_v1_0_vl_rfs.sv(87)
** while parsing file included at /home/binhkieudo/Workspace/XRPIX/serv/build/servant_1.2.1/nexys_a7-vivado/.cxl.ip/incl/cpm5n_dma5_defines.svh(4)
** at /home/binhkieudo/Workspace/XRPIX/serv/build/servant_1.2.1/nexys_a7-vivado/.cxl.ip/incl/cpm5n_dma5_axi4mm_axi_bridge.vh(68): (vlog-2263) Redefinition of macro: 'XLREG_HARD' (previously defined near /home/binhkieudo/Workspace/XRPIX/serv/build/servant_1.2.1/nexys_a7-vivado/.cxl.ip/incl/cpm5n_defines.vh(155), old value '
`ifdef SOFT_IP 
always @(posedge clk) 
if (0) begin 
`else 
`XLREGS_ASYNC_CDX(clk, reset_n)  
if (~reset_n ) begin 
`endif', new value '
`ifdef SOFT_IP 
always @(posedge clk) 
if (0) begin 
`else 
`XLREGS_ASYNC(clk, reset_n)  
if (~reset_n ) begin 
`endif') .
** Warning: ** while parsing file included at /tools/Xilinx/Vivado/2022.2/data/ip/xilinx/cpm5n_v1_0/hdl/cpm5n_v1_0_vl_rfs.sv(87)
** while parsing file included at /home/binhkieudo/Workspace/XRPIX/serv/build/servant_1.2.1/nexys_a7-vivado/.cxl.ip/incl/cpm5n_dma5_defines.svh(4)
** at /home/binhkieudo/Workspace/XRPIX/serv/build/servant_1.2.1/nexys_a7-vivado/.cxl.ip/incl/cpm5n_dma5_axi4mm_axi_bridge.vh(82): (vlog-2263) Redefinition of macro: 'XNRREG_AXIMM' (previously defined near /home/binhkieudo/Workspace/XRPIX/serv/build/servant_1.2.1/nexys_a7-vivado/.cxl.ip/incl/cpm5n_defines.vh(169), old value '
    always @(posedge clk)                            
    begin                                            
         `ifdef FOURVALCLKPROP                            
            q <= #(TCQ) clk? d : q;                            
          `else                                            
            q <= #(TCQ) d;                                    
          `endif                                    
     end', new value '
  always @(posedge clk) begin 
   `ifdef FOURVALCLKPROP 
      q <= #(TCQ) clk? d : q; 
    `else 
      q <= #(TCQ) d; 
    `endif 
  end') .
** Warning: ** while parsing file included at /tools/Xilinx/Vivado/2022.2/data/ip/xilinx/cpm5n_v1_0/hdl/cpm5n_v1_0_vl_rfs.sv(87)
** while parsing file included at /home/binhkieudo/Workspace/XRPIX/serv/build/servant_1.2.1/nexys_a7-vivado/.cxl.ip/incl/cpm5n_dma5_defines.svh(4)
** at /home/binhkieudo/Workspace/XRPIX/serv/build/servant_1.2.1/nexys_a7-vivado/.cxl.ip/incl/cpm5n_dma5_axi4mm_axi_bridge.vh(91): (vlog-2263) Redefinition of macro: 'XNRREG_EN_AXIMM' (previously defined near /home/binhkieudo/Workspace/XRPIX/serv/build/servant_1.2.1/nexys_a7-vivado/.cxl.ip/incl/cpm5n_defines.vh(179), old value '
    always @(posedge clk)                            
    begin                                            
         `ifdef FOURVALCLKPROP                            
            q <= #(TCQ) ((en & clk)  ? d : q);                    
          `else                                            
            q <= #(TCQ) (en ? d : q);                            
          `endif                                    
     end', new value '
  always @(posedge clk) begin 
   `ifdef FOURVALCLKPROP 
      q <= #(TCQ) ((en & clk)  ? d : q); 
    `else 
      q <= #(TCQ) (en ? d : q); 
    `endif 
  end') .
-- Compiling interface cpm5n_cxs1024_if
-- Compiling interface cpm5n_pl_cxscxl23_iomux_if
-- Compiling interface cpm5n_pl_cxscxl_iomux_if
-- Compiling interface cpm5n_pl_dpu_cdx_pinmux_if
-- Compiling interface cpm5n_pl_mpiobot_if
-- Compiling interface cpm5n_pl_mpiotop_if
-- Compiling interface cpm5n_pl_pcie23_axi_if
-- Compiling interface cpm5n_pl_pcie_axi_if
-- Compiling interface cpm5n_pl_pcie_cdxbot_axi_if
-- Compiling interface cpm5n_pl_pcie_cdxtop_axi_if
-- Compiling interface cpm5n_pl_pciex4_axi_if
-- Compiling interface dpu_fabric_channel_if
-- Compiling interface dpu_fabric_command_if
-- Compiling interface dpu_fabric_credit_if
-- Compiling interface pcie5n_port_1024b_pcie_axi_if
-- Compiling interface pcie5n_port_axis_1024b_cc_ext_if
-- Compiling interface pcie5n_port_axis_1024b_rq_ext_if
-- Compiling interface pcie5n_port_axis_unified_1024b_cq_ext_if
-- Compiling interface pcie5n_port_cfg_pl_if
-- Compiling interface pcie5n_port_cxl_ext_if
-- Compiling interface cdx5n_c2h_st2m_dat_if
-- Compiling interface cdx5n_c2h_st_byp_in_st2m_req_if
-- Compiling interface cdx5n_c2h_st_pld_cmpt_crdt_if
-- Compiling interface cdx5n_c2h_st_stat_if
-- Compiling interface cdx5n_cdc_req_if
-- Compiling interface cdx5n_cdc_resp_if
-- Compiling interface cdx5n_cmpt_msgst_if
-- Compiling interface cdx5n_csi_local_crdt_if
-- Compiling interface cdx5n_csi_snk_sched_ser_ing_if
-- Compiling interface cdx5n_dsc_crd_in_msgld_req_if
-- Compiling interface cdx5n_fab_1s_seg_if
-- Compiling interface cdx5n_fab_2s_seg_if
-- Compiling interface cdx5n_fabric_flr_axil_if
-- Compiling interface cdx5n_h2c_st_byp_in_m2st_req_if
-- Compiling interface cdx5n_h2c_st_m2st_dat_if
-- Compiling interface cdx5n_mm_byp_in_m2m_req_if
-- Compiling interface cdx5n_mm_byp_out_rsp_if
-- Compiling interface cdx5n_pkt_sched_ser_if
-- Compiling interface cdx5n_qdm_tm_dsc_sts_if
-- Compiling interface cdx5n_qsts_rsp_if
-- Compiling interface cdx5n_rru_dst_crd_if
-- Compiling interface ks_plugin_credit_msg_if
-- Compiling interface ks_generic_meta_if
-- Compiling interface ks_generic_sfmd_if
-- Compiling interface ks_smpl_sb_if
-- Compiling interface ks_smpl_sb1024_if
-- Compiling interface rh_icsb_sb_if
-- Compiling interface ks_sched_msg_if
-- Compiling interface ks_stat_msg_if
-- Compiling interface ks_ts_info_msg_if
-- Compiling interface ks_plugin_ingress_notify_if
-- Compiling interface csr_to_mc_if
-- Compiling interface csr_from_mc_if
-- Compiling interface ks_mac_fc_msg_if_if
-- Compiling interface ks_net_fc_msg_if_if
-- Compiling interface ks_fc_fifo_stall_if_if
-- Compiling interface rh_mas_context_r1_hdr_if
-- Compiling interface rh_nic_rx_socket_context_r1_hdr_if
-- Compiling interface rh_mas_context_hdr_if
-- Compiling interface rh_pseudo_hdr_if
-- Compiling interface rh_pseudo_hdr_common_if
-- Compiling interface rh_pseudo_net_hdr_if
-- Compiling interface rh_pseudo_capsule_hdr_if
-- Compiling interface rh_context_hdr_if
-- Compiling interface rh_h2c_dma_context_hdr_if
-- Compiling interface rh_c2h_dma_context_hdr_if
-- Compiling interface rh_rx_netport_context_hdr_if
-- Compiling interface rh_tx_netport_context_hdr_if
-- Compiling interface rh_h2c_offload_hdr_if
-- Compiling interface rh_h2c_override_hdr_if
-- Compiling interface rh_c2h_packet_char_hdr_if
-- Compiling interface rh_c2h_packet_char_sf_hdr_if
-- Compiling interface rh_c2h_packet_char_sf_hier_if
-- Compiling interface rh_halfrouting_hdr_if
-- Compiling interface rh_igrs_meta_tso_off_if
-- Compiling interface rh_generic_meta_if
-- Compiling interface rh_generic_sfmd_if
-- Compiling interface rh_smpl_sb_if
-- Compiling interface rh_stat_msg_if
-- Compiling interface rh_sched_msg_if
-- Compiling interface rh_ts_info_msg_if
-- Compiling interface rh_ts_ctxt_info_msg_if
-- Compiling interface ks_ts_ctxt_info_msg_if
-- Compiling interface rh_egres_hclass_if
-- Compiling interface ks_hah_axil_if
** Warning: /tools/Xilinx/Vivado/2022.2/data/ip/xilinx/cpm5n_v1_0/hdl/cpm5n_v1_0_vl_rfs.sv(87): (vlog-2583) [SVCHK] - Extra checking for conflicts with always_comb and always_latch variables is done at vopt time.
** Warning: /tools/Xilinx/Vivado/2022.2/data/ip/xilinx/cpm5n_v1_0/hdl/cpm5n_v1_0_vl_rfs.sv(87): (vlog-2583) [SVCHK] - Extra checking for conflicts with always_comb and always_latch variables is done at vopt time.
** Warning: /tools/Xilinx/Vivado/2022.2/data/ip/xilinx/cpm5n_v1_0/hdl/cpm5n_v1_0_vl_rfs.sv(87): (vlog-2583) [SVCHK] - Extra checking for conflicts with always_comb and always_latch variables is done at vopt time.
** Warning: /tools/Xilinx/Vivado/2022.2/data/ip/xilinx/cpm5n_v1_0/hdl/cpm5n_v1_0_vl_rfs.sv(87): (vlog-2583) [SVCHK] - Extra checking for conflicts with always_comb and always_latch variables is done at vopt time.
** Warning: /tools/Xilinx/Vivado/2022.2/data/ip/xilinx/cpm5n_v1_0/hdl/cpm5n_v1_0_vl_rfs.sv(87): (vlog-2583) [SVCHK] - Extra checking for conflicts with always_comb and always_latch variables is done at vopt time.
** Warning: /tools/Xilinx/Vivado/2022.2/data/ip/xilinx/cpm5n_v1_0/hdl/cpm5n_v1_0_vl_rfs.sv(87): (vlog-2583) [SVCHK] - Extra checking for conflicts with always_comb and always_latch variables is done at vopt time.
** Warning: /tools/Xilinx/Vivado/2022.2/data/ip/xilinx/cpm5n_v1_0/hdl/cpm5n_v1_0_vl_rfs.sv(87): (vlog-2583) [SVCHK] - Extra checking for conflicts with always_comb and always_latch variables is done at vopt time.
** Warning: /tools/Xilinx/Vivado/2022.2/data/ip/xilinx/cpm5n_v1_0/hdl/cpm5n_v1_0_vl_rfs.sv(87): (vlog-2583) [SVCHK] - Extra checking for conflicts with always_comb and always_latch variables is done at vopt time.
** Warning: /tools/Xilinx/Vivado/2022.2/data/ip/xilinx/cpm5n_v1_0/hdl/cpm5n_v1_0_vl_rfs.sv(87): (vlog-2583) [SVCHK] - Extra checking for conflicts with always_comb and always_latch variables is done at vopt time.
** Warning: /tools/Xilinx/Vivado/2022.2/data/ip/xilinx/cpm5n_v1_0/hdl/cpm5n_v1_0_vl_rfs.sv(87): (vlog-2583) [SVCHK] - Extra checking for conflicts with always_comb and always_latch variables is done at vopt time.
** Warning: /tools/Xilinx/Vivado/2022.2/data/ip/xilinx/cpm5n_v1_0/hdl/cpm5n_v1_0_vl_rfs.sv(87): (vlog-2583) [SVCHK] - Extra checking for conflicts with always_comb and always_latch variables is done at vopt time.
** Warning: /tools/Xilinx/Vivado/2022.2/data/ip/xilinx/cpm5n_v1_0/hdl/cpm5n_v1_0_vl_rfs.sv(87): (vlog-2583) [SVCHK] - Extra checking for conflicts with always_comb and always_latch variables is done at vopt time.
** Warning: /tools/Xilinx/Vivado/2022.2/data/ip/xilinx/cpm5n_v1_0/hdl/cpm5n_v1_0_vl_rfs.sv(87): (vlog-2583) [SVCHK] - Extra checking for conflicts with always_comb and always_latch variables is done at vopt time.
** Warning: /tools/Xilinx/Vivado/2022.2/data/ip/xilinx/cpm5n_v1_0/hdl/cpm5n_v1_0_vl_rfs.sv(87): (vlog-2583) [SVCHK] - Extra checking for conflicts with always_comb and always_latch variables is done at vopt time.
** Warning: /tools/Xilinx/Vivado/2022.2/data/ip/xilinx/cpm5n_v1_0/hdl/cpm5n_v1_0_vl_rfs.sv(87): (vlog-2583) [SVCHK] - Extra checking for conflicts with always_comb and always_latch variables is done at vopt time.
** Warning: /tools/Xilinx/Vivado/2022.2/data/ip/xilinx/cpm5n_v1_0/hdl/cpm5n_v1_0_vl_rfs.sv(87): (vlog-2583) [SVCHK] - Extra checking for conflicts with always_comb and always_latch variables is done at vopt time.
** Warning: /tools/Xilinx/Vivado/2022.2/data/ip/xilinx/cpm5n_v1_0/hdl/cpm5n_v1_0_vl_rfs.sv(87): (vlog-2583) [SVCHK] - Extra checking for conflicts with always_comb and always_latch variables is done at vopt time.
** Warning: /tools/Xilinx/Vivado/2022.2/data/ip/xilinx/cpm5n_v1_0/hdl/cpm5n_v1_0_vl_rfs.sv(87): (vlog-2583) [SVCHK] - Extra checking for conflicts with always_comb and always_latch variables is done at vopt time.
** Warning: /tools/Xilinx/Vivado/2022.2/data/ip/xilinx/cpm5n_v1_0/hdl/cpm5n_v1_0_vl_rfs.sv(87): (vlog-2583) [SVCHK] - Extra checking for conflicts with always_comb and always_latch variables is done at vopt time.
** Warning: /tools/Xilinx/Vivado/2022.2/data/ip/xilinx/cpm5n_v1_0/hdl/cpm5n_v1_0_vl_rfs.sv(87): (vlog-2583) [SVCHK] - Extra checking for conflicts with always_comb and always_latch variables is done at vopt time.
** Warning: /tools/Xilinx/Vivado/2022.2/data/ip/xilinx/cpm5n_v1_0/hdl/cpm5n_v1_0_vl_rfs.sv(87): (vlog-2583) [SVCHK] - Extra checking for conflicts with always_comb and always_latch variables is done at vopt time.
** Warning: /tools/Xilinx/Vivado/2022.2/data/ip/xilinx/cpm5n_v1_0/hdl/cpm5n_v1_0_vl_rfs.sv(87): (vlog-2583) [SVCHK] - Extra checking for conflicts with always_comb and always_latch variables is done at vopt time.
** Warning: /tools/Xilinx/Vivado/2022.2/data/ip/xilinx/cpm5n_v1_0/hdl/cpm5n_v1_0_vl_rfs.sv(87): (vlog-2583) [SVCHK] - Extra checking for conflicts with always_comb and always_latch variables is done at vopt time.
** Warning: /tools/Xilinx/Vivado/2022.2/data/ip/xilinx/cpm5n_v1_0/hdl/cpm5n_v1_0_vl_rfs.sv(87): (vlog-2583) [SVCHK] - Extra checking for conflicts with always_comb and always_latch variables is done at vopt time.
** Warning: /tools/Xilinx/Vivado/2022.2/data/ip/xilinx/cpm5n_v1_0/hdl/cpm5n_v1_0_vl_rfs.sv(87): (vlog-2583) [SVCHK] - Extra checking for conflicts with always_comb and always_latch variables is done at vopt time.
** Warning: /tools/Xilinx/Vivado/2022.2/data/ip/xilinx/cpm5n_v1_0/hdl/cpm5n_v1_0_vl_rfs.sv(87): (vlog-2583) [SVCHK] - Extra checking for conflicts with always_comb and always_latch variables is done at vopt time.
** Warning: /tools/Xilinx/Vivado/2022.2/data/ip/xilinx/cpm5n_v1_0/hdl/cpm5n_v1_0_vl_rfs.sv(87): (vlog-2583) [SVCHK] - Extra checking for conflicts with always_comb and always_latch variables is done at vopt time.
** Warning: /tools/Xilinx/Vivado/2022.2/data/ip/xilinx/cpm5n_v1_0/hdl/cpm5n_v1_0_vl_rfs.sv(87): (vlog-2583) [SVCHK] - Extra checking for conflicts with always_comb and always_latch variables is done at vopt time.
** Warning: /tools/Xilinx/Vivado/2022.2/data/ip/xilinx/cpm5n_v1_0/hdl/cpm5n_v1_0_vl_rfs.sv(87): (vlog-2583) [SVCHK] - Extra checking for conflicts with always_comb and always_latch variables is done at vopt time.
** Warning: /tools/Xilinx/Vivado/2022.2/data/ip/xilinx/cpm5n_v1_0/hdl/cpm5n_v1_0_vl_rfs.sv(87): (vlog-2583) [SVCHK] - Extra checking for conflicts with always_comb and always_latch variables is done at vopt time.
** Warning: /tools/Xilinx/Vivado/2022.2/data/ip/xilinx/cpm5n_v1_0/hdl/cpm5n_v1_0_vl_rfs.sv(87): (vlog-2583) [SVCHK] - Extra checking for conflicts with always_comb and always_latch variables is done at vopt time.
** Warning: /tools/Xilinx/Vivado/2022.2/data/ip/xilinx/cpm5n_v1_0/hdl/cpm5n_v1_0_vl_rfs.sv(87): (vlog-2583) [SVCHK] - Extra checking for conflicts with always_comb and always_latch variables is done at vopt time.
** Warning: /tools/Xilinx/Vivado/2022.2/data/ip/xilinx/cpm5n_v1_0/hdl/cpm5n_v1_0_vl_rfs.sv(87): (vlog-2583) [SVCHK] - Extra checking for conflicts with always_comb and always_latch variables is done at vopt time.
** Warning: /tools/Xilinx/Vivado/2022.2/data/ip/xilinx/cpm5n_v1_0/hdl/cpm5n_v1_0_vl_rfs.sv(87): (vlog-2583) [SVCHK] - Extra checking for conflicts with always_comb and always_latch variables is done at vopt time.
** Warning: /tools/Xilinx/Vivado/2022.2/data/ip/xilinx/cpm5n_v1_0/hdl/cpm5n_v1_0_vl_rfs.sv(87): (vlog-2583) [SVCHK] - Extra checking for conflicts with always_comb and always_latch variables is done at vopt time.
** Warning: /tools/Xilinx/Vivado/2022.2/data/ip/xilinx/cpm5n_v1_0/hdl/cpm5n_v1_0_vl_rfs.sv(87): (vlog-2583) [SVCHK] - Extra checking for conflicts with always_comb and always_latch variables is done at vopt time.
** Warning: /tools/Xilinx/Vivado/2022.2/data/ip/xilinx/cpm5n_v1_0/hdl/cpm5n_v1_0_vl_rfs.sv(87): (vlog-2583) [SVCHK] - Extra checking for conflicts with always_comb and always_latch variables is done at vopt time.
** Warning: /tools/Xilinx/Vivado/2022.2/data/ip/xilinx/cpm5n_v1_0/hdl/cpm5n_v1_0_vl_rfs.sv(87): (vlog-2583) [SVCHK] - Extra checking for conflicts with always_comb and always_latch variables is done at vopt time.
** Warning: /tools/Xilinx/Vivado/2022.2/data/ip/xilinx/cpm5n_v1_0/hdl/cpm5n_v1_0_vl_rfs.sv(87): (vlog-2583) [SVCHK] - Extra checking for conflicts with always_comb and always_latch variables is done at vopt time.
** Warning: /tools/Xilinx/Vivado/2022.2/data/ip/xilinx/cpm5n_v1_0/hdl/cpm5n_v1_0_vl_rfs.sv(87): (vlog-2583) [SVCHK] - Extra checking for conflicts with always_comb and always_latch variables is done at vopt time.
** Warning: /tools/Xilinx/Vivado/2022.2/data/ip/xilinx/cpm5n_v1_0/hdl/cpm5n_v1_0_vl_rfs.sv(87): (vlog-2583) [SVCHK] - Extra checking for conflicts with always_comb and always_latch variables is done at vopt time.
** Warning: /tools/Xilinx/Vivado/2022.2/data/ip/xilinx/cpm5n_v1_0/hdl/cpm5n_v1_0_vl_rfs.sv(87): (vlog-2583) [SVCHK] - Extra checking for conflicts with always_comb and always_latch variables is done at vopt time.
** Warning: /tools/Xilinx/Vivado/2022.2/data/ip/xilinx/cpm5n_v1_0/hdl/cpm5n_v1_0_vl_rfs.sv(87): (vlog-2583) [SVCHK] - Extra checking for conflicts with always_comb and always_latch variables is done at vopt time.
** Warning: /tools/Xilinx/Vivado/2022.2/data/ip/xilinx/cpm5n_v1_0/hdl/cpm5n_v1_0_vl_rfs.sv(87): (vlog-2583) [SVCHK] - Extra checking for conflicts with always_comb and always_latch variables is done at vopt time.
** Warning: /tools/Xilinx/Vivado/2022.2/data/ip/xilinx/cpm5n_v1_0/hdl/cpm5n_v1_0_vl_rfs.sv(87): (vlog-2583) [SVCHK] - Extra checking for conflicts with always_comb and always_latch variables is done at vopt time.
** Warning: /tools/Xilinx/Vivado/2022.2/data/ip/xilinx/cpm5n_v1_0/hdl/cpm5n_v1_0_vl_rfs.sv(87): (vlog-2583) [SVCHK] - Extra checking for conflicts with always_comb and always_latch variables is done at vopt time.
** Warning: /tools/Xilinx/Vivado/2022.2/data/ip/xilinx/cpm5n_v1_0/hdl/cpm5n_v1_0_vl_rfs.sv(87): (vlog-2583) [SVCHK] - Extra checking for conflicts with always_comb and always_latch variables is done at vopt time.
** Warning: /tools/Xilinx/Vivado/2022.2/data/ip/xilinx/cpm5n_v1_0/hdl/cpm5n_v1_0_vl_rfs.sv(87): (vlog-2583) [SVCHK] - Extra checking for conflicts with always_comb and always_latch variables is done at vopt time.
** Warning: /tools/Xilinx/Vivado/2022.2/data/ip/xilinx/cpm5n_v1_0/hdl/cpm5n_v1_0_vl_rfs.sv(87): (vlog-2583) [SVCHK] - Extra checking for conflicts with always_comb and always_latch variables is done at vopt time.
** Warning: /tools/Xilinx/Vivado/2022.2/data/ip/xilinx/cpm5n_v1_0/hdl/cpm5n_v1_0_vl_rfs.sv(87): (vlog-2583) [SVCHK] - Extra checking for conflicts with always_comb and always_latch variables is done at vopt time.
** Warning: /tools/Xilinx/Vivado/2022.2/data/ip/xilinx/cpm5n_v1_0/hdl/cpm5n_v1_0_vl_rfs.sv(87): (vlog-2583) [SVCHK] - Extra checking for conflicts with always_comb and always_latch variables is done at vopt time.
** Warning: /tools/Xilinx/Vivado/2022.2/data/ip/xilinx/cpm5n_v1_0/hdl/cpm5n_v1_0_vl_rfs.sv(87): (vlog-2583) [SVCHK] - Extra checking for conflicts with always_comb and always_latch variables is done at vopt time.
** Warning: /tools/Xilinx/Vivado/2022.2/data/ip/xilinx/cpm5n_v1_0/hdl/cpm5n_v1_0_vl_rfs.sv(87): (vlog-2583) [SVCHK] - Extra checking for conflicts with always_comb and always_latch variables is done at vopt time.
** Warning: /tools/Xilinx/Vivado/2022.2/data/ip/xilinx/cpm5n_v1_0/hdl/cpm5n_v1_0_vl_rfs.sv(87): (vlog-2583) [SVCHK] - Extra checking for conflicts with always_comb and always_latch variables is done at vopt time.
** Warning: /tools/Xilinx/Vivado/2022.2/data/ip/xilinx/cpm5n_v1_0/hdl/cpm5n_v1_0_vl_rfs.sv(87): (vlog-2583) [SVCHK] - Extra checking for conflicts with always_comb and always_latch variables is done at vopt time.
** Warning: /tools/Xilinx/Vivado/2022.2/data/ip/xilinx/cpm5n_v1_0/hdl/cpm5n_v1_0_vl_rfs.sv(87): (vlog-2583) [SVCHK] - Extra checking for conflicts with always_comb and always_latch variables is done at vopt time.
** Warning: /tools/Xilinx/Vivado/2022.2/data/ip/xilinx/cpm5n_v1_0/hdl/cpm5n_v1_0_vl_rfs.sv(87): (vlog-2583) [SVCHK] - Extra checking for conflicts with always_comb and always_latch variables is done at vopt time.
** Warning: /tools/Xilinx/Vivado/2022.2/data/ip/xilinx/cpm5n_v1_0/hdl/cpm5n_v1_0_vl_rfs.sv(87): (vlog-2583) [SVCHK] - Extra checking for conflicts with always_comb and always_latch variables is done at vopt time.
** Warning: /tools/Xilinx/Vivado/2022.2/data/ip/xilinx/cpm5n_v1_0/hdl/cpm5n_v1_0_vl_rfs.sv(87): (vlog-2583) [SVCHK] - Extra checking for conflicts with always_comb and always_latch variables is done at vopt time.
** Warning: /tools/Xilinx/Vivado/2022.2/data/ip/xilinx/cpm5n_v1_0/hdl/cpm5n_v1_0_vl_rfs.sv(87): (vlog-2583) [SVCHK] - Extra checking for conflicts with always_comb and always_latch variables is done at vopt time.
** Warning: /tools/Xilinx/Vivado/2022.2/data/ip/xilinx/cpm5n_v1_0/hdl/cpm5n_v1_0_vl_rfs.sv(87): (vlog-2583) [SVCHK] - Extra checking for conflicts with always_comb and always_latch variables is done at vopt time.
** Warning: /tools/Xilinx/Vivado/2022.2/data/ip/xilinx/cpm5n_v1_0/hdl/cpm5n_v1_0_vl_rfs.sv(87): (vlog-2583) [SVCHK] - Extra checking for conflicts with always_comb and always_latch variables is done at vopt time.
** Warning: /tools/Xilinx/Vivado/2022.2/data/ip/xilinx/cpm5n_v1_0/hdl/cpm5n_v1_0_vl_rfs.sv(87): (vlog-2583) [SVCHK] - Extra checking for conflicts with always_comb and always_latch variables is done at vopt time.
** Warning: /tools/Xilinx/Vivado/2022.2/data/ip/xilinx/cpm5n_v1_0/hdl/cpm5n_v1_0_vl_rfs.sv(87): (vlog-2583) [SVCHK] - Extra checking for conflicts with always_comb and always_latch variables is done at vopt time.
** Warning: /tools/Xilinx/Vivado/2022.2/data/ip/xilinx/cpm5n_v1_0/hdl/cpm5n_v1_0_vl_rfs.sv(87): (vlog-2583) [SVCHK] - Extra checking for conflicts with always_comb and always_latch variables is done at vopt time.
** Warning: /tools/Xilinx/Vivado/2022.2/data/ip/xilinx/cpm5n_v1_0/hdl/cpm5n_v1_0_vl_rfs.sv(87): (vlog-2583) [SVCHK] - Extra checking for conflicts with always_comb and always_latch variables is done at vopt time.
** Warning: /tools/Xilinx/Vivado/2022.2/data/ip/xilinx/cpm5n_v1_0/hdl/cpm5n_v1_0_vl_rfs.sv(87): (vlog-2583) [SVCHK] - Extra checking for conflicts with always_comb and always_latch variables is done at vopt time.
** Warning: /tools/Xilinx/Vivado/2022.2/data/ip/xilinx/cpm5n_v1_0/hdl/cpm5n_v1_0_vl_rfs.sv(87): (vlog-2583) [SVCHK] - Extra checking for conflicts with always_comb and always_latch variables is done at vopt time.
** Warning: /tools/Xilinx/Vivado/2022.2/data/ip/xilinx/cpm5n_v1_0/hdl/cpm5n_v1_0_vl_rfs.sv(87): (vlog-2583) [SVCHK] - Extra checking for conflicts with always_comb and always_latch variables is done at vopt time.
** Warning: /tools/Xilinx/Vivado/2022.2/data/ip/xilinx/cpm5n_v1_0/hdl/cpm5n_v1_0_vl_rfs.sv(87): (vlog-2583) [SVCHK] - Extra checking for conflicts with always_comb and always_latch variables is done at vopt time.
** Warning: /tools/Xilinx/Vivado/2022.2/data/ip/xilinx/cpm5n_v1_0/hdl/cpm5n_v1_0_vl_rfs.sv(87): (vlog-2583) [SVCHK] - Extra checking for conflicts with always_comb and always_latch variables is done at vopt time.
** Warning: /tools/Xilinx/Vivado/2022.2/data/ip/xilinx/cpm5n_v1_0/hdl/cpm5n_v1_0_vl_rfs.sv(87): (vlog-2583) [SVCHK] - Extra checking for conflicts with always_comb and always_latch variables is done at vopt time.
** Warning: /tools/Xilinx/Vivado/2022.2/data/ip/xilinx/cpm5n_v1_0/hdl/cpm5n_v1_0_vl_rfs.sv(87): (vlog-2583) [SVCHK] - Extra checking for conflicts with always_comb and always_latch variables is done at vopt time.
** Warning: /tools/Xilinx/Vivado/2022.2/data/ip/xilinx/cpm5n_v1_0/hdl/cpm5n_v1_0_vl_rfs.sv(87): (vlog-2583) [SVCHK] - Extra checking for conflicts with always_comb and always_latch variables is done at vopt time.
** Warning: /tools/Xilinx/Vivado/2022.2/data/ip/xilinx/cpm5n_v1_0/hdl/cpm5n_v1_0_vl_rfs.sv(87): (vlog-2583) [SVCHK] - Extra checking for conflicts with always_comb and always_latch variables is done at vopt time.
** Warning: /tools/Xilinx/Vivado/2022.2/data/ip/xilinx/cpm5n_v1_0/hdl/cpm5n_v1_0_vl_rfs.sv(87): (vlog-2583) [SVCHK] - Extra checking for conflicts with always_comb and always_latch variables is done at vopt time.
** Warning: /tools/Xilinx/Vivado/2022.2/data/ip/xilinx/cpm5n_v1_0/hdl/cpm5n_v1_0_vl_rfs.sv(87): (vlog-2583) [SVCHK] - Extra checking for conflicts with always_comb and always_latch variables is done at vopt time.
** Warning: /tools/Xilinx/Vivado/2022.2/data/ip/xilinx/cpm5n_v1_0/hdl/cpm5n_v1_0_vl_rfs.sv(87): (vlog-2583) [SVCHK] - Extra checking for conflicts with always_comb and always_latch variables is done at vopt time.
** Warning: /tools/Xilinx/Vivado/2022.2/data/ip/xilinx/cpm5n_v1_0/hdl/cpm5n_v1_0_vl_rfs.sv(87): (vlog-2583) [SVCHK] - Extra checking for conflicts with always_comb and always_latch variables is done at vopt time.
** Warning: /tools/Xilinx/Vivado/2022.2/data/ip/xilinx/cpm5n_v1_0/hdl/cpm5n_v1_0_vl_rfs.sv(87): (vlog-2583) [SVCHK] - Extra checking for conflicts with always_comb and always_latch variables is done at vopt time.
** Warning: /tools/Xilinx/Vivado/2022.2/data/ip/xilinx/cpm5n_v1_0/hdl/cpm5n_v1_0_vl_rfs.sv(87): (vlog-2583) [SVCHK] - Extra checking for conflicts with always_comb and always_latch variables is done at vopt time.
** Warning: /tools/Xilinx/Vivado/2022.2/data/ip/xilinx/cpm5n_v1_0/hdl/cpm5n_v1_0_vl_rfs.sv(87): (vlog-2583) [SVCHK] - Extra checking for conflicts with always_comb and always_latch variables is done at vopt time.
** Warning: /tools/Xilinx/Vivado/2022.2/data/ip/xilinx/cpm5n_v1_0/hdl/cpm5n_v1_0_vl_rfs.sv(87): (vlog-2583) [SVCHK] - Extra checking for conflicts with always_comb and always_latch variables is done at vopt time.
** Warning: /tools/Xilinx/Vivado/2022.2/data/ip/xilinx/cpm5n_v1_0/hdl/cpm5n_v1_0_vl_rfs.sv(87): (vlog-2583) [SVCHK] - Extra checking for conflicts with always_comb and always_latch variables is done at vopt time.
** Warning: /tools/Xilinx/Vivado/2022.2/data/ip/xilinx/cpm5n_v1_0/hdl/cpm5n_v1_0_vl_rfs.sv(87): (vlog-2583) [SVCHK] - Extra checking for conflicts with always_comb and always_latch variables is done at vopt time.
** Warning: /tools/Xilinx/Vivado/2022.2/data/ip/xilinx/cpm5n_v1_0/hdl/cpm5n_v1_0_vl_rfs.sv(87): (vlog-2583) [SVCHK] - Extra checking for conflicts with always_comb and always_latch variables is done at vopt time.
** Warning: /tools/Xilinx/Vivado/2022.2/data/ip/xilinx/cpm5n_v1_0/hdl/cpm5n_v1_0_vl_rfs.sv(87): (vlog-2583) [SVCHK] - Extra checking for conflicts with always_comb and always_latch variables is done at vopt time.
** Warning: /tools/Xilinx/Vivado/2022.2/data/ip/xilinx/cpm5n_v1_0/hdl/cpm5n_v1_0_vl_rfs.sv(87): (vlog-2583) [SVCHK] - Extra checking for conflicts with always_comb and always_latch variables is done at vopt time.
** Warning: /tools/Xilinx/Vivado/2022.2/data/ip/xilinx/cpm5n_v1_0/hdl/cpm5n_v1_0_vl_rfs.sv(87): (vlog-2583) [SVCHK] - Extra checking for conflicts with always_comb and always_latch variables is done at vopt time.
** Warning: /tools/Xilinx/Vivado/2022.2/data/ip/xilinx/cpm5n_v1_0/hdl/cpm5n_v1_0_vl_rfs.sv(87): (vlog-2583) [SVCHK] - Extra checking for conflicts with always_comb and always_latch variables is done at vopt time.
** Warning: /tools/Xilinx/Vivado/2022.2/data/ip/xilinx/cpm5n_v1_0/hdl/cpm5n_v1_0_vl_rfs.sv(87): (vlog-2583) [SVCHK] - Extra checking for conflicts with always_comb and always_latch variables is done at vopt time.
** Warning: /tools/Xilinx/Vivado/2022.2/data/ip/xilinx/cpm5n_v1_0/hdl/cpm5n_v1_0_vl_rfs.sv(87): (vlog-2583) [SVCHK] - Extra checking for conflicts with always_comb and always_latch variables is done at vopt time.
** Warning: /tools/Xilinx/Vivado/2022.2/data/ip/xilinx/cpm5n_v1_0/hdl/cpm5n_v1_0_vl_rfs.sv(87): (vlog-2583) [SVCHK] - Extra checking for conflicts with always_comb and always_latch variables is done at vopt time.
** Warning: /tools/Xilinx/Vivado/2022.2/data/ip/xilinx/cpm5n_v1_0/hdl/cpm5n_v1_0_vl_rfs.sv(87): (vlog-2583) [SVCHK] - Extra checking for conflicts with always_comb and always_latch variables is done at vopt time.
** Warning: /tools/Xilinx/Vivado/2022.2/data/ip/xilinx/cpm5n_v1_0/hdl/cpm5n_v1_0_vl_rfs.sv(87): (vlog-2583) [SVCHK] - Extra checking for conflicts with always_comb and always_latch variables is done at vopt time.
** Warning: /tools/Xilinx/Vivado/2022.2/data/ip/xilinx/cpm5n_v1_0/hdl/cpm5n_v1_0_vl_rfs.sv(87): (vlog-2583) [SVCHK] - Extra checking for conflicts with always_comb and always_latch variables is done at vopt time.
** Warning: /tools/Xilinx/Vivado/2022.2/data/ip/xilinx/cpm5n_v1_0/hdl/cpm5n_v1_0_vl_rfs.sv(87): (vlog-2583) [SVCHK] - Extra checking for conflicts with always_comb and always_latch variables is done at vopt time.
** Warning: /tools/Xilinx/Vivado/2022.2/data/ip/xilinx/cpm5n_v1_0/hdl/cpm5n_v1_0_vl_rfs.sv(87): (vlog-2583) [SVCHK] - Extra checking for conflicts with always_comb and always_latch variables is done at vopt time.
** Warning: /tools/Xilinx/Vivado/2022.2/data/ip/xilinx/cpm5n_v1_0/hdl/cpm5n_v1_0_vl_rfs.sv(87): (vlog-2583) [SVCHK] - Extra checking for conflicts with always_comb and always_latch variables is done at vopt time.
** Warning: /tools/Xilinx/Vivado/2022.2/data/ip/xilinx/cpm5n_v1_0/hdl/cpm5n_v1_0_vl_rfs.sv(87): (vlog-2583) [SVCHK] - Extra checking for conflicts with always_comb and always_latch variables is done at vopt time.
** Warning: /tools/Xilinx/Vivado/2022.2/data/ip/xilinx/cpm5n_v1_0/hdl/cpm5n_v1_0_vl_rfs.sv(87): (vlog-2583) [SVCHK] - Extra checking for conflicts with always_comb and always_latch variables is done at vopt time.
** Warning: /tools/Xilinx/Vivado/2022.2/data/ip/xilinx/cpm5n_v1_0/hdl/cpm5n_v1_0_vl_rfs.sv(87): (vlog-2583) [SVCHK] - Extra checking for conflicts with always_comb and always_latch variables is done at vopt time.
** Warning: /tools/Xilinx/Vivado/2022.2/data/ip/xilinx/cpm5n_v1_0/hdl/cpm5n_v1_0_vl_rfs.sv(87): (vlog-2583) [SVCHK] - Extra checking for conflicts with always_comb and always_latch variables is done at vopt time.
** Warning: /tools/Xilinx/Vivado/2022.2/data/ip/xilinx/cpm5n_v1_0/hdl/cpm5n_v1_0_vl_rfs.sv(87): (vlog-2583) [SVCHK] - Extra checking for conflicts with always_comb and always_latch variables is done at vopt time.
** Warning: /tools/Xilinx/Vivado/2022.2/data/ip/xilinx/cpm5n_v1_0/hdl/cpm5n_v1_0_vl_rfs.sv(87): (vlog-2583) [SVCHK] - Extra checking for conflicts with always_comb and always_latch variables is done at vopt time.
** Warning: /tools/Xilinx/Vivado/2022.2/data/ip/xilinx/cpm5n_v1_0/hdl/cpm5n_v1_0_vl_rfs.sv(87): (vlog-2583) [SVCHK] - Extra checking for conflicts with always_comb and always_latch variables is done at vopt time.
** Warning: /tools/Xilinx/Vivado/2022.2/data/ip/xilinx/cpm5n_v1_0/hdl/cpm5n_v1_0_vl_rfs.sv(87): (vlog-2583) [SVCHK] - Extra checking for conflicts with always_comb and always_latch variables is done at vopt time.
** Warning: /tools/Xilinx/Vivado/2022.2/data/ip/xilinx/cpm5n_v1_0/hdl/cpm5n_v1_0_vl_rfs.sv(87): (vlog-2583) [SVCHK] - Extra checking for conflicts with always_comb and always_latch variables is done at vopt time.
** Warning: /tools/Xilinx/Vivado/2022.2/data/ip/xilinx/cpm5n_v1_0/hdl/cpm5n_v1_0_vl_rfs.sv(87): (vlog-2583) [SVCHK] - Extra checking for conflicts with always_comb and always_latch variables is done at vopt time.
** Warning: /tools/Xilinx/Vivado/2022.2/data/ip/xilinx/cpm5n_v1_0/hdl/cpm5n_v1_0_vl_rfs.sv(87): (vlog-2583) [SVCHK] - Extra checking for conflicts with always_comb and always_latch variables is done at vopt time.
** Warning: /tools/Xilinx/Vivado/2022.2/data/ip/xilinx/cpm5n_v1_0/hdl/cpm5n_v1_0_vl_rfs.sv(87): (vlog-2583) [SVCHK] - Extra checking for conflicts with always_comb and always_latch variables is done at vopt time.
** Warning: /tools/Xilinx/Vivado/2022.2/data/ip/xilinx/cpm5n_v1_0/hdl/cpm5n_v1_0_vl_rfs.sv(87): (vlog-2583) [SVCHK] - Extra checking for conflicts with always_comb and always_latch variables is done at vopt time.
** Warning: /tools/Xilinx/Vivado/2022.2/data/ip/xilinx/cpm5n_v1_0/hdl/cpm5n_v1_0_vl_rfs.sv(87): (vlog-2583) [SVCHK] - Extra checking for conflicts with always_comb and always_latch variables is done at vopt time.
** Warning: /tools/Xilinx/Vivado/2022.2/data/ip/xilinx/cpm5n_v1_0/hdl/cpm5n_v1_0_vl_rfs.sv(87): (vlog-2583) [SVCHK] - Extra checking for conflicts with always_comb and always_latch variables is done at vopt time.
** Warning: /tools/Xilinx/Vivado/2022.2/data/ip/xilinx/cpm5n_v1_0/hdl/cpm5n_v1_0_vl_rfs.sv(87): (vlog-2583) [SVCHK] - Extra checking for conflicts with always_comb and always_latch variables is done at vopt time.
** Warning: /tools/Xilinx/Vivado/2022.2/data/ip/xilinx/cpm5n_v1_0/hdl/cpm5n_v1_0_vl_rfs.sv(87): (vlog-2583) [SVCHK] - Extra checking for conflicts with always_comb and always_latch variables is done at vopt time.
** Warning: /tools/Xilinx/Vivado/2022.2/data/ip/xilinx/cpm5n_v1_0/hdl/cpm5n_v1_0_vl_rfs.sv(87): (vlog-2583) [SVCHK] - Extra checking for conflicts with always_comb and always_latch variables is done at vopt time.
** Warning: /tools/Xilinx/Vivado/2022.2/data/ip/xilinx/cpm5n_v1_0/hdl/cpm5n_v1_0_vl_rfs.sv(87): (vlog-2583) [SVCHK] - Extra checking for conflicts with always_comb and always_latch variables is done at vopt time.
** Warning: /tools/Xilinx/Vivado/2022.2/data/ip/xilinx/cpm5n_v1_0/hdl/cpm5n_v1_0_vl_rfs.sv(87): (vlog-2583) [SVCHK] - Extra checking for conflicts with always_comb and always_latch variables is done at vopt time.
** Warning: /tools/Xilinx/Vivado/2022.2/data/ip/xilinx/cpm5n_v1_0/hdl/cpm5n_v1_0_vl_rfs.sv(87): (vlog-2583) [SVCHK] - Extra checking for conflicts with always_comb and always_latch variables is done at vopt time.
** Warning: /tools/Xilinx/Vivado/2022.2/data/ip/xilinx/cpm5n_v1_0/hdl/cpm5n_v1_0_vl_rfs.sv(87): (vlog-2583) [SVCHK] - Extra checking for conflicts with always_comb and always_latch variables is done at vopt time.
** Warning: /tools/Xilinx/Vivado/2022.2/data/ip/xilinx/cpm5n_v1_0/hdl/cpm5n_v1_0_vl_rfs.sv(87): (vlog-2583) [SVCHK] - Extra checking for conflicts with always_comb and always_latch variables is done at vopt time.
** Warning: /tools/Xilinx/Vivado/2022.2/data/ip/xilinx/cpm5n_v1_0/hdl/cpm5n_v1_0_vl_rfs.sv(87): (vlog-2583) [SVCHK] - Extra checking for conflicts with always_comb and always_latch variables is done at vopt time.
** Warning: /tools/Xilinx/Vivado/2022.2/data/ip/xilinx/cpm5n_v1_0/hdl/cpm5n_v1_0_vl_rfs.sv(87): (vlog-2583) [SVCHK] - Extra checking for conflicts with always_comb and always_latch variables is done at vopt time.
** Warning: /tools/Xilinx/Vivado/2022.2/data/ip/xilinx/cpm5n_v1_0/hdl/cpm5n_v1_0_vl_rfs.sv(87): (vlog-2583) [SVCHK] - Extra checking for conflicts with always_comb and always_latch variables is done at vopt time.
** Warning: /tools/Xilinx/Vivado/2022.2/data/ip/xilinx/cpm5n_v1_0/hdl/cpm5n_v1_0_vl_rfs.sv(87): (vlog-2583) [SVCHK] - Extra checking for conflicts with always_comb and always_latch variables is done at vopt time.
** Warning: /tools/Xilinx/Vivado/2022.2/data/ip/xilinx/cpm5n_v1_0/hdl/cpm5n_v1_0_vl_rfs.sv(87): (vlog-2583) [SVCHK] - Extra checking for conflicts with always_comb and always_latch variables is done at vopt time.
** Warning: /tools/Xilinx/Vivado/2022.2/data/ip/xilinx/cpm5n_v1_0/hdl/cpm5n_v1_0_vl_rfs.sv(87): (vlog-2583) [SVCHK] - Extra checking for conflicts with always_comb and always_latch variables is done at vopt time.
** Warning: /tools/Xilinx/Vivado/2022.2/data/ip/xilinx/cpm5n_v1_0/hdl/cpm5n_v1_0_vl_rfs.sv(87): (vlog-2583) [SVCHK] - Extra checking for conflicts with always_comb and always_latch variables is done at vopt time.
** Warning: /tools/Xilinx/Vivado/2022.2/data/ip/xilinx/cpm5n_v1_0/hdl/cpm5n_v1_0_vl_rfs.sv(87): (vlog-2583) [SVCHK] - Extra checking for conflicts with always_comb and always_latch variables is done at vopt time.
** Warning: /tools/Xilinx/Vivado/2022.2/data/ip/xilinx/cpm5n_v1_0/hdl/cpm5n_v1_0_vl_rfs.sv(87): (vlog-2583) [SVCHK] - Extra checking for conflicts with always_comb and always_latch variables is done at vopt time.
** Warning: /tools/Xilinx/Vivado/2022.2/data/ip/xilinx/cpm5n_v1_0/hdl/cpm5n_v1_0_vl_rfs.sv(87): (vlog-2583) [SVCHK] - Extra checking for conflicts with always_comb and always_latch variables is done at vopt time.
** Warning: /tools/Xilinx/Vivado/2022.2/data/ip/xilinx/cpm5n_v1_0/hdl/cpm5n_v1_0_vl_rfs.sv(87): (vlog-2583) [SVCHK] - Extra checking for conflicts with always_comb and always_latch variables is done at vopt time.

Top level modules:
End time: 11:28:29 on Jul 13,2023, Elapsed time: 0:00:01
Errors: 0, Warnings: 144
