QuestaSim-64 vmap 2021.2_1 Lib Mapping Utility 2021.05 May 15 2021
vmap pl_fileio_v1_0_0 /home/binhkieudo/Workspace/XRPIX/serv/build/servant_1.2.1/nexys_a7-vivado/servant_1.2.1.cache/compile_simlib/questa/pl_fileio_v1_0_0 
Modifying modelsim.ini
sccom -64 -cpppath /tools/questasim/gcc-7.4.0-linux_x86_64/bin/g++ -nodebug -std=c++11 -I /tools/Xilinx/Vivado/2022.2/data/systemc/simlibs/pl_fileio/pl_fileio_v1_0_0/include -I /tools/Xilinx/Vivado/2022.2/tps/boost_1_72_0 -Wall -fPIC -Wall -fPIC -O3 -work pl_fileio_v1_0_0 -f /home/binhkieudo/Workspace/XRPIX/serv/build/servant_1.2.1/nexys_a7-vivado/servant_1.2.1.cache/compile_simlib/questa/pl_fileio_v1_0_0/.cxl.systemc.pl_fileio_v1_0_0.pl_fileio_v1_0_0.lin64.cmf 
Start time: 11:25:49 on Jul 13,2023

QuestaSim-64 sccom 2021.2_1 compiler 2021.05 May 15 2021

In file included from /tools/questasim/include/systemc/sc_signal_ports.h:2301:0,
                 from /tools/questasim/include/systemc/sc_clock_ports.h:31,
                 from /tools/questasim/include/systemc/systemc:84,
                 from /tools/Xilinx/Vivado/2022.2/data/systemc/simlibs/pl_fileio/pl_fileio_v1_0_0/include/me_ip_block.h:50,
                 from /tools/Xilinx/Vivado/2022.2/data/systemc/simlibs/pl_fileio/pl_fileio_v1_0_0/src/pl_packetizer.cpp:2:
/tools/questasim/include/systemc/sc_signal_ports_mti.h: In member function 'void sc_core::sc_in<sc_dt::sc_logic>::mti_initialize_boundary_port()':
/tools/questasim/include/systemc/sc_signal_ports_mti.h:121:5: warning: this 'else' clause does not guard... [-Wmisleading-indentation]
     else
     ^~~~
/tools/questasim/include/systemc/sc_signal_ports_mti.h:123:2: note: ...this statement, but the latter is misleadingly indented as if it were guarded by the 'else'
  mti_is_creating_dummy_signal = false;
  ^~~~~~~~~~~~~~~~~~~~~~~~~~~~
/tools/questasim/include/systemc/sc_signal_ports_mti.h: In member function 'void sc_core::sc_in<sc_dt::sc_lv<W> >::mti_initialize_boundary_port()':
/tools/questasim/include/systemc/sc_signal_ports_mti.h:500:5: warning: this 'else' clause does not guard... [-Wmisleading-indentation]
     else
     ^~~~
/tools/questasim/include/systemc/sc_signal_ports_mti.h:502:2: note: ...this statement, but the latter is misleadingly indented as if it were guarded by the 'else'
  mti_is_creating_dummy_signal = false;
  ^~~~~~~~~~~~~~~~~~~~~~~~~~~~
/tools/questasim/include/systemc/sc_signal_ports_mti.h: In member function 'void sc_core::sc_inout<sc_dt::sc_logic>::mti_initialize_boundary_port()':
/tools/questasim/include/systemc/sc_signal_ports_mti.h:651:5: warning: this 'else' clause does not guard... [-Wmisleading-indentation]
     else
     ^~~~
/tools/questasim/include/systemc/sc_signal_ports_mti.h:653:2: note: ...this statement, but the latter is misleadingly indented as if it were guarded by the 'else'
  mti_is_creating_dummy_signal = false;
  ^~~~~~~~~~~~~~~~~~~~~~~~~~~~
/tools/questasim/include/systemc/sc_signal_ports_mti.h: In member function 'void sc_core::sc_inout<sc_dt::sc_lv<W> >::mti_initialize_boundary_port()':
/tools/questasim/include/systemc/sc_signal_ports_mti.h:1035:5: warning: this 'else' clause does not guard... [-Wmisleading-indentation]
     else
     ^~~~
/tools/questasim/include/systemc/sc_signal_ports_mti.h:1037:2: note: ...this statement, but the latter is misleadingly indented as if it were guarded by the 'else'
  mti_is_creating_dummy_signal = false;
  ^~~~~~~~~~~~~~~~~~~~~~~~~~~~
In file included from /tools/Xilinx/Vivado/2022.2/data/systemc/simlibs/pl_fileio/pl_fileio_v1_0_0/include/me_ip_block.h:53:0,
                 from /tools/Xilinx/Vivado/2022.2/data/systemc/simlibs/pl_fileio/pl_fileio_v1_0_0/src/pl_packetizer.cpp:2:
/tools/Xilinx/Vivado/2022.2/data/systemc/simlibs/pl_fileio/pl_fileio_v1_0_0/include/me_pl_channels.h: In member function 'virtual void _PL_to_ME_base_channel::put_vector(std::vector<unsigned int>, bool)':
/tools/Xilinx/Vivado/2022.2/data/systemc/simlibs/pl_fileio/pl_fileio_v1_0_0/include/me_pl_channels.h:276:21: warning: comparison between signed and unsigned integer expressions [-Wsign-compare]
   for (int i = 0; i < data.size() - 1; i++) {
                   ~~^~~~~~~~~~~~~~~~~
/tools/Xilinx/Vivado/2022.2/data/systemc/simlibs/pl_fileio/pl_fileio_v1_0_0/src/pl_packetizer.cpp: In constructor 'PacketizedStreamToME::PacketizedStreamToME(sc_core::sc_module_name, int, char**)':
/tools/Xilinx/Vivado/2022.2/data/systemc/simlibs/pl_fileio/pl_fileio_v1_0_0/src/pl_packetizer.cpp:28:19: warning: 'PacketizedStreamToME::in_32bit' will be initialized after [-Wreorder]
    ME_to_PL_32bit in_32bit;
                   ^~~~~~~~
/tools/Xilinx/Vivado/2022.2/data/systemc/simlibs/pl_fileio/pl_fileio_v1_0_0/src/pl_packetizer.cpp:25:19: warning:   'PL_to_ME_64bit PacketizedStreamToME::out_64bit' [-Wreorder]
    PL_to_ME_64bit out_64bit;
                   ^~~~~~~~~
/tools/Xilinx/Vivado/2022.2/data/systemc/simlibs/pl_fileio/pl_fileio_v1_0_0/src/pl_packetizer.cpp:34:1: warning:   when initialized here [-Wreorder]
 PacketizedStreamToME::PacketizedStreamToME(sc_module_name nm, int argc, char *argv[])
 ^~~~~~~~~~~~~~~~~~~~
In file included from /tools/questasim/include/systemc/sc_signal_ports.h:2301:0,
                 from /tools/questasim/include/systemc/sc_clock_ports.h:31,
                 from /tools/questasim/include/systemc/systemc:84,
                 from /tools/Xilinx/Vivado/2022.2/data/systemc/simlibs/pl_fileio/pl_fileio_v1_0_0/include/me_ip_block.h:50,
                 from /tools/Xilinx/Vivado/2022.2/data/systemc/simlibs/pl_fileio/pl_fileio_v1_0_0/src/pl_packetizer_128bit.cpp:2:
/tools/questasim/include/systemc/sc_signal_ports_mti.h: In member function 'void sc_core::sc_in<sc_dt::sc_logic>::mti_initialize_boundary_port()':
/tools/questasim/include/systemc/sc_signal_ports_mti.h:121:5: warning: this 'else' clause does not guard... [-Wmisleading-indentation]
     else
     ^~~~
/tools/questasim/include/systemc/sc_signal_ports_mti.h:123:2: note: ...this statement, but the latter is misleadingly indented as if it were guarded by the 'else'
  mti_is_creating_dummy_signal = false;
  ^~~~~~~~~~~~~~~~~~~~~~~~~~~~
/tools/questasim/include/systemc/sc_signal_ports_mti.h: In member function 'void sc_core::sc_in<sc_dt::sc_lv<W> >::mti_initialize_boundary_port()':
/tools/questasim/include/systemc/sc_signal_ports_mti.h:500:5: warning: this 'else' clause does not guard... [-Wmisleading-indentation]
     else
     ^~~~
/tools/questasim/include/systemc/sc_signal_ports_mti.h:502:2: note: ...this statement, but the latter is misleadingly indented as if it were guarded by the 'else'
  mti_is_creating_dummy_signal = false;
  ^~~~~~~~~~~~~~~~~~~~~~~~~~~~
/tools/questasim/include/systemc/sc_signal_ports_mti.h: In member function 'void sc_core::sc_inout<sc_dt::sc_logic>::mti_initialize_boundary_port()':
/tools/questasim/include/systemc/sc_signal_ports_mti.h:651:5: warning: this 'else' clause does not guard... [-Wmisleading-indentation]
     else
     ^~~~
/tools/questasim/include/systemc/sc_signal_ports_mti.h:653:2: note: ...this statement, but the latter is misleadingly indented as if it were guarded by the 'else'
  mti_is_creating_dummy_signal = false;
  ^~~~~~~~~~~~~~~~~~~~~~~~~~~~
/tools/questasim/include/systemc/sc_signal_ports_mti.h: In member function 'void sc_core::sc_inout<sc_dt::sc_lv<W> >::mti_initialize_boundary_port()':
/tools/questasim/include/systemc/sc_signal_ports_mti.h:1035:5: warning: this 'else' clause does not guard... [-Wmisleading-indentation]
     else
     ^~~~
/tools/questasim/include/systemc/sc_signal_ports_mti.h:1037:2: note: ...this statement, but the latter is misleadingly indented as if it were guarded by the 'else'
  mti_is_creating_dummy_signal = false;
  ^~~~~~~~~~~~~~~~~~~~~~~~~~~~
In file included from /tools/Xilinx/Vivado/2022.2/data/systemc/simlibs/pl_fileio/pl_fileio_v1_0_0/include/me_ip_block.h:53:0,
                 from /tools/Xilinx/Vivado/2022.2/data/systemc/simlibs/pl_fileio/pl_fileio_v1_0_0/src/pl_packetizer_128bit.cpp:2:
/tools/Xilinx/Vivado/2022.2/data/systemc/simlibs/pl_fileio/pl_fileio_v1_0_0/include/me_pl_channels.h: In member function 'virtual void _PL_to_ME_base_channel::put_vector(std::vector<unsigned int>, bool)':
/tools/Xilinx/Vivado/2022.2/data/systemc/simlibs/pl_fileio/pl_fileio_v1_0_0/include/me_pl_channels.h:276:21: warning: comparison between signed and unsigned integer expressions [-Wsign-compare]
   for (int i = 0; i < data.size() - 1; i++) {
                   ~~^~~~~~~~~~~~~~~~~
In file included from /tools/questasim/include/systemc/sc_signal_ports.h:2301:0,
                 from /tools/questasim/include/systemc/sc_clock_ports.h:31,
                 from /tools/questasim/include/systemc/systemc:84,
                 from /tools/Xilinx/Vivado/2022.2/data/systemc/simlibs/pl_fileio/pl_fileio_v1_0_0/include/me_ip_block.h:50,
                 from /tools/Xilinx/Vivado/2022.2/data/systemc/simlibs/pl_fileio/pl_fileio_v1_0_0/src/pl_receiver.cpp:2:
/tools/questasim/include/systemc/sc_signal_ports_mti.h: In member function 'void sc_core::sc_in<sc_dt::sc_logic>::mti_initialize_boundary_port()':
/tools/questasim/include/systemc/sc_signal_ports_mti.h:121:5: warning: this 'else' clause does not guard... [-Wmisleading-indentation]
     else
     ^~~~
/tools/questasim/include/systemc/sc_signal_ports_mti.h:123:2: note: ...this statement, but the latter is misleadingly indented as if it were guarded by the 'else'
  mti_is_creating_dummy_signal = false;
  ^~~~~~~~~~~~~~~~~~~~~~~~~~~~
/tools/questasim/include/systemc/sc_signal_ports_mti.h: In member function 'void sc_core::sc_in<sc_dt::sc_lv<W> >::mti_initialize_boundary_port()':
/tools/questasim/include/systemc/sc_signal_ports_mti.h:500:5: warning: this 'else' clause does not guard... [-Wmisleading-indentation]
     else
     ^~~~
/tools/questasim/include/systemc/sc_signal_ports_mti.h:502:2: note: ...this statement, but the latter is misleadingly indented as if it were guarded by the 'else'
  mti_is_creating_dummy_signal = false;
  ^~~~~~~~~~~~~~~~~~~~~~~~~~~~
/tools/questasim/include/systemc/sc_signal_ports_mti.h: In member function 'void sc_core::sc_inout<sc_dt::sc_logic>::mti_initialize_boundary_port()':
/tools/questasim/include/systemc/sc_signal_ports_mti.h:651:5: warning: this 'else' clause does not guard... [-Wmisleading-indentation]
     else
     ^~~~
/tools/questasim/include/systemc/sc_signal_ports_mti.h:653:2: note: ...this statement, but the latter is misleadingly indented as if it were guarded by the 'else'
  mti_is_creating_dummy_signal = false;
  ^~~~~~~~~~~~~~~~~~~~~~~~~~~~
/tools/questasim/include/systemc/sc_signal_ports_mti.h: In member function 'void sc_core::sc_inout<sc_dt::sc_lv<W> >::mti_initialize_boundary_port()':
/tools/questasim/include/systemc/sc_signal_ports_mti.h:1035:5: warning: this 'else' clause does not guard... [-Wmisleading-indentation]
     else
     ^~~~
/tools/questasim/include/systemc/sc_signal_ports_mti.h:1037:2: note: ...this statement, but the latter is misleadingly indented as if it were guarded by the 'else'
  mti_is_creating_dummy_signal = false;
  ^~~~~~~~~~~~~~~~~~~~~~~~~~~~
In file included from /tools/Xilinx/Vivado/2022.2/data/systemc/simlibs/pl_fileio/pl_fileio_v1_0_0/include/me_ip_block.h:53:0,
                 from /tools/Xilinx/Vivado/2022.2/data/systemc/simlibs/pl_fileio/pl_fileio_v1_0_0/src/pl_receiver.cpp:2:
/tools/Xilinx/Vivado/2022.2/data/systemc/simlibs/pl_fileio/pl_fileio_v1_0_0/include/me_pl_channels.h: In member function 'virtual void _PL_to_ME_base_channel::put_vector(std::vector<unsigned int>, bool)':
/tools/Xilinx/Vivado/2022.2/data/systemc/simlibs/pl_fileio/pl_fileio_v1_0_0/include/me_pl_channels.h:276:21: warning: comparison between signed and unsigned integer expressions [-Wsign-compare]
   for (int i = 0; i < data.size() - 1; i++) {
                   ~~^~~~~~~~~~~~~~~~~
In file included from /tools/Xilinx/Vivado/2022.2/data/systemc/simlibs/pl_fileio/pl_fileio_v1_0_0/src/pl_receiver.cpp:7:0:
/tools/Xilinx/Vivado/2022.2/data/systemc/simlibs/pl_fileio/pl_fileio_v1_0_0/include/file_system.h: In function 'bool xilinx::filesystem::is_directory(const char*)':
/tools/Xilinx/Vivado/2022.2/data/systemc/simlibs/pl_fileio/pl_fileio_v1_0_0/include/file_system.h:14:29: warning: this 'if' clause does not guard... [-Wmisleading-indentation]
             struct stat sb; if (stat(dirPath, &sb) == 0 && S_ISDIR(sb.st_mode))
                             ^~
/tools/Xilinx/Vivado/2022.2/data/systemc/simlibs/pl_fileio/pl_fileio_v1_0_0/include/file_system.h:15:30: note: ...this statement, but the latter is misleadingly indented as if it were guarded by the 'if'
                 return true; return false;
                              ^~~~~~
/tools/Xilinx/Vivado/2022.2/data/systemc/simlibs/pl_fileio/pl_fileio_v1_0_0/src/pl_receiver.cpp: In instantiation of 'void FileStreamFromME::gen_file() [with OutputType = double; SignedType = double]':
/tools/Xilinx/Vivado/2022.2/data/systemc/simlibs/pl_fileio/pl_fileio_v1_0_0/src/pl_receiver.cpp:175:34:   required from here
/tools/Xilinx/Vivado/2022.2/data/systemc/simlibs/pl_fileio/pl_fileio_v1_0_0/src/pl_receiver.cpp:63:96: warning: dereferencing type-punned pointer will break strict-aliasing rules [-Wstrict-aliasing]
               outputFile << "0x" << std::setfill('0') << std::setw(dataWidth/4) << std::hex << *((OutputType*)&temp) << " ";
                                                                                                ^~~~~~~~~~~~~~~~~~~~~
/tools/Xilinx/Vivado/2022.2/data/systemc/simlibs/pl_fileio/pl_fileio_v1_0_0/src/pl_receiver.cpp:65:29: warning: dereferencing type-punned pointer will break strict-aliasing rules [-Wstrict-aliasing]
               outputFile << *((OutputType*)&temp) << " ";
                             ^~~~~~~~~~~~~~~~~~~~~
/tools/Xilinx/Vivado/2022.2/data/systemc/simlibs/pl_fileio/pl_fileio_v1_0_0/src/pl_receiver.cpp: In instantiation of 'void FileStreamFromME::gen_file() [with OutputType = float; SignedType = float]':
/tools/Xilinx/Vivado/2022.2/data/systemc/simlibs/pl_fileio/pl_fileio_v1_0_0/src/pl_receiver.cpp:184:32:   required from here
/tools/Xilinx/Vivado/2022.2/data/systemc/simlibs/pl_fileio/pl_fileio_v1_0_0/src/pl_receiver.cpp:63:96: warning: dereferencing type-punned pointer will break strict-aliasing rules [-Wstrict-aliasing]
               outputFile << "0x" << std::setfill('0') << std::setw(dataWidth/4) << std::hex << *((OutputType*)&temp) << " ";
                                                                                                ^~~~~~~~~~~~~~~~~~~~~
/tools/Xilinx/Vivado/2022.2/data/systemc/simlibs/pl_fileio/pl_fileio_v1_0_0/src/pl_receiver.cpp:65:29: warning: dereferencing type-punned pointer will break strict-aliasing rules [-Wstrict-aliasing]
               outputFile << *((OutputType*)&temp) << " ";
                             ^~~~~~~~~~~~~~~~~~~~~
/tools/Xilinx/Vivado/2022.2/data/systemc/simlibs/pl_fileio/pl_fileio_v1_0_0/src/pl_receiver.cpp: In instantiation of 'void FileStreamFromME::gen_file() [with OutputType = int; SignedType = int]':
/tools/Xilinx/Vivado/2022.2/data/systemc/simlibs/pl_fileio/pl_fileio_v1_0_0/src/pl_receiver.cpp:186:41:   required from here
/tools/Xilinx/Vivado/2022.2/data/systemc/simlibs/pl_fileio/pl_fileio_v1_0_0/src/pl_receiver.cpp:63:96: warning: dereferencing type-punned pointer will break strict-aliasing rules [-Wstrict-aliasing]
               outputFile << "0x" << std::setfill('0') << std::setw(dataWidth/4) << std::hex << *((OutputType*)&temp) << " ";
                                                                                                ^~~~~~~~~~~~~~~~~~~~~
/tools/Xilinx/Vivado/2022.2/data/systemc/simlibs/pl_fileio/pl_fileio_v1_0_0/src/pl_receiver.cpp:65:29: warning: dereferencing type-punned pointer will break strict-aliasing rules [-Wstrict-aliasing]
               outputFile << *((OutputType*)&temp) << " ";
                             ^~~~~~~~~~~~~~~~~~~~~
/tools/Xilinx/Vivado/2022.2/data/systemc/simlibs/pl_fileio/pl_fileio_v1_0_0/src/pl_receiver.cpp: In instantiation of 'void FileStreamFromME::gen_file() [with OutputType = unsigned int; SignedType = unsigned int]':
/tools/Xilinx/Vivado/2022.2/data/systemc/simlibs/pl_fileio/pl_fileio_v1_0_0/src/pl_receiver.cpp:188:45:   required from here
/tools/Xilinx/Vivado/2022.2/data/systemc/simlibs/pl_fileio/pl_fileio_v1_0_0/src/pl_receiver.cpp:63:96: warning: dereferencing type-punned pointer will break strict-aliasing rules [-Wstrict-aliasing]
               outputFile << "0x" << std::setfill('0') << std::setw(dataWidth/4) << std::hex << *((OutputType*)&temp) << " ";
                                                                                                ^~~~~~~~~~~~~~~~~~~~~
/tools/Xilinx/Vivado/2022.2/data/systemc/simlibs/pl_fileio/pl_fileio_v1_0_0/src/pl_receiver.cpp:65:29: warning: dereferencing type-punned pointer will break strict-aliasing rules [-Wstrict-aliasing]
               outputFile << *((OutputType*)&temp) << " ";
                             ^~~~~~~~~~~~~~~~~~~~~
/tools/Xilinx/Vivado/2022.2/data/systemc/simlibs/pl_fileio/pl_fileio_v1_0_0/src/pl_receiver.cpp: In instantiation of 'void FileStreamFromME::gen_file() [with OutputType = short int; SignedType = short int]':
/tools/Xilinx/Vivado/2022.2/data/systemc/simlibs/pl_fileio/pl_fileio_v1_0_0/src/pl_receiver.cpp:193:45:   required from here
/tools/Xilinx/Vivado/2022.2/data/systemc/simlibs/pl_fileio/pl_fileio_v1_0_0/src/pl_receiver.cpp:63:96: warning: dereferencing type-punned pointer will break strict-aliasing rules [-Wstrict-aliasing]
               outputFile << "0x" << std::setfill('0') << std::setw(dataWidth/4) << std::hex << *((OutputType*)&temp) << " ";
                                                                                                ^~~~~~~~~~~~~~~~~~~~~
/tools/Xilinx/Vivado/2022.2/data/systemc/simlibs/pl_fileio/pl_fileio_v1_0_0/src/pl_receiver.cpp:65:29: warning: dereferencing type-punned pointer will break strict-aliasing rules [-Wstrict-aliasing]
               outputFile << *((OutputType*)&temp) << " ";
                             ^~~~~~~~~~~~~~~~~~~~~
/tools/Xilinx/Vivado/2022.2/data/systemc/simlibs/pl_fileio/pl_fileio_v1_0_0/src/pl_receiver.cpp: In instantiation of 'void FileStreamFromME::gen_file() [with OutputType = short unsigned int; SignedType = short unsigned int]':
/tools/Xilinx/Vivado/2022.2/data/systemc/simlibs/pl_fileio/pl_fileio_v1_0_0/src/pl_receiver.cpp:195:49:   required from here
/tools/Xilinx/Vivado/2022.2/data/systemc/simlibs/pl_fileio/pl_fileio_v1_0_0/src/pl_receiver.cpp:63:96: warning: dereferencing type-punned pointer will break strict-aliasing rules [-Wstrict-aliasing]
               outputFile << "0x" << std::setfill('0') << std::setw(dataWidth/4) << std::hex << *((OutputType*)&temp) << " ";
                                                                                                ^~~~~~~~~~~~~~~~~~~~~
/tools/Xilinx/Vivado/2022.2/data/systemc/simlibs/pl_fileio/pl_fileio_v1_0_0/src/pl_receiver.cpp:65:29: warning: dereferencing type-punned pointer will break strict-aliasing rules [-Wstrict-aliasing]
               outputFile << *((OutputType*)&temp) << " ";
                             ^~~~~~~~~~~~~~~~~~~~~
In file included from /tools/questasim/include/systemc/sc_signal_ports.h:2301:0,
                 from /tools/questasim/include/systemc/sc_clock_ports.h:31,
                 from /tools/questasim/include/systemc/systemc:84,
                 from /tools/Xilinx/Vivado/2022.2/data/systemc/simlibs/pl_fileio/pl_fileio_v1_0_0/include/me_ip_block.h:50,
                 from /tools/Xilinx/Vivado/2022.2/data/systemc/simlibs/pl_fileio/pl_fileio_v1_0_0/src/pl_receiver_128bit.cpp:2:
/tools/questasim/include/systemc/sc_signal_ports_mti.h: In member function 'void sc_core::sc_in<sc_dt::sc_logic>::mti_initialize_boundary_port()':
/tools/questasim/include/systemc/sc_signal_ports_mti.h:121:5: warning: this 'else' clause does not guard... [-Wmisleading-indentation]
     else
     ^~~~
/tools/questasim/include/systemc/sc_signal_ports_mti.h:123:2: note: ...this statement, but the latter is misleadingly indented as if it were guarded by the 'else'
  mti_is_creating_dummy_signal = false;
  ^~~~~~~~~~~~~~~~~~~~~~~~~~~~
/tools/questasim/include/systemc/sc_signal_ports_mti.h: In member function 'void sc_core::sc_in<sc_dt::sc_lv<W> >::mti_initialize_boundary_port()':
/tools/questasim/include/systemc/sc_signal_ports_mti.h:500:5: warning: this 'else' clause does not guard... [-Wmisleading-indentation]
     else
     ^~~~
/tools/questasim/include/systemc/sc_signal_ports_mti.h:502:2: note: ...this statement, but the latter is misleadingly indented as if it were guarded by the 'else'
  mti_is_creating_dummy_signal = false;
  ^~~~~~~~~~~~~~~~~~~~~~~~~~~~
/tools/questasim/include/systemc/sc_signal_ports_mti.h: In member function 'void sc_core::sc_inout<sc_dt::sc_logic>::mti_initialize_boundary_port()':
/tools/questasim/include/systemc/sc_signal_ports_mti.h:651:5: warning: this 'else' clause does not guard... [-Wmisleading-indentation]
     else
     ^~~~
/tools/questasim/include/systemc/sc_signal_ports_mti.h:653:2: note: ...this statement, but the latter is misleadingly indented as if it were guarded by the 'else'
  mti_is_creating_dummy_signal = false;
  ^~~~~~~~~~~~~~~~~~~~~~~~~~~~
/tools/questasim/include/systemc/sc_signal_ports_mti.h: In member function 'void sc_core::sc_inout<sc_dt::sc_lv<W> >::mti_initialize_boundary_port()':
/tools/questasim/include/systemc/sc_signal_ports_mti.h:1035:5: warning: this 'else' clause does not guard... [-Wmisleading-indentation]
     else
     ^~~~
/tools/questasim/include/systemc/sc_signal_ports_mti.h:1037:2: note: ...this statement, but the latter is misleadingly indented as if it were guarded by the 'else'
  mti_is_creating_dummy_signal = false;
  ^~~~~~~~~~~~~~~~~~~~~~~~~~~~
In file included from /tools/Xilinx/Vivado/2022.2/data/systemc/simlibs/pl_fileio/pl_fileio_v1_0_0/include/me_ip_block.h:53:0,
                 from /tools/Xilinx/Vivado/2022.2/data/systemc/simlibs/pl_fileio/pl_fileio_v1_0_0/src/pl_receiver_128bit.cpp:2:
/tools/Xilinx/Vivado/2022.2/data/systemc/simlibs/pl_fileio/pl_fileio_v1_0_0/include/me_pl_channels.h: In member function 'virtual void _PL_to_ME_base_channel::put_vector(std::vector<unsigned int>, bool)':
/tools/Xilinx/Vivado/2022.2/data/systemc/simlibs/pl_fileio/pl_fileio_v1_0_0/include/me_pl_channels.h:276:21: warning: comparison between signed and unsigned integer expressions [-Wsign-compare]
   for (int i = 0; i < data.size() - 1; i++) {
                   ~~^~~~~~~~~~~~~~~~~
In file included from /tools/Xilinx/Vivado/2022.2/data/systemc/simlibs/pl_fileio/pl_fileio_v1_0_0/src/pl_receiver_128bit.cpp:6:0:
/tools/Xilinx/Vivado/2022.2/data/systemc/simlibs/pl_fileio/pl_fileio_v1_0_0/include/file_system.h: In function 'bool xilinx::filesystem::is_directory(const char*)':
/tools/Xilinx/Vivado/2022.2/data/systemc/simlibs/pl_fileio/pl_fileio_v1_0_0/include/file_system.h:14:29: warning: this 'if' clause does not guard... [-Wmisleading-indentation]
             struct stat sb; if (stat(dirPath, &sb) == 0 && S_ISDIR(sb.st_mode))
                             ^~
/tools/Xilinx/Vivado/2022.2/data/systemc/simlibs/pl_fileio/pl_fileio_v1_0_0/include/file_system.h:15:30: note: ...this statement, but the latter is misleadingly indented as if it were guarded by the 'if'
                 return true; return false;
                              ^~~~~~
/tools/Xilinx/Vivado/2022.2/data/systemc/simlibs/pl_fileio/pl_fileio_v1_0_0/src/pl_receiver_128bit.cpp: In instantiation of 'void FileStreamFromME128::gen_file() [with OutputType = double; SignedType = double]':
/tools/Xilinx/Vivado/2022.2/data/systemc/simlibs/pl_fileio/pl_fileio_v1_0_0/src/pl_receiver_128bit.cpp:209:32:   required from here
/tools/Xilinx/Vivado/2022.2/data/systemc/simlibs/pl_fileio/pl_fileio_v1_0_0/src/pl_receiver_128bit.cpp:87:25: warning: dereferencing type-punned pointer will break strict-aliasing rules [-Wstrict-aliasing]
           outputFile << *((OutputType*)&temp) << " ";
                         ^~~~~~~~~~~~~~~~~~~~~
/tools/Xilinx/Vivado/2022.2/data/systemc/simlibs/pl_fileio/pl_fileio_v1_0_0/src/pl_receiver_128bit.cpp:101:25: warning: dereferencing type-punned pointer will break strict-aliasing rules [-Wstrict-aliasing]
           outputFile << *((OutputType*)&temp) << " ";
                         ^~~~~~~~~~~~~~~~~~~~~
/tools/Xilinx/Vivado/2022.2/data/systemc/simlibs/pl_fileio/pl_fileio_v1_0_0/src/pl_receiver_128bit.cpp: In instantiation of 'void FileStreamFromME128::gen_file() [with OutputType = float; SignedType = float]':
/tools/Xilinx/Vivado/2022.2/data/systemc/simlibs/pl_fileio/pl_fileio_v1_0_0/src/pl_receiver_128bit.cpp:218:30:   required from here
/tools/Xilinx/Vivado/2022.2/data/systemc/simlibs/pl_fileio/pl_fileio_v1_0_0/src/pl_receiver_128bit.cpp:87:25: warning: dereferencing type-punned pointer will break strict-aliasing rules [-Wstrict-aliasing]
           outputFile << *((OutputType*)&temp) << " ";
                         ^~~~~~~~~~~~~~~~~~~~~
/tools/Xilinx/Vivado/2022.2/data/systemc/simlibs/pl_fileio/pl_fileio_v1_0_0/src/pl_receiver_128bit.cpp:101:25: warning: dereferencing type-punned pointer will break strict-aliasing rules [-Wstrict-aliasing]
           outputFile << *((OutputType*)&temp) << " ";
                         ^~~~~~~~~~~~~~~~~~~~~
/tools/Xilinx/Vivado/2022.2/data/systemc/simlibs/pl_fileio/pl_fileio_v1_0_0/src/pl_receiver_128bit.cpp: In instantiation of 'void FileStreamFromME128::gen_file() [with OutputType = int; SignedType = int]':
/tools/Xilinx/Vivado/2022.2/data/systemc/simlibs/pl_fileio/pl_fileio_v1_0_0/src/pl_receiver_128bit.cpp:220:39:   required from here
/tools/Xilinx/Vivado/2022.2/data/systemc/simlibs/pl_fileio/pl_fileio_v1_0_0/src/pl_receiver_128bit.cpp:87:25: warning: dereferencing type-punned pointer will break strict-aliasing rules [-Wstrict-aliasing]
           outputFile << *((OutputType*)&temp) << " ";
                         ^~~~~~~~~~~~~~~~~~~~~
/tools/Xilinx/Vivado/2022.2/data/systemc/simlibs/pl_fileio/pl_fileio_v1_0_0/src/pl_receiver_128bit.cpp:101:25: warning: dereferencing type-punned pointer will break strict-aliasing rules [-Wstrict-aliasing]
           outputFile << *((OutputType*)&temp) << " ";
                         ^~~~~~~~~~~~~~~~~~~~~
/tools/Xilinx/Vivado/2022.2/data/systemc/simlibs/pl_fileio/pl_fileio_v1_0_0/src/pl_receiver_128bit.cpp: In instantiation of 'void FileStreamFromME128::gen_file() [with OutputType = unsigned int; SignedType = unsigned int]':
/tools/Xilinx/Vivado/2022.2/data/systemc/simlibs/pl_fileio/pl_fileio_v1_0_0/src/pl_receiver_128bit.cpp:222:43:   required from here
/tools/Xilinx/Vivado/2022.2/data/systemc/simlibs/pl_fileio/pl_fileio_v1_0_0/src/pl_receiver_128bit.cpp:87:25: warning: dereferencing type-punned pointer will break strict-aliasing rules [-Wstrict-aliasing]
           outputFile << *((OutputType*)&temp) << " ";
                         ^~~~~~~~~~~~~~~~~~~~~
/tools/Xilinx/Vivado/2022.2/data/systemc/simlibs/pl_fileio/pl_fileio_v1_0_0/src/pl_receiver_128bit.cpp:101:25: warning: dereferencing type-punned pointer will break strict-aliasing rules [-Wstrict-aliasing]
           outputFile << *((OutputType*)&temp) << " ";
                         ^~~~~~~~~~~~~~~~~~~~~
/tools/Xilinx/Vivado/2022.2/data/systemc/simlibs/pl_fileio/pl_fileio_v1_0_0/src/pl_receiver_128bit.cpp: In instantiation of 'void FileStreamFromME128::gen_file() [with OutputType = short int; SignedType = short int]':
/tools/Xilinx/Vivado/2022.2/data/systemc/simlibs/pl_fileio/pl_fileio_v1_0_0/src/pl_receiver_128bit.cpp:227:43:   required from here
/tools/Xilinx/Vivado/2022.2/data/systemc/simlibs/pl_fileio/pl_fileio_v1_0_0/src/pl_receiver_128bit.cpp:87:25: warning: dereferencing type-punned pointer will break strict-aliasing rules [-Wstrict-aliasing]
           outputFile << *((OutputType*)&temp) << " ";
                         ^~~~~~~~~~~~~~~~~~~~~
/tools/Xilinx/Vivado/2022.2/data/systemc/simlibs/pl_fileio/pl_fileio_v1_0_0/src/pl_receiver_128bit.cpp:101:25: warning: dereferencing type-punned pointer will break strict-aliasing rules [-Wstrict-aliasing]
           outputFile << *((OutputType*)&temp) << " ";
                         ^~~~~~~~~~~~~~~~~~~~~
/tools/Xilinx/Vivado/2022.2/data/systemc/simlibs/pl_fileio/pl_fileio_v1_0_0/src/pl_receiver_128bit.cpp: In instantiation of 'void FileStreamFromME128::gen_file() [with OutputType = short unsigned int; SignedType = short unsigned int]':
/tools/Xilinx/Vivado/2022.2/data/systemc/simlibs/pl_fileio/pl_fileio_v1_0_0/src/pl_receiver_128bit.cpp:229:47:   required from here
/tools/Xilinx/Vivado/2022.2/data/systemc/simlibs/pl_fileio/pl_fileio_v1_0_0/src/pl_receiver_128bit.cpp:87:25: warning: dereferencing type-punned pointer will break strict-aliasing rules [-Wstrict-aliasing]
           outputFile << *((OutputType*)&temp) << " ";
                         ^~~~~~~~~~~~~~~~~~~~~
/tools/Xilinx/Vivado/2022.2/data/systemc/simlibs/pl_fileio/pl_fileio_v1_0_0/src/pl_receiver_128bit.cpp:101:25: warning: dereferencing type-punned pointer will break strict-aliasing rules [-Wstrict-aliasing]
           outputFile << *((OutputType*)&temp) << " ";
                         ^~~~~~~~~~~~~~~~~~~~~
In file included from /tools/questasim/include/systemc/sc_signal_ports.h:2301:0,
                 from /tools/questasim/include/systemc/sc_clock_ports.h:31,
                 from /tools/questasim/include/systemc/systemc:84,
                 from /tools/Xilinx/Vivado/2022.2/data/systemc/simlibs/pl_fileio/pl_fileio_v1_0_0/include/me_ip_block.h:50,
                 from /tools/Xilinx/Vivado/2022.2/data/systemc/simlibs/pl_fileio/pl_fileio_v1_0_0/src/pl_sender.cpp:2:
/tools/questasim/include/systemc/sc_signal_ports_mti.h: In member function 'void sc_core::sc_in<sc_dt::sc_logic>::mti_initialize_boundary_port()':
/tools/questasim/include/systemc/sc_signal_ports_mti.h:121:5: warning: this 'else' clause does not guard... [-Wmisleading-indentation]
     else
     ^~~~
/tools/questasim/include/systemc/sc_signal_ports_mti.h:123:2: note: ...this statement, but the latter is misleadingly indented as if it were guarded by the 'else'
  mti_is_creating_dummy_signal = false;
  ^~~~~~~~~~~~~~~~~~~~~~~~~~~~
/tools/questasim/include/systemc/sc_signal_ports_mti.h: In member function 'void sc_core::sc_in<sc_dt::sc_lv<W> >::mti_initialize_boundary_port()':
/tools/questasim/include/systemc/sc_signal_ports_mti.h:500:5: warning: this 'else' clause does not guard... [-Wmisleading-indentation]
     else
     ^~~~
/tools/questasim/include/systemc/sc_signal_ports_mti.h:502:2: note: ...this statement, but the latter is misleadingly indented as if it were guarded by the 'else'
  mti_is_creating_dummy_signal = false;
  ^~~~~~~~~~~~~~~~~~~~~~~~~~~~
/tools/questasim/include/systemc/sc_signal_ports_mti.h: In member function 'void sc_core::sc_inout<sc_dt::sc_logic>::mti_initialize_boundary_port()':
/tools/questasim/include/systemc/sc_signal_ports_mti.h:651:5: warning: this 'else' clause does not guard... [-Wmisleading-indentation]
     else
     ^~~~
/tools/questasim/include/systemc/sc_signal_ports_mti.h:653:2: note: ...this statement, but the latter is misleadingly indented as if it were guarded by the 'else'
  mti_is_creating_dummy_signal = false;
  ^~~~~~~~~~~~~~~~~~~~~~~~~~~~
/tools/questasim/include/systemc/sc_signal_ports_mti.h: In member function 'void sc_core::sc_inout<sc_dt::sc_lv<W> >::mti_initialize_boundary_port()':
/tools/questasim/include/systemc/sc_signal_ports_mti.h:1035:5: warning: this 'else' clause does not guard... [-Wmisleading-indentation]
     else
     ^~~~
/tools/questasim/include/systemc/sc_signal_ports_mti.h:1037:2: note: ...this statement, but the latter is misleadingly indented as if it were guarded by the 'else'
  mti_is_creating_dummy_signal = false;
  ^~~~~~~~~~~~~~~~~~~~~~~~~~~~
In file included from /tools/Xilinx/Vivado/2022.2/data/systemc/simlibs/pl_fileio/pl_fileio_v1_0_0/include/me_ip_block.h:53:0,
                 from /tools/Xilinx/Vivado/2022.2/data/systemc/simlibs/pl_fileio/pl_fileio_v1_0_0/src/pl_sender.cpp:2:
/tools/Xilinx/Vivado/2022.2/data/systemc/simlibs/pl_fileio/pl_fileio_v1_0_0/include/me_pl_channels.h: In member function 'virtual void _PL_to_ME_base_channel::put_vector(std::vector<unsigned int>, bool)':
/tools/Xilinx/Vivado/2022.2/data/systemc/simlibs/pl_fileio/pl_fileio_v1_0_0/include/me_pl_channels.h:276:21: warning: comparison between signed and unsigned integer expressions [-Wsign-compare]
   for (int i = 0; i < data.size() - 1; i++) {
                   ~~^~~~~~~~~~~~~~~~~
/tools/Xilinx/Vivado/2022.2/data/systemc/simlibs/pl_fileio/pl_fileio_v1_0_0/src/pl_sender.cpp: In member function 'void FileStreamToME::main_action()':
/tools/Xilinx/Vivado/2022.2/data/systemc/simlibs/pl_fileio/pl_fileio_v1_0_0/src/pl_sender.cpp:141:60: warning: dereferencing type-punned pointer will break strict-aliasing rules [-Wstrict-aliasing]
                     while (iss >> *((double*)&buffer[index]))
                                                            ^
/tools/Xilinx/Vivado/2022.2/data/systemc/simlibs/pl_fileio/pl_fileio_v1_0_0/src/pl_sender.cpp:148:59: warning: dereferencing type-punned pointer will break strict-aliasing rules [-Wstrict-aliasing]
                     while (iss >> *((float*)&buffer[index]))
                                                           ^
/tools/Xilinx/Vivado/2022.2/data/systemc/simlibs/pl_fileio/pl_fileio_v1_0_0/src/pl_sender.cpp:158:72: warning: dereferencing type-punned pointer will break strict-aliasing rules [-Wstrict-aliasing]
                     while (iss >> *((unsigned long long*)&buffer[index]))
                                                                        ^
In file included from /tools/questasim/include/systemc/sc_signal_ports.h:2301:0,
                 from /tools/questasim/include/systemc/sc_clock_ports.h:31,
                 from /tools/questasim/include/systemc/systemc:84,
                 from /tools/Xilinx/Vivado/2022.2/data/systemc/simlibs/pl_fileio/pl_fileio_v1_0_0/include/me_ip_block.h:50,
                 from /tools/Xilinx/Vivado/2022.2/data/systemc/simlibs/pl_fileio/pl_fileio_v1_0_0/src/pl_sender_128bit.cpp:2:
/tools/questasim/include/systemc/sc_signal_ports_mti.h: In member function 'void sc_core::sc_in<sc_dt::sc_logic>::mti_initialize_boundary_port()':
/tools/questasim/include/systemc/sc_signal_ports_mti.h:121:5: warning: this 'else' clause does not guard... [-Wmisleading-indentation]
     else
     ^~~~
/tools/questasim/include/systemc/sc_signal_ports_mti.h:123:2: note: ...this statement, but the latter is misleadingly indented as if it were guarded by the 'else'
  mti_is_creating_dummy_signal = false;
  ^~~~~~~~~~~~~~~~~~~~~~~~~~~~
/tools/questasim/include/systemc/sc_signal_ports_mti.h: In member function 'void sc_core::sc_in<sc_dt::sc_lv<W> >::mti_initialize_boundary_port()':
/tools/questasim/include/systemc/sc_signal_ports_mti.h:500:5: warning: this 'else' clause does not guard... [-Wmisleading-indentation]
     else
     ^~~~
/tools/questasim/include/systemc/sc_signal_ports_mti.h:502:2: note: ...this statement, but the latter is misleadingly indented as if it were guarded by the 'else'
  mti_is_creating_dummy_signal = false;
  ^~~~~~~~~~~~~~~~~~~~~~~~~~~~
/tools/questasim/include/systemc/sc_signal_ports_mti.h: In member function 'void sc_core::sc_inout<sc_dt::sc_logic>::mti_initialize_boundary_port()':
/tools/questasim/include/systemc/sc_signal_ports_mti.h:651:5: warning: this 'else' clause does not guard... [-Wmisleading-indentation]
     else
     ^~~~
/tools/questasim/include/systemc/sc_signal_ports_mti.h:653:2: note: ...this statement, but the latter is misleadingly indented as if it were guarded by the 'else'
  mti_is_creating_dummy_signal = false;
  ^~~~~~~~~~~~~~~~~~~~~~~~~~~~
/tools/questasim/include/systemc/sc_signal_ports_mti.h: In member function 'void sc_core::sc_inout<sc_dt::sc_lv<W> >::mti_initialize_boundary_port()':
/tools/questasim/include/systemc/sc_signal_ports_mti.h:1035:5: warning: this 'else' clause does not guard... [-Wmisleading-indentation]
     else
     ^~~~
/tools/questasim/include/systemc/sc_signal_ports_mti.h:1037:2: note: ...this statement, but the latter is misleadingly indented as if it were guarded by the 'else'
  mti_is_creating_dummy_signal = false;
  ^~~~~~~~~~~~~~~~~~~~~~~~~~~~
In file included from /tools/Xilinx/Vivado/2022.2/data/systemc/simlibs/pl_fileio/pl_fileio_v1_0_0/include/me_ip_block.h:53:0,
                 from /tools/Xilinx/Vivado/2022.2/data/systemc/simlibs/pl_fileio/pl_fileio_v1_0_0/src/pl_sender_128bit.cpp:2:
/tools/Xilinx/Vivado/2022.2/data/systemc/simlibs/pl_fileio/pl_fileio_v1_0_0/include/me_pl_channels.h: In member function 'virtual void _PL_to_ME_base_channel::put_vector(std::vector<unsigned int>, bool)':
/tools/Xilinx/Vivado/2022.2/data/systemc/simlibs/pl_fileio/pl_fileio_v1_0_0/include/me_pl_channels.h:276:21: warning: comparison between signed and unsigned integer expressions [-Wsign-compare]
   for (int i = 0; i < data.size() - 1; i++) {
                   ~~^~~~~~~~~~~~~~~~~
/tools/Xilinx/Vivado/2022.2/data/systemc/simlibs/pl_fileio/pl_fileio_v1_0_0/src/pl_sender_128bit.cpp: In member function 'void FileStreamToME128::main_action()':
/tools/Xilinx/Vivado/2022.2/data/systemc/simlibs/pl_fileio/pl_fileio_v1_0_0/src/pl_sender_128bit.cpp:146:53: warning: dereferencing type-punned pointer will break strict-aliasing rules [-Wstrict-aliasing]
              while (iss >> *((double*)&buffer[index]))
                                                     ^
/tools/Xilinx/Vivado/2022.2/data/systemc/simlibs/pl_fileio/pl_fileio_v1_0_0/src/pl_sender_128bit.cpp:153:52: warning: dereferencing type-punned pointer will break strict-aliasing rules [-Wstrict-aliasing]
              while (iss >> *((float*)&buffer[index]))
                                                    ^
/tools/Xilinx/Vivado/2022.2/data/systemc/simlibs/pl_fileio/pl_fileio_v1_0_0/src/pl_sender_128bit.cpp:163:65: warning: dereferencing type-punned pointer will break strict-aliasing rules [-Wstrict-aliasing]
              while (iss >> *((unsigned long long*)&buffer[index]))
                                                                 ^
In file included from /tools/questasim/include/systemc/sc_signal_ports.h:2301:0,
                 from /tools/questasim/include/systemc/sc_clock_ports.h:31,
                 from /tools/questasim/include/systemc/systemc:84,
                 from /tools/Xilinx/Vivado/2022.2/data/systemc/simlibs/pl_fileio/pl_fileio_v1_0_0/include/uint128.h:54,
                 from /tools/Xilinx/Vivado/2022.2/data/systemc/simlibs/pl_fileio/pl_fileio_v1_0_0/src/uint128.cpp:48:
/tools/questasim/include/systemc/sc_signal_ports_mti.h: In member function 'void sc_core::sc_in<sc_dt::sc_logic>::mti_initialize_boundary_port()':
/tools/questasim/include/systemc/sc_signal_ports_mti.h:121:5: warning: this 'else' clause does not guard... [-Wmisleading-indentation]
     else
     ^~~~
/tools/questasim/include/systemc/sc_signal_ports_mti.h:123:2: note: ...this statement, but the latter is misleadingly indented as if it were guarded by the 'else'
  mti_is_creating_dummy_signal = false;
  ^~~~~~~~~~~~~~~~~~~~~~~~~~~~
/tools/questasim/include/systemc/sc_signal_ports_mti.h: In member function 'void sc_core::sc_in<sc_dt::sc_lv<W> >::mti_initialize_boundary_port()':
/tools/questasim/include/systemc/sc_signal_ports_mti.h:500:5: warning: this 'else' clause does not guard... [-Wmisleading-indentation]
     else
     ^~~~
/tools/questasim/include/systemc/sc_signal_ports_mti.h:502:2: note: ...this statement, but the latter is misleadingly indented as if it were guarded by the 'else'
  mti_is_creating_dummy_signal = false;
  ^~~~~~~~~~~~~~~~~~~~~~~~~~~~
/tools/questasim/include/systemc/sc_signal_ports_mti.h: In member function 'void sc_core::sc_inout<sc_dt::sc_logic>::mti_initialize_boundary_port()':
/tools/questasim/include/systemc/sc_signal_ports_mti.h:651:5: warning: this 'else' clause does not guard... [-Wmisleading-indentation]
     else
     ^~~~
/tools/questasim/include/systemc/sc_signal_ports_mti.h:653:2: note: ...this statement, but the latter is misleadingly indented as if it were guarded by the 'else'
  mti_is_creating_dummy_signal = false;
  ^~~~~~~~~~~~~~~~~~~~~~~~~~~~
/tools/questasim/include/systemc/sc_signal_ports_mti.h: In member function 'void sc_core::sc_inout<sc_dt::sc_lv<W> >::mti_initialize_boundary_port()':
/tools/questasim/include/systemc/sc_signal_ports_mti.h:1035:5: warning: this 'else' clause does not guard... [-Wmisleading-indentation]
     else
     ^~~~
/tools/questasim/include/systemc/sc_signal_ports_mti.h:1037:2: note: ...this statement, but the latter is misleadingly indented as if it were guarded by the 'else'
  mti_is_creating_dummy_signal = false;
  ^~~~~~~~~~~~~~~~~~~~~~~~~~~~
End time: 11:26:02 on Jul 13,2023, Elapsed time: 0:00:13
Errors: 0, Warnings: 0
sccom -64 -cpppath /tools/questasim/gcc-7.4.0-linux_x86_64/bin/g++ -nodebug -linkshared -lib pl_fileio_v1_0_0 -work pl_fileio_v1_0_0 
Start time: 11:26:02 on Jul 13,2023

QuestaSim-64 sccom 2021.2_1 compiler 2021.05 May 15 2021
End time: 11:26:02 on Jul 13,2023, Elapsed time: 0:00:00
Errors: 0, Warnings: 0
