QuestaSim-64 vmap 2021.2_1 Lib Mapping Utility 2021.05 May 15 2021
vmap v_smpte_sdi_v3_0_9 /home/binhkieudo/Workspace/XRPIX/serv/build/servant_1.2.1/nexys_a7-vivado/servant_1.2.1.cache/compile_simlib/questa/v_smpte_sdi_v3_0_9 
Modifying modelsim.ini
QuestaSim-64 vlog 2021.2_1 Compiler 2021.05 May 15 2021
Start time: 11:27:41 on Jul 13,2023
vlog -64 "+incdir+/home/binhkieudo/Workspace/XRPIX/serv/build/servant_1.2.1/nexys_a7-vivado/.cxl.ip/incl" -work v_smpte_sdi_v3_0_9 -f /home/binhkieudo/Workspace/XRPIX/serv/build/servant_1.2.1/nexys_a7-vivado/servant_1.2.1.cache/compile_simlib/questa/v_smpte_sdi_v3_0_9/.cxl.verilog.v_smpte_sdi_v3_0_9.v_smpte_sdi_v3_0_9.lin64.cmf 
-- Compiling module v_smpte_sdi_v3_0_9_anc_rx
-- Compiling module v_smpte_sdi_v3_0_9_autodetect
-- Compiling module v_smpte_sdi_v3_0_9_edh_crc
-- Compiling module v_smpte_sdi_v3_0_9_edh_crc16
-- Compiling module v_smpte_sdi_v3_0_9_edh_errcnt
-- Compiling module v_smpte_sdi_v3_0_9_edh_flags
-- Compiling module v_smpte_sdi_v3_0_9_edh_loc
-- Compiling module v_smpte_sdi_v3_0_9_edh_processor
-- Compiling module v_smpte_sdi_v3_0_9_edh_rx
-- Compiling module v_smpte_sdi_v3_0_9_edh_tx
-- Compiling module v_smpte_sdi_v3_0_9_fly_field
-- Compiling module v_smpte_sdi_v3_0_9_fly_fsm
-- Compiling module v_smpte_sdi_v3_0_9_fly_horz
-- Compiling module v_smpte_sdi_v3_0_9_fly_vert
-- Compiling module v_smpte_sdi_v3_0_9_flywheel
-- Compiling module v_smpte_sdi_v3_0_9_hdsdi_crc2
-- Compiling module v_smpte_sdi_v3_0_9_hdsdi_insert_crc
-- Compiling module v_smpte_sdi_v3_0_9_hdsdi_insert_ln
-- Compiling module v_smpte_sdi_v3_0_9_hdsdi_rx_crc
-- Compiling module v_smpte_sdi_v3_0_9_multi_sdi_decoder
-- Compiling module v_smpte_sdi_v3_0_9_multi_sdi_encoder
-- Compiling module v_smpte_sdi_v3_0_9_multi_sdi_framer
-- Compiling module v_smpte_sdi_v3_0_9_mux12_wide
-- Compiling module v_smpte_sdi_v3_0_9_sdi_bitrep_20b
-- Compiling module v_smpte_sdi_v3_0_9_SMPTE352_vpid_capture
-- Compiling module v_smpte_sdi_v3_0_9_SMPTE352_vpid_insert
-- Compiling module v_smpte_sdi_v3_0_9_SMPTE425_B_demux2
-- Compiling module v_smpte_sdi_v3_0_9_smpte_encoder
-- Compiling module v_smpte_sdi_v3_0_9_triple_sdi_reset
-- Compiling module v_smpte_sdi_v3_0_9_triple_sdi_rx
-- Compiling module v_smpte_sdi_v3_0_9_triple_sdi_rx_autorate
-- Compiling module v_smpte_sdi_v3_0_9_triple_sdi_transport_detect
-- Compiling module v_smpte_sdi_v3_0_9_triple_sdi_tx_output
-- Compiling module v_smpte_sdi_v3_0_9_triple_sdi_vpid_insert
-- Compiling module v_smpte_sdi_v3_0_9_trs_detect
-- Compiling module v_smpte_sdi_v3_0_9_trsgen
-- Compiling module v_smpte_sdi_v3_0_9_video_decode
-- Compiling module v_smpte_sdi_v3_0_9

Top level modules:
	v_smpte_sdi_v3_0_9
End time: 11:27:41 on Jul 13,2023, Elapsed time: 0:00:00
Errors: 0, Warnings: 0
