QuestaSim-64 vmap 2021.2_1 Lib Mapping Utility 2021.05 May 15 2021
vmap axi_cdma_v4_1_27 /home/binhkieudo/Workspace/XRPIX/serv/build/servant_1.2.1/nexys_a7-vivado/servant_1.2.1.cache/compile_simlib/questa/axi_cdma_v4_1_27 
Modifying modelsim.ini
QuestaSim-64 vcom 2021.2_1 Compiler 2021.05 May 15 2021
Start time: 11:33:41 on Jul 13,2023
vcom -64 -93 -work axi_cdma_v4_1_27 -f /home/binhkieudo/Workspace/XRPIX/serv/build/servant_1.2.1/nexys_a7-vivado/servant_1.2.1.cache/compile_simlib/questa/axi_cdma_v4_1_27/.cxl.vhdl.axi_cdma_v4_1_27.axi_cdma_v4_1_27.lin64.cmf 
-- Loading package STANDARD
-- Loading package TEXTIO
-- Loading package std_logic_1164
-- Loading package NUMERIC_STD
-- Loading package std_logic_arith
-- Loading package STD_LOGIC_UNSIGNED
-- Loading package lib_pkg
-- Compiling package axi_cdma_pkg
-- Compiling package body axi_cdma_pkg
-- Loading package axi_cdma_pkg
-- Loading package ATTRIBUTES
-- Loading package std_logic_misc
-- Loading package axi_cdma_pkg
-- Compiling entity axi_cdma_pulse_gen
-- Compiling architecture implementation of axi_cdma_pulse_gen
-- Loading entity cdc_sync
-- Loading entity axi_cdma_pulse_gen
-- Compiling entity axi_cdma_reset
-- Compiling architecture implementation of axi_cdma_reset
-- Compiling entity axi_cdma_lite_if
-- Compiling architecture implementation of axi_cdma_lite_if
-- Compiling entity axi_cdma_register
-- Compiling architecture implementation of axi_cdma_register
-- Loading entity axi_cdma_lite_if
-- Loading entity axi_cdma_register
-- Compiling entity axi_cdma_reg_module
-- Compiling architecture implementation of axi_cdma_reg_module
-- Loading package VCOMPONENTS
-- Loading entity sync_fifo_fg
-- Compiling entity axi_cdma_sfifo_autord
-- Compiling architecture imp of axi_cdma_sfifo_autord
-- Loading entity srl_fifo_f
-- Loading entity axi_cdma_sfifo_autord
-- Compiling entity axi_cdma_sf
-- Compiling architecture implementation of axi_cdma_sf
-- Compiling entity axi_cdma_simple_cntlr
-- Compiling architecture implementation of axi_cdma_simple_cntlr
-- Loading entity axi_datamover_mm2s_omit_wrap
-- Loading entity axi_datamover_reset
-- Loading entity axi_datamover_sfifo_autord
-- Loading entity async_fifo_fg
-- Loading entity axi_datamover_afifo_autord
-- Loading entity axi_datamover_fifo
-- Loading entity axi_datamover_cmd_status
-- Loading entity axi_datamover_strb_gen2
-- Loading entity axi_datamover_pcc
-- Loading entity axi_datamover_addr_cntl
-- Loading entity axi_datamover_rdmux
-- Loading entity axi_datamover_rddata_cntl
-- Loading entity axi_datamover_rd_status_cntl
-- Loading entity axi_datamover_dre_mux8_1_x_n
-- Loading entity axi_datamover_dre_mux4_1_x_n
-- Loading entity axi_datamover_dre_mux2_1_x_n
-- Loading entity axi_datamover_mm2s_dre
-- Loading entity axi_datamover_rd_sf
-- Loading entity axi_datamover_skid_buf
-- Loading entity axi_datamover_mm2s_full_wrap
-- Loading entity axi_datamover_scc
-- Loading entity axi_datamover_mm2s_basic_wrap
-- Loading entity axi_datamover_s2mm_omit_wrap
-- Loading entity axi_datamover_ibttcc
-- Loading entity axi_datamover_stbs_set
-- Loading entity axi_datamover_stbs_set_nodre
-- Loading entity axi_datamover_indet_btt
-- Loading entity axi_datamover_s2mm_dre
-- Loading entity axi_datamover_ms_strb_set
-- Loading entity axi_datamover_mssai_skid_buf
-- Loading entity axi_datamover_slice
-- Loading entity axi_datamover_s2mm_scatter
-- Loading entity axi_datamover_s2mm_realign
-- Loading entity axi_datamover_wrdata_cntl
-- Loading entity axi_datamover_wr_status_cntl
-- Loading entity axi_datamover_wr_demux
-- Loading entity axi_datamover_skid2mm_buf
-- Loading entity axi_datamover_wr_sf
-- Loading entity axi_datamover_s2mm_full_wrap
-- Loading entity axi_datamover_s2mm_basic_wrap
-- Loading entity axi_datamover
-- Loading entity axi_cdma_reset
-- Loading entity axi_cdma_reg_module
-- Loading entity axi_cdma_simple_cntlr
-- Loading entity axi_cdma_sf
-- Compiling entity axi_cdma_simple_wrap
-- Compiling architecture implementation of axi_cdma_simple_wrap
-- Compiling entity axi_cdma_sg_cntlr
-- Compiling architecture implementation of axi_cdma_sg_cntlr
-- Loading package axi_sg_pkg
-- Loading entity axi_sg
-- Loading entity axi_cdma_sg_cntlr
-- Compiling entity axi_cdma_sg_wrap
-- Compiling architecture implementation of axi_cdma_sg_wrap
-- Loading entity axi_cdma_simple_wrap
-- Loading entity axi_cdma_sg_wrap
-- Compiling entity axi_cdma
-- Compiling architecture implementation of axi_cdma
End time: 11:33:42 on Jul 13,2023, Elapsed time: 0:00:01
Errors: 0, Warnings: 0
