QuestaSim-64 vmap 2021.2_1 Lib Mapping Utility 2021.05 May 15 2021
vmap system_cache_v5_0_8 /home/binhkieudo/Workspace/XRPIX/serv/build/servant_1.2.1/nexys_a7-vivado/servant_1.2.1.cache/compile_simlib/questa/system_cache_v5_0_8 
Modifying modelsim.ini
QuestaSim-64 vcom 2021.2_1 Compiler 2021.05 May 15 2021
Start time: 11:31:04 on Jul 13,2023
vcom -64 -93 -work system_cache_v5_0_8 -f /home/binhkieudo/Workspace/XRPIX/serv/build/servant_1.2.1/nexys_a7-vivado/servant_1.2.1.cache/compile_simlib/questa/system_cache_v5_0_8/.cxl.vhdl.system_cache_v5_0_8.system_cache_v5_0_8.lin64.cmf 
-- Loading package STANDARD
-- Loading package TEXTIO
-- Loading package std_logic_1164
-- Loading package NUMERIC_STD
-- Compiling package system_cache_pkg
-- Compiling package body system_cache_pkg
-- Loading package system_cache_pkg
-- Loading package system_cache_pkg
-- Compiling package system_cache_queue_pkg
-- Compiling package body system_cache_queue_pkg
-- Loading package system_cache_queue_pkg
-- Compiling package sc_ccix_home_pkg
-- Compiling package body sc_ccix_home_pkg
-- Loading package sc_ccix_home_pkg
-- Compiling entity MB_LUT6
-- Compiling architecture IMP of MB_LUT6
-- Compiling entity MB_LUT6_2
-- Compiling architecture IMP of MB_LUT6_2
-- Compiling entity MB_MUXCY
-- Compiling architecture IMP of MB_MUXCY
-- Compiling entity MB_XORCY
-- Compiling architecture IMP of MB_XORCY
-- Compiling entity MB_MUXF7
-- Compiling architecture IMP of MB_MUXF7
-- Compiling entity MB_MUXF8
-- Compiling architecture IMP of MB_MUXF8
-- Compiling entity MB_FDRE
-- Compiling architecture IMP of MB_FDRE
-- Compiling entity MB_FDSE
-- Compiling architecture IMP of MB_FDSE
-- Compiling entity muxcy_xorcy
-- Compiling architecture IMP of muxcy_xorcy
-- Compiling entity carry_and_di
-- Compiling architecture IMP of carry_and_di
-- Compiling entity carry_and
-- Compiling architecture IMP of carry_and
-- Compiling entity carry_and_n
-- Compiling architecture IMP of carry_and_n
-- Compiling entity carry_or
-- Compiling architecture IMP of carry_or
-- Compiling entity carry_or_n
-- Compiling architecture IMP of carry_or_n
-- Compiling entity carry_vec_or
-- Compiling architecture IMP of carry_vec_or
-- Compiling entity carry_vec_and_n
-- Compiling architecture IMP of carry_vec_and_n
-- Compiling entity carry_latch_and
-- Compiling architecture IMP of carry_latch_and
-- Compiling entity carry_latch_and_n
-- Compiling architecture IMP of carry_latch_and_n
-- Compiling entity carry_latch_or
-- Compiling architecture IMP of carry_latch_or
-- Compiling entity carry_latch_or_n
-- Compiling architecture IMP of carry_latch_or_n
-- Compiling entity carry_piperun_step
-- Compiling architecture IMP of carry_piperun_step
-- Compiling entity carry_compare
-- Compiling architecture IMP of carry_compare
-- Compiling entity carry_lte
-- Compiling architecture IMP of carry_lte
-- Compiling entity carry_prio_mux
-- Compiling architecture IMP of carry_prio_mux
-- Compiling entity carry_prio_mux_enable
-- Compiling architecture IMP of carry_prio_mux_enable
-- Compiling entity carry_select_and
-- Compiling architecture IMP of carry_select_and
-- Compiling entity carry_select_and_n
-- Compiling architecture IMP of carry_select_and_n
-- Compiling entity carry_select_or
-- Compiling architecture IMP of carry_select_or
-- Compiling entity carry_select_or_n
-- Compiling architecture IMP of carry_select_or_n
-- Compiling entity carry_compare_const
-- Compiling architecture IMP of carry_compare_const
-- Compiling entity carry_compare_mask
-- Compiling architecture IMP of carry_compare_mask
-- Compiling entity carry_compare_mask_const
-- Compiling architecture IMP of carry_compare_mask_const
-- Compiling entity comparator
-- Compiling architecture IMP of comparator
-- Compiling entity reg_ce
-- Compiling architecture IMP of reg_ce
-- Compiling entity reg_ce_kill
-- Compiling architecture IMP of reg_ce_kill
-- Compiling entity bit_reg_ce
-- Compiling architecture IMP of bit_reg_ce
-- Compiling entity bit_reg_ce_kill
-- Compiling architecture IMP of bit_reg_ce_kill
-- Compiling entity find_first
-- Compiling architecture IMP of find_first
-- Compiling entity fsb_element
-- Compiling architecture IMP of fsb_element
-- Compiling entity fsb32
-- Compiling architecture IMP of fsb32
-- Compiling entity fsb64
-- Compiling architecture IMP of fsb64
-- Compiling entity fsb128
-- Compiling architecture IMP of fsb128
-- Compiling entity fsb256
-- Compiling architecture IMP of fsb256
-- Compiling entity gen_fsb
-- Compiling architecture IMP of gen_fsb
-- Compiling entity sc_access_buffer
-- Compiling architecture IMP of sc_access_buffer
-- Compiling entity sc_txnid_buffer
-- Compiling architecture IMP of sc_txnid_buffer
-- Compiling entity ccix_common_reg_ce
-- Compiling architecture IMP of ccix_common_reg_ce
-- Compiling entity sam_routing_reg_ce
-- Compiling architecture IMP of sam_routing_reg_ce
-- Compiling entity sc_mst_snp_req_peek
-- Compiling architecture IMP of sc_mst_snp_req_peek
-- Compiling entity sc_core_release
-- Compiling architecture IMP of sc_core_release
-- Compiling entity sc_bit_buffer
-- Compiling architecture IMP of sc_bit_buffer
-- Compiling entity sc_sequence_check
-- Compiling architecture IMP of sc_sequence_check
-- Compiling entity sc_parity
-- Compiling architecture IMP of sc_parity
-- Compiling entity sc_checkbit_handler
-- Compiling architecture IMP of sc_checkbit_handler
-- Compiling entity sc_integrity
-- Compiling architecture IMP of sc_integrity
-- Compiling entity sc_integrity_generate
-- Compiling architecture IMP of sc_integrity_generate
-- Compiling entity sc_integrity_check
-- Compiling architecture IMP of sc_integrity_check
-- Compiling entity sc_integrity_pipeline
-- Compiling architecture IMP of sc_integrity_pipeline
-- Compiling entity sc_statistics_counters
-- Compiling architecture IMP of sc_statistics_counters
-- Compiling entity sc_stat_latency
-- Loading package system_cache_queue_pkg
-- Compiling architecture IMP of sc_stat_latency
-- Compiling entity sc_srl_fifo_counter
-- Compiling architecture IMP of sc_srl_fifo_counter
-- Compiling entity sc_stat_counter
-- Compiling architecture IMP of sc_stat_counter
-- Compiling entity sc_stat_event
-- Compiling architecture IMP of sc_stat_event
-- Compiling entity sc_lud_pipeline
-- Compiling architecture IMP of sc_lud_pipeline
-- Compiling entity sc_ud_pipeline
-- Compiling architecture IMP of sc_ud_pipeline
-- Compiling entity sc_snp_pipeline
-- Compiling architecture IMP of sc_snp_pipeline
-- Compiling entity sc_data_merge
-- Compiling architecture IMP of sc_data_merge
-- Compiling entity sc_txn_buffer
-- Compiling architecture IMP of sc_txn_buffer
-- Compiling entity sc_txn_handling
-- Compiling architecture IMP of sc_txn_handling
-- Compiling entity sc_credit_bank
-- Compiling architecture IMP of sc_credit_bank
-- Compiling entity sc_shadow_tracker
-- Compiling architecture IMP of sc_shadow_tracker
-- Compiling entity sc_ooo_data_buffer
-- Compiling architecture IMP of sc_ooo_data_buffer
-- Compiling entity sc_ooo_snoop_buffer
-- Compiling architecture IMP of sc_ooo_snoop_buffer
-- Compiling entity sc_ooo_hit_buffer
-- Compiling architecture IMP of sc_ooo_hit_buffer
-- Compiling entity sc_ooo_setup_buffer
-- Compiling architecture IMP of sc_ooo_setup_buffer
-- Compiling entity sc_ooo_bresp_buffer
-- Compiling architecture IMP of sc_ooo_bresp_buffer
-- Compiling entity sc_ooo_early_buffer
-- Compiling architecture IMP of sc_ooo_early_buffer
-- Compiling entity sc_ooo_wc_buffer
-- Compiling architecture IMP of sc_ooo_wc_buffer
-- Compiling entity sc_ooo_segment_buffer
-- Compiling architecture IMP of sc_ooo_segment_buffer
-- Compiling entity sc_ooo_slot_buffer
-- Compiling architecture IMP of sc_ooo_slot_buffer
-- Compiling entity sc_ooo_read_source_buffer
-- Compiling architecture IMP of sc_ooo_read_source_buffer
-- Compiling entity sc_ooo_valid_buffer
-- Compiling architecture IMP of sc_ooo_valid_buffer
-- Compiling entity sc_ooo_wr_channel
-- Compiling architecture IMP of sc_ooo_wr_channel
-- Compiling entity sc_ooo_wr_interface
-- Compiling architecture IMP of sc_ooo_wr_interface
-- Compiling entity sc_ooo_rd_channel
-- Compiling architecture IMP of sc_ooo_rd_channel
-- Compiling entity sc_ooo_rd_interface
-- Compiling architecture IMP of sc_ooo_rd_interface
-- Compiling entity sc_transaction_tracker
-- Compiling architecture IMP of sc_transaction_tracker
-- Compiling entity sc_address_check
-- Compiling architecture IMP of sc_address_check
-- Compiling entity sc_sam
-- Compiling architecture IMP of sc_sam
-- Compiling entity sc_rr_arbiter
-- Compiling architecture IMP of sc_rr_arbiter
-- Compiling package sc_ats_design_pkg
-- Compiling package body sc_ats_design_pkg
-- Loading package sc_ats_design_pkg
-- Loading package sc_ats_design_pkg
-- Compiling entity sc_atc_table
-- Compiling architecture IMP of sc_atc_table
-- Compiling entity sc_atc_core
-- Compiling architecture IMP of sc_atc_core
-- Compiling entity ats_cmd_decode_256
-- Compiling architecture RTL of ats_cmd_decode_256
-- Compiling entity ats_cmd_decode_512_1024
-- Compiling architecture RTL of ats_cmd_decode_512_1024
-- Compiling entity rc_decomposer_top
-- Compiling architecture RTL of rc_decomposer_top
-- Compiling entity ats_cpl_decode_256
-- Compiling architecture RTL of ats_cpl_decode_256
-- Compiling entity ats_cpl_decode_512_1024
-- Compiling architecture RTL of ats_cpl_decode_512_1024
-- Compiling entity cq_decomposer_top
-- Compiling architecture RTL of cq_decomposer_top
-- Compiling entity cc_completer
-- Compiling architecture RTL of cc_completer
-- Compiling entity cc_completer_512_1024
-- Compiling architecture RTL of cc_completer_512_1024
-- Compiling entity rq_composer
-- Compiling architecture RTL of rq_composer
-- Compiling entity rq_composer_512_1024
-- Compiling architecture RTL of rq_composer_512_1024
-- Compiling entity rc_mux_queue_handler
-- Compiling architecture RTL of rc_mux_queue_handler
-- Compiling entity cq_mux_queue_cc_handler
-- Compiling architecture RTL of cq_mux_queue_cc_handler
-- Compiling entity rq_message_queue_handler
-- Compiling architecture RTL of rq_message_queue_handler
-- Loading package std_logic_arith
-- Loading package STD_LOGIC_UNSIGNED
-- Compiling entity sc_ats_table_handler
-- Compiling architecture RTL of sc_ats_table_handler
-- Compiling entity sc_atc
-- Compiling architecture IMP of sc_atc
-- Compiling entity sc_ats_interface
-- Compiling architecture RTL of sc_ats_interface
-- Compiling entity sc_hazard_store
-- Compiling architecture IMP of sc_hazard_store
-- Compiling entity sc_hazard_track
-- Compiling architecture IMP of sc_hazard_track
-- Compiling entity sc_ccix_home_hazard
-- Compiling architecture IMP of sc_ccix_home_hazard
-- Compiling entity sc_cxs_interface
-- Compiling architecture IMP of sc_cxs_interface
-- Compiling entity sc_cxs_encode
-- Compiling architecture IMP of sc_cxs_encode
-- Compiling entity sc_cxs_decode
-- Compiling architecture IMP of sc_cxs_decode
-- Compiling entity sc_cchix_complete
-- Compiling architecture IMP of sc_cchix_complete
-- Compiling entity sc_cchix_rd_pipe
-- Compiling architecture IMP of sc_cchix_rd_pipe
-- Compiling entity sc_cchix_wr_pipe
-- Compiling architecture IMP of sc_cchix_wr_pipe
-- Compiling entity sc_cchix_rsp_pipe
-- Compiling architecture IMP of sc_cchix_rsp_pipe
-- Compiling entity sc_cchix_snp_pipe
-- Compiling architecture IMP of sc_cchix_snp_pipe
-- Compiling entity sc_ccix_line_state_buffer
-- Compiling architecture IMP of sc_ccix_line_state_buffer
-- Compiling entity sc_ccix_req_buffer_conflict
-- Compiling architecture IMP of sc_ccix_req_buffer_conflict
-- Compiling entity sc_ccix_req_buffer
-- Compiling architecture IMP of sc_ccix_req_buffer
-- Compiling entity sc_ccix_rsp_buffer
-- Compiling architecture IMP of sc_ccix_rsp_buffer
-- Compiling entity sc_ccix_snp_buffer
-- Compiling architecture IMP of sc_ccix_snp_buffer
-- Compiling entity sc_ccix_crd_buffer
-- Compiling architecture IMP of sc_ccix_crd_buffer
-- Compiling entity sc_ccix_per_buffer
-- Compiling architecture IMP of sc_ccix_per_buffer
-- Compiling entity sc_ccix_bcast_buffer
-- Compiling architecture IMP of sc_ccix_bcast_buffer
-- Compiling entity sc_txn_return_buffer
-- Compiling architecture IMP of sc_txn_return_buffer
-- Compiling entity sc_compack_buffer
-- Compiling architecture IMP of sc_compack_buffer
-- Compiling entity sc_snp_dec_buffer
-- Compiling architecture IMP of sc_snp_dec_buffer
-- Compiling entity sc_ccix_dummy_buffer
-- Compiling architecture IMP of sc_ccix_dummy_buffer
-- Compiling entity sc_ccix_ha_txn_buffer
-- Compiling architecture IMP of sc_ccix_ha_txn_buffer
-- Loading package sc_ccix_home_pkg
-- Compiling entity sc_ccix_ha_rd_state_buffer
-- Compiling architecture IMP of sc_ccix_ha_rd_state_buffer
-- Compiling entity read_req_home_info_buffer
-- Compiling architecture IMP of read_req_home_info_buffer
-- Compiling entity write_req_home_info_buffer
-- Compiling architecture IMP of write_req_home_info_buffer
-- Compiling entity sc_ccix_chain
-- Compiling architecture IMP of sc_ccix_chain
-- Compiling entity sc_ccix_base
-- Compiling architecture IMP of sc_ccix_base
-- Compiling entity sc_ccix_home_wr_path
-- Compiling architecture IMP of sc_ccix_home_wr_path
-- Compiling entity sc_snoopfilter
-- Compiling architecture IMP of sc_snoopfilter
-- Compiling entity sc_ccix_slave
-- Compiling architecture IMP of sc_ccix_slave
-- Compiling entity sc_ha_cmp
-- Compiling architecture IMP of sc_ha_cmp
-- Loading package ATTRIBUTES
-- Loading package std_logic_misc
-- Compiling entity rrarbiter_256
-- Compiling architecture IMP of rrarbiter_256
-- Compiling entity sc_ha_snp_delay
-- Compiling architecture IMP of sc_ha_snp_delay
-- Loading package system_cache_pkg
-- Loading package sc_ccix_home_pkg
-- Compiling entity sc_ha_snp_tracker
-- Compiling architecture IMP of sc_ha_snp_tracker
-- Loading package system_cache_pkg
-- Loading package sc_ccix_home_pkg
-- Compiling entity sc_home_coherency
-- Compiling architecture IMP of sc_home_coherency
-- Compiling entity sc_slave_Interface_Select
-- Compiling architecture IMP of sc_slave_Interface_Select
-- Compiling entity sc_slave_Memory_Read
-- Compiling architecture IMP of sc_slave_Memory_Read
-- Compiling entity sc_slave_Memory_Write
-- Compiling architecture IMP of sc_slave_Memory_Write
-- Compiling entity sc_slave_Memory_interface
-- Compiling architecture IMP of sc_slave_Memory_interface
-- Compiling entity sc_slave_response_gen
-- Compiling architecture IMP of sc_slave_response_gen
-- Compiling entity sc_ccix_home
-- Compiling architecture IMP of sc_ccix_home
-- Loading package system_cache_queue_pkg
-- Compiling entity sc_ccix_ra_hazard
-- Compiling architecture IMP of sc_ccix_ra_hazard
-- Compiling entity sc_ccix_ra
-- Compiling architecture IMP of sc_ccix_ra
-- Compiling entity sc_ccix_switch
-- Compiling architecture IMP of sc_ccix_switch
-- Compiling entity sc_ccix_rx_link
-- Compiling architecture IMP of sc_ccix_rx_link
-- Compiling entity sc_ccix_tx_link
-- Compiling architecture IMP of sc_ccix_tx_link
-- Compiling entity sc_ccix_req_msg_decode
-- Compiling architecture IMP of sc_ccix_req_msg_decode
-- Compiling entity sc_ccix_rsp_msg_decode
-- Compiling architecture IMP of sc_ccix_rsp_msg_decode
-- Compiling entity sc_ccix_snp_msg_decode
-- Compiling architecture IMP of sc_ccix_snp_msg_decode
-- Compiling entity sc_ccix_msg_encode
-- Compiling architecture IMP of sc_ccix_msg_encode
-- Compiling entity sc_ccix_decode
-- Compiling architecture IMP of sc_ccix_decode
-- Compiling entity sc_ccix_encode
-- Compiling architecture IMP of sc_ccix_encode
-- Compiling entity sc_ccix_port
-- Compiling architecture IMP of sc_ccix_port
-- Compiling entity sc_ccix_interface
-- Compiling architecture IMP of sc_ccix_interface
-- Compiling entity sc_chi_link_interface
-- Compiling architecture IMP of sc_chi_link_interface
-- Compiling entity sc_chi_req_buffer
-- Compiling architecture IMP of sc_chi_req_buffer
-- Compiling entity sc_chi_snp_buffer
-- Compiling architecture IMP of sc_chi_snp_buffer
-- Compiling entity sc_chi_snp_buffer_peek
-- Compiling architecture IMP of sc_chi_snp_buffer_peek
-- Compiling entity sc_chi_dat_buffer
-- Compiling architecture IMP of sc_chi_dat_buffer
-- Compiling entity sc_chi_rsp_buffer
-- Compiling architecture IMP of sc_chi_rsp_buffer
-- Compiling entity sc_chi_retry_rsp_buffer
-- Compiling architecture IMP of sc_chi_retry_rsp_buffer
-- Compiling entity sc_chi_receipt_rsp_buffer
-- Compiling architecture IMP of sc_chi_receipt_rsp_buffer
-- Compiling entity sc_chi_comp_rsp_buffer
-- Compiling architecture IMP of sc_chi_comp_rsp_buffer
-- Compiling entity sc_chi_nodata_rsp_buffer
-- Compiling architecture IMP of sc_chi_nodata_rsp_buffer
-- Compiling entity sc_chi_dvm_rsp_buffer
-- Compiling architecture IMP of sc_chi_dvm_rsp_buffer
-- Compiling entity sc_chi_data_rsp_buffer
-- Compiling architecture IMP of sc_chi_data_rsp_buffer
-- Compiling entity sc_chi_compack_rsp_buffer
-- Compiling architecture IMP of sc_chi_compack_rsp_buffer
-- Compiling entity sc_chi_dbid_rsp_buffer
-- Compiling architecture IMP of sc_chi_dbid_rsp_buffer
-- Compiling entity sc_chi_size_req_buffer
-- Compiling architecture IMP of sc_chi_size_req_buffer
-- Compiling entity sc_chi_setup_req_buffer
-- Compiling architecture IMP of sc_chi_setup_req_buffer
-- Compiling entity sc_chi_snp_req_buffer
-- Compiling architecture IMP of sc_chi_snp_req_buffer
-- Compiling entity sc_chi_snp_rsp_buffer
-- Compiling architecture IMP of sc_chi_snp_rsp_buffer
-- Compiling entity sc_chi_tracetag_buffer
-- Compiling architecture IMP of sc_chi_tracetag_buffer
-- Compiling entity sc_chi_pcrd_rsp_buffer
-- Compiling architecture IMP of sc_chi_pcrd_rsp_buffer
-- Compiling entity sc_chi_decode
-- Compiling architecture IMP of sc_chi_decode
-- Compiling entity sc_chi_encode
-- Compiling architecture IMP of sc_chi_encode
-- Compiling entity sc_chi_req_mux
-- Compiling architecture IMP of sc_chi_req_mux
-- Compiling entity sc_chi_snp
-- Compiling architecture IMP of sc_chi_snp
-- Compiling entity sc_chi_crsp
-- Compiling architecture IMP of sc_chi_crsp
-- Compiling entity sc_chi_srsp
-- Compiling architecture IMP of sc_chi_srsp
-- Compiling entity sc_chi_rnf
-- Compiling architecture IMP of sc_chi_rnf
-- Compiling entity sc_chi_interface
-- Compiling architecture IMP of sc_chi_interface
-- Compiling entity sc_replay_module
-- Compiling architecture IMP of sc_replay_module
-- Compiling entity sc_trace_module
-- Compiling architecture IMP of sc_trace_module
-- Compiling entity sc_m_axi_interface
-- Compiling architecture IMP of sc_m_axi_interface
-- Compiling entity sc_m_ace_interface
-- Compiling architecture IMP of sc_m_ace_interface
-- Compiling entity sc_axi_transaction_ordering
-- Compiling architecture IMP of sc_axi_transaction_ordering
-- Loading package system_cache_pkg
-- Compiling entity sc_ccix_transaction_ordering
-- Loading package system_cache_queue_pkg
-- Compiling architecture IMP of sc_ccix_transaction_ordering
-- Compiling entity sc_crossbar
-- Compiling architecture IMP of sc_crossbar
-- Compiling entity sc_back_end
-- Compiling architecture IMP of sc_back_end
-- Compiling entity sc_ram_module
-- Compiling architecture IMP of sc_ram_module
-- Compiling entity sc_lru_calculate
-- Compiling architecture RTL of sc_lru_calculate
-- Loading package system_cache_pkg
-- Compiling entity sc_lru_module
-- Compiling architecture IMP of sc_lru_module
-- Loading package system_cache_queue_pkg
-- Compiling entity sc_update
-- Compiling architecture IMP of sc_update
-- Compiling entity sc_lookup
-- Compiling architecture IMP of sc_lookup
-- Compiling entity sc_cache_core
-- Compiling architecture IMP of sc_cache_core
-- Compiling entity sc_s_axi_length_generation
-- Compiling architecture IMP of sc_s_axi_length_generation
-- Compiling entity sc_s_axi_a_channel
-- Compiling architecture IMP of sc_s_axi_a_channel
-- Compiling entity sc_s_axi_w_channel
-- Compiling architecture IMP of sc_s_axi_w_channel
-- Compiling entity sc_s_axi_b_channel
-- Compiling architecture IMP of sc_s_axi_b_channel
-- Compiling entity sc_s_axi_r_channel
-- Compiling architecture IMP of sc_s_axi_r_channel
-- Compiling entity sc_s_axi_opt_interface
-- Compiling architecture IMP of sc_s_axi_opt_interface
-- Compiling entity sc_s_axi_gen_interface
-- Compiling architecture IMP of sc_s_axi_gen_interface
-- Compiling entity sc_s_axi_ctrl_interface
-- Compiling architecture IMP of sc_s_axi_ctrl_interface
** Warning: /tools/Xilinx/Vivado/2022.2/data/ip/xilinx/system_cache_v5_0/hdl/system_cache_v5_0_vh_rfs.vhd(276973): Nonresolved signal 'Inject_Setup_Info' may have multiple sources.
  Drivers:
    /tools/Xilinx/Vivado/2022.2/data/ip/xilinx/system_cache_v5_0/hdl/system_cache_v5_0_vh_rfs.vhd(283029):Conditional signal assignment line__283029
    /tools/Xilinx/Vivado/2022.2/data/ip/xilinx/system_cache_v5_0/hdl/system_cache_v5_0_vh_rfs.vhd(281856):Conditional signal assignment line__281856
** Warning: /tools/Xilinx/Vivado/2022.2/data/ip/xilinx/system_cache_v5_0/hdl/system_cache_v5_0_vh_rfs.vhd(278568): Nonresolved signal 'w_ccix_sub_idx' may have multiple sources.
  Drivers:
    /tools/Xilinx/Vivado/2022.2/data/ip/xilinx/system_cache_v5_0/hdl/system_cache_v5_0_vh_rfs.vhd(283048):Conditional signal assignment line__283048
    /tools/Xilinx/Vivado/2022.2/data/ip/xilinx/system_cache_v5_0/hdl/system_cache_v5_0_vh_rfs.vhd(280503):Process Write_Handle
       Driven at:
          /tools/Xilinx/Vivado/2022.2/data/ip/xilinx/system_cache_v5_0/hdl/system_cache_v5_0_vh_rfs.vhd(280548)
** Warning: /tools/Xilinx/Vivado/2022.2/data/ip/xilinx/system_cache_v5_0/hdl/system_cache_v5_0_vh_rfs.vhd(278569): Nonresolved signal 'w_ccix_info_idx' may have multiple sources.
  Drivers:
    /tools/Xilinx/Vivado/2022.2/data/ip/xilinx/system_cache_v5_0/hdl/system_cache_v5_0_vh_rfs.vhd(283047):Conditional signal assignment line__283047
    /tools/Xilinx/Vivado/2022.2/data/ip/xilinx/system_cache_v5_0/hdl/system_cache_v5_0_vh_rfs.vhd(280503):Process Write_Handle
       Driven at:
          /tools/Xilinx/Vivado/2022.2/data/ip/xilinx/system_cache_v5_0/hdl/system_cache_v5_0_vh_rfs.vhd(280547)
** Warning: /tools/Xilinx/Vivado/2022.2/data/ip/xilinx/system_cache_v5_0/hdl/system_cache_v5_0_vh_rfs.vhd(278656): Nonresolved signal 'word_idx' may have multiple sources.
  Drivers:
    /tools/Xilinx/Vivado/2022.2/data/ip/xilinx/system_cache_v5_0/hdl/system_cache_v5_0_vh_rfs.vhd(283092):Conditional signal assignment line__283092
    /tools/Xilinx/Vivado/2022.2/data/ip/xilinx/system_cache_v5_0/hdl/system_cache_v5_0_vh_rfs.vhd(282201):Conditional signal assignment line__282201
** Warning: /tools/Xilinx/Vivado/2022.2/data/ip/xilinx/system_cache_v5_0/hdl/system_cache_v5_0_vh_rfs.vhd(278657): Nonresolved signal 'cfg_idx' may have multiple sources.
  Drivers:
    /tools/Xilinx/Vivado/2022.2/data/ip/xilinx/system_cache_v5_0/hdl/system_cache_v5_0_vh_rfs.vhd(283093):Conditional signal assignment line__283093
    /tools/Xilinx/Vivado/2022.2/data/ip/xilinx/system_cache_v5_0/hdl/system_cache_v5_0_vh_rfs.vhd(282202):Conditional signal assignment line__282202
** Warning: /tools/Xilinx/Vivado/2022.2/data/ip/xilinx/system_cache_v5_0/hdl/system_cache_v5_0_vh_rfs.vhd(278658): Nonresolved signal 'sub_idx' may have multiple sources.
  Drivers:
    /tools/Xilinx/Vivado/2022.2/data/ip/xilinx/system_cache_v5_0/hdl/system_cache_v5_0_vh_rfs.vhd(283094):Conditional signal assignment line__283094
    /tools/Xilinx/Vivado/2022.2/data/ip/xilinx/system_cache_v5_0/hdl/system_cache_v5_0_vh_rfs.vhd(282203):Conditional signal assignment line__282203
** Warning: /tools/Xilinx/Vivado/2022.2/data/ip/xilinx/system_cache_v5_0/hdl/system_cache_v5_0_vh_rfs.vhd(278659): Nonresolved signal 'info_idx' may have multiple sources.
  Drivers:
    /tools/Xilinx/Vivado/2022.2/data/ip/xilinx/system_cache_v5_0/hdl/system_cache_v5_0_vh_rfs.vhd(283095):Conditional signal assignment line__283095
    /tools/Xilinx/Vivado/2022.2/data/ip/xilinx/system_cache_v5_0/hdl/system_cache_v5_0_vh_rfs.vhd(282204):Conditional signal assignment line__282204
** Warning: /tools/Xilinx/Vivado/2022.2/data/ip/xilinx/system_cache_v5_0/hdl/system_cache_v5_0_vh_rfs.vhd(278660): Nonresolved signal 'num_idx' may have multiple sources.
  Drivers:
    /tools/Xilinx/Vivado/2022.2/data/ip/xilinx/system_cache_v5_0/hdl/system_cache_v5_0_vh_rfs.vhd(283096):Conditional signal assignment line__283096
    /tools/Xilinx/Vivado/2022.2/data/ip/xilinx/system_cache_v5_0/hdl/system_cache_v5_0_vh_rfs.vhd(282205):Conditional signal assignment line__282205
** Warning: /tools/Xilinx/Vivado/2022.2/data/ip/xilinx/system_cache_v5_0/hdl/system_cache_v5_0_vh_rfs.vhd(278661): Nonresolved signal 'cat_idx' may have multiple sources.
  Drivers:
    /tools/Xilinx/Vivado/2022.2/data/ip/xilinx/system_cache_v5_0/hdl/system_cache_v5_0_vh_rfs.vhd(283097):Conditional signal assignment line__283097
    /tools/Xilinx/Vivado/2022.2/data/ip/xilinx/system_cache_v5_0/hdl/system_cache_v5_0_vh_rfs.vhd(282206):Conditional signal assignment line__282206
** Warning: /tools/Xilinx/Vivado/2022.2/data/ip/xilinx/system_cache_v5_0/hdl/system_cache_v5_0_vh_rfs.vhd(278662): Nonresolved signal 'block_idx' may have multiple sources.
  Drivers:
    /tools/Xilinx/Vivado/2022.2/data/ip/xilinx/system_cache_v5_0/hdl/system_cache_v5_0_vh_rfs.vhd(283098):Conditional signal assignment line__283098
    /tools/Xilinx/Vivado/2022.2/data/ip/xilinx/system_cache_v5_0/hdl/system_cache_v5_0_vh_rfs.vhd(282212):Process Range_Limit
       Driven at:
          /tools/Xilinx/Vivado/2022.2/data/ip/xilinx/system_cache_v5_0/hdl/system_cache_v5_0_vh_rfs.vhd(282216)
** Warning: /tools/Xilinx/Vivado/2022.2/data/ip/xilinx/system_cache_v5_0/hdl/system_cache_v5_0_vh_rfs.vhd(278663): Nonresolved signal 'master_idx' may have multiple sources.
  Drivers:
    /tools/Xilinx/Vivado/2022.2/data/ip/xilinx/system_cache_v5_0/hdl/system_cache_v5_0_vh_rfs.vhd(283099):Conditional signal assignment line__283099
    /tools/Xilinx/Vivado/2022.2/data/ip/xilinx/system_cache_v5_0/hdl/system_cache_v5_0_vh_rfs.vhd(282212):Process Range_Limit
       Driven at:
          /tools/Xilinx/Vivado/2022.2/data/ip/xilinx/system_cache_v5_0/hdl/system_cache_v5_0_vh_rfs.vhd(282226)
** Warning: /tools/Xilinx/Vivado/2022.2/data/ip/xilinx/system_cache_v5_0/hdl/system_cache_v5_0_vh_rfs.vhd(278665): Nonresolved signal 'selected_block_idx' may have multiple sources.
  Drivers:
    /tools/Xilinx/Vivado/2022.2/data/ip/xilinx/system_cache_v5_0/hdl/system_cache_v5_0_vh_rfs.vhd(283100):Conditional signal assignment line__283100
    /tools/Xilinx/Vivado/2022.2/data/ip/xilinx/system_cache_v5_0/hdl/system_cache_v5_0_vh_rfs.vhd(281979):Process Register_Bank
       Driven at:
          /tools/Xilinx/Vivado/2022.2/data/ip/xilinx/system_cache_v5_0/hdl/system_cache_v5_0_vh_rfs.vhd(282009)
-- Compiling entity sc_access
-- Compiling architecture IMP of sc_access
-- Compiling entity sc_arbiter
-- Compiling architecture IMP of sc_arbiter
-- Compiling entity sc_control
-- Compiling architecture IMP of sc_control
-- Compiling entity sc_front_end
-- Compiling architecture IMP of sc_front_end
-- Compiling entity system_cache
-- Compiling architecture IMP of system_cache
End time: 11:31:16 on Jul 13,2023, Elapsed time: 0:00:12
Errors: 0, Warnings: 12
