QuestaSim-64 vmap 2021.2_1 Lib Mapping Utility 2021.05 May 15 2021
vmap axi_gpio_v2_0_29 /home/binhkieudo/Workspace/XRPIX/serv/build/servant_1.2.1/nexys_a7-vivado/servant_1.2.1.cache/compile_simlib/questa/axi_gpio_v2_0_29 
Modifying modelsim.ini
QuestaSim-64 vcom 2021.2_1 Compiler 2021.05 May 15 2021
Start time: 11:32:58 on Jul 13,2023
vcom -64 -93 -work axi_gpio_v2_0_29 -f /home/binhkieudo/Workspace/XRPIX/serv/build/servant_1.2.1/nexys_a7-vivado/servant_1.2.1.cache/compile_simlib/questa/axi_gpio_v2_0_29/.cxl.vhdl.axi_gpio_v2_0_29.axi_gpio_v2_0_29.lin64.cmf 
-- Loading package STANDARD
-- Loading package TEXTIO
-- Loading package std_logic_1164
-- Compiling entity GPIO_Core
-- Compiling architecture IMP of GPIO_Core
-- Loading package NUMERIC_STD
-- Loading package ATTRIBUTES
-- Loading package std_logic_misc
-- Loading entity cdc_sync
-- Loading package std_logic_arith
-- Loading package STD_LOGIC_UNSIGNED
-- Loading package ipif_pkg
-- Compiling entity axi_gpio
-- Compiling architecture imp of axi_gpio
-- Loading entity axi_lite_ipif
-- Loading entity interrupt_control
-- Loading entity GPIO_Core
End time: 11:32:59 on Jul 13,2023, Elapsed time: 0:00:01
Errors: 0, Warnings: 0
