QuestaSim-64 vmap 2021.2_1 Lib Mapping Utility 2021.05 May 15 2021
vmap versal_cips_ps_vip_v1_0_5 /home/binhkieudo/Workspace/XRPIX/serv/build/servant_1.2.1/nexys_a7-vivado/servant_1.2.1.cache/compile_simlib/questa/versal_cips_ps_vip_v1_0_5 
Modifying modelsim.ini
QuestaSim-64 vlog 2021.2_1 Compiler 2021.05 May 15 2021
Start time: 11:33:43 on Jul 13,2023
vlog -64 -L axi_vip_v1_1_13 -L smartconnect_v1_0 -L versal_cips_ps_vip_v1_0_5 -L xilinx_vip "+incdir+/home/binhkieudo/Workspace/XRPIX/serv/build/servant_1.2.1/nexys_a7-vivado/.cxl.ip/incl" -sv -svinputport=relaxed -work versal_cips_ps_vip_v1_0_5 -f /home/binhkieudo/Workspace/XRPIX/serv/build/servant_1.2.1/nexys_a7-vivado/servant_1.2.1.cache/compile_simlib/questa/versal_cips_ps_vip_v1_0_5/.cxl.systemverilog.versal_cips_ps_vip_v1_0_5.versal_cips_ps_vip_v1_0_5.lin64.cmf 
-- Compiling module bd_0cac_s00mmu_0
-- Compiling module bd_0d4c_s00mmu_0
-- Compiling module bd_0dbc_s00mmu_0
-- Compiling module bd_cc0d_s00mmu_0
-- Compiling module bd_ccfd_s00mmu_0
-- Compiling module bd_cd1d_s00mmu_0
-- Compiling module bd_cded_s00mmu_0
-- Compiling module bd_0cac_s00tr_0
-- Compiling module bd_0d4c_s00tr_0
-- Compiling module bd_0dbc_s00tr_0
-- Compiling module bd_cc0d_s00tr_0
-- Compiling module bd_ccfd_s00tr_0
-- Compiling module bd_cd1d_s00tr_0
-- Compiling module bd_cded_s00tr_0
-- Compiling module bd_0cac_s00sic_0
-- Compiling module bd_0d4c_s00sic_0
-- Compiling module bd_0dbc_s00sic_0
-- Compiling module bd_cc0d_s00sic_0
-- Compiling module bd_ccfd_s00sic_0
-- Compiling module bd_cd1d_s00sic_0
-- Compiling module bd_cded_s00sic_0
-- Compiling module bd_0cac_s00a2s_0
-- Compiling module bd_0d4c_s00a2s_0
-- Compiling module bd_0dbc_s00a2s_0
-- Compiling module bd_cc0d_s00a2s_0
-- Compiling module bd_ccfd_s00a2s_0
-- Compiling module bd_cd1d_s00a2s_0
-- Compiling module bd_cded_s00a2s_0
-- Compiling module bd_0cac_sawn_0
-- Compiling module bd_0d4c_sawn_0
-- Compiling module bd_0dbc_sawn_0
-- Compiling module bd_cc0d_sawn_0
-- Compiling module bd_ccfd_sawn_0
-- Compiling module bd_cd1d_sawn_0
-- Compiling module bd_cded_sawn_0
-- Compiling module bd_0cac_sarn_0
-- Compiling module bd_0d4c_sarn_0
-- Compiling module bd_0dbc_sarn_0
-- Compiling module bd_cc0d_sarn_0
-- Compiling module bd_ccfd_sarn_0
-- Compiling module bd_cd1d_sarn_0
-- Compiling module bd_cded_sarn_0
-- Compiling module bd_0cac_swn_0
-- Compiling module bd_0d4c_swn_0
-- Compiling module bd_0dbc_swn_0
-- Compiling module bd_cc0d_swn_0
-- Compiling module bd_ccfd_swn_0
-- Compiling module bd_cd1d_swn_0
-- Compiling module bd_cded_swn_0
-- Compiling module bd_0cac_srn_0
-- Compiling module bd_0d4c_srn_0
-- Compiling module bd_0dbc_srn_0
-- Compiling module bd_cc0d_srn_0
-- Compiling module bd_ccfd_srn_0
-- Compiling module bd_cd1d_srn_0
-- Compiling module bd_cded_srn_0
-- Compiling module bd_0cac_sbn_0
-- Compiling module bd_0d4c_sbn_0
-- Compiling module bd_0dbc_sbn_0
-- Compiling module bd_cc0d_sbn_0
-- Compiling module bd_ccfd_sbn_0
-- Compiling module bd_cd1d_sbn_0
-- Compiling module bd_cded_sbn_0
-- Compiling module bd_0dbc_arsw_0
-- Compiling module bd_0dbc_awsw_0
-- Compiling module bd_0dbc_bsw_0
-- Compiling module bd_0dbc_rsw_0
-- Compiling module bd_0dbc_wsw_0
-- Compiling module bd_0dbc_m00awn_0
-- Compiling module bd_0dbc_m01awn_0
-- Compiling module bd_0dbc_m02awn_0
-- Compiling module bd_0dbc_m03awn_0
-- Compiling module bd_0dbc_m04awn_0
-- Compiling module bd_0dbc_m05awn_0
-- Compiling module bd_0dbc_m06awn_0
-- Compiling module bd_0dbc_m07awn_0
-- Compiling module bd_0dbc_m08awn_0
-- Compiling module bd_0dbc_m09awn_0
-- Compiling module bd_0dbc_m10awn_0
-- Compiling module bd_0dbc_m11awn_0
-- Compiling module bd_0dbc_m12awn_0
-- Compiling module bd_0dbc_m13awn_0
-- Compiling module bd_0dbc_m00arn_0
-- Compiling module bd_0dbc_m01arn_0
-- Compiling module bd_0dbc_m02arn_0
-- Compiling module bd_0dbc_m03arn_0
-- Compiling module bd_0dbc_m04arn_0
-- Compiling module bd_0dbc_m05arn_0
-- Compiling module bd_0dbc_m06arn_0
-- Compiling module bd_0dbc_m07arn_0
-- Compiling module bd_0dbc_m08arn_0
-- Compiling module bd_0dbc_m09arn_0
-- Compiling module bd_0dbc_m10arn_0
-- Compiling module bd_0dbc_m11arn_0
-- Compiling module bd_0dbc_m12arn_0
-- Compiling module bd_0dbc_m13arn_0
-- Compiling module bd_0dbc_m00wn_0
-- Compiling module bd_0dbc_m01wn_0
-- Compiling module bd_0dbc_m02wn_0
-- Compiling module bd_0dbc_m03wn_0
-- Compiling module bd_0dbc_m04wn_0
-- Compiling module bd_0dbc_m05wn_0
-- Compiling module bd_0dbc_m06wn_0
-- Compiling module bd_0dbc_m07wn_0
-- Compiling module bd_0dbc_m08wn_0
-- Compiling module bd_0dbc_m09wn_0
-- Compiling module bd_0dbc_m10wn_0
-- Compiling module bd_0dbc_m11wn_0
-- Compiling module bd_0dbc_m12wn_0
-- Compiling module bd_0dbc_m13wn_0
-- Compiling module bd_0dbc_m00rn_0
-- Compiling module bd_0dbc_m01rn_0
-- Compiling module bd_0dbc_m02rn_0
-- Compiling module bd_0dbc_m03rn_0
-- Compiling module bd_0dbc_m04rn_0
-- Compiling module bd_0dbc_m05rn_0
-- Compiling module bd_0dbc_m06rn_0
-- Compiling module bd_0dbc_m07rn_0
-- Compiling module bd_0dbc_m08rn_0
-- Compiling module bd_0dbc_m09rn_0
-- Compiling module bd_0dbc_m10rn_0
-- Compiling module bd_0dbc_m11rn_0
-- Compiling module bd_0dbc_m12rn_0
-- Compiling module bd_0dbc_m13rn_0
-- Compiling module bd_0dbc_m00bn_0
-- Compiling module bd_0dbc_m01bn_0
-- Compiling module bd_0dbc_m02bn_0
-- Compiling module bd_0dbc_m03bn_0
-- Compiling module bd_0dbc_m04bn_0
-- Compiling module bd_0dbc_m05bn_0
-- Compiling module bd_0dbc_m06bn_0
-- Compiling module bd_0dbc_m07bn_0
-- Compiling module bd_0dbc_m08bn_0
-- Compiling module bd_0dbc_m09bn_0
-- Compiling module bd_0dbc_m10bn_0
-- Compiling module bd_0dbc_m11bn_0
-- Compiling module bd_0dbc_m12bn_0
-- Compiling module bd_0dbc_m13bn_0
-- Compiling module bd_0cac_m00s2a_0
-- Compiling module bd_0d4c_m00s2a_0
-- Compiling module bd_0dbc_m00s2a_0
-- Compiling module bd_0dbc_m01s2a_0
-- Compiling module bd_0dbc_m02s2a_0
-- Compiling module bd_0dbc_m03s2a_0
-- Compiling module bd_0dbc_m04s2a_0
-- Compiling module bd_0dbc_m05s2a_0
-- Compiling module bd_0dbc_m06s2a_0
-- Compiling module bd_0dbc_m07s2a_0
-- Compiling module bd_0dbc_m08s2a_0
-- Compiling module bd_0dbc_m09s2a_0
-- Compiling module bd_0dbc_m10s2a_0
-- Compiling module bd_0dbc_m11s2a_0
-- Compiling module bd_0dbc_m12s2a_0
-- Compiling module bd_0dbc_m13s2a_0
-- Compiling module bd_cc0d_m00s2a_0
-- Compiling module bd_ccfd_m00s2a_0
-- Compiling module bd_cd1d_m00s2a_0
-- Compiling module bd_cded_m00s2a_0
-- Compiling module bd_0cac_m00e_0
-- Compiling module bd_0d4c_m00e_0
-- Compiling module bd_0dbc_m00e_0
-- Compiling module bd_0dbc_m01e_0
-- Compiling module bd_0dbc_m02e_0
-- Compiling module bd_0dbc_m03e_0
-- Compiling module bd_0dbc_m04e_0
-- Compiling module bd_0dbc_m05e_0
-- Compiling module bd_0dbc_m06e_0
-- Compiling module bd_0dbc_m07e_0
-- Compiling module bd_0dbc_m08e_0
-- Compiling module bd_0dbc_m09e_0
-- Compiling module bd_0dbc_m10e_0
-- Compiling module bd_0dbc_m11e_0
-- Compiling module bd_0dbc_m12e_0
-- Compiling module bd_0dbc_m13e_0
-- Compiling module bd_cc0d_m00e_0
-- Compiling module bd_ccfd_m00e_0
-- Compiling module bd_cd1d_m00e_0
-- Compiling module bd_cded_m00e_0
-- Compiling module bd_0cac
-- Compiling module clk_map_imp_FWO6G6
-- Compiling module m00_exit_pipeline_imp_1HTNED9
-- Compiling module s00_entry_pipeline_imp_IJGHVI
-- Compiling module s00_nodes_imp_O97M1W
-- Compiling module bd_0d4c
-- Compiling module clk_map_imp_1XVKIEQ
-- Compiling module m00_exit_pipeline_imp_YNWMH
-- Compiling module s00_entry_pipeline_imp_ZLQJMY
-- Compiling module s00_nodes_imp_15LEI28
-- Compiling module bd_0dbc
-- Compiling module clk_map_imp_6FVISG
-- Compiling module m00_exit_pipeline_imp_1UHAQ7V
-- Compiling module m00_nodes_imp_1H6LEZB
-- Compiling module m01_exit_pipeline_imp_1X05AM3
-- Compiling module m01_nodes_imp_9LZAE9
-- Compiling module m02_exit_pipeline_imp_1HROFY3
-- Compiling module m02_nodes_imp_QAIOCA
-- Compiling module m03_exit_pipeline_imp_1NMDFGB
-- Compiling module m03_nodes_imp_1IBTZNW
-- Compiling module m04_exit_pipeline_imp_1DQ62BF
-- Compiling module m04_nodes_imp_1A258UK
-- Compiling module m05_exit_pipeline_imp_19ISH6J
-- Compiling module m05_nodes_imp_GDXY0Q
-- Compiling module m06_exit_pipeline_imp_17OBFEJ
-- Compiling module m06_nodes_imp_JTINXD
-- Compiling module m07_exit_pipeline_imp_12CYR97
-- Compiling module m07_nodes_imp_1OLC72V
-- Compiling module m08_exit_pipeline_imp_O3KBI3
-- Compiling module m08_nodes_imp_1340KDD
-- Compiling module m09_exit_pipeline_imp_IAQRCR
-- Compiling module m09_nodes_imp_4ZKAQF
-- Compiling module m10_exit_pipeline_imp_WFU8RZ
-- Compiling module m10_nodes_imp_1RBYM7
-- Compiling module m11_exit_pipeline_imp_ROGENJ
-- Compiling module m11_nodes_imp_173PQX5
-- Compiling module m12_exit_pipeline_imp_P69RVZ
-- Compiling module m12_nodes_imp_1S5NJ9U
-- Compiling module m13_exit_pipeline_imp_LIV0RZ
-- Compiling module m13_nodes_imp_XWQCRO
-- Compiling module s00_entry_pipeline_imp_U5O1TK
-- Compiling module s00_nodes_imp_XKZS4I
-- Compiling module switchboards_imp_59QIBA
-- Compiling module bd_cc0d
-- Compiling module clk_map_imp_1PD3E58
-- Compiling module m00_exit_pipeline_imp_AEVB7R
-- Compiling module s00_entry_pipeline_imp_1A8XJES
-- Compiling module s00_nodes_imp_1DOVVKU
-- Compiling module bd_ccfd
-- Compiling module clk_map_imp_DTAW0E
-- Compiling module m00_exit_pipeline_imp_1JVQC0L
-- Compiling module s00_entry_pipeline_imp_KM9RO6
-- Compiling module s00_nodes_imp_QMK5L8
-- Compiling module bd_cd1d
-- Compiling module clk_map_imp_1HOOL20
-- Compiling module m00_exit_pipeline_imp_G1M5OJ
-- Compiling module s00_entry_pipeline_imp_1FVO18G
-- Compiling module s00_nodes_imp_1CMN42I
-- Compiling module bd_cded
-- Compiling module clk_map_imp_8SBQ2W
-- Compiling module m00_exit_pipeline_imp_1S3K64Z
-- Compiling module s00_entry_pipeline_imp_RSNTW0
-- Compiling module s00_nodes_imp_VIIT56
-- Compiling module bd_0cac_one_0
-- Compiling module bd_0d4c_one_0
-- Compiling module bd_0dbc_one_0
-- Compiling module bd_cc0d_one_0
-- Compiling module bd_ccfd_one_0
-- Compiling module bd_cd1d_one_0
-- Compiling module bd_cded_one_0
-- Compiling module design_2_smartconnect_1_0
-- Compiling module design_2_smartconnect_2_0
-- Compiling module design_2_smartconnect_3_0
-- Compiling module design_2_smartconnect_4_0
-- Compiling module design_2_smartconnect_5_0
-- Compiling module design_2_smartconnect_6_0
-- Compiling module design_2_smartconnect_7_0
-- Compiling module design_2
-- Compiling module versal_cips_ps_vip_v1_0_5_reg_map
-- Compiling module versal_cips_ps_vip_v1_0_5_ocm_mem
-- Compiling module versal_cips_ps_vip_v1_0_5_regc
-- Compiling module versal_cips_ps_vip_v1_0_5_ocmc
-- Compiling module versal_cips_ps_vip_v1_0_5_gen_reset
-- Compiling module versal_cips_ps_vip_v1_0_5_gen_clock
-- Compiling package versal_cips_ps_vip_v1_0_vl_rfs_sv_unit
-- Importing package xilinx_vip.axi_vip_pkg
-- Importing package xilinx_vip.xil_common_vip_pkg
-- Compiling module versal_cips_ps_vip_v1_0_5_axi_slave
-- Compiling module versal_cips_ps_vip_v1_0_5_axi_master
-- Compiling module versal_cips_ps_vip_cci_address_decode
-- Compiling module mux_design
-- Compiling module versal_cips_ps_vip_v1_0_5

Top level modules:
	versal_cips_ps_vip_v1_0_5
End time: 11:33:45 on Jul 13,2023, Elapsed time: 0:00:02
Errors: 0, Warnings: 0
