QuestaSim-64 vmap 2021.2_1 Lib Mapping Utility 2021.05 May 15 2021
vmap axis_infrastructure_v1_1_0 /home/binhkieudo/Workspace/XRPIX/serv/build/servant_1.2.1/nexys_a7-vivado/servant_1.2.1.cache/compile_simlib/questa/axis_infrastructure_v1_1_0 
Modifying modelsim.ini
QuestaSim-64 vlog 2021.2_1 Compiler 2021.05 May 15 2021
Start time: 11:29:41 on Jul 13,2023
vlog -64 "+incdir+/home/binhkieudo/Workspace/XRPIX/serv/build/servant_1.2.1/nexys_a7-vivado/.cxl.ip/incl" -work axis_infrastructure_v1_1_0 -f /home/binhkieudo/Workspace/XRPIX/serv/build/servant_1.2.1/nexys_a7-vivado/servant_1.2.1.cache/compile_simlib/questa/axis_infrastructure_v1_1_0/.cxl.verilog.axis_infrastructure_v1_1_0.axis_infrastructure_v1_1_0.lin64.cmf 
-- Compiling module axis_infrastructure_v1_1_0_mux_enc
-- Compiling module axis_infrastructure_v1_1_0_util_aclken_converter
-- Compiling module axis_infrastructure_v1_1_0_util_aclken_converter_wrapper
-- Compiling module axis_infrastructure_v1_1_0_util_axis2vector
-- Compiling module axis_infrastructure_v1_1_0_util_vector2axis
-- Compiling module axis_infrastructure_v1_1_0_clock_synchronizer
-- Compiling module axis_infrastructure_v1_1_0_cdc_handshake

Top level modules:
	axis_infrastructure_v1_1_0_mux_enc
	axis_infrastructure_v1_1_0_util_aclken_converter_wrapper
	axis_infrastructure_v1_1_0_clock_synchronizer
	axis_infrastructure_v1_1_0_cdc_handshake
End time: 11:29:41 on Jul 13,2023, Elapsed time: 0:00:00
Errors: 0, Warnings: 0
