QuestaSim-64 vmap 2021.2_1 Lib Mapping Utility 2021.05 May 15 2021
vmap smartconnect_v1_0 /home/binhkieudo/Workspace/XRPIX/serv/build/servant_1.2.1/nexys_a7-vivado/servant_1.2.1.cache/compile_simlib/questa/smartconnect_v1_0 
Modifying modelsim.ini
QuestaSim-64 vlog 2021.2_1 Compiler 2021.05 May 15 2021
Start time: 11:29:54 on Jul 13,2023
vlog -64 -L smartconnect_v1_0 "+incdir+/home/binhkieudo/Workspace/XRPIX/serv/build/servant_1.2.1/nexys_a7-vivado/.cxl.ip/incl" -sv -svinputport=relaxed -work smartconnect_v1_0 -f /home/binhkieudo/Workspace/XRPIX/serv/build/servant_1.2.1/nexys_a7-vivado/servant_1.2.1.cache/compile_simlib/questa/smartconnect_v1_0/.cxl.systemverilog.smartconnect_v1_0.smartconnect_v1_0.lin64.cmf 
-- Compiling package sc_util_v1_0_vl_rfs_sv_unit
-- Compiling package sc_noc_entry_bridge_v1_0_vl_rfs_sv_unit
** Warning: /tools/Xilinx/Vivado/2022.2/data/ip/xilinx/sc_noc_entry_bridge_v1_0/hdl/sc_noc_entry_bridge_v1_0_vl_rfs.sv(87): (vlog-2583) [SVCHK] - Extra checking for conflicts with always_comb and always_latch variables is done at vopt time.
** Warning: /tools/Xilinx/Vivado/2022.2/data/ip/xilinx/sc_noc_entry_bridge_v1_0/hdl/sc_noc_entry_bridge_v1_0_vl_rfs.sv(87): (vlog-2583) [SVCHK] - Extra checking for conflicts with always_comb and always_latch variables is done at vopt time.
** Warning: /tools/Xilinx/Vivado/2022.2/data/ip/xilinx/sc_noc_entry_bridge_v1_0/hdl/sc_noc_entry_bridge_v1_0_vl_rfs.sv(87): (vlog-2583) [SVCHK] - Extra checking for conflicts with always_comb and always_latch variables is done at vopt time.
** Warning: /tools/Xilinx/Vivado/2022.2/data/ip/xilinx/sc_noc_entry_bridge_v1_0/hdl/sc_noc_entry_bridge_v1_0_vl_rfs.sv(87): (vlog-2583) [SVCHK] - Extra checking for conflicts with always_comb and always_latch variables is done at vopt time.
** Warning: /tools/Xilinx/Vivado/2022.2/data/ip/xilinx/sc_noc_entry_bridge_v1_0/hdl/sc_noc_entry_bridge_v1_0_vl_rfs.sv(87): (vlog-2583) [SVCHK] - Extra checking for conflicts with always_comb and always_latch variables is done at vopt time.
** Warning: /tools/Xilinx/Vivado/2022.2/data/ip/xilinx/sc_noc_entry_bridge_v1_0/hdl/sc_noc_entry_bridge_v1_0_vl_rfs.sv(87): (vlog-2583) [SVCHK] - Extra checking for conflicts with always_comb and always_latch variables is done at vopt time.
** Warning: /tools/Xilinx/Vivado/2022.2/data/ip/xilinx/sc_noc_entry_bridge_v1_0/hdl/sc_noc_entry_bridge_v1_0_vl_rfs.sv(87): (vlog-2583) [SVCHK] - Extra checking for conflicts with always_comb and always_latch variables is done at vopt time.
** Warning: /tools/Xilinx/Vivado/2022.2/data/ip/xilinx/sc_node_v1_0/hdl/sc_node_v1_0_vl_rfs.sv(87): (vlog-2583) [SVCHK] - Extra checking for conflicts with always_comb and always_latch variables is done at vopt time.
** Warning: /tools/Xilinx/Vivado/2022.2/data/ip/xilinx/sc_node_v1_0/hdl/sc_node_v1_0_vl_rfs.sv(87): (vlog-2583) [SVCHK] - Extra checking for conflicts with always_comb and always_latch variables is done at vopt time.
** Warning: /tools/Xilinx/Vivado/2022.2/data/ip/xilinx/sc_node_v1_0/hdl/sc_node_v1_0_vl_rfs.sv(87): (vlog-2583) [SVCHK] - Extra checking for conflicts with always_comb and always_latch variables is done at vopt time.
** Warning: /tools/Xilinx/Vivado/2022.2/data/ip/xilinx/sc_node_v1_0/hdl/sc_node_v1_0_vl_rfs.sv(87): (vlog-2583) [SVCHK] - Extra checking for conflicts with always_comb and always_latch variables is done at vopt time.
** Warning: /tools/Xilinx/Vivado/2022.2/data/ip/xilinx/sc_node_v1_0/hdl/sc_node_v1_0_vl_rfs.sv(87): (vlog-2583) [SVCHK] - Extra checking for conflicts with always_comb and always_latch variables is done at vopt time.
** Warning: /tools/Xilinx/Vivado/2022.2/data/ip/xilinx/sc_node_v1_0/hdl/sc_node_v1_0_vl_rfs.sv(87): (vlog-2583) [SVCHK] - Extra checking for conflicts with always_comb and always_latch variables is done at vopt time.
** Warning: /tools/Xilinx/Vivado/2022.2/data/ip/xilinx/sc_node_v1_0/hdl/sc_node_v1_0_vl_rfs.sv(87): (vlog-2583) [SVCHK] - Extra checking for conflicts with always_comb and always_latch variables is done at vopt time.
** Warning: /tools/Xilinx/Vivado/2022.2/data/ip/xilinx/sc_node_v1_0/hdl/sc_node_v1_0_vl_rfs.sv(87): (vlog-2583) [SVCHK] - Extra checking for conflicts with always_comb and always_latch variables is done at vopt time.
** Warning: /tools/Xilinx/Vivado/2022.2/data/ip/xilinx/sc_node_v1_0/hdl/sc_node_v1_0_vl_rfs.sv(87): (vlog-2583) [SVCHK] - Extra checking for conflicts with always_comb and always_latch variables is done at vopt time.
** Warning: /tools/Xilinx/Vivado/2022.2/data/ip/xilinx/sc_node_v1_0/hdl/sc_node_v1_0_vl_rfs.sv(87): (vlog-2583) [SVCHK] - Extra checking for conflicts with always_comb and always_latch variables is done at vopt time.
** Warning: /tools/Xilinx/Vivado/2022.2/data/ip/xilinx/sc_node_v1_0/hdl/sc_node_v1_0_vl_rfs.sv(87): (vlog-2583) [SVCHK] - Extra checking for conflicts with always_comb and always_latch variables is done at vopt time.
** Warning: /tools/Xilinx/Vivado/2022.2/data/ip/xilinx/sc_node_v1_0/hdl/sc_node_v1_0_vl_rfs.sv(87): (vlog-2583) [SVCHK] - Extra checking for conflicts with always_comb and always_latch variables is done at vopt time.
** Warning: /tools/Xilinx/Vivado/2022.2/data/ip/xilinx/sc_node_v1_0/hdl/sc_node_v1_0_vl_rfs.sv(87): (vlog-2583) [SVCHK] - Extra checking for conflicts with always_comb and always_latch variables is done at vopt time.
** Warning: /tools/Xilinx/Vivado/2022.2/data/ip/xilinx/sc_node_v1_0/hdl/sc_node_v1_0_vl_rfs.sv(87): (vlog-2583) [SVCHK] - Extra checking for conflicts with always_comb and always_latch variables is done at vopt time.
** Warning: /tools/Xilinx/Vivado/2022.2/data/ip/xilinx/sc_node_v1_0/hdl/sc_node_v1_0_vl_rfs.sv(87): (vlog-2583) [SVCHK] - Extra checking for conflicts with always_comb and always_latch variables is done at vopt time.
** Warning: /tools/Xilinx/Vivado/2022.2/data/ip/xilinx/sc_node_v1_0/hdl/sc_node_v1_0_vl_rfs.sv(87): (vlog-2583) [SVCHK] - Extra checking for conflicts with always_comb and always_latch variables is done at vopt time.
-- Compiling package sc_node_v1_0_vl_rfs_sv_unit
-- Compiling package sc_axi2sc_v1_0_vl_rfs_sv_unit
-- Compiling package sc_mmu_v1_0_vl_rfs_sv_unit
-- Compiling package sc_switchboard_v1_0_vl_rfs_sv_unit
-- Compiling package sc_transaction_regulator_v1_0_vl_rfs_sv_unit
-- Compiling package sc_sc2axi_v1_0_vl_rfs_sv_unit
-- Compiling package sc_exit_v1_0_vl_rfs_sv_unit
-- Compiling package sc_si_converter_v1_0_vl_rfs_sv_unit
-- Compiling package sc_splitter_v1_0_vl_rfs_sv_unit
-- Compiling package sc_noc_exit_bridge_v1_0_vl_rfs_sv_unit
** Warning: /tools/Xilinx/Vivado/2022.2/data/ip/xilinx/sc_noc_exit_bridge_v1_0/hdl/sc_noc_exit_bridge_v1_0_vl_rfs.sv(87): (vlog-2583) [SVCHK] - Extra checking for conflicts with always_comb and always_latch variables is done at vopt time.
** Warning: /tools/Xilinx/Vivado/2022.2/data/ip/xilinx/sc_noc_exit_bridge_v1_0/hdl/sc_noc_exit_bridge_v1_0_vl_rfs.sv(87): (vlog-2583) [SVCHK] - Extra checking for conflicts with always_comb and always_latch variables is done at vopt time.
** Warning: /tools/Xilinx/Vivado/2022.2/data/ip/xilinx/sc_noc_exit_bridge_v1_0/hdl/sc_noc_exit_bridge_v1_0_vl_rfs.sv(87): (vlog-2583) [SVCHK] - Extra checking for conflicts with always_comb and always_latch variables is done at vopt time.
-- Compiling package sc_noc_router_v1_0_vl_rfs_sv_unit

Top level modules:
End time: 11:29:55 on Jul 13,2023, Elapsed time: 0:00:01
Errors: 0, Warnings: 26
