QuestaSim-64 vmap 2021.2_1 Lib Mapping Utility 2021.05 May 15 2021
vmap axis_interconnect_v1_1_20 /home/binhkieudo/Workspace/XRPIX/serv/build/servant_1.2.1/nexys_a7-vivado/servant_1.2.1.cache/compile_simlib/questa/axis_interconnect_v1_1_20 
Modifying modelsim.ini
QuestaSim-64 vlog 2021.2_1 Compiler 2021.05 May 15 2021
Start time: 11:33:47 on Jul 13,2023
vlog -64 "+incdir+/home/binhkieudo/Workspace/XRPIX/serv/build/servant_1.2.1/nexys_a7-vivado/.cxl.ip/incl" -work axis_interconnect_v1_1_20 -f /home/binhkieudo/Workspace/XRPIX/serv/build/servant_1.2.1/nexys_a7-vivado/servant_1.2.1.cache/compile_simlib/questa/axis_interconnect_v1_1_20/.cxl.verilog.axis_interconnect_v1_1_20.axis_interconnect_v1_1_20.lin64.cmf 
-- Compiling module axis_interconnect_v1_1_20_axisc_sync_clock_converter
-- Compiling module axis_interconnect_v1_1_20_axisc_sample_cycle_ratio
-- Compiling module axis_interconnect_v1_1_20_axis_clock_converter
-- Compiling module axis_interconnect_v1_1_20_axis_data_fifo
-- Compiling module axis_interconnect_v1_1_20_arb_rr
-- Compiling module axis_interconnect_v1_1_20_axisc_decoder
-- Compiling module axis_interconnect_v1_1_20_axisc_transfer_mux
-- Compiling module axis_interconnect_v1_1_20_axisc_arb_responder
-- Compiling module axis_interconnect_v1_1_20_axis_switch_arbiter
-- Compiling module axis_interconnect_v1_1_20_dynamic_priority_encoder
-- Compiling module axis_interconnect_v1_1_20_axis_switch
-- Compiling module axis_interconnect_v1_1_20_axis_subset_converter
-- Compiling module axis_interconnect_v1_1_20_mux_enc
-- Compiling module axis_interconnect_v1_1_20_util_aclken_converter
-- Compiling module axis_interconnect_v1_1_20_util_aclken_converter_wrapper
-- Compiling module axis_interconnect_v1_1_20_util_axis2vector
-- Compiling module axis_interconnect_v1_1_20_util_vector2axis
-- Compiling module axis_interconnect_v1_1_20_axisc_register_slice
-- Compiling module axis_interconnect_v1_1_20_axis_register_slice
-- Compiling module axis_interconnect_v1_1_20_axisc_downsizer
-- Compiling module axis_interconnect_v1_1_20_axisc_upsizer
-- Compiling module axis_interconnect_v1_1_20_axis_dwidth_converter
-- Compiling module axis_interconnect_v1_1_20_dynamic_datapath
-- Compiling module axis_interconnect_v1_1_20_axis_interconnect
-- Compiling module axis_interconnect_v1_1_20_axis_interconnect_16x16_top

Top level modules:
	axis_interconnect_v1_1_20_axis_interconnect_16x16_top
End time: 11:33:47 on Jul 13,2023, Elapsed time: 0:00:00
Errors: 0, Warnings: 0
