QuestaSim-64 vmap 2021.2_1 Lib Mapping Utility 2021.05 May 15 2021
vmap unifast /home/binhkieudo/Workspace/XRPIX/serv/build/servant_1.2.1/nexys_a7-vivado/servant_1.2.1.cache/compile_simlib/questa/unifast 
Modifying modelsim.ini
QuestaSim-64 vcom 2021.2_1 Compiler 2021.05 May 15 2021
Start time: 11:23:31 on Jul 13,2023
vcom -source -93 -64 -work unifast -f /home/binhkieudo/Workspace/XRPIX/serv/build/servant_1.2.1/nexys_a7-vivado/servant_1.2.1.cache/compile_simlib/questa/unifast/.cxl.vhdl.unifast.unifast.lin64.cmf 
-- Loading package STANDARD
-- Loading package TEXTIO
-- Loading package std_logic_1164
-- Loading package std_logic_arith
-- Loading package STD_LOGIC_SIGNED
-- Loading package VITAL_Timing
-- Loading package VITAL_Primitives
-- Loading package VPKG
-- Compiling entity DSP48E1
-- Compiling architecture DSP48E1_V of DSP48E1
-- Compiling entity MMCME2_ADV
-- Compiling architecture MMCME2_ADV_V of MMCME2_ADV
-- Compiling entity PLLE2_ADV
-- Compiling architecture PLLE2_ADV_V of PLLE2_ADV
End time: 11:23:32 on Jul 13,2023, Elapsed time: 0:00:01
Errors: 0, Warnings: 0
