QuestaSim-64 vmap 2021.2_1 Lib Mapping Utility 2021.05 May 15 2021
vmap axi_msg_v1_0_8 /home/binhkieudo/Workspace/XRPIX/serv/build/servant_1.2.1/nexys_a7-vivado/servant_1.2.1.cache/compile_simlib/questa/axi_msg_v1_0_8 
Modifying modelsim.ini
QuestaSim-64 vcom 2021.2_1 Compiler 2021.05 May 15 2021
Start time: 11:32:15 on Jul 13,2023
vcom -64 -93 -work axi_msg_v1_0_8 -f /home/binhkieudo/Workspace/XRPIX/serv/build/servant_1.2.1/nexys_a7-vivado/servant_1.2.1.cache/compile_simlib/questa/axi_msg_v1_0_8/.cxl.vhdl.axi_msg_v1_0_8.axi_msg_v1_0_8.lin64.cmf 
-- Loading package STANDARD
-- Loading package TEXTIO
-- Loading package std_logic_1164
-- Loading package NUMERIC_STD
-- Compiling package axi_msg_pkg
-- Compiling package body axi_msg_pkg
-- Loading package axi_msg_pkg
-- Loading package ATTRIBUTES
-- Loading package std_logic_misc
-- Loading package axi_msg_pkg
-- Loading package VCOMPONENTS
-- Loading entity sync_fifo_fg
-- Loading package std_logic_arith
-- Loading package STD_LOGIC_UNSIGNED
-- Loading package lib_pkg
-- Compiling entity axi_msg_bmg_ctrl
-- Compiling architecture implementation of axi_msg_bmg_ctrl
-- Compiling entity axi_msg_bmg
-- Compiling architecture blk_mem_gen_0_arch of axi_msg_bmg
-- Compiling entity axi_msg_reset
-- Compiling architecture implementation of axi_msg_reset
-- Compiling entity axi_msg_sfifo_autord
-- Compiling architecture imp of axi_msg_sfifo_autord
-- Loading entity async_fifo_fg
-- Compiling entity axi_msg_afifo_autord
-- Compiling architecture imp of axi_msg_afifo_autord
-- Loading entity srl_fifo_f
-- Loading entity axi_msg_sfifo_autord
-- Loading entity axi_msg_afifo_autord
-- Compiling entity axi_msg_fifo
-- Compiling architecture imp of axi_msg_fifo
-- Loading entity axi_msg_fifo
-- Compiling entity axi_msg_cmd_status
-- Compiling architecture implementation of axi_msg_cmd_status
-- Compiling entity axi_msg_rdmux
-- Compiling architecture implementation of axi_msg_rdmux
-- Compiling entity axi_msg_addr_cntl
-- Compiling architecture implementation of axi_msg_addr_cntl
-- Loading entity axi_msg_rdmux
-- Compiling entity axi_msg_rddata_cntl
-- Compiling architecture implementation of axi_msg_rddata_cntl
-- Compiling entity axi_msg_rd_status_cntl
-- Compiling architecture implementation of axi_msg_rd_status_cntl
-- Compiling entity axi_msg_scc
-- Compiling architecture implementation of axi_msg_scc
-- Compiling entity axi_msg_wr_demux
-- Compiling architecture implementation of axi_msg_wr_demux
-- Compiling entity axi_msg_scc_wr
-- Compiling architecture implementation of axi_msg_scc_wr
-- Loading entity axi_msg_wr_demux
-- Compiling entity axi_msg_skid2mm_buf
-- Compiling architecture implementation of axi_msg_skid2mm_buf
-- Compiling entity axi_msg_wrdata_cntl
-- Compiling architecture implementation of axi_msg_wrdata_cntl
-- Compiling entity axi_msg_wr_status_cntl
-- Compiling architecture implementation of axi_msg_wr_status_cntl
-- Compiling entity axi_msg_skid_buf
-- Compiling architecture implementation of axi_msg_skid_buf
-- Loading entity axi_msg_reset
-- Loading entity axi_msg_cmd_status
-- Loading entity axi_msg_scc
-- Loading entity axi_msg_addr_cntl
-- Loading entity axi_msg_rddata_cntl
-- Loading entity axi_msg_rd_status_cntl
-- Loading entity axi_msg_skid_buf
-- Compiling entity axi_msg_mm2s_basic_wrap
-- Compiling architecture implementation of axi_msg_mm2s_basic_wrap
-- Loading entity axi_msg_scc_wr
-- Loading entity axi_msg_wrdata_cntl
-- Loading entity axi_msg_wr_status_cntl
-- Loading entity axi_msg_skid2mm_buf
-- Compiling entity axi_msg_s2mm_basic_wrap
-- Compiling architecture implementation of axi_msg_s2mm_basic_wrap
-- Loading entity axi_msg_mm2s_basic_wrap
-- Loading entity axi_msg_s2mm_basic_wrap
-- Compiling entity axi_msg_datamover
-- Compiling architecture implementation of axi_msg_datamover
-- Compiling entity axi_msg_ftch_sm
-- Compiling architecture implementation of axi_msg_ftch_sm
-- Compiling entity axi_msg_channel_pntr
-- Compiling architecture implementation of axi_msg_channel_pntr
-- Compiling entity axi_msg_ftch_pntr
-- Compiling architecture implementation of axi_msg_ftch_pntr
-- Loading entity axi_msg_channel_pntr
-- Compiling entity axi_msg_ftch_cmdsts_if
-- Compiling architecture implementation of axi_msg_ftch_cmdsts_if
-- Compiling entity axi_msg_ftch_mngr
-- Compiling architecture implementation of axi_msg_ftch_mngr
-- Loading entity axi_msg_ftch_sm
-- Loading entity axi_msg_ftch_pntr
-- Loading entity axi_msg_ftch_cmdsts_if
-- Compiling entity axi_msg_cntrl_strm
-- Compiling architecture implementation of axi_msg_cntrl_strm
-- Loading entity cdc_sync
-- Compiling entity axi_msg_ftch_fifo
-- Compiling architecture implementation of axi_msg_ftch_fifo
-- Loading entity axi_msg_bmg_ctrl
-- Compiling entity axi_msg_ftch_queue
-- Compiling architecture implementation of axi_msg_ftch_queue
-- Loading entity axi_msg_bmg
-- Loading entity axi_msg_ftch_fifo
-- Compiling entity axi_msg_ftch_q_mngr
-- Compiling architecture implementation of axi_msg_ftch_q_mngr
-- Loading entity axi_msg_ftch_queue
-- Compiling entity axi_msg_updt_cmdsts_if
-- Compiling architecture implementation of axi_msg_updt_cmdsts_if
-- Compiling entity axi_msg_updt_sm
-- Compiling architecture implementation of axi_msg_updt_sm
-- Compiling entity axi_msg_updt_mngr
-- Compiling architecture implementation of axi_msg_updt_mngr
-- Loading entity axi_msg_updt_sm
-- Loading entity axi_msg_updt_cmdsts_if
-- Compiling entity axi_msg_updt_queue
-- Compiling architecture implementation of axi_msg_updt_queue
-- Compiling entity axi_msg_updt_q_mngr
-- Compiling architecture implementation of axi_msg_updt_q_mngr
-- Loading entity axi_msg_updt_queue
-- Compiling entity axi_msg_intrpt
-- Compiling architecture implementation of axi_msg_intrpt
-- Compiling entity axi_msg
-- Compiling architecture implementation of axi_msg
-- Loading entity axi_msg_ftch_mngr
-- Loading entity axi_msg_ftch_q_mngr
-- Loading entity axi_msg_updt_mngr
-- Loading entity axi_msg_updt_q_mngr
-- Loading entity axi_msg_intrpt
-- Loading entity axi_msg_datamover
End time: 11:32:16 on Jul 13,2023, Elapsed time: 0:00:01
Errors: 0, Warnings: 0
