QuestaSim-64 vmap 2021.2_1 Lib Mapping Utility 2021.05 May 15 2021
vmap processing_system7_vip_v1_0_15 /home/binhkieudo/Workspace/XRPIX/serv/build/servant_1.2.1/nexys_a7-vivado/servant_1.2.1.cache/compile_simlib/questa/processing_system7_vip_v1_0_15 
Modifying modelsim.ini
QuestaSim-64 vlog 2021.2_1 Compiler 2021.05 May 15 2021
Start time: 11:32:56 on Jul 13,2023
vlog -64 -L axi_vip_v1_1_13 -L processing_system7_vip_v1_0_15 -L xilinx_vip "+incdir+/home/binhkieudo/Workspace/XRPIX/serv/build/servant_1.2.1/nexys_a7-vivado/.cxl.ip/incl" -sv -svinputport=relaxed -work processing_system7_vip_v1_0_15 -f /home/binhkieudo/Workspace/XRPIX/serv/build/servant_1.2.1/nexys_a7-vivado/servant_1.2.1.cache/compile_simlib/questa/processing_system7_vip_v1_0_15/.cxl.systemverilog.processing_system7_vip_v1_0_15.processing_system7_vip_v1_0_15.lin64.cmf 
-- Compiling module processing_system7_vip_v1_0_15_arb_wr
-- Compiling module processing_system7_vip_v1_0_15_arb_rd
-- Compiling module processing_system7_vip_v1_0_15_arb_wr_4
-- Compiling module processing_system7_vip_v1_0_15_arb_rd_4
-- Compiling module processing_system7_vip_v1_0_15_arb_hp2_3
-- Compiling module processing_system7_vip_v1_0_15_arb_hp0_1
-- Compiling module processing_system7_vip_v1_0_15_ssw_hp
-- Compiling module processing_system7_vip_v1_0_15_sparse_mem
-- Compiling module processing_system7_vip_v1_0_15_reg_map
-- Compiling module processing_system7_vip_v1_0_15_ocm_mem
-- Compiling module processing_system7_vip_v1_0_15_intr_wr_mem
-- Compiling module processing_system7_vip_v1_0_15_intr_rd_mem
-- Compiling module processing_system7_vip_v1_0_15_fmsw_gp
-- Compiling module processing_system7_vip_v1_0_15_regc
-- Compiling module processing_system7_vip_v1_0_15_ocmc
-- Compiling module processing_system7_vip_v1_0_15_interconnect_model
-- Compiling module processing_system7_vip_v1_0_15_gen_reset
-- Compiling module processing_system7_vip_v1_0_15_gen_clock
-- Compiling module processing_system7_vip_v1_0_15_ddrc
-- Compiling package processing_system7_vip_v1_0_vl_rfs_sv_unit
-- Importing package xilinx_vip.axi_vip_pkg
-- Importing package xilinx_vip.xil_common_vip_pkg
-- Compiling module processing_system7_vip_v1_0_15_axi_slave
-- Compiling module processing_system7_vip_v1_0_15_axi_slave_acp
-- Compiling module processing_system7_vip_v1_0_15_axi_master
-- Compiling module processing_system7_vip_v1_0_15_afi_slave
-- Compiling module processing_system7_vip_v1_0_15

Top level modules:
	processing_system7_vip_v1_0_15_intr_wr_mem
	processing_system7_vip_v1_0_15
End time: 11:32:56 on Jul 13,2023, Elapsed time: 0:00:00
Errors: 0, Warnings: 0
