QuestaSim-64 vmap 2021.2_1 Lib Mapping Utility 2021.05 May 15 2021
vmap polar_v1_0_10 /home/binhkieudo/Workspace/XRPIX/serv/build/servant_1.2.1/nexys_a7-vivado/servant_1.2.1.cache/compile_simlib/questa/polar_v1_0_10 
Modifying modelsim.ini
QuestaSim-64 vlog 2021.2_1 Compiler 2021.05 May 15 2021
Start time: 11:33:04 on Jul 13,2023
vlog -64 -L fec_5g_common_v1_1_1 -L polar_v1_0_10 "+incdir+/home/binhkieudo/Workspace/XRPIX/serv/build/servant_1.2.1/nexys_a7-vivado/.cxl.ip/incl" -sv -svinputport=relaxed -work polar_v1_0_10 -f /home/binhkieudo/Workspace/XRPIX/serv/build/servant_1.2.1/nexys_a7-vivado/servant_1.2.1.cache/compile_simlib/questa/polar_v1_0_10/.cxl.systemverilog.polar_v1_0_10.polar_v1_0_10.lin64.cmf 
** Warning: /tools/Xilinx/Vivado/2022.2/data/ip/xilinx/polar_v1_0/hdl/polar_v1_0_vl_rfs.sv(87): (vlog-2583) [SVCHK] - Extra checking for conflicts with always_comb and always_latch variables is done at vopt time.
** Warning: /tools/Xilinx/Vivado/2022.2/data/ip/xilinx/polar_v1_0/hdl/polar_v1_0_vl_rfs.sv(87): (vlog-2583) [SVCHK] - Extra checking for conflicts with always_comb and always_latch variables is done at vopt time.
** Warning: /tools/Xilinx/Vivado/2022.2/data/ip/xilinx/polar_v1_0/hdl/polar_v1_0_vl_rfs.sv(87): (vlog-2583) [SVCHK] - Extra checking for conflicts with always_comb and always_latch variables is done at vopt time.
** Warning: /tools/Xilinx/Vivado/2022.2/data/ip/xilinx/polar_v1_0/hdl/polar_v1_0_vl_rfs.sv(87): (vlog-2583) [SVCHK] - Extra checking for conflicts with always_comb and always_latch variables is done at vopt time.
** Warning: /tools/Xilinx/Vivado/2022.2/data/ip/xilinx/polar_v1_0/hdl/polar_v1_0_vl_rfs.sv(87): (vlog-2583) [SVCHK] - Extra checking for conflicts with always_comb and always_latch variables is done at vopt time.
** Warning: /tools/Xilinx/Vivado/2022.2/data/ip/xilinx/polar_v1_0/hdl/polar_v1_0_vl_rfs.sv(87): (vlog-2583) [SVCHK] - Extra checking for conflicts with always_comb and always_latch variables is done at vopt time.
** Warning: /tools/Xilinx/Vivado/2022.2/data/ip/xilinx/polar_v1_0/hdl/polar_v1_0_vl_rfs.sv(87): (vlog-2583) [SVCHK] - Extra checking for conflicts with always_comb and always_latch variables is done at vopt time.
** Warning: /tools/Xilinx/Vivado/2022.2/data/ip/xilinx/polar_v1_0/hdl/polar_v1_0_vl_rfs.sv(87): (vlog-2583) [SVCHK] - Extra checking for conflicts with always_comb and always_latch variables is done at vopt time.
** Warning: /tools/Xilinx/Vivado/2022.2/data/ip/xilinx/polar_v1_0/hdl/polar_v1_0_vl_rfs.sv(87): (vlog-2583) [SVCHK] - Extra checking for conflicts with always_comb and always_latch variables is done at vopt time.
** Warning: /tools/Xilinx/Vivado/2022.2/data/ip/xilinx/polar_v1_0/hdl/polar_v1_0_vl_rfs.sv(87): (vlog-2583) [SVCHK] - Extra checking for conflicts with always_comb and always_latch variables is done at vopt time.
** Warning: /tools/Xilinx/Vivado/2022.2/data/ip/xilinx/polar_v1_0/hdl/polar_v1_0_vl_rfs.sv(87): (vlog-2583) [SVCHK] - Extra checking for conflicts with always_comb and always_latch variables is done at vopt time.
** Warning: /tools/Xilinx/Vivado/2022.2/data/ip/xilinx/polar_v1_0/hdl/polar_v1_0_vl_rfs.sv(87): (vlog-2583) [SVCHK] - Extra checking for conflicts with always_comb and always_latch variables is done at vopt time.
** Warning: /tools/Xilinx/Vivado/2022.2/data/ip/xilinx/polar_v1_0/hdl/polar_v1_0_vl_rfs.sv(87): (vlog-2583) [SVCHK] - Extra checking for conflicts with always_comb and always_latch variables is done at vopt time.
** Warning: /tools/Xilinx/Vivado/2022.2/data/ip/xilinx/polar_v1_0/hdl/polar_v1_0_vl_rfs.sv(87): (vlog-2583) [SVCHK] - Extra checking for conflicts with always_comb and always_latch variables is done at vopt time.
** Warning: /tools/Xilinx/Vivado/2022.2/data/ip/xilinx/polar_v1_0/hdl/polar_v1_0_vl_rfs.sv(87): (vlog-2583) [SVCHK] - Extra checking for conflicts with always_comb and always_latch variables is done at vopt time.
** Warning: /tools/Xilinx/Vivado/2022.2/data/ip/xilinx/polar_v1_0/hdl/polar_v1_0_vl_rfs.sv(87): (vlog-2583) [SVCHK] - Extra checking for conflicts with always_comb and always_latch variables is done at vopt time.
** Warning: /tools/Xilinx/Vivado/2022.2/data/ip/xilinx/polar_v1_0/hdl/polar_v1_0_vl_rfs.sv(87): (vlog-2583) [SVCHK] - Extra checking for conflicts with always_comb and always_latch variables is done at vopt time.
** Warning: /tools/Xilinx/Vivado/2022.2/data/ip/xilinx/polar_v1_0/hdl/polar_v1_0_vl_rfs.sv(87): (vlog-2583) [SVCHK] - Extra checking for conflicts with always_comb and always_latch variables is done at vopt time.
** Warning: /tools/Xilinx/Vivado/2022.2/data/ip/xilinx/polar_v1_0/hdl/polar_v1_0_vl_rfs.sv(87): (vlog-2583) [SVCHK] - Extra checking for conflicts with always_comb and always_latch variables is done at vopt time.
** Warning: /tools/Xilinx/Vivado/2022.2/data/ip/xilinx/polar_v1_0/hdl/polar_v1_0_vl_rfs.sv(87): (vlog-2583) [SVCHK] - Extra checking for conflicts with always_comb and always_latch variables is done at vopt time.
** Warning: /tools/Xilinx/Vivado/2022.2/data/ip/xilinx/polar_v1_0/hdl/polar_v1_0_vl_rfs.sv(87): (vlog-2583) [SVCHK] - Extra checking for conflicts with always_comb and always_latch variables is done at vopt time.
** Warning: /tools/Xilinx/Vivado/2022.2/data/ip/xilinx/polar_v1_0/hdl/polar_v1_0_vl_rfs.sv(87): (vlog-2583) [SVCHK] - Extra checking for conflicts with always_comb and always_latch variables is done at vopt time.
** Warning: /tools/Xilinx/Vivado/2022.2/data/ip/xilinx/polar_v1_0/hdl/polar_v1_0_vl_rfs.sv(87): (vlog-2583) [SVCHK] - Extra checking for conflicts with always_comb and always_latch variables is done at vopt time.
** Warning: /tools/Xilinx/Vivado/2022.2/data/ip/xilinx/polar_v1_0/hdl/polar_v1_0_vl_rfs.sv(87): (vlog-2583) [SVCHK] - Extra checking for conflicts with always_comb and always_latch variables is done at vopt time.
** Warning: /tools/Xilinx/Vivado/2022.2/data/ip/xilinx/polar_v1_0/hdl/polar_v1_0_vl_rfs.sv(87): (vlog-2583) [SVCHK] - Extra checking for conflicts with always_comb and always_latch variables is done at vopt time.
** Warning: /tools/Xilinx/Vivado/2022.2/data/ip/xilinx/polar_v1_0/hdl/polar_v1_0_vl_rfs.sv(87): (vlog-2583) [SVCHK] - Extra checking for conflicts with always_comb and always_latch variables is done at vopt time.
** Warning: /tools/Xilinx/Vivado/2022.2/data/ip/xilinx/polar_v1_0/hdl/polar_v1_0_vl_rfs.sv(87): (vlog-2583) [SVCHK] - Extra checking for conflicts with always_comb and always_latch variables is done at vopt time.
** Warning: /tools/Xilinx/Vivado/2022.2/data/ip/xilinx/polar_v1_0/hdl/polar_v1_0_vl_rfs.sv(87): (vlog-2583) [SVCHK] - Extra checking for conflicts with always_comb and always_latch variables is done at vopt time.
** Warning: /tools/Xilinx/Vivado/2022.2/data/ip/xilinx/polar_v1_0/hdl/polar_v1_0_vl_rfs.sv(87): (vlog-2583) [SVCHK] - Extra checking for conflicts with always_comb and always_latch variables is done at vopt time.
** Warning: /tools/Xilinx/Vivado/2022.2/data/ip/xilinx/polar_v1_0/hdl/polar_v1_0_vl_rfs.sv(87): (vlog-2583) [SVCHK] - Extra checking for conflicts with always_comb and always_latch variables is done at vopt time.
** Warning: /tools/Xilinx/Vivado/2022.2/data/ip/xilinx/polar_v1_0/hdl/polar_v1_0_vl_rfs.sv(87): (vlog-2583) [SVCHK] - Extra checking for conflicts with always_comb and always_latch variables is done at vopt time.
** Warning: /tools/Xilinx/Vivado/2022.2/data/ip/xilinx/polar_v1_0/hdl/polar_v1_0_vl_rfs.sv(87): (vlog-2583) [SVCHK] - Extra checking for conflicts with always_comb and always_latch variables is done at vopt time.
** Warning: /tools/Xilinx/Vivado/2022.2/data/ip/xilinx/polar_v1_0/hdl/polar_v1_0_vl_rfs.sv(87): (vlog-2583) [SVCHK] - Extra checking for conflicts with always_comb and always_latch variables is done at vopt time.
** Warning: /tools/Xilinx/Vivado/2022.2/data/ip/xilinx/polar_v1_0/hdl/polar_v1_0_vl_rfs.sv(87): (vlog-2583) [SVCHK] - Extra checking for conflicts with always_comb and always_latch variables is done at vopt time.
** Warning: /tools/Xilinx/Vivado/2022.2/data/ip/xilinx/polar_v1_0/hdl/polar_v1_0_vl_rfs.sv(87): (vlog-2583) [SVCHK] - Extra checking for conflicts with always_comb and always_latch variables is done at vopt time.
** Warning: /tools/Xilinx/Vivado/2022.2/data/ip/xilinx/polar_v1_0/hdl/polar_v1_0_vl_rfs.sv(87): (vlog-2583) [SVCHK] - Extra checking for conflicts with always_comb and always_latch variables is done at vopt time.
** Warning: /tools/Xilinx/Vivado/2022.2/data/ip/xilinx/polar_v1_0/hdl/polar_v1_0_vl_rfs.sv(87): (vlog-2583) [SVCHK] - Extra checking for conflicts with always_comb and always_latch variables is done at vopt time.
** Warning: /tools/Xilinx/Vivado/2022.2/data/ip/xilinx/polar_v1_0/hdl/polar_v1_0_vl_rfs.sv(87): (vlog-2583) [SVCHK] - Extra checking for conflicts with always_comb and always_latch variables is done at vopt time.
** Warning: /tools/Xilinx/Vivado/2022.2/data/ip/xilinx/polar_v1_0/hdl/polar_v1_0_vl_rfs.sv(87): (vlog-2583) [SVCHK] - Extra checking for conflicts with always_comb and always_latch variables is done at vopt time.
** Warning: /tools/Xilinx/Vivado/2022.2/data/ip/xilinx/polar_v1_0/hdl/polar_v1_0_vl_rfs.sv(87): (vlog-2583) [SVCHK] - Extra checking for conflicts with always_comb and always_latch variables is done at vopt time.
** Warning: /tools/Xilinx/Vivado/2022.2/data/ip/xilinx/polar_v1_0/hdl/polar_v1_0_vl_rfs.sv(87): (vlog-2583) [SVCHK] - Extra checking for conflicts with always_comb and always_latch variables is done at vopt time.
** Warning: /tools/Xilinx/Vivado/2022.2/data/ip/xilinx/polar_v1_0/hdl/polar_v1_0_vl_rfs.sv(87): (vlog-2583) [SVCHK] - Extra checking for conflicts with always_comb and always_latch variables is done at vopt time.
** Warning: /tools/Xilinx/Vivado/2022.2/data/ip/xilinx/polar_v1_0/hdl/polar_v1_0_vl_rfs.sv(87): (vlog-2583) [SVCHK] - Extra checking for conflicts with always_comb and always_latch variables is done at vopt time.
** Warning: /tools/Xilinx/Vivado/2022.2/data/ip/xilinx/polar_v1_0/hdl/polar_v1_0_vl_rfs.sv(87): (vlog-2583) [SVCHK] - Extra checking for conflicts with always_comb and always_latch variables is done at vopt time.
** Warning: /tools/Xilinx/Vivado/2022.2/data/ip/xilinx/polar_v1_0/hdl/polar_v1_0_vl_rfs.sv(87): (vlog-2583) [SVCHK] - Extra checking for conflicts with always_comb and always_latch variables is done at vopt time.
** Warning: /tools/Xilinx/Vivado/2022.2/data/ip/xilinx/polar_v1_0/hdl/polar_v1_0_vl_rfs.sv(87): (vlog-2583) [SVCHK] - Extra checking for conflicts with always_comb and always_latch variables is done at vopt time.
** Warning: /tools/Xilinx/Vivado/2022.2/data/ip/xilinx/polar_v1_0/hdl/polar_v1_0_vl_rfs.sv(87): (vlog-2583) [SVCHK] - Extra checking for conflicts with always_comb and always_latch variables is done at vopt time.
** Warning: /tools/Xilinx/Vivado/2022.2/data/ip/xilinx/polar_v1_0/hdl/polar_v1_0_vl_rfs.sv(87): (vlog-2583) [SVCHK] - Extra checking for conflicts with always_comb and always_latch variables is done at vopt time.
** Warning: /tools/Xilinx/Vivado/2022.2/data/ip/xilinx/polar_v1_0/hdl/polar_v1_0_vl_rfs.sv(87): (vlog-2583) [SVCHK] - Extra checking for conflicts with always_comb and always_latch variables is done at vopt time.
** Warning: /tools/Xilinx/Vivado/2022.2/data/ip/xilinx/polar_v1_0/hdl/polar_v1_0_vl_rfs.sv(87): (vlog-2583) [SVCHK] - Extra checking for conflicts with always_comb and always_latch variables is done at vopt time.
** Warning: /tools/Xilinx/Vivado/2022.2/data/ip/xilinx/polar_v1_0/hdl/polar_v1_0_vl_rfs.sv(87): (vlog-2583) [SVCHK] - Extra checking for conflicts with always_comb and always_latch variables is done at vopt time.
** Warning: /tools/Xilinx/Vivado/2022.2/data/ip/xilinx/polar_v1_0/hdl/polar_v1_0_vl_rfs.sv(87): (vlog-2583) [SVCHK] - Extra checking for conflicts with always_comb and always_latch variables is done at vopt time.
** Warning: /tools/Xilinx/Vivado/2022.2/data/ip/xilinx/polar_v1_0/hdl/polar_v1_0_vl_rfs.sv(87): (vlog-2583) [SVCHK] - Extra checking for conflicts with always_comb and always_latch variables is done at vopt time.
** Warning: /tools/Xilinx/Vivado/2022.2/data/ip/xilinx/polar_v1_0/hdl/polar_v1_0_vl_rfs.sv(87): (vlog-2583) [SVCHK] - Extra checking for conflicts with always_comb and always_latch variables is done at vopt time.
** Warning: /tools/Xilinx/Vivado/2022.2/data/ip/xilinx/polar_v1_0/hdl/polar_v1_0_vl_rfs.sv(87): (vlog-2583) [SVCHK] - Extra checking for conflicts with always_comb and always_latch variables is done at vopt time.
** Warning: /tools/Xilinx/Vivado/2022.2/data/ip/xilinx/polar_v1_0/hdl/polar_v1_0_vl_rfs.sv(87): (vlog-2583) [SVCHK] - Extra checking for conflicts with always_comb and always_latch variables is done at vopt time.
** Warning: /tools/Xilinx/Vivado/2022.2/data/ip/xilinx/polar_v1_0/hdl/polar_v1_0_vl_rfs.sv(87): (vlog-2583) [SVCHK] - Extra checking for conflicts with always_comb and always_latch variables is done at vopt time.
** Warning: /tools/Xilinx/Vivado/2022.2/data/ip/xilinx/polar_v1_0/hdl/polar_v1_0_vl_rfs.sv(87): (vlog-2583) [SVCHK] - Extra checking for conflicts with always_comb and always_latch variables is done at vopt time.
** Warning: /tools/Xilinx/Vivado/2022.2/data/ip/xilinx/polar_v1_0/hdl/polar_v1_0_vl_rfs.sv(87): (vlog-2583) [SVCHK] - Extra checking for conflicts with always_comb and always_latch variables is done at vopt time.
** Warning: /tools/Xilinx/Vivado/2022.2/data/ip/xilinx/polar_v1_0/hdl/polar_v1_0_vl_rfs.sv(87): (vlog-2583) [SVCHK] - Extra checking for conflicts with always_comb and always_latch variables is done at vopt time.
** Warning: /tools/Xilinx/Vivado/2022.2/data/ip/xilinx/polar_v1_0/hdl/polar_v1_0_vl_rfs.sv(87): (vlog-2583) [SVCHK] - Extra checking for conflicts with always_comb and always_latch variables is done at vopt time.
** Warning: /tools/Xilinx/Vivado/2022.2/data/ip/xilinx/polar_v1_0/hdl/polar_v1_0_vl_rfs.sv(87): (vlog-2583) [SVCHK] - Extra checking for conflicts with always_comb and always_latch variables is done at vopt time.
** Warning: /tools/Xilinx/Vivado/2022.2/data/ip/xilinx/polar_v1_0/hdl/polar_v1_0_vl_rfs.sv(87): (vlog-2583) [SVCHK] - Extra checking for conflicts with always_comb and always_latch variables is done at vopt time.
** Warning: /tools/Xilinx/Vivado/2022.2/data/ip/xilinx/polar_v1_0/hdl/polar_v1_0_vl_rfs.sv(87): (vlog-2583) [SVCHK] - Extra checking for conflicts with always_comb and always_latch variables is done at vopt time.
** Warning: /tools/Xilinx/Vivado/2022.2/data/ip/xilinx/polar_v1_0/hdl/polar_v1_0_vl_rfs.sv(87): (vlog-2583) [SVCHK] - Extra checking for conflicts with always_comb and always_latch variables is done at vopt time.
** Warning: /tools/Xilinx/Vivado/2022.2/data/ip/xilinx/polar_v1_0/hdl/polar_v1_0_vl_rfs.sv(87): (vlog-2583) [SVCHK] - Extra checking for conflicts with always_comb and always_latch variables is done at vopt time.
** Warning: /tools/Xilinx/Vivado/2022.2/data/ip/xilinx/polar_v1_0/hdl/polar_v1_0_vl_rfs.sv(87): (vlog-2583) [SVCHK] - Extra checking for conflicts with always_comb and always_latch variables is done at vopt time.
** Warning: /tools/Xilinx/Vivado/2022.2/data/ip/xilinx/polar_v1_0/hdl/polar_v1_0_vl_rfs.sv(87): (vlog-2583) [SVCHK] - Extra checking for conflicts with always_comb and always_latch variables is done at vopt time.
** Warning: /tools/Xilinx/Vivado/2022.2/data/ip/xilinx/polar_v1_0/hdl/polar_v1_0_vl_rfs.sv(87): (vlog-2583) [SVCHK] - Extra checking for conflicts with always_comb and always_latch variables is done at vopt time.
** Warning: /tools/Xilinx/Vivado/2022.2/data/ip/xilinx/polar_v1_0/hdl/polar_v1_0_vl_rfs.sv(87): (vlog-2583) [SVCHK] - Extra checking for conflicts with always_comb and always_latch variables is done at vopt time.
** Warning: /tools/Xilinx/Vivado/2022.2/data/ip/xilinx/polar_v1_0/hdl/polar_v1_0_vl_rfs.sv(87): (vlog-2583) [SVCHK] - Extra checking for conflicts with always_comb and always_latch variables is done at vopt time.

Top level modules:
End time: 11:33:05 on Jul 13,2023, Elapsed time: 0:00:01
Errors: 0, Warnings: 71
