QuestaSim-64 vmap 2021.2_1 Lib Mapping Utility 2021.05 May 15 2021
vmap fifo_generator_v13_0_6 /home/binhkieudo/Workspace/XRPIX/serv/build/servant_1.2.1/nexys_a7-vivado/servant_1.2.1.cache/compile_simlib/questa/fifo_generator_v13_0_6 
Modifying modelsim.ini
QuestaSim-64 vcom 2021.2_1 Compiler 2021.05 May 15 2021
Start time: 11:29:39 on Jul 13,2023
vcom -64 -93 -work fifo_generator_v13_0_6 -f /home/binhkieudo/Workspace/XRPIX/serv/build/servant_1.2.1/nexys_a7-vivado/servant_1.2.1.cache/compile_simlib/questa/fifo_generator_v13_0_6/.cxl.vhdl.fifo_generator_v13_0_6.fifo_generator_v13_0_6.lin64.cmf 
-- Loading package STANDARD
-- Loading package TEXTIO
-- Loading package std_logic_1164
-- Loading package std_logic_arith
-- Loading package STD_LOGIC_UNSIGNED
-- Compiling entity fifo_generator_v13_0_6_bhv_as
-- Compiling architecture behavioral of fifo_generator_v13_0_6_bhv_as
-- Loading package ATTRIBUTES
-- Loading package std_logic_misc
-- Compiling entity fifo_generator_v13_0_6_bhv_ss
-- Compiling architecture behavioral of fifo_generator_v13_0_6_bhv_ss
-- Compiling entity fifo_generator_v13_0_6_bhv_preload0
-- Compiling architecture behavioral of fifo_generator_v13_0_6_bhv_preload0
-- Loading entity fifo_generator_v13_0_6_bhv_as
-- Loading entity fifo_generator_v13_0_6_bhv_ss
-- Compiling entity fifo_generator_v13_0_6_conv
-- Compiling architecture behavioral of fifo_generator_v13_0_6_conv
-- Compiling entity fifo_generator_v13_0_6_axic_reg_slice
-- Compiling architecture xilinx of fifo_generator_v13_0_6_axic_reg_slice
-- Loading entity fifo_generator_v13_0_6_conv
-- Compiling entity fifo_generator_vhdl_beh
-- Compiling architecture behavioral of fifo_generator_vhdl_beh
End time: 11:29:40 on Jul 13,2023, Elapsed time: 0:00:01
Errors: 0, Warnings: 0
