QuestaSim-64 vmap 2021.2_1 Lib Mapping Utility 2021.05 May 15 2021
vmap unisims_ver /home/binhkieudo/Workspace/XRPIX/serv/build/servant_1.2.1/nexys_a7-vivado/servant_1.2.1.cache/compile_simlib/questa/unisims_ver 
Modifying modelsim.ini
QuestaSim-64 vlog 2021.2_1 Compiler 2021.05 May 15 2021
Start time: 11:23:32 on Jul 13,2023
vlog -source -64 -work unisims_ver -f /home/binhkieudo/Workspace/XRPIX/serv/build/servant_1.2.1/nexys_a7-vivado/servant_1.2.1.cache/compile_simlib/questa/unisims_ver/.cxl.verilog.unisim.unisims_ver.lin64.cmf 
-- Compiling module HBM_MC
-- Compiling module IBUFDSE3
-- Compiling module ISERDESE1
-- Compiling module bscntrl_iserdese1_vlog
-- Compiling module ice_iserdese1_vlog
-- Compiling module JTAG_SIME2
-- Compiling module NOC2_NPS5555
-- Compiling module GTHE4_CHANNEL
-- Compiling module NOC2_XBR4X2
-- Compiling module CMAC
-- Compiling module GTPE2_CHANNEL
-- Compiling module GTYE4_CHANNEL
-- Compiling module BUFG_GT
-- Compiling module DFE_PQ_DECIM
-- Compiling module HBM_PHY_MS
-- Compiling module PHASER_REF
-- Compiling module CARRY4
-- Compiling module DSP_FP_SRCMX_OPTINV
-- Compiling module NOC_NPS_VNOC
-- Compiling module ME_NOC_M_AXI
-- Compiling module ODELAYE3
-- Compiling module PULLDOWN
-- Compiling module GTXE2_CHANNEL
-- Compiling module FRAME_ECCE2
-- Compiling module BUFG_HM
-- Compiling module IN_FIFO
-- Compiling module DSP_ALUMUX
-- Compiling module IDELAYE5
-- Compiling module DSP_SRCMX_OPTINV
-- Compiling module BUFG
-- Compiling module OBUFDS_GTE5
-- Compiling module OBUFDS_GTM
-- Compiling module DFE_DUC_DDC
-- Compiling module NOC2_NSU128
-- Compiling module NOC_NSU512
-- Compiling module IBUFDS_IBUFDISABLE_INT
-- Compiling module XADC
-- Compiling module PSX
-- Compiling module IBUF
-- Compiling module BUFH
-- Compiling module BSCANE2
-- Compiling module NOC_NPS6
-- Compiling module URAM288_BASE
-- Compiling module IOBUFDS_DIFF_OUT_INTERMDISABLE
-- Compiling module DSP_PREADD_DATA58
-- Compiling module FDPE
-- Compiling module SRLC16E
-- Compiling module RAM32X1S
-- Compiling module X5PLL_S2P
-- Compiling module LDCE
-- Compiling UDP latchsre_ldce
-- Compiling module NOC_NPS7575
-- Compiling module OSERDESE2
-- Compiling module FIFO18E2
-- Compiling module DSP_FP_ADDER
-- Compiling module LOOKAHEAD8
-- Compiling module CPM5N
-- Compiling module RAM256X1S
-- Compiling module MMCME4_ADV
-- Compiling module DSP58
-- Compiling module IOBUFDS_INTERMDISABLE_ODDR
-- Compiling module SRL16E
-- Compiling module GTYE3_CHANNEL
-- Compiling module DSP_FP_CAS_DELAY
-- Compiling module NOC2_NMU512
-- Compiling module MBUFG_HM
-- Compiling module BUFDIV_LEAF
-- Compiling module PULLUP
-- Compiling module HARD_SYNC
-- Compiling module DSP_FP_INREG
-- Compiling module PS7
-- Compiling module RAM64M
-- Compiling module NOC2_NSU512
-- Compiling module MMCME2_BASE
-- Compiling module VCU
-- Compiling module LUT5
-- Compiling module NOC2_NMU128
-- Compiling module DSP_FP_OUTPUT
-- Compiling module ODDRE1
-- Compiling module IBUFDS_DIFF_OUT_IBUFDISABLE
-- Compiling module X5PHIO_XCVR_X2
-- Compiling module MBUFG_PS
-- Compiling module RAM32X1D
-- Compiling module ME_NOC_S_AXI
-- Compiling module DSP_FPA_OPM_REG
-- Compiling module HPLL
-- Compiling module DSPFP32
-- Compiling module AIE_PL_S_EVENTS
-- Compiling module DFE_FIR
-- Compiling module IDELAYCTRL
-- Compiling module IDDRE1
-- Compiling module GTXE2_COMMON
-- Compiling module OBUFDS_GTE4
-- Compiling module IBUF_IBUFDISABLE
-- Compiling module RX_BITSLICE
-- Compiling module STARTUPE2
-- Compiling module USR_ACCESSE2
-- Compiling module DSP_CPLX_STAGE0
-- Compiling module IOBUFDS_DCIEN
-- Compiling module CPM_EXT
-- Compiling module RXTX_BITSLICE
-- Compiling module NOC_NPP_RPTR
-- Compiling module IOBUFDS
-- Compiling module RAMS64E
-- Compiling module IOBUFDS_COMP
-- Compiling module LUTCY2
-- Compiling module HBM_TWO_STACK_INTF
-- Compiling module DNA_PORT
-- Compiling module OBUFTDS
-- Compiling module GND
-- Compiling module HBM_IO_MS
-- Compiling module X5PLL_INTF
-- Compiling module MUXF9
-- Compiling module IBUFDS_GTE4
-- Compiling module RAM64M8
-- Compiling module ODELAYE5
-- Compiling module GTHE2_CHANNEL
-- Compiling module OBUFTDS_DCIEN
-- Compiling module IBUFDS_DIFF_OUT_INTERMDISABLE
-- Compiling module CPM_MAIN
-- Compiling module IBUFDS_IBUFDISABLE
-- Compiling module CFGLUT5
-- Compiling module BUFG_FABRIC
-- Compiling module OBUFDS_ODDR
-- Compiling module SYSMONE4
-- Compiling module DSP_MULTIPLIER
-- Compiling module GTYE4_COMMON
-- Compiling module IOBUFDSE3
-- Compiling module RAMD32M64
-- Compiling module RAM512X1S
-- Compiling module DSP_OUTPUT58
-- Compiling module BUFMR
-- Compiling module GTF_COMMON
-- Compiling module RAMD64E
-- Compiling module NOC_NMU_HBM2E
-- Compiling module CLOCK_MOD_CLE_FF
-- Compiling module ME_NOC_S_AXIS
-- Compiling module SIM_CONFIGE2
-- Compiling module OBUFDS_GTME5_ADV
-- Compiling module IBUFDS_DPHY
-- Compiling module HBM_ONE_STACK_INTF
-- Compiling module RAMB36E1
-- Compiling module RB36_INTERNAL_VLOG
-- Compiling module CAPTUREE2
-- Compiling module HBM_SNGLBLI_INTF_APB
-- Compiling module PLLE4_ADV
-- Compiling module IOBUF_INTERMDISABLE
-- Compiling module ICAPE2
-- Compiling module OBUFDS_GTE3_ADV
-- Compiling module ILKNF
-- Compiling module CPM5
-- Compiling module ME_PL_S_EVENTS
-- Compiling module CLOCK_MOD_CLE_IMR
-- Compiling module DSP_FPM_PIPEREG
-- Compiling module RAMS64E1
-- Compiling module X5PHIO_DCCINVBUF
-- Compiling module DSP48E5
-- Compiling module DSP_MULTIPLIER58
-- Compiling module OSERDES
-- Compiling module CLOCK_MOD_IRI_FF
-- Compiling module AIE_NOC_M_AXI
-- Compiling module BUFGCE_DIV
-- Compiling module DSP_A_B_DATA58
-- Compiling module LUT6CY
-- Compiling module IBUFE3
-- Compiling module IMI_FF
-- Compiling module AIE_PL_M_AXIS128
-- Compiling module DNA_PORTE2
-- Compiling module MBUFG_GT
-- Compiling module PHASER_OUT_PHY
-- Compiling module IOBUFDS_INTERMDISABLE
-- Compiling module DFE_MATRIX_FIR
-- Compiling module IBUFDS_GTE2
-- Compiling module AIE_NOC_S_AXIS
-- Compiling module MMCME3_ADV
-- Compiling module PLLE3_BASE
-- Compiling module XPLL
-- Compiling module NPI_NIR
-- Compiling module RAM128X1S
-- Compiling module DSP_FP_INMUX
-- Compiling module LDPE
-- Compiling UDP latchsre_ldpe
-- Compiling module RAMB18E2
-- Compiling module SRLC32E
-- Compiling module ILKN
-- Compiling module DSP_A_B_DATA
-- Compiling module RIU_OR
-- Compiling module DFE_NL_FIR
-- Compiling module FIFO36E2
-- Compiling module ODDR
-- Compiling module OUT_FIFO
-- Compiling module MMCME4_BASE
-- Compiling module DDRMC
-- Compiling module IDELAYE2
-- Compiling module MBUFGCE
-- Compiling module URAM288
-- Compiling module RAMB36E5
-- Compiling module BUFG_GT_SYNC
-- Compiling module DCM_ADV
-- Compiling module dcm_adv_clock_divide_by_2
-- Compiling module dcm_adv_maximum_period_check
-- Compiling module dcm_adv_clock_lost
-- Compiling module OBUFDS_GTM_ADV
-- Compiling module IBUFDS_GTE5
-- Compiling module AIE_PL_S_AXIS32
-- Compiling module MMCME5
-- Compiling module DSP_CAS_DELAY
-- Compiling module IDDR_2CLK
-- Compiling module INV
-- Compiling module OBUFT_ODDR
-- Compiling module HARD_INV
-- Compiling module GTHE4_COMMON
-- Compiling module ODELAYE2
-- Compiling module PCIE_3_0
-- Compiling module OBUFDS_GTE4_ADV
-- Compiling module IBUFDS
-- Compiling module ICAPE3
-- Compiling module IBUFDS_GTM
-- Compiling module NOC_NMU128
-- Compiling module OBUFT_DCIEN
-- Compiling module DSP_FPA_CREG
-- Compiling module FDRE
-- Compiling module ME_NOC_M_AXIS
-- Compiling module CLOCK_MOD_IRI_IMR
-- Compiling module DSP_ALU
-- Compiling module GTHE3_COMMON
-- Compiling module AIE_PL_M_AXIS32
-- Compiling module DSP58C
-- Compiling module ISERDES
-- Compiling module DSP48E2
-- Compiling module RAM256X1D
-- Compiling module X5PHIO_CMUIF
-- Compiling module ILKNE4
-- Compiling module DSP_CPLX_STAGE1
-- Compiling module DSP_ALUADD
-- Compiling module RAM64X8SW
-- Compiling module DSP48E1
-- Compiling module RAMS32
-- Compiling module OBUFT
-- Compiling module DSP_ALUREG
-- Compiling module IBUFCTRL
-- Compiling module DFE_PQ_INTERP
-- Compiling module CPM
-- Compiling module OBUFTDS_ODDR
-- Compiling module NOC_NMU512
-- Compiling module IOBUFDS_DIFF_OUT_DCIEN
-- Compiling module PHASER_IN
-- Compiling module RAM64X1S
-- Compiling module LUT1
-- Compiling UDP x_lut1_mux2
-- Compiling module AIE_NOC_S_AXI
-- Compiling module RAMB18E1
-- Compiling module RB18_INTERNAL_VLOG
-- Compiling module OBUFDS
-- Compiling module BUFMRCE
-- Compiling module NOC2_NPS7575
-- Compiling module DSP_C_DATA58
-- Compiling module PCIE40E4
-- Compiling module ZHOLD_DELAY
-- Compiling module BUFCE_LEAF
-- Compiling module FIFO18E1
-- Compiling module FF18_INTERNAL_VLOG
-- Compiling module NOC2_XBR2X4
-- Compiling module IDELAYE2_FINEDELAY
-- Compiling module RAMD32
-- Compiling module OBUFDS_COMP
-- Compiling module RAM64X1D
-- Compiling module IOBUF_ODDR
-- Compiling module DIFFINBUF
-- Compiling module DFE_PRACH
-- Compiling module AUTOBUF
-- Compiling module EFUSE_USR
-- Compiling module RAMB18E5
-- Compiling module VCC
-- Compiling module GTHE2_COMMON
-- Compiling module AIE_NOC_M_AXIS
-- Compiling module BUFCE_ROW
-- Compiling module PVT_SAS
-- Compiling module PLLE3_ADV
-- Compiling module RAM32X16DR8
-- Compiling module TX_BITSLICE
-- Compiling module ME_PL_M_AXIS64
-- Compiling module NOC_NMU256
-- Compiling module DSP_PREADD_DATA
-- Compiling module BUFG_PS
-- Compiling module GTYE5_QUAD
-- Compiling module IOBUFDS_DIFF_OUT_INTERMDISABLE_ODDR
-- Compiling module LUT2
-- Compiling UDP x_lut2_mux4
-- Compiling module HBM_IO_CHNL
-- Compiling module RAMD64E5
-- Compiling module BUFGCTRL
-- Compiling module NOC2_NSU256
-- Compiling module OBUFDS_DPHY
-- Compiling module NOC_NCRB
-- Compiling module X5PLL
-- Compiling module IBUFDS_INTERMDISABLE
-- Compiling module ME_PL_M_EVENTS
-- Compiling module FRAME_ECCE3
-- Compiling module LUT4
-- Compiling module BUFR
-- Compiling module FDCE
-- Compiling module IDDR
-- Compiling module HBM_REF_CLK
-- Compiling module BUFGCE
-- Compiling module BUF
-- Compiling module ISERDESE3
-- Compiling module PHASER_IN_PHY
-- Compiling module GTYP_QUAD
-- Compiling module DCIRESET
-- Compiling module OSERDESE3
-- Compiling module NOC_NIDB
-- Compiling module SYSMONE1
-- Compiling module OBUF
-- Compiling module CMPHY_OCTAD
-- Compiling module SIM_CONFIGE3
-- Compiling module OBUFDS_GTE3
-- Compiling module NOC2_NMU256
-- Compiling module PCIE4CE4
-- Compiling module DSP_FPM_STAGE0
-- Compiling module ME_PL_S_AXIS128
-- Compiling module IBUFDS_GTE3
-- Compiling module IOBUFDS_DIFF_OUT_ODDR
-- Compiling module FDSE
-- Compiling module OSERDESE1
-- Compiling module selfheal_oserdese1_vlog
-- Compiling module plg_oserdese1_vlog
-- Compiling module rank12d_oserdese1_vlog
-- Compiling module trif_oserdese1_vlog
-- Compiling module txbuffer_oserdese1_vlog
-- Compiling module fifo_tdpipe_oserdese1_vlog
-- Compiling module fifo_reset_oserdese1_vlog
-- Compiling module fifo_addr_oserdese1_vlog
-- Compiling module iodlyctrl_npre_oserdese1_vlog
-- Compiling module dout_oserdese1_vlog
-- Compiling module tout_oserdese1_vlog
-- Compiling module HPIO_VREF
-- Compiling module BUFGP
-- Compiling module ME_PL_M_AXIS32
-- Compiling module OBUF_ODDR
-- Compiling module IOBUFDS_DIFF_OUT
-- Compiling module RAM32M
-- Compiling module HNICPIPE_QUAD
-- Compiling module GTF_CHANNEL
-- Compiling module DSP_M_DATA58
-- Compiling module IOBUF
-- Compiling module RAM128X1D
-- Compiling module PHY_CONTROL
-- Compiling module DCMAC
-- Compiling module DDRMC_RIU
-- Compiling module IBUFDS_INTERMDISABLE_INT
-- Compiling module IMC_FF
-- Compiling module OBUFDS_GTME5
-- Compiling module NOC_NPS5555
-- Compiling module DPLL
-- Compiling module HBM_PHY_CHNL
-- Compiling module PLLE2_BASE
-- Compiling module LUT6
-- Compiling module PLLE2_ADV
-- Compiling module IOBUF_ANALOG
-- Compiling module DPHY_DIFFINBUF
-- Compiling module DSPCPLX
-- Compiling module DSP_C_DATA
-- Compiling module XORCY
-- Compiling module PCIE_2_1
-- Compiling module MBUFGCE_DIV
-- Compiling module INBUF
-- Compiling module IBUF_ANALOG
-- Compiling module AND2B1L
-- Compiling module PS9
-- Compiling module XPIPE_QUAD
-- Compiling module ME_PL_S_AXIS64
-- Compiling module HBM_SNGLBLI_INTF_AXI
-- Compiling module MASTER_JTAG
-- Compiling module NOC_NPS4
-- Compiling module TX_BITSLICE_TRI
-- Compiling module DFE_FFT
-- Compiling module OBUFTDS_COMP
-- Compiling module ME_PL_M_AXIS128
-- Compiling module MBUFGCTRL
-- Compiling module OBUFDS_GTE5_ADV
-- Compiling module PHASER_OUT
-- Compiling module FIFO36E1
-- Compiling module FF36_INTERNAL_VLOG
-- Compiling module ISERDESE2
-- Compiling module KEEPER
-- Compiling module DCM_SP
-- Compiling module dcm_sp_clock_divide_by_2
-- Compiling module dcm_sp_maximum_period_check
-- Compiling module dcm_sp_clock_lost
-- Compiling module PCIE40E5
-- Compiling module DSP_PREADD58
-- Compiling module MRMAC
-- Compiling module IOBUFDS_ODDR
-- Compiling module PS8
-- Compiling module GTPE2_COMMON
-- Compiling module CARRY8
-- Compiling module FE
-- Compiling module IBUFDS_GTME5
-- Compiling module IOBUF_DCIEN
-- Compiling module MUXCY
-- Compiling module BUFIO
-- Compiling module NOC_NSU128
-- Compiling module RAMS64E5
-- Compiling module MMCME2_ADV
-- Compiling module GTYE3_COMMON
-- Compiling module ME_PL_S_AXIS32
-- Compiling module MUXF7
-- Compiling module XPHY
-- Compiling module IDELAYE3
-- Compiling module AIE_PL_M_EVENTS
-- Compiling module BIBUF
-- Compiling module DSP_PREADD
-- Compiling module PCIE50E5
-- Compiling module MMCME3_BASE
-- Compiling module MUXF8
-- Compiling module AIE_PL_S_AXIS64
-- Compiling module IBUFDS_DIFF_OUT
-- Compiling module IBUF_INTERMDISABLE
-- Compiling module OR2L
-- Compiling module LUTCY1
-- Compiling module GTHE3_CHANNEL
-- Compiling module BITSLICE_CONTROL
-- Compiling module STARTUPE3
-- Compiling module BUFHCE
-- Compiling module RAM32M16
-- Compiling module OBUFDS_DPHY_COMP
-- Compiling module XPIO_VREF
-- Compiling module DDRMC5
-- Compiling module RAMB36E5_INT
-- Compiling module DFE_CFR
-- Compiling module AIE_PL_M_AXIS64
-- Compiling module LUT6_2
-- Compiling module PLLE4_BASE
-- Compiling module ODELAYE2_FINEDELAY
-- Compiling module CMACE4
-- Compiling module RAMB18E5_INT
-- Compiling module LUT3
-- Compiling UDP x_lut3_mux8
-- Compiling module FRAME_ECCE4
-- Compiling module HNICX
-- Compiling module DSP_FPM_STAGE1
-- Compiling module IOBUFE3
-- Compiling module AIE_PL_S_AXIS128
-- Compiling module DSP_OUTPUT
-- Compiling module ISERDES_NODELAY
-- Compiling module X5PHIO_CMU_X32
-- Compiling module DSP_M_DATA
-- Compiling module PCIE_3_1
-- Compiling module LCLK_DELAY
-- Compiling module RAMB36E2
-- Compiling module DSP_PATDET
-- Compiling module IOBUF_F_12
-- Compiling module OBUFT_LVCMOS18_S_2
-- Compiling module OBUFT_HSTL_IV_DCI
-- Compiling module IOBUF_LVTTL_S_8
-- Compiling module RAM64X1D_1
-- Compiling module RAMB16
-- Compiling module NOR4B2
-- Compiling module IBUF_HSTL_II_DCI_18
-- Compiling module OBUF_HSTL_I_DCI
-- Compiling module OBUF_SSTL3_I
-- Compiling module OBUF_LVCMOS12_F_8
-- Compiling module IBUFDS_LVPECL_25
-- Compiling module ICAP_VIRTEX6
-- Compiling module OBUFT_SSTL3_I_DCI
-- Compiling module RAM16X4S
-- Compiling module NAND3B1
-- Compiling module OBUF_LVCMOS33_F_24
-- Compiling module IOBUF_LVTTL_S_12
-- Compiling module IOBUF_F_2
-- Compiling module OBUF_LVCMOS33_F_16
-- Compiling module OBUFT_LVDCI_25
-- Compiling module IOBUF_LVCMOS18
-- Compiling module IOBUF_LVCMOS33_F_2
-- Compiling module IBUFG_GTLP
-- Compiling module RAMB16BWE_S18_S18
-- Compiling module OBUFT_LVCMOS18_S_6
-- Compiling module OBUF_SSTL18_II
-- Compiling module SRL16
-- Compiling module RAM32X8S
-- Compiling module OBUFT_PCI33_5
-- Compiling module FDC_1
-- Compiling module OBUFTDS_LVDSEXT_33
-- Compiling module OBUFT_LVCMOS18_F_4
-- Compiling module OBUFTDS_ULVDS_25
-- Compiling module IOBUF_LVCMOS12_F_8
-- Compiling module ICAP_SPARTAN3A
-- Compiling module OBUFT_SSTL3_II
-- Compiling module IBUF_GTL
-- Compiling module OBUFT_HSTL_III_DCI
-- Compiling module RAM32X1D_1
-- Compiling module BUFGMUX_1
-- Compiling module OBUFT_LVCMOS25_S_24
-- Compiling module OBUF_LVCMOS18_S_2
-- Compiling module NOR3B3
-- Compiling module XOR5
-- Compiling module OBUFDS_LVPECL_25
-- Compiling module BUFGMUX
-- Compiling module OBUFTDS_LVPECL_25
-- Compiling module OBUFT_HSTL_II_18
-- Compiling module OBUFT_S_6
-- Compiling module OBUF_LVTTL_S_2
-- Compiling module OBUF_LVDCI_18
-- Compiling module IBUF_CTT
-- Compiling module IOBUF_LVDCI_DV2_18
-- Compiling module RAMB16_S2_S36
-- Compiling module MUXF8_D
-- Compiling module IOBUF_LVCMOS18_F_6
-- Compiling module MULT18X18S
-- Compiling module IBUFG_HSTL_II_DCI
-- Compiling module IOBUF_LVDCI_18
-- Compiling module IOBUF_LVCMOS12_F_6
-- Compiling module OBUFDS_LDT_25
-- Compiling module IBUFG_SSTL3_I
-- Compiling module IOBUF_GTLP
-- Compiling module IOBUF_LVCMOS2
-- Compiling module NAND4B3
-- Compiling module OBUFT_LVCMOS25_F_24
-- Compiling module AND3
-- Compiling module SRL16E_1
-- Compiling module GTXE1
-- Compiling module NOR3B2
-- Compiling module OBUFT_S_16
-- Compiling module OBUFT_LVCMOS15_S_12
-- Compiling module NOR5B5
-- Compiling module IOBUF_HSTL_II_DCI
-- Compiling module IOBUF_LVCMOS33_F_24
-- Compiling module IOBUF_LVTTL_F_24
-- Compiling module XORCY_L
-- Compiling module MUXF5
-- Compiling module IOBUF_LVCMOS12_F_2
-- Compiling module IOBUF_AGP
-- Compiling module OBUF_SSTL3_I_DCI
-- Compiling module OBUF_LVCMOS33_S_8
-- Compiling module AND5B3
-- Compiling module LDE_1
-- Compiling module RAMB16_S4_S18
-- Compiling module IBUF_LVDCI_DV2_33
-- Compiling module FDR
-- Compiling module OBUF_LVTTL_S_4
-- Compiling module OBUF_LVDCI_25
-- Compiling module IBUF_LVCMOS18
-- Compiling module FD_1
-- Compiling module OBUFTDS_LVDS_33
-- Compiling module IOBUF_LVCMOS25_S_2
-- Compiling module OBUF_LVCMOS12_S_8
-- Compiling module OBUF_LVCMOS12_F_6
-- Compiling module OR5B3
-- Compiling module OBUF_LVCMOS25_F_2
-- Compiling module OBUFT_LVCMOS33_F_6
-- Compiling module NAND3B2
-- Compiling module IOBUF_LVCMOS12_S_8
-- Compiling module IOBUF_LVCMOS15_F_4
-- Compiling module IOBUF_GTL
-- Compiling module SRLC16_1
-- Compiling module IBUFG_HSTL_IV_DCI
-- Compiling module IOBUF_HSTL_II_DCI_18
-- Compiling module OBUF_HSTL_II_DCI_18
-- Compiling module BSCAN_VIRTEX6
-- Compiling module RAMB16_S18_S36
-- Compiling module IBUF_LVCMOS15
-- Compiling module IOBUF_LVDCI_DV2_25
-- Compiling module OBUF_S_4
-- Compiling module RAMB16_S18
-- Compiling module RAMB16BWE_S18
-- Compiling module IOBUF_LVTTL_F_16
-- Compiling module XNOR2
-- Compiling module LUT4_D
-- Compiling module OR2B1
-- Compiling module OBUF_GTLP
-- Compiling module OBUFT_LVCMOS33_F_16
-- Compiling module OBUFT_LVCMOS15_F_4
-- Compiling module IOBUF_LVCMOS33_S_6
-- Compiling module FDPE_1
-- Compiling module IBUFG_SSTL3_I_DCI
-- Compiling module OBUF_LVCMOS33_S_12
-- Compiling module IBUFG_LVTTL
-- Compiling module IBUFG_HSTL_III_DCI_18
-- Compiling module OBUF_S_8
-- Compiling module RAMB16_S2
-- Compiling module NOR5B2
-- Compiling module OBUFT_LVTTL_F_16
-- Compiling module RAMB16_S1_S4
-- Compiling module OBUF_LVPECL
-- Compiling module IBUFG_LVCMOS18
-- Compiling module IOBUF_LVCMOS33_F_8
-- Compiling module OBUFDS_LVDSEXT_33
-- Compiling module OBUF_LVCMOS15_F_6
-- Compiling module OBUF_LVCMOS33_F_4
-- Compiling module OBUF_LVCMOS18_F_12
-- Compiling module OBUFT_HSTL_I_DCI
-- Compiling module IOBUF_SSTL18_II_DCI
-- Compiling module OBUFT_F_16
-- Compiling module STARTUP_SPARTAN3
-- Compiling module OBUFT_PCI66_3
-- Compiling module RAM16X1S_1
-- Compiling module OBUFT_LVCMOS33_F_8
-- Compiling module IOBUF_GTLP_DCI
-- Compiling module OBUF_LVCMOS25_F_24
-- Compiling module OBUFT_LVCMOS25_F_2
-- Compiling module RAM16X1S
-- Compiling module OBUFT_LVCMOS12_F_4
-- Compiling module FDRE_1
-- Compiling module OBUFT_LVCMOS2
-- Compiling module OBUFT_LVCMOS18_S_12
-- Compiling module OBUFT_LVTTL_S_16
-- Compiling module IBUFG_LVPECL
-- Compiling module IBUFGDS_LVDS_33_DCI
-- Compiling module IBUF_SSTL18_I_DCI
-- Compiling module IBUFG_HSTL_IV_18
-- Compiling module OBUF_LVCMOS15_S_4
-- Compiling module OBUFT_GTL
-- Compiling module LDCE_1
-- Compiling module OBUF_PCI33_3
-- Compiling module OBUFT_HSTL_II_DCI
-- Compiling module IBUFG_LVCMOS12
-- Compiling module OBUF_LVTTL_S_16
-- Compiling module IOBUF_LVCMOS25_F_2
-- Compiling module FDRS_1
-- Compiling module IOBUF_LVCMOS25_F_6
-- Compiling module IBUFGDS_LVDSEXT_25
-- Compiling module OBUF_F_6
-- Compiling module OBUF_PCI33_5
-- Compiling module NOR2B2
-- Compiling module OBUFDS_LVDS_25
-- Compiling module IOBUF_LVCMOS33_S_12
-- Compiling module MUXF8_L
-- Compiling module IOBUF_HSTL_IV_18
-- Compiling module IOBUF_PCIX66_3
-- Compiling module RAM128X1S_1
-- Compiling module IOBUF_LVCMOS12_S_6
-- Compiling module CAPTURE_VIRTEX4
-- Compiling module MUXCY_D
-- Compiling module IBUF_HSTL_IV
-- Compiling module OBUF_HSTL_IV_DCI_18
-- Compiling module OBUF_LVCMOS18_F_6
-- Compiling module LUT3_D
-- Compiling module IBUFG_PCIX66_3
-- Compiling module MUXCY_L
-- Compiling module OBUFT_LVCMOS12_S_8
-- Compiling module OBUFT_LVCMOS15_S_2
-- Compiling module USR_ACCESS_VIRTEX6
-- Compiling module RAM64X2S
-- Compiling module IBUF_HSTL_III_18
-- Compiling module OBUFT_LVCMOS25_F_4
-- Compiling module CLKDLL
-- Compiling module OR5B1
-- Compiling module RAM32X2S
-- Compiling module MUXF6
-- Compiling module OBUFT_SSTL18_II_DCI
-- Compiling module IOBUF_LVCMOS25_S_12
-- Compiling module IBUF_LVDS
-- Compiling module IOBUF_LVCMOS25_S_4
-- Compiling module OBUF_LVCMOS33_S_24
-- Compiling module OBUFT_HSTL_I
-- Compiling module IBUF_LVDCI_18
-- Compiling module IBUFDS_LDT_25
-- Compiling module OBUF_LVCMOS25_S_12
-- Compiling module OBUFT_LVCMOS12_S_6
-- Compiling module IBUF_LVCMOS33
-- Compiling module OBUFT_LVCMOS25_S_2
-- Compiling module IOBUF_LVDCI_DV2_33
-- Compiling module IOBUF_LVCMOS18_F_16
-- Compiling module OBUF_F_4
-- Compiling module OBUFT_GTLP_DCI
-- Compiling module IDELAY
-- Compiling module DCM_PS
-- Compiling module OBUF_SSTL2_I_DCI
-- Compiling module NOR3B1
-- Compiling module AND2B2
-- Compiling module OBUFT_S_24
-- Compiling module OBUF_HSTL_III_18
-- Compiling module OR4B4
-- Compiling module IOBUF_LVCMOS15
-- Compiling module OBUF_LVCMOS18_F_2
-- Compiling module IBUFG_HSTL_II_18
-- Compiling module FDS
-- Compiling module IBUF_HSTL_II_18
-- Compiling module OBUF_LVCMOS25_F_6
-- Compiling module IBUF_LVDCI_33
-- Compiling module BUFG_LB
-- Compiling module OBUF_LVCMOS25_S_16
-- Compiling module OBUF_HSTL_III_DCI_18
-- Compiling module OR5B2
-- Compiling module IOBUF_LVDCI_DV2_15
-- Compiling module IBUF_LVTTL
-- Compiling module OBUF_LVCMOS25_S_6
-- Compiling module LDP
-- Compiling module OBUFT_S_4
-- Compiling module USR_ACCESS_VIRTEX4
-- Compiling module IOBUF_LVCMOS33_F_4
-- Compiling module OBUFT_LVTTL_F_8
-- Compiling module OBUFT_LVCMOS33_S_12
-- Compiling module OBUF_HSTL_II_DCI
-- Compiling module IOBUF_SSTL18_II
-- Compiling module OBUF_SSTL18_I
-- Compiling module NAND2B2
-- Compiling module FDR_1
-- Compiling module IODELAY2
-- Compiling module RAMB16_S1
-- Compiling module IOBUF_HSTL_III
-- Compiling module IBUFG_LVDCI_DV2_15
-- Compiling module OBUFT_HSTL_III_DCI_18
-- Compiling module IOBUF_LVCMOS15_F_6
-- Compiling module IBUF_GTLP_DCI
-- Compiling module IBUFG_LVDCI_25
-- Compiling module BSCAN_VIRTEX5
-- Compiling module IBUFGDS_LVDS_33
-- Compiling module OBUFT_LVTTL_S_4
-- Compiling module RAMB36
-- Compiling module IBUFG_LVDCI_DV2_25
-- Compiling module OBUFT_SSTL2_I_DCI
-- Compiling module IOBUF_LVCMOS18_F_4
-- Compiling module FDCP
-- Compiling module OBUFT_LVCMOS18_F_8
-- Compiling module BSCAN_VIRTEX4
-- Compiling module OBUFT_LVTTL_F_6
-- Compiling module USR_ACCESS_VIRTEX5
-- Compiling module RAMB16_S36_S36
-- Compiling module OBUFT_HSTL_III
-- Compiling module RAM32X1S_1
-- Compiling module LUT2_D
-- Compiling module LDC_1
-- Compiling module OR3
-- Compiling module IBUF_SSTL2_II
-- Compiling module IBUFG_LVCMOS15
-- Compiling module STARTUP_VIRTEX6
-- Compiling module OBUFT_S_2
-- Compiling module XOR2
-- Compiling module IBUFG_HSTL_I_18
-- Compiling module NAND4B2
-- Compiling module IBUF_SSTL3_I_DCI
-- Compiling module IBUFDS_ULVDS_25
-- Compiling module IDDR2
-- Compiling module IOBUF_LVCMOS18_F_2
-- Compiling module OBUF_LVCMOS18_F_16
-- Compiling module IBUF_LVCMOS25
-- Compiling module IBUFG_HSTL_I
-- Compiling module OR3B3
-- Compiling module IBUF_LVCMOS2
-- Compiling module IOBUF_HSTL_III_18
-- Compiling module OBUFT_F_8
-- Compiling module OBUF_SSTL2_II
-- Compiling module OBUF_LVCMOS25_S_24
-- Compiling module OBUFT_SSTL18_I
-- Compiling module OBUF_LVCMOS15_S_12
-- Compiling module BUFIO2
-- Compiling module STARTUP_SPARTAN3A
-- Compiling module IOBUF_LVCMOS18_S_2
-- Compiling module IBUFGDS_LVDSEXT_33
-- Compiling module OBUFT_LVDCI_15
-- Compiling module LDP_1
-- Compiling module RAMB16_S4_S36
-- Compiling module OBUFT_LVCMOS18_F_16
-- Compiling module OBUF_LVCMOS2
-- Compiling module CAPTURE_VIRTEX6
-- Compiling module IBUFG_SSTL2_I_DCI
-- Compiling module OBUF_LVCMOS33
-- Compiling module IBUF_LVDCI_DV2_25
-- Compiling module IOBUF_LVDS
-- Compiling module SRLC16
-- Compiling module CLKDLLHF
-- Compiling module IOBUF_HSTL_I
-- Compiling module XOR4
-- Compiling module IBUFGDS_BLVDS_25
-- Compiling module LDCPE
-- Compiling module IBUFGDS_ULVDS_25
-- Compiling module IBUFG_SSTL2_II_DCI
-- Compiling module IOBUF_LVCMOS18_F_8
-- Compiling module IBUFG_HSTL_III_DCI
-- Compiling module OBUF_LVDCI_DV2_18
-- Compiling module IBUFG_SSTL3_II_DCI
-- Compiling module IBUFG_LVDS
-- Compiling module OBUF_LVCMOS33_F_8
-- Compiling module GTPA1_DUAL
-- Compiling module OBUFT_LVCMOS25_S_6
-- Compiling module OBUF_LVCMOS18_F_4
-- Compiling module OBUFTDS_LVDS_25
-- Compiling module STARTUP_VIRTEX4
-- Compiling module LDCP_1
-- Compiling module MULT_AND
-- Compiling module OBUFT_LVCMOS12_F_6
-- Compiling module OBUFT_LVCMOS15_F_16
-- Compiling module OBUF_LVCMOS18_S_4
-- Compiling module IBUFDS_LVDSEXT_33
-- Compiling module FDRSE
-- Compiling module IBUFG_GTL
-- Compiling module RAMB16BWE_S36_S36
-- Compiling module LUT4_L
-- Compiling module RAMB16_S2_S4
-- Compiling module IBUF_SSTL2_II_DCI
-- Compiling module OBUFT_LVTTL_F_12
-- Compiling module FIFO18_36
-- Compiling module OBUF_LVCMOS25
-- Compiling module IBUFG_LVCMOS33
-- Compiling module IBUFGDS_LVDS_25
-- Compiling module OBUF_LVCMOS15_S_16
-- Compiling module IBUFG_SSTL18_II_DCI
-- Compiling module MULT18X18
-- Compiling module OBUF_LVCMOS15_S_8
-- Compiling module OBUFT_LVCMOS25_F_12
-- Compiling module IBUFG_PCI33_5
-- Compiling module IBUFGDS_LDT_25
-- Compiling module NAND4
-- Compiling module XOR3
-- Compiling module IOBUF_F_16
-- Compiling module OBUFT_LVCMOS18_F_12
-- Compiling module SRL32E
-- Compiling module AND2B1
-- Compiling module NAND3
-- Compiling module IBUFG_LVDCI_15
-- Compiling module IOBUF_LVCMOS25_S_6
-- Compiling module OBUF_LVCMOS12_F_4
-- Compiling module IOBUF_LVDCI_33
-- Compiling module OBUF_LVCMOS25_S_4
-- Compiling module OBUFT_LVCMOS33_S_2
-- Compiling module OBUF_LVCMOS15
-- Compiling module AND5
-- Compiling module IBUF_SSTL2_I
-- Compiling module LUT5_D
-- Compiling module DSP48A
-- Compiling module OBUFDS_ULVDS_25
-- Compiling module IOBUF_LVCMOS18_S_12
-- Compiling module IOBUF_SSTL2_II
-- Compiling module OBUF_LVDCI_33
-- Compiling module IOBUF_HSTL_IV_DCI_18
-- Compiling module AND4B4
-- Compiling module OBUFT_F_12
-- Compiling module IOBUF_HSTL_IV
-- Compiling module IBUFG_PCIX
-- Compiling module IOBUF_S_2
-- Compiling module OBUFT_S_8
-- Compiling module IBUFG_LVCMOS2
-- Compiling module IOBUF_LVCMOS33
-- Compiling module OBUFT_LVCMOS33_S_24
-- Compiling module AND5B5
-- Compiling module IBUF_HSTL_III
-- Compiling module OBUF_SSTL2_II_DCI
-- Compiling module NOR5
-- Compiling module OBUF_LVCMOS18_F_8
-- Compiling module MUXF6_L
-- Compiling module IOBUF_LVCMOS15_S_12
-- Compiling module FDE_1
-- Compiling module IBUFG_AGP
-- Compiling module OBUFT_LVCMOS18_S_8
-- Compiling module OR3B2
-- Compiling module OBUF_SSTL18_I_DCI
-- Compiling module IOBUF_SSTL3_II_DCI
-- Compiling module OBUFT_LVDCI_DV2_25
-- Compiling module IBUF_SSTL18_II
-- Compiling module IOBUF_LVCMOS33_F_16
-- Compiling module RAM32X4S
-- Compiling module OBUFT_LVCMOS15
-- Compiling module ICAP_VIRTEX5
-- Compiling module IODELAYE1
-- Compiling module OBUF_SSTL3_II
-- Compiling module IBUF_GTL_DCI
-- Compiling module OBUFT_LVDCI_DV2_15
-- Compiling module RAMB18SDP
-- Compiling module RAMB16_S9
-- Compiling module OBUF_GTL_DCI
-- Compiling module OBUFT_LVCMOS25_S_4
-- Compiling module MUXF7_D
-- Compiling module AND2
-- Compiling module OBUFTDS_LDT_25
-- Compiling module RAMB16_S1_S18
-- Compiling module IOBUF_LVCMOS12_S_2
-- Compiling module BUFGCE_1
-- Compiling module FDRSE_1
-- Compiling module IBUFG_SSTL18_I
-- Compiling module OBUFT_SSTL2_II_DCI
-- Compiling module OBUFT_LVCMOS15_F_8
-- Compiling module OBUFT_LVCMOS15_F_2
-- Compiling module IOBUF_LVCMOS18_F_12
-- Compiling module OBUFT_LVCMOS25_S_8
-- Compiling module FDCPE
-- Compiling module OBUFT_LVCMOS15_F_12
-- Compiling module OBUFT_LVCMOS33_S_16
-- Compiling module AND5B1
-- Compiling module IOBUF_LVTTL_S_24
-- Compiling module OBUFT_LVTTL_S_12
-- Compiling module LUT6_L
-- Compiling module IOBUF_S_6
-- Compiling module KEY_CLEAR
-- Compiling module AMS_DAC
-- Compiling module OBUF_LVCMOS33_F_2
-- Compiling module OBUF_AGP
-- Compiling module FRAME_ECC_VIRTEX6
-- Compiling module PLL_ADV
-- Compiling module ICAP_SPARTAN6
-- Compiling module RAMB16BWER
-- Compiling module IBUFDS_LVDSEXT_33_DCI
-- Compiling module IBUF_HSTL_I_DCI_18
-- Compiling module RAMB16_S2_S9
-- Compiling module AND5B4
-- Compiling module LDCP
-- Compiling module ROM32X1
-- Compiling module OBUF_HSTL_II
-- Compiling module OBUF_LVCMOS12_S_4
-- Compiling module OBUFT_LVDCI_DV2_18
-- Compiling module NOR4B4
-- Compiling module IBUF_PCIX66_3
-- Compiling module OBUFT_HSTL_I_DCI_18
-- Compiling module OBUFT_LVCMOS18_S_4
-- Compiling module OBUF_HSTL_IV
-- Compiling module OBUF_CTT
-- Compiling module ICAP_VIRTEX4
-- Compiling module OBUFT_LVPECL
-- Compiling module IOBUF_F_24
-- Compiling module FDCP_1
-- Compiling module OBUFT_LVCMOS33_F_24
-- Compiling module IOBUF_LVCMOS25_F_8
-- Compiling module IBUFG_SSTL2_II
-- Compiling module IBUF_HSTL_IV_DCI_18
-- Compiling module RAM64X1S_1
-- Compiling module SYSMON
-- Compiling module OBUF_LVDCI_DV2_33
-- Compiling module OBUF_HSTL_IV_18
-- Compiling module OBUFT_LVTTL_S_8
-- Compiling module OBUFT_LVCMOS33_S_6
-- Compiling module BSCAN_SPARTAN6
-- Compiling module IOBUF_LVCMOS25_F_24
-- Compiling module IOBUF_LVCMOS33_S_4
-- Compiling module OBUF_LVDCI_15
-- Compiling module OBUF_PCIX
-- Compiling module LUT5_L
-- Compiling module IBUF_HSTL_II_DCI
-- Compiling module RAMB16_S1_S9
-- Compiling module CAPTURE_SPARTAN3A
-- Compiling module IOBUF_LVCMOS25_F_16
-- Compiling module IOBUF_F_6
-- Compiling module IBUF_LVPECL
-- Compiling module IOBUF_LVCMOS25_F_12
-- Compiling module SRLC16E_1
-- Compiling module OBUFT_SSTL18_II
-- Compiling module DCM_BASE
-- Compiling module IOBUF_LVCMOS33_S_2
-- Compiling module IBUFG_HSTL_IV
-- Compiling module AND4B2
-- Compiling module OBUFT_AGP
-- Compiling module IBUF_HSTL_I_18
-- Compiling module OBUFDS_LVPECL_33
-- Compiling module OBUF_LVCMOS33_S_6
-- Compiling module OBUF_S_12
-- Compiling module LUT2_L
-- Compiling module IOBUF_HSTL_IV_DCI
-- Compiling module OR4B2
-- Compiling module IOBUF_LVTTL_F_6
-- Compiling module RAMB16BWE_S36
-- Compiling module RAMB16_S1_S36
-- Compiling module IBUFG_LVCMOS25
-- Compiling module BSCAN_SPARTAN3A
-- Compiling module OBUF_HSTL_III_DCI
-- Compiling module IOBUF_S_24
-- Compiling module RAMB16_S4
-- Compiling module IBUFG_GTL_DCI
-- Compiling module MMCM_ADV
-- Compiling module IBUF_HSTL_IV_DCI
-- Compiling module OBUFT_HSTL_II
-- Compiling module XNOR3
-- Compiling module IOBUF_SSTL2_I
-- Compiling module OBUFT_LVTTL
-- Compiling module OBUF_LVCMOS25_S_8
-- Compiling module RAMB16_S1_S2
-- Compiling module LD
-- Compiling module IBUFG_SSTL18_I_DCI
-- Compiling module OBUF_S_16
-- Compiling module IBUF_PCI33_5
-- Compiling module LD_1
-- Compiling module OBUF_LVTTL_F_6
-- Compiling module OBUF_LVTTL_F_12
-- Compiling module IOBUF_HSTL_I_18
-- Compiling module OR5
-- Compiling module FDS_1
-- Compiling module RAMB16_S4_S9
-- Compiling module IOBUF_HSTL_II_18
-- Compiling module OBUFT_LVCMOS33_S_8
-- Compiling module OBUFT_SSTL3_I
-- Compiling module IBUFG
-- Compiling module OBUFT_LVDCI_18
-- Compiling module CAPTURE_VIRTEX5
-- Compiling module NAND5
-- Compiling module OBUF_LVCMOS15_F_2
-- Compiling module AND4B3
-- Compiling module IOBUF_LVDCI_25
-- Compiling module OBUF_LVTTL_F_8
-- Compiling module OBUFT_HSTL_IV
-- Compiling module ROM128X1
-- Compiling module NOR5B1
-- Compiling module OBUFT_LVCMOS12_S_4
-- Compiling module IOBUF_S_16
-- Compiling module IOBUF_SSTL18_I
-- Compiling module IOBUF_LVCMOS25_F_4
-- Compiling module BUFIODQS
-- Compiling module OBUF_LVCMOS18_S_16
-- Compiling module STARTUP_VIRTEX5
-- Compiling module NOR3
-- Compiling module OBUF_LVCMOS18_S_8
-- Compiling module IOBUF_LVTTL_F_12
-- Compiling module OBUFT_LVTTL_S_6
-- Compiling module NAND5B3
-- Compiling module FDC
-- Compiling module MUXF5_D
-- Compiling module IOBUF_LVDCI_15
-- Compiling module IOBUF_LVCMOS33_S_24
-- Compiling module NAND4B4
-- Compiling module IBUFG_HSTL_I_DCI
-- Compiling module OBUFT_SSTL18_I_DCI
-- Compiling module IOBUF_F_8
-- Compiling module OBUFT_LVCMOS25_S_16
-- Compiling module AND3B2
-- Compiling module OBUF_LVCMOS25_S_2
-- Compiling module IOBUF_PCI66_3
-- Compiling module IBUFG_HSTL_III
-- Compiling module OBUF_LVTTL_F_24
-- Compiling module DCM
-- Compiling module IOBUF_LVPECL
-- Compiling module OBUF_F_2
-- Compiling module RAMB16_S9_S9
-- Compiling module FDCE_1
-- Compiling module IBUFGDS_LVDSEXT_33_DCI
-- Compiling module IOBUF_LVCMOS15_S_6
-- Compiling module OBUFT_LVCMOS25
-- Compiling module OBUFT_LVCMOS12
-- Compiling module RAMB16BWE_S18_S9
-- Compiling module IBUF_GTLP
-- Compiling module OBUFT_LVCMOS25_F_16
-- Compiling module IOBUF_LVCMOS15_S_2
-- Compiling module IOBUF_LVTTL_F_2
-- Compiling module LUT1_L
-- Compiling module OBUF_LVTTL_S_8
-- Compiling module IOBUF_LVCMOS25_S_8
-- Compiling module DSP48A1
-- Compiling module IBUFG_HSTL_I_DCI_18
-- Compiling module IBUFG_LVDCI_18
-- Compiling module STARTUP_SPARTAN6
-- Compiling module OBUFT_SSTL2_II
-- Compiling module IOBUF_PCI33_3
-- Compiling module OBUFT_LVCMOS15_S_4
-- Compiling module IBUFDS_BLVDS_25
-- Compiling module OBUFDS_BLVDS_25
-- Compiling module NAND2B1
-- Compiling module IBUF_SSTL3_I
-- Compiling module FDP_1
-- Compiling module IBUFDS_LVDS_33
-- Compiling module IBUF_LVDCI_DV2_15
-- Compiling module OBUFT_F_2
-- Compiling module IBUFGDS_LVPECL_25
-- Compiling module IBUFDS_LVDS_25
-- Compiling module IBUFG_HSTL_II_DCI_18
-- Compiling module RAMB16BWE
-- Compiling module IBUFG_HSTL_III_18
-- Compiling module LUT1_D
-- Compiling module FDCPE_1
-- Compiling module OBUFT_GTL_DCI
-- Compiling module LUT3_L
-- Compiling module OBUF_LVTTL_F_16
-- Compiling module OBUFT_LVDS
-- Compiling module ROM16X1
-- Compiling module RAMB16BWE_S36_S9
-- Compiling module FIFO16
-- Compiling module IOBUF_S_12
-- Compiling module BUFGMUX_CTRL
-- Compiling module IOBUF_LVTTL_F_4
-- Compiling module IOBUF_LVCMOS12_F_4
-- Compiling module IBUFDS_LVDSEXT_25_DCI
-- Compiling module MUXF5_L
-- Compiling module NAND5B4
-- Compiling module RAMB16_S9_S36
-- Compiling module IOBUF_LVTTL_S_4
-- Compiling module IOBUF_PCIX
-- Compiling module AND5B2
-- Compiling module OBUFT_LVCMOS33
-- Compiling module IOBUF_LVCMOS18_S_4
-- Compiling module NOR2
-- Compiling module OBUFT_LVCMOS18_S_16
-- Compiling module OBUF_LVCMOS25_F_8
-- Compiling module BUFGMUX_VIRTEX4
-- Compiling module IOBUF_GTL_DCI
-- Compiling module RAMB16_S2_S18
-- Compiling module IBUF_LVDCI_DV2_18
-- Compiling module OBUF_LVCMOS12_S_2
-- Compiling module OBUFT_S_12
-- Compiling module OBUF_LVCMOS15_S_2
-- Compiling module IBUFGDS
-- Compiling module RAMB36SDP
-- Compiling module OBUF_LVCMOS33_F_12
-- Compiling module OBUF_LVCMOS12_S_6
-- Compiling module NOR5B3
-- Compiling module IOBUF_HSTL_II
-- Compiling module IBUFDS_LVDS_25_DCI
-- Compiling module OBUF_LVTTL_F_2
-- Compiling module IBUFG_PCI66_3
-- Compiling module OBUFT_LVCMOS15_S_16
-- Compiling module OBUFT_PCI33_3
-- Compiling module IBUFG_LVDCI_DV2_18
-- Compiling module OBUF_GTLP_DCI
-- Compiling module OBUF_S_6
-- Compiling module OBUF_LVCMOS18
-- Compiling module IOBUF_LVCMOS25_S_24
-- Compiling module OBUF_F_8
-- Compiling module OBUF_LVTTL_S_24
-- Compiling module OBUF_SSTL18_II_DCI
-- Compiling module NAND4B1
-- Compiling module LDC
-- Compiling module OBUF_PCI66_3
-- Compiling module OBUF_LVCMOS15_F_12
-- Compiling module OBUFT_LVTTL_S_2
-- Compiling module IBUF_AGP
-- Compiling module IOBUF_LVCMOS18_S_6
-- Compiling module OBUFT_HSTL_IV_DCI_18
-- Compiling module FIFO18
-- Compiling module IBUF_SSTL2_I_DCI
-- Compiling module OBUFT_LVTTL_S_24
-- Compiling module OBUFT_LVCMOS15_F_6
-- Compiling module IOBUF_LVCMOS15_S_8
-- Compiling module IOBUF_SSTL2_II_DCI
-- Compiling module RAMB16_S4_S4
-- Compiling module OBUFDS_LVDSEXT_25
-- Compiling module OBUFT_F_6
-- Compiling module IOBUF_LVCMOS18_S_16
-- Compiling module OBUF_LVCMOS15_F_4
-- Compiling module OBUF_LVCMOS33_S_16
-- Compiling module OBUFT_F_4
-- Compiling module AND3B1
-- Compiling module FIFO36
-- Compiling module PLL_BASE
-- Compiling module OBUF_F_24
-- Compiling module CAPTURE_SPARTAN3
-- Compiling module IBUF_LVDCI_15
-- Compiling module IOBUF_PCI33_5
-- Compiling module NAND2
-- Compiling module OBUFTDS_LVPECL_33
-- Compiling module OBUFT_LVCMOS33_S_4
-- Compiling module OBUF_LVCMOS25_F_16
-- Compiling module OBUFT_HSTL_II_DCI_18
-- Compiling module IBUFG_LVDCI_33
-- Compiling module NAND3B3
-- Compiling module CLKDLLE
-- Compiling module LUT6_D
-- Compiling module OR2
-- Compiling module NOR2B1
-- Compiling module IBUF_HSTL_II
-- Compiling module OR5B5
-- Compiling module IBUFGDS_DIFF_OUT
-- Compiling module IOBUFDS_BLVDS_25
-- Compiling module IBUFGDS_LVPECL_33
-- Compiling module OBUFT_LVCMOS18
-- Compiling module OBUF_LVCMOS25_F_4
-- Compiling module IOBUF_LVCMOS15_F_12
-- Compiling module IOBUF_LVCMOS12_S_4
-- Compiling module FIFO36_72
-- Compiling module IOBUF_SSTL3_II
-- Compiling module OBUF_F_16
-- Compiling module OBUFT_LVCMOS33_F_2
-- Compiling module OR5B4
-- Compiling module FD
-- Compiling module ROM64X1
-- Compiling module OBUF_SSTL2_I
-- Compiling module NAND5B2
-- Compiling module IOBUF_LVCMOS33_S_8
-- Compiling module OBUFT_LVCMOS33_F_4
-- Compiling module IBUF_LVCMOS12
-- Compiling module OBUF_HSTL_I
-- Compiling module OBUFT_HSTL_I_18
-- Compiling module OBUFT_LVCMOS15_S_6
-- Compiling module OBUF_HSTL_III
-- Compiling module IOBUF_LVCMOS15_F_16
-- Compiling module OBUF_LVCMOS18_S_6
-- Compiling module IOBUF_LVCMOS33_F_6
-- Compiling module AND3B3
-- Compiling module OBUF_LVCMOS15_S_6
-- Compiling module IBUFDS_LVPECL_33
-- Compiling module IBUF_SSTL18_II_DCI
-- Compiling module ODDR2
-- Compiling module OBUF_LVTTL_S_6
-- Compiling module OBUFT_LVCMOS12_S_2
-- Compiling module MUXF7_L
-- Compiling module OBUFT_LVTTL_F_4
-- Compiling module OBUF_LVCMOS12
-- Compiling module OBUFT_LVCMOS18_F_2
-- Compiling module OBUFT_LVCMOS15_S_8
-- Compiling module RAMB16_S1_S1
-- Compiling module IOBUF_LVTTL_S_16
-- Compiling module AND4B1
-- Compiling module ROM256X1
-- Compiling module IBUFG_CTT
-- Compiling module DSP48E
-- Compiling module IBUF_HSTL_IV_18
-- Compiling module IOBUF_LVCMOS25_S_16
-- Compiling module OBUF_HSTL_II_18
-- Compiling module IOBUF_LVTTL
-- Compiling module IBUFG_HSTL_II
-- Compiling module IBUF_HSTL_I_DCI
-- Compiling module XNOR5
-- Compiling module OBUF_HSTL_IV_DCI
-- Compiling module IOBUF_S_4
-- Compiling module IOBUF_LVCMOS33_F_12
-- Compiling module OBUF_HSTL_I_DCI_18
-- Compiling module IOBUF_LVTTL_S_6
-- Compiling module OBUFT_LVTTL_F_24
-- Compiling module IOBUF_LVTTL_F_8
-- Compiling module OBUFT_LVCMOS12_F_8
-- Compiling module OBUFT_CTT
-- Compiling module IBUFG_HSTL_IV_DCI_18
-- Compiling module FDSE_1
-- Compiling module OBUF_LVDS
-- Compiling module OBUFT_PCIX66_3
-- Compiling module OBUFT_LVDCI_DV2_33
-- Compiling module LDE
-- Compiling module OBUFT_LVCMOS33_F_12
-- Compiling module RAM16X2S
-- Compiling module IBUFG_SSTL3_II
-- Compiling module AND4
-- Compiling module RAM16X1D_1
-- Compiling module IBUF_HSTL_I
-- Compiling module OR2B2
-- Compiling module LDPE_1
-- Compiling module OBUFT_HSTL_III_18
-- Compiling module OBUFT_LVCMOS25_S_12
-- Compiling module FDE
-- Compiling module RAMB8BWER
-- Compiling module IOBUF_SSTL3_I
-- Compiling module NOR4B3
-- Compiling module RAM16X1D
-- Compiling module IOBUF_LVCMOS15_S_16
-- Compiling module IBUF_LVDCI_25
-- Compiling module OBUFT_LVTTL_F_2
-- Compiling module XORCY_D
-- Compiling module OBUF_LVDCI_DV2_25
-- Compiling module RAMB16_S2_S2
-- Compiling module OBUF_LVCMOS18_S_12
-- Compiling module NAND5B5
-- Compiling module IBUFGDS_LVDS_25_DCI
-- Compiling module IBUFG_LVDCI_DV2_33
-- Compiling module RAMB18
-- Compiling module OBUFT_LVCMOS25_F_6
-- Compiling module OBUF_LVCMOS12_F_2
-- Compiling module OBUFT_HSTL_IV_18
-- Compiling module IBUF_SSTL18_I
-- Compiling module OBUFT_LVDCI_33
-- Compiling module OBUF_GTL
-- Compiling module IBUFG_PCI33_3
-- Compiling module OBUF_LVTTL_S_12
-- Compiling module IBUF_PCIX
-- Compiling module OBUFT_LVCMOS18_F_6
-- Compiling module IBUFG_GTLP_DCI
-- Compiling module IOBUF_LVCMOS25
-- Compiling module OBUF_LVCMOS33_S_4
-- Compiling module IODELAY
-- Compiling module OBUF_F_12
-- Compiling module OR4B1
-- Compiling module OBUF_LVTTL
-- Compiling module IBUF_PCI66_3
-- Compiling module IBUF_PCI33_3
-- Compiling module IOBUF_S_8
-- Compiling module OBUF_LVCMOS15_F_16
-- Compiling module MMCM_BASE
-- Compiling module OBUF_LVDCI_DV2_15
-- Compiling module OBUF_S_2
-- Compiling module NOR4B1
-- Compiling module IOBUF_LVTTL_S_2
-- Compiling module IBUFG_SSTL2_I
-- Compiling module OBUF_LVTTL_F_4
-- Compiling module RAMB16_S36
-- Compiling module OR3B1
-- Compiling module RAM16X8S
-- Compiling module OBUF_LVCMOS25_F_12
-- Compiling module RAMB16_S18_S18
-- Compiling module MULT18X18SIO
-- Compiling module NOR4
-- Compiling module AMS_ADC
-- Compiling module OBUFTDS_LVDSEXT_25
-- Compiling module IBUFGDS_LVDSEXT_25_DCI
-- Compiling module IOBUF_F_4
-- Compiling module FDP
-- Compiling module OBUFTDS_BLVDS_25
-- Compiling module IOBUF_LVCMOS33_S_16
-- Compiling module DSP48
-- Compiling module RAMB16BWE_S36_S18
-- Compiling module IBUFDS_LVDS_33_DCI
-- Compiling module IOBUF_LVCMOS12
-- Compiling module OBUFT_SSTL3_II_DCI
-- Compiling module OBUF_LVCMOS15_F_8
-- Compiling module IBUFG_SSTL18_II
-- Compiling module OBUF_PCIX66_3
-- Compiling module OBUFT_SSTL2_I
-- Compiling module IBUF_HSTL_III_DCI
-- Compiling module IBUF_SSTL3_II
-- Compiling module OBUF_SSTL3_II_DCI
-- Compiling module FDRS
-- Compiling module IBUF_SSTL3_II_DCI
-- Compiling module OBUFT_PCIX
-- Compiling module IOBUF_CTT
-- Compiling module IBUFDS_LVDSEXT_25
-- Compiling module OBUF_LVCMOS33_F_6
-- Compiling module SRL16_1
-- Compiling module IBUFDS_GTXE1
-- Compiling module OBUFT_LVCMOS25_F_8
-- Compiling module BSCAN_SPARTAN3
-- Compiling module IOBUF_LVCMOS15_S_4
-- Compiling module IOBUF_LVCMOS15_F_8
-- Compiling module NAND5B1
-- Compiling module OBUF_S_24
-- Compiling module OBUFDS_LVDS_33
-- Compiling module OBUFT_GTLP
-- Compiling module OBUFT_LVCMOS12_F_2
-- Compiling module MUXF6_D
-- Compiling module OBUF_LVCMOS33_S_2
-- Compiling module OR4B3
-- Compiling module TEMAC_SINGLE
-- Compiling module OBUFT_F_24
-- Compiling module OBUF_HSTL_I_18
-- Compiling module IBUF_HSTL_III_DCI_18
-- Compiling module OR4
-- Compiling module XNOR4
-- Compiling module RAMB16_S9_S18
-- Compiling module NOR5B4
-- Compiling module IOBUF_LVCMOS18_S_8
-- Compiling module LDCPE_1
-- Compiling module IOBUF_LVCMOS15_F_2

Top level modules:
	HBM_MC
	IBUFDSE3
	ISERDESE1
	JTAG_SIME2
	NOC2_NPS5555
	GTHE4_CHANNEL
	NOC2_XBR4X2
	CMAC
	GTPE2_CHANNEL
	GTYE4_CHANNEL
	BUFG_GT
	DFE_PQ_DECIM
	HBM_PHY_MS
	PHASER_REF
	CARRY4
	DSP_FP_SRCMX_OPTINV
	NOC_NPS_VNOC
	ME_NOC_M_AXI
	ODELAYE3
	PULLDOWN
	GTXE2_CHANNEL
	BUFG_HM
	IN_FIFO
	IDELAYE5
	DSP_SRCMX_OPTINV
	BUFG
	OBUFDS_GTE5
	OBUFDS_GTM
	DFE_DUC_DDC
	NOC2_NSU128
	NOC_NSU512
	IBUFDS_IBUFDISABLE_INT
	PSX
	BUFH
	NOC_NPS6
	URAM288_BASE
	IOBUFDS_DIFF_OUT_INTERMDISABLE
	SRLC16E
	X5PLL_S2P
	NOC_NPS7575
	OSERDESE2
	FIFO18E2
	DSP_FP_ADDER
	LOOKAHEAD8
	CPM5N
	RAM256X1S
	DSP58
	IOBUFDS_INTERMDISABLE_ODDR
	GTYE3_CHANNEL
	DSP_FP_CAS_DELAY
	NOC2_NMU512
	MBUFG_HM
	BUFDIV_LEAF
	PULLUP
	HARD_SYNC
	DSP_FP_INREG
	PS7
	RAM64M
	NOC2_NSU512
	VCU
	NOC2_NMU128
	DSP_FP_OUTPUT
	ODDRE1
	IBUFDS_DIFF_OUT_IBUFDISABLE
	X5PHIO_XCVR_X2
	MBUFG_PS
	ME_NOC_S_AXI
	DSP_FPA_OPM_REG
	HPLL
	DSPFP32
	AIE_PL_S_EVENTS
	DFE_FIR
	IDELAYCTRL
	IDDRE1
	GTXE2_COMMON
	OBUFDS_GTE4
	IBUF_IBUFDISABLE
	RX_BITSLICE
	IOBUFDS_DCIEN
	RXTX_BITSLICE
	NOC_NPP_RPTR
	IOBUFDS
	RAMS64E
	IOBUFDS_COMP
	LUTCY2
	HBM_TWO_STACK_INTF
	DNA_PORT
	GND
	HBM_IO_MS
	X5PLL_INTF
	MUXF9
	IBUFDS_GTE4
	RAM64M8
	ODELAYE5
	GTHE2_CHANNEL
	OBUFTDS_DCIEN
	IBUFDS_DIFF_OUT_INTERMDISABLE
	IBUFDS_IBUFDISABLE
	CFGLUT5
	BUFG_FABRIC
	OBUFDS_ODDR
	SYSMONE4
	DSP_MULTIPLIER
	GTYE4_COMMON
	IOBUFDSE3
	RAMD32M64
	RAM512X1S
	BUFMR
	GTF_COMMON
	RAMD64E
	NOC_NMU_HBM2E
	CLOCK_MOD_CLE_FF
	ME_NOC_S_AXIS
	OBUFDS_GTME5_ADV
	IBUFDS_DPHY
	HBM_ONE_STACK_INTF
	HBM_SNGLBLI_INTF_APB
	IOBUF_INTERMDISABLE
	OBUFDS_GTE3_ADV
	ILKNF
	CPM5
	ME_PL_S_EVENTS
	CLOCK_MOD_CLE_IMR
	DSP_FPM_PIPEREG
	RAMS64E1
	X5PHIO_DCCINVBUF
	DSP48E5
	OSERDES
	CLOCK_MOD_IRI_FF
	AIE_NOC_M_AXI
	BUFGCE_DIV
	LUT6CY
	IBUFE3
	IMI_FF
	AIE_PL_M_AXIS128
	DNA_PORTE2
	MBUFG_GT
	PHASER_OUT_PHY
	IOBUFDS_INTERMDISABLE
	DFE_MATRIX_FIR
	IBUFDS_GTE2
	AIE_NOC_S_AXIS
	PLLE3_BASE
	XPLL
	NPI_NIR
	DSP_FP_INMUX
	RAMB18E2
	ILKN
	DSP_A_B_DATA
	RIU_OR
	DFE_NL_FIR
	FIFO36E2
	OUT_FIFO
	MMCME4_BASE
	DDRMC
	MBUFGCE
	URAM288
	RAMB36E5
	BUFG_GT_SYNC
	OBUFDS_GTM_ADV
	IBUFDS_GTE5
	AIE_PL_S_AXIS32
	MMCME5
	DSP_CAS_DELAY
	IDDR_2CLK
	OBUFT_ODDR
	HARD_INV
	GTHE4_COMMON
	PCIE_3_0
	OBUFDS_GTE4_ADV
	ICAPE3
	IBUFDS_GTM
	NOC_NMU128
	OBUFT_DCIEN
	DSP_FPA_CREG
	ME_NOC_M_AXIS
	CLOCK_MOD_IRI_IMR
	DSP_ALU
	GTHE3_COMMON
	AIE_PL_M_AXIS32
	DSP58C
	ISERDES
	DSP48E2
	RAM256X1D
	X5PHIO_CMUIF
	ILKNE4
	RAM64X8SW
	RAMS32
	IBUFCTRL
	DFE_PQ_INTERP
	CPM
	OBUFTDS_ODDR
	NOC_NMU512
	IOBUFDS_DIFF_OUT_DCIEN
	PHASER_IN
	AIE_NOC_S_AXI
	BUFMRCE
	NOC2_NPS7575
	PCIE40E4
	ZHOLD_DELAY
	BUFCE_LEAF
	NOC2_XBR2X4
	IDELAYE2_FINEDELAY
	RAMD32
	OBUFDS_COMP
	IOBUF_ODDR
	DIFFINBUF
	DFE_PRACH
	AUTOBUF
	EFUSE_USR
	RAMB18E5
	VCC
	GTHE2_COMMON
	AIE_NOC_M_AXIS
	BUFCE_ROW
	PVT_SAS
	RAM32X16DR8
	TX_BITSLICE
	ME_PL_M_AXIS64
	NOC_NMU256
	DSP_PREADD_DATA
	BUFG_PS
	GTYE5_QUAD
	IOBUFDS_DIFF_OUT_INTERMDISABLE_ODDR
	HBM_IO_CHNL
	RAMD64E5
	NOC2_NSU256
	OBUFDS_DPHY
	NOC_NCRB
	X5PLL
	IBUFDS_INTERMDISABLE
	ME_PL_M_EVENTS
	FRAME_ECCE3
	BUFR
	HBM_REF_CLK
	BUFGCE
	BUF
	ISERDESE3
	PHASER_IN_PHY
	GTYP_QUAD
	DCIRESET
	OSERDESE3
	NOC_NIDB
	SYSMONE1
	CMPHY_OCTAD
	OBUFDS_GTE3
	NOC2_NMU256
	PCIE4CE4
	DSP_FPM_STAGE0
	ME_PL_S_AXIS128
	IBUFDS_GTE3
	IOBUFDS_DIFF_OUT_ODDR
	OSERDESE1
	HPIO_VREF
	BUFGP
	ME_PL_M_AXIS32
	OBUF_ODDR
	IOBUFDS_DIFF_OUT
	RAM32M
	HNICPIPE_QUAD
	GTF_CHANNEL
	IOBUF
	RAM128X1D
	PHY_CONTROL
	DCMAC
	DDRMC_RIU
	IBUFDS_INTERMDISABLE_INT
	IMC_FF
	OBUFDS_GTME5
	NOC_NPS5555
	DPLL
	HBM_PHY_CHNL
	PLLE2_BASE
	IOBUF_ANALOG
	DPHY_DIFFINBUF
	DSPCPLX
	DSP_C_DATA
	PCIE_2_1
	MBUFGCE_DIV
	INBUF
	IBUF_ANALOG
	AND2B1L
	PS9
	XPIPE_QUAD
	ME_PL_S_AXIS64
	HBM_SNGLBLI_INTF_AXI
	MASTER_JTAG
	NOC_NPS4
	TX_BITSLICE_TRI
	DFE_FFT
	OBUFTDS_COMP
	ME_PL_M_AXIS128
	MBUFGCTRL
	OBUFDS_GTE5_ADV
	PHASER_OUT
	ISERDESE2
	KEEPER
	DCM_SP
	PCIE40E5
	MRMAC
	IOBUFDS_ODDR
	PS8
	GTPE2_COMMON
	CARRY8
	FE
	IBUFDS_GTME5
	IOBUF_DCIEN
	BUFIO
	NOC_NSU128
	RAMS64E5
	GTYE3_COMMON
	ME_PL_S_AXIS32
	XPHY
	IDELAYE3
	AIE_PL_M_EVENTS
	BIBUF
	DSP_PREADD
	PCIE50E5
	MMCME3_BASE
	AIE_PL_S_AXIS64
	IBUF_INTERMDISABLE
	OR2L
	LUTCY1
	GTHE3_CHANNEL
	BITSLICE_CONTROL
	STARTUPE3
	BUFHCE
	RAM32M16
	OBUFDS_DPHY_COMP
	XPIO_VREF
	DDRMC5
	RAMB36E5_INT
	DFE_CFR
	AIE_PL_M_AXIS64
	LUT6_2
	PLLE4_BASE
	ODELAYE2_FINEDELAY
	CMACE4
	RAMB18E5_INT
	FRAME_ECCE4
	HNICX
	DSP_FPM_STAGE1
	IOBUFE3
	AIE_PL_S_AXIS128
	DSP_OUTPUT
	ISERDES_NODELAY
	X5PHIO_CMU_X32
	DSP_M_DATA
	PCIE_3_1
	LCLK_DELAY
	RAMB36E2
	IOBUF_F_12
	OBUFT_LVCMOS18_S_2
	OBUFT_HSTL_IV_DCI
	IOBUF_LVTTL_S_8
	RAM64X1D_1
	RAMB16
	NOR4B2
	IBUF_HSTL_II_DCI_18
	OBUF_HSTL_I_DCI
	OBUF_SSTL3_I
	OBUF_LVCMOS12_F_8
	IBUFDS_LVPECL_25
	ICAP_VIRTEX6
	OBUFT_SSTL3_I_DCI
	RAM16X4S
	NAND3B1
	OBUF_LVCMOS33_F_24
	IOBUF_LVTTL_S_12
	IOBUF_F_2
	OBUF_LVCMOS33_F_16
	OBUFT_LVDCI_25
	IOBUF_LVCMOS18
	IOBUF_LVCMOS33_F_2
	IBUFG_GTLP
	RAMB16BWE_S18_S18
	OBUFT_LVCMOS18_S_6
	OBUF_SSTL18_II
	SRL16
	RAM32X8S
	OBUFT_PCI33_5
	FDC_1
	OBUFTDS_LVDSEXT_33
	OBUFT_LVCMOS18_F_4
	OBUFTDS_ULVDS_25
	IOBUF_LVCMOS12_F_8
	ICAP_SPARTAN3A
	OBUFT_SSTL3_II
	IBUF_GTL
	OBUFT_HSTL_III_DCI
	RAM32X1D_1
	BUFGMUX_1
	OBUFT_LVCMOS25_S_24
	OBUF_LVCMOS18_S_2
	NOR3B3
	XOR5
	OBUFDS_LVPECL_25
	BUFGMUX
	OBUFTDS_LVPECL_25
	OBUFT_HSTL_II_18
	OBUFT_S_6
	OBUF_LVTTL_S_2
	OBUF_LVDCI_18
	IBUF_CTT
	IOBUF_LVDCI_DV2_18
	RAMB16_S2_S36
	MUXF8_D
	IOBUF_LVCMOS18_F_6
	MULT18X18S
	IBUFG_HSTL_II_DCI
	IOBUF_LVDCI_18
	IOBUF_LVCMOS12_F_6
	OBUFDS_LDT_25
	IBUFG_SSTL3_I
	IOBUF_GTLP
	IOBUF_LVCMOS2
	NAND4B3
	OBUFT_LVCMOS25_F_24
	AND3
	SRL16E_1
	GTXE1
	NOR3B2
	OBUFT_S_16
	OBUFT_LVCMOS15_S_12
	NOR5B5
	IOBUF_HSTL_II_DCI
	IOBUF_LVCMOS33_F_24
	IOBUF_LVTTL_F_24
	XORCY_L
	MUXF5
	IOBUF_LVCMOS12_F_2
	IOBUF_AGP
	OBUF_SSTL3_I_DCI
	OBUF_LVCMOS33_S_8
	AND5B3
	LDE_1
	RAMB16_S4_S18
	IBUF_LVDCI_DV2_33
	FDR
	OBUF_LVTTL_S_4
	OBUF_LVDCI_25
	IBUF_LVCMOS18
	FD_1
	OBUFTDS_LVDS_33
	IOBUF_LVCMOS25_S_2
	OBUF_LVCMOS12_S_8
	OBUF_LVCMOS12_F_6
	OR5B3
	OBUF_LVCMOS25_F_2
	OBUFT_LVCMOS33_F_6
	NAND3B2
	IOBUF_LVCMOS12_S_8
	IOBUF_LVCMOS15_F_4
	IOBUF_GTL
	SRLC16_1
	IBUFG_HSTL_IV_DCI
	IOBUF_HSTL_II_DCI_18
	OBUF_HSTL_II_DCI_18
	BSCAN_VIRTEX6
	RAMB16_S18_S36
	IBUF_LVCMOS15
	IOBUF_LVDCI_DV2_25
	OBUF_S_4
	RAMB16_S18
	RAMB16BWE_S18
	IOBUF_LVTTL_F_16
	XNOR2
	LUT4_D
	OR2B1
	OBUF_GTLP
	OBUFT_LVCMOS33_F_16
	OBUFT_LVCMOS15_F_4
	IOBUF_LVCMOS33_S_6
	FDPE_1
	IBUFG_SSTL3_I_DCI
	OBUF_LVCMOS33_S_12
	IBUFG_LVTTL
	IBUFG_HSTL_III_DCI_18
	OBUF_S_8
	RAMB16_S2
	NOR5B2
	OBUFT_LVTTL_F_16
	RAMB16_S1_S4
	OBUF_LVPECL
	IBUFG_LVCMOS18
	IOBUF_LVCMOS33_F_8
	OBUFDS_LVDSEXT_33
	OBUF_LVCMOS15_F_6
	OBUF_LVCMOS33_F_4
	OBUF_LVCMOS18_F_12
	OBUFT_HSTL_I_DCI
	IOBUF_SSTL18_II_DCI
	OBUFT_F_16
	STARTUP_SPARTAN3
	OBUFT_PCI66_3
	RAM16X1S_1
	OBUFT_LVCMOS33_F_8
	IOBUF_GTLP_DCI
	OBUF_LVCMOS25_F_24
	OBUFT_LVCMOS25_F_2
	RAM16X1S
	OBUFT_LVCMOS12_F_4
	FDRE_1
	OBUFT_LVCMOS2
	OBUFT_LVCMOS18_S_12
	OBUFT_LVTTL_S_16
	IBUFG_LVPECL
	IBUFGDS_LVDS_33_DCI
	IBUF_SSTL18_I_DCI
	IBUFG_HSTL_IV_18
	OBUF_LVCMOS15_S_4
	OBUFT_GTL
	LDCE_1
	OBUF_PCI33_3
	OBUFT_HSTL_II_DCI
	IBUFG_LVCMOS12
	OBUF_LVTTL_S_16
	IOBUF_LVCMOS25_F_2
	FDRS_1
	IOBUF_LVCMOS25_F_6
	IBUFGDS_LVDSEXT_25
	OBUF_F_6
	OBUF_PCI33_5
	NOR2B2
	OBUFDS_LVDS_25
	IOBUF_LVCMOS33_S_12
	MUXF8_L
	IOBUF_HSTL_IV_18
	IOBUF_PCIX66_3
	RAM128X1S_1
	IOBUF_LVCMOS12_S_6
	CAPTURE_VIRTEX4
	MUXCY_D
	IBUF_HSTL_IV
	OBUF_HSTL_IV_DCI_18
	OBUF_LVCMOS18_F_6
	LUT3_D
	IBUFG_PCIX66_3
	MUXCY_L
	OBUFT_LVCMOS12_S_8
	OBUFT_LVCMOS15_S_2
	USR_ACCESS_VIRTEX6
	RAM64X2S
	IBUF_HSTL_III_18
	OBUFT_LVCMOS25_F_4
	CLKDLL
	OR5B1
	RAM32X2S
	MUXF6
	OBUFT_SSTL18_II_DCI
	IOBUF_LVCMOS25_S_12
	IBUF_LVDS
	IOBUF_LVCMOS25_S_4
	OBUF_LVCMOS33_S_24
	OBUFT_HSTL_I
	IBUF_LVDCI_18
	IBUFDS_LDT_25
	OBUF_LVCMOS25_S_12
	OBUFT_LVCMOS12_S_6
	IBUF_LVCMOS33
	OBUFT_LVCMOS25_S_2
	IOBUF_LVDCI_DV2_33
	IOBUF_LVCMOS18_F_16
	OBUF_F_4
	OBUFT_GTLP_DCI
	IDELAY
	DCM_PS
	OBUF_SSTL2_I_DCI
	NOR3B1
	AND2B2
	OBUFT_S_24
	OBUF_HSTL_III_18
	OR4B4
	IOBUF_LVCMOS15
	OBUF_LVCMOS18_F_2
	IBUFG_HSTL_II_18
	FDS
	IBUF_HSTL_II_18
	OBUF_LVCMOS25_F_6
	IBUF_LVDCI_33
	BUFG_LB
	OBUF_LVCMOS25_S_16
	OBUF_HSTL_III_DCI_18
	OR5B2
	IOBUF_LVDCI_DV2_15
	IBUF_LVTTL
	OBUF_LVCMOS25_S_6
	LDP
	OBUFT_S_4
	USR_ACCESS_VIRTEX4
	IOBUF_LVCMOS33_F_4
	OBUFT_LVTTL_F_8
	OBUFT_LVCMOS33_S_12
	OBUF_HSTL_II_DCI
	IOBUF_SSTL18_II
	OBUF_SSTL18_I
	NAND2B2
	FDR_1
	IODELAY2
	RAMB16_S1
	IOBUF_HSTL_III
	IBUFG_LVDCI_DV2_15
	OBUFT_HSTL_III_DCI_18
	IOBUF_LVCMOS15_F_6
	IBUF_GTLP_DCI
	IBUFG_LVDCI_25
	BSCAN_VIRTEX5
	IBUFGDS_LVDS_33
	OBUFT_LVTTL_S_4
	RAMB36
	IBUFG_LVDCI_DV2_25
	OBUFT_SSTL2_I_DCI
	IOBUF_LVCMOS18_F_4
	FDCP
	OBUFT_LVCMOS18_F_8
	BSCAN_VIRTEX4
	OBUFT_LVTTL_F_6
	USR_ACCESS_VIRTEX5
	RAMB16_S36_S36
	OBUFT_HSTL_III
	RAM32X1S_1
	LUT2_D
	LDC_1
	OR3
	IBUF_SSTL2_II
	IBUFG_LVCMOS15
	STARTUP_VIRTEX6
	OBUFT_S_2
	XOR2
	IBUFG_HSTL_I_18
	NAND4B2
	IBUF_SSTL3_I_DCI
	IBUFDS_ULVDS_25
	IDDR2
	IOBUF_LVCMOS18_F_2
	OBUF_LVCMOS18_F_16
	IBUF_LVCMOS25
	IBUFG_HSTL_I
	OR3B3
	IBUF_LVCMOS2
	IOBUF_HSTL_III_18
	OBUFT_F_8
	OBUF_SSTL2_II
	OBUF_LVCMOS25_S_24
	OBUFT_SSTL18_I
	OBUF_LVCMOS15_S_12
	BUFIO2
	STARTUP_SPARTAN3A
	IOBUF_LVCMOS18_S_2
	IBUFGDS_LVDSEXT_33
	OBUFT_LVDCI_15
	LDP_1
	RAMB16_S4_S36
	OBUFT_LVCMOS18_F_16
	OBUF_LVCMOS2
	CAPTURE_VIRTEX6
	IBUFG_SSTL2_I_DCI
	OBUF_LVCMOS33
	IBUF_LVDCI_DV2_25
	IOBUF_LVDS
	SRLC16
	CLKDLLHF
	IOBUF_HSTL_I
	XOR4
	IBUFGDS_BLVDS_25
	LDCPE
	IBUFGDS_ULVDS_25
	IBUFG_SSTL2_II_DCI
	IOBUF_LVCMOS18_F_8
	IBUFG_HSTL_III_DCI
	OBUF_LVDCI_DV2_18
	IBUFG_SSTL3_II_DCI
	IBUFG_LVDS
	OBUF_LVCMOS33_F_8
	GTPA1_DUAL
	OBUFT_LVCMOS25_S_6
	OBUF_LVCMOS18_F_4
	OBUFTDS_LVDS_25
	STARTUP_VIRTEX4
	LDCP_1
	MULT_AND
	OBUFT_LVCMOS12_F_6
	OBUFT_LVCMOS15_F_16
	OBUF_LVCMOS18_S_4
	IBUFDS_LVDSEXT_33
	FDRSE
	IBUFG_GTL
	RAMB16BWE_S36_S36
	LUT4_L
	RAMB16_S2_S4
	IBUF_SSTL2_II_DCI
	OBUFT_LVTTL_F_12
	FIFO18_36
	OBUF_LVCMOS25
	IBUFG_LVCMOS33
	IBUFGDS_LVDS_25
	OBUF_LVCMOS15_S_16
	IBUFG_SSTL18_II_DCI
	MULT18X18
	OBUF_LVCMOS15_S_8
	OBUFT_LVCMOS25_F_12
	IBUFG_PCI33_5
	IBUFGDS_LDT_25
	NAND4
	XOR3
	IOBUF_F_16
	OBUFT_LVCMOS18_F_12
	SRL32E
	AND2B1
	NAND3
	IBUFG_LVDCI_15
	IOBUF_LVCMOS25_S_6
	OBUF_LVCMOS12_F_4
	IOBUF_LVDCI_33
	OBUF_LVCMOS25_S_4
	OBUFT_LVCMOS33_S_2
	OBUF_LVCMOS15
	AND5
	IBUF_SSTL2_I
	LUT5_D
	DSP48A
	OBUFDS_ULVDS_25
	IOBUF_LVCMOS18_S_12
	IOBUF_SSTL2_II
	OBUF_LVDCI_33
	IOBUF_HSTL_IV_DCI_18
	AND4B4
	OBUFT_F_12
	IOBUF_HSTL_IV
	IBUFG_PCIX
	IOBUF_S_2
	OBUFT_S_8
	IBUFG_LVCMOS2
	IOBUF_LVCMOS33
	OBUFT_LVCMOS33_S_24
	AND5B5
	IBUF_HSTL_III
	OBUF_SSTL2_II_DCI
	NOR5
	OBUF_LVCMOS18_F_8
	MUXF6_L
	IOBUF_LVCMOS15_S_12
	FDE_1
	IBUFG_AGP
	OBUFT_LVCMOS18_S_8
	OR3B2
	OBUF_SSTL18_I_DCI
	IOBUF_SSTL3_II_DCI
	OBUFT_LVDCI_DV2_25
	IBUF_SSTL18_II
	IOBUF_LVCMOS33_F_16
	RAM32X4S
	OBUFT_LVCMOS15
	ICAP_VIRTEX5
	IODELAYE1
	OBUF_SSTL3_II
	IBUF_GTL_DCI
	OBUFT_LVDCI_DV2_15
	RAMB18SDP
	RAMB16_S9
	OBUF_GTL_DCI
	OBUFT_LVCMOS25_S_4
	MUXF7_D
	AND2
	OBUFTDS_LDT_25
	RAMB16_S1_S18
	IOBUF_LVCMOS12_S_2
	BUFGCE_1
	FDRSE_1
	IBUFG_SSTL18_I
	OBUFT_SSTL2_II_DCI
	OBUFT_LVCMOS15_F_8
	OBUFT_LVCMOS15_F_2
	IOBUF_LVCMOS18_F_12
	OBUFT_LVCMOS25_S_8
	FDCPE
	OBUFT_LVCMOS15_F_12
	OBUFT_LVCMOS33_S_16
	AND5B1
	IOBUF_LVTTL_S_24
	OBUFT_LVTTL_S_12
	LUT6_L
	IOBUF_S_6
	KEY_CLEAR
	AMS_DAC
	OBUF_LVCMOS33_F_2
	OBUF_AGP
	FRAME_ECC_VIRTEX6
	PLL_ADV
	ICAP_SPARTAN6
	RAMB16BWER
	IBUFDS_LVDSEXT_33_DCI
	IBUF_HSTL_I_DCI_18
	RAMB16_S2_S9
	AND5B4
	LDCP
	ROM32X1
	OBUF_HSTL_II
	OBUF_LVCMOS12_S_4
	OBUFT_LVDCI_DV2_18
	NOR4B4
	IBUF_PCIX66_3
	OBUFT_HSTL_I_DCI_18
	OBUFT_LVCMOS18_S_4
	OBUF_HSTL_IV
	OBUF_CTT
	ICAP_VIRTEX4
	OBUFT_LVPECL
	IOBUF_F_24
	FDCP_1
	OBUFT_LVCMOS33_F_24
	IOBUF_LVCMOS25_F_8
	IBUFG_SSTL2_II
	IBUF_HSTL_IV_DCI_18
	RAM64X1S_1
	SYSMON
	OBUF_LVDCI_DV2_33
	OBUF_HSTL_IV_18
	OBUFT_LVTTL_S_8
	OBUFT_LVCMOS33_S_6
	BSCAN_SPARTAN6
	IOBUF_LVCMOS25_F_24
	IOBUF_LVCMOS33_S_4
	OBUF_LVDCI_15
	OBUF_PCIX
	LUT5_L
	IBUF_HSTL_II_DCI
	RAMB16_S1_S9
	CAPTURE_SPARTAN3A
	IOBUF_LVCMOS25_F_16
	IOBUF_F_6
	IBUF_LVPECL
	IOBUF_LVCMOS25_F_12
	SRLC16E_1
	OBUFT_SSTL18_II
	DCM_BASE
	IOBUF_LVCMOS33_S_2
	IBUFG_HSTL_IV
	AND4B2
	OBUFT_AGP
	IBUF_HSTL_I_18
	OBUFDS_LVPECL_33
	OBUF_LVCMOS33_S_6
	OBUF_S_12
	LUT2_L
	IOBUF_HSTL_IV_DCI
	OR4B2
	IOBUF_LVTTL_F_6
	RAMB16BWE_S36
	RAMB16_S1_S36
	IBUFG_LVCMOS25
	BSCAN_SPARTAN3A
	OBUF_HSTL_III_DCI
	IOBUF_S_24
	RAMB16_S4
	IBUFG_GTL_DCI
	MMCM_ADV
	IBUF_HSTL_IV_DCI
	OBUFT_HSTL_II
	XNOR3
	IOBUF_SSTL2_I
	OBUFT_LVTTL
	OBUF_LVCMOS25_S_8
	RAMB16_S1_S2
	LD
	IBUFG_SSTL18_I_DCI
	OBUF_S_16
	IBUF_PCI33_5
	LD_1
	OBUF_LVTTL_F_6
	OBUF_LVTTL_F_12
	IOBUF_HSTL_I_18
	OR5
	FDS_1
	RAMB16_S4_S9
	IOBUF_HSTL_II_18
	OBUFT_LVCMOS33_S_8
	OBUFT_SSTL3_I
	OBUFT_LVDCI_18
	CAPTURE_VIRTEX5
	NAND5
	OBUF_LVCMOS15_F_2
	AND4B3
	IOBUF_LVDCI_25
	OBUF_LVTTL_F_8
	OBUFT_HSTL_IV
	ROM128X1
	NOR5B1
	OBUFT_LVCMOS12_S_4
	IOBUF_S_16
	IOBUF_SSTL18_I
	IOBUF_LVCMOS25_F_4
	BUFIODQS
	OBUF_LVCMOS18_S_16
	STARTUP_VIRTEX5
	NOR3
	OBUF_LVCMOS18_S_8
	IOBUF_LVTTL_F_12
	OBUFT_LVTTL_S_6
	NAND5B3
	FDC
	MUXF5_D
	IOBUF_LVDCI_15
	IOBUF_LVCMOS33_S_24
	NAND4B4
	IBUFG_HSTL_I_DCI
	OBUFT_SSTL18_I_DCI
	IOBUF_F_8
	OBUFT_LVCMOS25_S_16
	AND3B2
	OBUF_LVCMOS25_S_2
	IOBUF_PCI66_3
	IBUFG_HSTL_III
	OBUF_LVTTL_F_24
	DCM
	IOBUF_LVPECL
	OBUF_F_2
	RAMB16_S9_S9
	FDCE_1
	IBUFGDS_LVDSEXT_33_DCI
	IOBUF_LVCMOS15_S_6
	OBUFT_LVCMOS25
	OBUFT_LVCMOS12
	RAMB16BWE_S18_S9
	IBUF_GTLP
	OBUFT_LVCMOS25_F_16
	IOBUF_LVCMOS15_S_2
	IOBUF_LVTTL_F_2
	LUT1_L
	OBUF_LVTTL_S_8
	IOBUF_LVCMOS25_S_8
	DSP48A1
	IBUFG_HSTL_I_DCI_18
	IBUFG_LVDCI_18
	STARTUP_SPARTAN6
	OBUFT_SSTL2_II
	IOBUF_PCI33_3
	OBUFT_LVCMOS15_S_4
	IBUFDS_BLVDS_25
	OBUFDS_BLVDS_25
	NAND2B1
	IBUF_SSTL3_I
	FDP_1
	IBUFDS_LVDS_33
	IBUF_LVDCI_DV2_15
	OBUFT_F_2
	IBUFGDS_LVPECL_25
	IBUFDS_LVDS_25
	IBUFG_HSTL_II_DCI_18
	RAMB16BWE
	IBUFG_HSTL_III_18
	LUT1_D
	FDCPE_1
	OBUFT_GTL_DCI
	LUT3_L
	OBUF_LVTTL_F_16
	OBUFT_LVDS
	ROM16X1
	RAMB16BWE_S36_S9
	FIFO16
	IOBUF_S_12
	BUFGMUX_CTRL
	IOBUF_LVTTL_F_4
	IOBUF_LVCMOS12_F_4
	IBUFDS_LVDSEXT_25_DCI
	MUXF5_L
	NAND5B4
	RAMB16_S9_S36
	IOBUF_LVTTL_S_4
	IOBUF_PCIX
	AND5B2
	OBUFT_LVCMOS33
	IOBUF_LVCMOS18_S_4
	NOR2
	OBUFT_LVCMOS18_S_16
	OBUF_LVCMOS25_F_8
	BUFGMUX_VIRTEX4
	IOBUF_GTL_DCI
	RAMB16_S2_S18
	IBUF_LVDCI_DV2_18
	OBUF_LVCMOS12_S_2
	OBUFT_S_12
	OBUF_LVCMOS15_S_2
	RAMB36SDP
	OBUF_LVCMOS33_F_12
	OBUF_LVCMOS12_S_6
	NOR5B3
	IOBUF_HSTL_II
	IBUFDS_LVDS_25_DCI
	OBUF_LVTTL_F_2
	IBUFG_PCI66_3
	OBUFT_LVCMOS15_S_16
	OBUFT_PCI33_3
	IBUFG_LVDCI_DV2_18
	OBUF_GTLP_DCI
	OBUF_S_6
	OBUF_LVCMOS18
	IOBUF_LVCMOS25_S_24
	OBUF_F_8
	OBUF_LVTTL_S_24
	OBUF_SSTL18_II_DCI
	NAND4B1
	LDC
	OBUF_PCI66_3
	OBUF_LVCMOS15_F_12
	OBUFT_LVTTL_S_2
	IBUF_AGP
	IOBUF_LVCMOS18_S_6
	OBUFT_HSTL_IV_DCI_18
	FIFO18
	IBUF_SSTL2_I_DCI
	OBUFT_LVTTL_S_24
	OBUFT_LVCMOS15_F_6
	IOBUF_LVCMOS15_S_8
	IOBUF_SSTL2_II_DCI
	RAMB16_S4_S4
	OBUFDS_LVDSEXT_25
	OBUFT_F_6
	IOBUF_LVCMOS18_S_16
	OBUF_LVCMOS15_F_4
	OBUF_LVCMOS33_S_16
	OBUFT_F_4
	AND3B1
	FIFO36
	PLL_BASE
	OBUF_F_24
	CAPTURE_SPARTAN3
	IBUF_LVDCI_15
	IOBUF_PCI33_5
	NAND2
	OBUFTDS_LVPECL_33
	OBUFT_LVCMOS33_S_4
	OBUF_LVCMOS25_F_16
	OBUFT_HSTL_II_DCI_18
	IBUFG_LVDCI_33
	NAND3B3
	CLKDLLE
	LUT6_D
	OR2
	NOR2B1
	IBUF_HSTL_II
	OR5B5
	IBUFGDS_DIFF_OUT
	IOBUFDS_BLVDS_25
	IBUFGDS_LVPECL_33
	OBUFT_LVCMOS18
	OBUF_LVCMOS25_F_4
	IOBUF_LVCMOS15_F_12
	IOBUF_LVCMOS12_S_4
	FIFO36_72
	IOBUF_SSTL3_II
	OBUF_F_16
	OBUFT_LVCMOS33_F_2
	OR5B4
	FD
	ROM64X1
	OBUF_SSTL2_I
	NAND5B2
	IOBUF_LVCMOS33_S_8
	OBUFT_LVCMOS33_F_4
	IBUF_LVCMOS12
	OBUF_HSTL_I
	OBUFT_HSTL_I_18
	OBUFT_LVCMOS15_S_6
	OBUF_HSTL_III
	IOBUF_LVCMOS15_F_16
	OBUF_LVCMOS18_S_6
	IOBUF_LVCMOS33_F_6
	AND3B3
	OBUF_LVCMOS15_S_6
	IBUFDS_LVPECL_33
	IBUF_SSTL18_II_DCI
	ODDR2
	OBUF_LVTTL_S_6
	OBUFT_LVCMOS12_S_2
	MUXF7_L
	OBUFT_LVTTL_F_4
	OBUF_LVCMOS12
	OBUFT_LVCMOS18_F_2
	OBUFT_LVCMOS15_S_8
	RAMB16_S1_S1
	IOBUF_LVTTL_S_16
	AND4B1
	ROM256X1
	IBUFG_CTT
	DSP48E
	IBUF_HSTL_IV_18
	IOBUF_LVCMOS25_S_16
	OBUF_HSTL_II_18
	IOBUF_LVTTL
	IBUFG_HSTL_II
	IBUF_HSTL_I_DCI
	XNOR5
	OBUF_HSTL_IV_DCI
	IOBUF_S_4
	IOBUF_LVCMOS33_F_12
	OBUF_HSTL_I_DCI_18
	IOBUF_LVTTL_S_6
	OBUFT_LVTTL_F_24
	IOBUF_LVTTL_F_8
	OBUFT_LVCMOS12_F_8
	OBUFT_CTT
	IBUFG_HSTL_IV_DCI_18
	FDSE_1
	OBUF_LVDS
	OBUFT_PCIX66_3
	OBUFT_LVDCI_DV2_33
	LDE
	OBUFT_LVCMOS33_F_12
	RAM16X2S
	IBUFG_SSTL3_II
	AND4
	RAM16X1D_1
	IBUF_HSTL_I
	OR2B2
	LDPE_1
	OBUFT_HSTL_III_18
	OBUFT_LVCMOS25_S_12
	FDE
	RAMB8BWER
	IOBUF_SSTL3_I
	NOR4B3
	RAM16X1D
	IOBUF_LVCMOS15_S_16
	IBUF_LVDCI_25
	OBUFT_LVTTL_F_2
	XORCY_D
	OBUF_LVDCI_DV2_25
	RAMB16_S2_S2
	OBUF_LVCMOS18_S_12
	NAND5B5
	IBUFGDS_LVDS_25_DCI
	IBUFG_LVDCI_DV2_33
	RAMB18
	OBUFT_LVCMOS25_F_6
	OBUF_LVCMOS12_F_2
	OBUFT_HSTL_IV_18
	IBUF_SSTL18_I
	OBUFT_LVDCI_33
	OBUF_GTL
	IBUFG_PCI33_3
	OBUF_LVTTL_S_12
	IBUF_PCIX
	OBUFT_LVCMOS18_F_6
	IBUFG_GTLP_DCI
	IOBUF_LVCMOS25
	OBUF_LVCMOS33_S_4
	IODELAY
	OBUF_F_12
	OR4B1
	OBUF_LVTTL
	IBUF_PCI66_3
	IBUF_PCI33_3
	IOBUF_S_8
	OBUF_LVCMOS15_F_16
	MMCM_BASE
	OBUF_LVDCI_DV2_15
	OBUF_S_2
	NOR4B1
	IOBUF_LVTTL_S_2
	IBUFG_SSTL2_I
	OBUF_LVTTL_F_4
	RAMB16_S36
	OR3B1
	RAM16X8S
	OBUF_LVCMOS25_F_12
	RAMB16_S18_S18
	MULT18X18SIO
	NOR4
	AMS_ADC
	OBUFTDS_LVDSEXT_25
	IBUFGDS_LVDSEXT_25_DCI
	IOBUF_F_4
	FDP
	OBUFTDS_BLVDS_25
	IOBUF_LVCMOS33_S_16
	DSP48
	RAMB16BWE_S36_S18
	IBUFDS_LVDS_33_DCI
	IOBUF_LVCMOS12
	OBUFT_SSTL3_II_DCI
	OBUF_LVCMOS15_F_8
	IBUFG_SSTL18_II
	OBUF_PCIX66_3
	OBUFT_SSTL2_I
	IBUF_HSTL_III_DCI
	IBUF_SSTL3_II
	OBUF_SSTL3_II_DCI
	FDRS
	IBUF_SSTL3_II_DCI
	OBUFT_PCIX
	IOBUF_CTT
	IBUFDS_LVDSEXT_25
	OBUF_LVCMOS33_F_6
	SRL16_1
	IBUFDS_GTXE1
	OBUFT_LVCMOS25_F_8
	BSCAN_SPARTAN3
	IOBUF_LVCMOS15_S_4
	IOBUF_LVCMOS15_F_8
	NAND5B1
	OBUF_S_24
	OBUFDS_LVDS_33
	OBUFT_GTLP
	OBUFT_LVCMOS12_F_2
	MUXF6_D
	OBUF_LVCMOS33_S_2
	OR4B3
	TEMAC_SINGLE
	OBUFT_F_24
	OBUF_HSTL_I_18
	IBUF_HSTL_III_DCI_18
	OR4
	XNOR4
	RAMB16_S9_S18
	NOR5B4
	IOBUF_LVCMOS18_S_8
	LDCPE_1
	IOBUF_LVCMOS15_F_2
End time: 11:23:38 on Jul 13,2023, Elapsed time: 0:00:06
Errors: 0, Warnings: 0
QuestaSim-64 vlog 2021.2_1 Compiler 2021.05 May 15 2021
Start time: 11:23:38 on Jul 13,2023
vlog -source -64 -sv -svinputport=relaxed -work unisims_ver -f /home/binhkieudo/Workspace/XRPIX/serv/build/servant_1.2.1/nexys_a7-vivado/servant_1.2.1.cache/compile_simlib/questa/unisims_ver/.cxl.systemverilog.unisim.unisims_ver.lin64.cmf 
-- Compiling module HSADC
-- Compiling module HSDAC
-- Compiling module RFDAC
-- Compiling module RFADC
-- Compiling module GTM_DUAL
-- Compiling module URAM288E5
-- Compiling module URAM288E5_BASE
-- Compiling module GTME5_QUAD

Top level modules:
	HSADC
	HSDAC
	RFDAC
	RFADC
	GTM_DUAL
	URAM288E5
	URAM288E5_BASE
	GTME5_QUAD
End time: 11:23:38 on Jul 13,2023, Elapsed time: 0:00:00
Errors: 0, Warnings: 0
