INFO: [VRFC 10-2263] Analyzing Verilog file "/home/binhkieudo/Workspace/XRPIX/serv/build/servant_1.2.1/src/serv_1.2.1/rtl/serv_alu.v" into library xil_defaultlib
INFO: [VRFC 10-311] analyzing module serv_alu
INFO: [VRFC 10-2263] Analyzing Verilog file "/home/binhkieudo/Workspace/XRPIX/serv/build/servant_1.2.1/src/serv_1.2.1/rtl/serv_bufreg.v" into library xil_defaultlib
INFO: [VRFC 10-311] analyzing module serv_bufreg
INFO: [VRFC 10-2263] Analyzing Verilog file "/home/binhkieudo/Workspace/XRPIX/serv/build/servant_1.2.1/src/serv_1.2.1/rtl/serv_bufreg2.v" into library xil_defaultlib
INFO: [VRFC 10-311] analyzing module serv_bufreg2
INFO: [VRFC 10-2263] Analyzing Verilog file "/home/binhkieudo/Workspace/XRPIX/serv/build/servant_1.2.1/src/serv_1.2.1/rtl/serv_csr.v" into library xil_defaultlib
INFO: [VRFC 10-311] analyzing module serv_csr
INFO: [VRFC 10-2263] Analyzing Verilog file "/home/binhkieudo/Workspace/XRPIX/serv/build/servant_1.2.1/src/serv_1.2.1/rtl/serv_ctrl.v" into library xil_defaultlib
INFO: [VRFC 10-311] analyzing module serv_ctrl
INFO: [VRFC 10-2263] Analyzing Verilog file "/home/binhkieudo/Workspace/XRPIX/serv/build/servant_1.2.1/src/serv_1.2.1/rtl/serv_decode.v" into library xil_defaultlib
INFO: [VRFC 10-311] analyzing module serv_decode
INFO: [VRFC 10-2263] Analyzing Verilog file "/home/binhkieudo/Workspace/XRPIX/serv/build/servant_1.2.1/src/serv_1.2.1/rtl/serv_immdec.v" into library xil_defaultlib
INFO: [VRFC 10-311] analyzing module serv_immdec
INFO: [VRFC 10-2263] Analyzing Verilog file "/home/binhkieudo/Workspace/XRPIX/serv/build/servant_1.2.1/src/serv_1.2.1/rtl/serv_mem_if.v" into library xil_defaultlib
INFO: [VRFC 10-311] analyzing module serv_mem_if
INFO: [VRFC 10-2263] Analyzing Verilog file "/home/binhkieudo/Workspace/XRPIX/serv/build/servant_1.2.1/src/serv_1.2.1/rtl/serv_rf_if.v" into library xil_defaultlib
INFO: [VRFC 10-311] analyzing module serv_rf_if
INFO: [VRFC 10-2263] Analyzing Verilog file "/home/binhkieudo/Workspace/XRPIX/serv/build/servant_1.2.1/src/serv_1.2.1/rtl/serv_rf_ram.v" into library xil_defaultlib
INFO: [VRFC 10-311] analyzing module serv_rf_ram
INFO: [VRFC 10-2263] Analyzing Verilog file "/home/binhkieudo/Workspace/XRPIX/serv/build/servant_1.2.1/src/serv_1.2.1/rtl/serv_rf_ram_if.v" into library xil_defaultlib
INFO: [VRFC 10-311] analyzing module serv_rf_ram_if
INFO: [VRFC 10-2263] Analyzing Verilog file "/home/binhkieudo/Workspace/XRPIX/serv/build/servant_1.2.1/src/serv_1.2.1/rtl/serv_rf_top.v" into library xil_defaultlib
INFO: [VRFC 10-311] analyzing module serv_rf_top
INFO: [VRFC 10-2263] Analyzing Verilog file "/home/binhkieudo/Workspace/XRPIX/serv/build/servant_1.2.1/src/serv_1.2.1/rtl/serv_state.v" into library xil_defaultlib
INFO: [VRFC 10-311] analyzing module serv_state
INFO: [VRFC 10-2263] Analyzing Verilog file "/home/binhkieudo/Workspace/XRPIX/serv/build/servant_1.2.1/src/serv_1.2.1/rtl/serv_top.v" into library xil_defaultlib
INFO: [VRFC 10-311] analyzing module serv_top
INFO: [VRFC 10-2263] Analyzing Verilog file "/home/binhkieudo/Workspace/XRPIX/serv/build/servant_1.2.1/src/servant_1.2.1/servant/servant.v" into library xil_defaultlib
INFO: [VRFC 10-311] analyzing module servant
INFO: [VRFC 10-2263] Analyzing Verilog file "/home/binhkieudo/Workspace/XRPIX/serv/build/servant_1.2.1/src/servant_1.2.1/servant/servant_arbiter.v" into library xil_defaultlib
INFO: [VRFC 10-311] analyzing module servant_arbiter
INFO: [VRFC 10-2263] Analyzing Verilog file "/home/binhkieudo/Workspace/XRPIX/serv/build/servant_1.2.1/src/servant_1.2.1/servant/servant_gpio.v" into library xil_defaultlib
INFO: [VRFC 10-311] analyzing module servant_gpio
INFO: [VRFC 10-2263] Analyzing Verilog file "/home/binhkieudo/Workspace/XRPIX/serv/build/servant_1.2.1/src/servant_1.2.1/servant/servant_mux.v" into library xil_defaultlib
INFO: [VRFC 10-311] analyzing module servant_mux
INFO: [VRFC 10-2263] Analyzing Verilog file "/home/binhkieudo/Workspace/XRPIX/serv/build/servant_1.2.1/src/servant_1.2.1/servant/servant_ram.v" into library xil_defaultlib
INFO: [VRFC 10-311] analyzing module servant_ram
INFO: [VRFC 10-2263] Analyzing Verilog file "/home/binhkieudo/Workspace/XRPIX/serv/build/servant_1.2.1/src/servant_1.2.1/servant/servant_timer.v" into library xil_defaultlib
INFO: [VRFC 10-311] analyzing module servant_timer
