QuestaSim-64 vmap 2021.2_1 Lib Mapping Utility 2021.05 May 15 2021
vmap tmr_voter_v1_0_4 /home/binhkieudo/Workspace/XRPIX/serv/build/servant_1.2.1/nexys_a7-vivado/servant_1.2.1.cache/compile_simlib/questa/tmr_voter_v1_0_4 
Modifying modelsim.ini
QuestaSim-64 vcom 2021.2_1 Compiler 2021.05 May 15 2021
Start time: 11:28:48 on Jul 13,2023
vcom -64 -93 -work tmr_voter_v1_0_4 -f /home/binhkieudo/Workspace/XRPIX/serv/build/servant_1.2.1/nexys_a7-vivado/servant_1.2.1.cache/compile_simlib/questa/tmr_voter_v1_0_4/.cxl.vhdl.tmr_voter_v1_0_4.tmr_voter_v1_0_4.lin64.cmf 
-- Loading package STANDARD
-- Loading package TEXTIO
-- Loading package std_logic_1164
-- Compiling entity temporal_bit
-- Compiling architecture IMP of temporal_bit
-- Compiling entity temporal_vec
-- Loading entity temporal_bit
-- Compiling architecture IMP of temporal_vec
-- Compiling entity Voter
-- Compiling architecture IMP of Voter
-- Loading entity Voter
-- Compiling entity lmb_voter
-- Compiling architecture imp of lmb_voter
-- Compiling entity s_lmb_voter
-- Compiling architecture imp of s_lmb_voter
-- Compiling entity bram_voter
-- Compiling architecture imp of bram_voter
-- Compiling entity m_bram_voter
-- Compiling architecture imp of m_bram_voter
-- Compiling entity axi_voter
-- Compiling architecture imp of axi_voter
-- Compiling entity s_axi_voter
-- Compiling architecture imp of s_axi_voter
-- Compiling entity s_axis_voter
-- Compiling architecture imp of s_axis_voter
-- Compiling entity m_axis_voter
-- Compiling architecture imp of m_axis_voter
-- Compiling entity trace_voter
-- Compiling architecture imp of trace_voter
-- Compiling entity interrupt_voter
-- Compiling architecture imp of interrupt_voter
-- Compiling entity Comparator
-- Compiling architecture IMP of Comparator
-- Compiling entity lmb_comparator
-- Compiling architecture imp of lmb_comparator
-- Loading entity Comparator
-- Compiling entity s_lmb_comparator
-- Compiling architecture imp of s_lmb_comparator
-- Compiling entity bram_comparator
-- Compiling architecture imp of bram_comparator
-- Compiling entity axi_comparator
-- Compiling architecture imp of axi_comparator
-- Compiling entity s_axi_comparator
-- Compiling architecture imp of s_axi_comparator
-- Compiling entity s_axis_comparator
-- Compiling architecture imp of s_axis_comparator
-- Compiling entity m_axis_comparator
-- Compiling architecture imp of m_axis_comparator
-- Compiling entity trace_comparator
-- Compiling architecture imp of trace_comparator
-- Compiling entity interrupt_comparator
-- Compiling architecture imp of interrupt_comparator
-- Compiling entity tmr_test
-- Compiling architecture imp of tmr_test
-- Compiling entity tmr_comparator
-- Compiling architecture imp of tmr_comparator
-- Loading entity lmb_comparator
-- Loading entity lmb_voter
-- Loading entity s_lmb_comparator
-- Loading entity s_lmb_voter
-- Loading entity bram_comparator
-- Loading entity bram_voter
-- Loading entity axi_comparator
-- Loading entity axi_voter
-- Loading entity s_axi_comparator
-- Loading entity s_axi_voter
-- Loading entity m_axis_comparator
-- Loading entity m_axis_voter
-- Loading entity s_axis_comparator
-- Loading entity s_axis_voter
-- Loading entity trace_comparator
-- Loading entity trace_voter
-- Loading entity interrupt_comparator
-- Loading entity interrupt_voter
-- Loading entity tmr_test
-- Compiling entity tmr_voter
-- Compiling architecture imp of tmr_voter
-- Loading entity m_bram_voter
-- Loading entity tmr_comparator
End time: 11:28:48 on Jul 13,2023, Elapsed time: 0:00:00
Errors: 0, Warnings: 0
