QuestaSim-64 vmap 2021.2_1 Lib Mapping Utility 2021.05 May 15 2021
vmap axi_ethernetlite_v3_0_26 /home/binhkieudo/Workspace/XRPIX/serv/build/servant_1.2.1/nexys_a7-vivado/servant_1.2.1.cache/compile_simlib/questa/axi_ethernetlite_v3_0_26 
Modifying modelsim.ini
QuestaSim-64 vcom 2021.2_1 Compiler 2021.05 May 15 2021
Start time: 11:34:10 on Jul 13,2023
vcom -64 -93 -work axi_ethernetlite_v3_0_26 -f /home/binhkieudo/Workspace/XRPIX/serv/build/servant_1.2.1/nexys_a7-vivado/servant_1.2.1.cache/compile_simlib/questa/axi_ethernetlite_v3_0_26/.cxl.vhdl.axi_ethernetlite_v3_0_26.axi_ethernetlite_v3_0_26.lin64.cmf 
-- Loading package STANDARD
-- Loading package TEXTIO
-- Loading package std_logic_1164
-- Compiling entity ld_arith_reg
-- Loading package NUMERIC_STD
-- Compiling architecture imp of ld_arith_reg
-- Compiling entity mux_onehot_f
-- Compiling architecture imp of mux_onehot_f
-- Compiling package mac_pkg
-- Compiling package body mac_pkg
-- Loading package mac_pkg
-- Loading package std_logic_arith
-- Loading package STD_LOGIC_UNSIGNED
-- Loading package mac_pkg
-- Compiling entity lfsr16
-- Compiling architecture imp of lfsr16
-- Compiling entity defer_state
-- Compiling architecture implementation of defer_state
-- Compiling entity crcnibshiftreg
-- Compiling architecture implementation of crcnibshiftreg
-- Compiling entity cntr5bit
-- Compiling architecture implementation of cntr5bit
-- Compiling entity tx_statemachine
-- Compiling architecture implementation of tx_statemachine
-- Loading entity cntr5bit
-- Compiling entity tx_intrfce
-- Compiling architecture implementation of tx_intrfce
-- Loading package ATTRIBUTES
-- Loading package std_logic_misc
-- Loading package VCOMPONENTS
-- Loading entity async_fifo_fg
-- Loading entity cdc_sync
-- Compiling entity rx_statemachine
-- Compiling architecture imp of rx_statemachine
-- Compiling entity rx_intrfce
-- Compiling architecture implementation of rx_intrfce
-- Compiling entity ram16x4
-- Compiling architecture imp of ram16x4
-- Compiling entity msh_cnt
-- Compiling architecture imp of msh_cnt
-- Compiling entity deferral
-- Compiling architecture implementation of deferral
-- Loading entity defer_state
-- Compiling entity crcgentx
-- Compiling architecture arch1 of crcgentx
-- Loading entity crcnibshiftreg
-- Compiling entity crcgenrx
-- Compiling architecture arch1 of crcgenrx
-- Compiling entity bocntr
-- Compiling architecture implementation of bocntr
-- Loading entity lfsr16
-- Compiling entity transmit
-- Compiling architecture imp of transmit
-- Loading entity crcgentx
-- Loading entity tx_intrfce
-- Loading entity mux_onehot_f
-- Loading entity ld_arith_reg
-- Loading entity tx_statemachine
-- Loading entity deferral
-- Loading entity msh_cnt
-- Loading entity bocntr
-- Compiling entity receive
-- Compiling architecture imp of receive
-- Loading entity rx_statemachine
-- Loading entity rx_intrfce
-- Loading entity crcgenrx
-- Compiling entity MacAddrRAM
-- Compiling architecture imp of MacAddrRAM
-- Loading entity ram16x4
-- Compiling entity mdio_if
-- Compiling architecture imp of mdio_if
-- Compiling entity emac_dpram
-- Compiling architecture imp of emac_dpram
-- Loading entity blk_mem_gen_wrapper
-- Compiling entity emac
-- Compiling architecture imp of emac
-- Loading entity receive
-- Loading entity transmit
-- Loading entity MacAddrRAM
-- Compiling entity xemac
-- Compiling architecture imp of xemac
-- Loading entity emac
-- Loading entity emac_dpram
-- Loading entity mdio_if
-- Compiling entity axi_interface
-- Compiling architecture rtl of axi_interface
-- Loading entity axi_interface
-- Compiling entity axi_ethernetlite
-- Compiling architecture imp of axi_ethernetlite
-- Loading entity xemac
End time: 11:34:11 on Jul 13,2023, Elapsed time: 0:00:01
Errors: 0, Warnings: 0
