QuestaSim-64 vmap 2021.2_1 Lib Mapping Utility 2021.05 May 15 2021
vmap noc2_xbr2x4_v1_0_0 /home/binhkieudo/Workspace/XRPIX/serv/build/servant_1.2.1/nexys_a7-vivado/servant_1.2.1.cache/compile_simlib/questa/noc2_xbr2x4_v1_0_0 
Modifying modelsim.ini
QuestaSim-64 vlog 2021.2_1 Compiler 2021.05 May 15 2021
Start time: 11:28:22 on Jul 13,2023
vlog -64 -L noc2_xbr2x4_v1_0_0 "+incdir+/home/binhkieudo/Workspace/XRPIX/serv/build/servant_1.2.1/nexys_a7-vivado/.cxl.ip/incl" -sv -svinputport=relaxed -work noc2_xbr2x4_v1_0_0 -f /home/binhkieudo/Workspace/XRPIX/serv/build/servant_1.2.1/nexys_a7-vivado/servant_1.2.1.cache/compile_simlib/questa/noc2_xbr2x4_v1_0_0/.cxl.systemverilog.noc2_xbr2x4_v1_0_0.noc2_xbr2x4_v1_0_0.lin64.cmf 
-- Compiling package noc2_xbr2x4_v1_0_vl_rfs_sv_unit
** Warning: /tools/Xilinx/Vivado/2022.2/data/ip/xilinx/noc2_xbr2x4_v1_0/hdl/noc2_xbr2x4_v1_0_vl_rfs.sv(87): (vlog-2240) Treating stand-alone use of function 'assert_dest_id' as an implicit VOID cast.
** Warning: /tools/Xilinx/Vivado/2022.2/data/ip/xilinx/noc2_xbr2x4_v1_0/hdl/noc2_xbr2x4_v1_0_vl_rfs.sv(87): (vlog-2240) Treating stand-alone use of function 'send_req_to_ipa' as an implicit VOID cast.
** Warning: /tools/Xilinx/Vivado/2022.2/data/ip/xilinx/noc2_xbr2x4_v1_0/hdl/noc2_xbr2x4_v1_0_vl_rfs.sv(87): (vlog-2240) Treating stand-alone use of function 'update' as an implicit VOID cast.
** Warning: /tools/Xilinx/Vivado/2022.2/data/ip/xilinx/noc2_xbr2x4_v1_0/hdl/noc2_xbr2x4_v1_0_vl_rfs.sv(87): (vlog-2240) Treating stand-alone use of function 'arbitration_aom' as an implicit VOID cast.
** Warning: /tools/Xilinx/Vivado/2022.2/data/ip/xilinx/noc2_xbr2x4_v1_0/hdl/noc2_xbr2x4_v1_0_vl_rfs.sv(87): (vlog-2240) Treating stand-alone use of function 'update_registers' as an implicit VOID cast.
** Warning: /tools/Xilinx/Vivado/2022.2/data/ip/xilinx/noc2_xbr2x4_v1_0/hdl/noc2_xbr2x4_v1_0_vl_rfs.sv(87): (vlog-2240) Treating stand-alone use of function 'grant' as an implicit VOID cast.
** Warning: /tools/Xilinx/Vivado/2022.2/data/ip/xilinx/noc2_xbr2x4_v1_0/hdl/noc2_xbr2x4_v1_0_vl_rfs.sv(87): (vlog-2240) Treating stand-alone use of function 'update_registers' as an implicit VOID cast.
** Warning: /tools/Xilinx/Vivado/2022.2/data/ip/xilinx/noc2_xbr2x4_v1_0/hdl/noc2_xbr2x4_v1_0_vl_rfs.sv(87): (vlog-2240) Treating stand-alone use of function 'arb' as an implicit VOID cast.
** Warning: /home/binhkieudo/Workspace/XRPIX/serv/build/servant_1.2.1/nexys_a7-vivado/.cxl.ip/incl/bfm_noc2_xbr2x4_regs_config_assignments.vh(87): (vlog-2583) [SVCHK] - Extra checking for conflicts with always_comb and always_latch variables is done at vopt time.
** Warning: /home/binhkieudo/Workspace/XRPIX/serv/build/servant_1.2.1/nexys_a7-vivado/.cxl.ip/incl/bfm_noc2_xbr2x4_regs_config_assignments.vh(87): (vlog-2583) [SVCHK] - Extra checking for conflicts with always_comb and always_latch variables is done at vopt time.
** Warning: /home/binhkieudo/Workspace/XRPIX/serv/build/servant_1.2.1/nexys_a7-vivado/.cxl.ip/incl/bfm_noc2_xbr2x4_regs_config_assignments.vh(87): (vlog-2583) [SVCHK] - Extra checking for conflicts with always_comb and always_latch variables is done at vopt time.
** Warning: /home/binhkieudo/Workspace/XRPIX/serv/build/servant_1.2.1/nexys_a7-vivado/.cxl.ip/incl/bfm_noc2_xbr2x4_regs_config_assignments.vh(87): (vlog-2583) [SVCHK] - Extra checking for conflicts with always_comb and always_latch variables is done at vopt time.
** Warning: /home/binhkieudo/Workspace/XRPIX/serv/build/servant_1.2.1/nexys_a7-vivado/.cxl.ip/incl/bfm_noc2_xbr2x4_regs_config_assignments.vh(87): (vlog-2583) [SVCHK] - Extra checking for conflicts with always_comb and always_latch variables is done at vopt time.
** Warning: /home/binhkieudo/Workspace/XRPIX/serv/build/servant_1.2.1/nexys_a7-vivado/.cxl.ip/incl/bfm_noc2_xbr2x4_regs_config_assignments.vh(87): (vlog-2583) [SVCHK] - Extra checking for conflicts with always_comb and always_latch variables is done at vopt time.
** Warning: /home/binhkieudo/Workspace/XRPIX/serv/build/servant_1.2.1/nexys_a7-vivado/.cxl.ip/incl/bfm_noc2_xbr2x4_regs_config_assignments.vh(87): (vlog-2583) [SVCHK] - Extra checking for conflicts with always_comb and always_latch variables is done at vopt time.
** Warning: /home/binhkieudo/Workspace/XRPIX/serv/build/servant_1.2.1/nexys_a7-vivado/.cxl.ip/incl/bfm_noc2_xbr2x4_regs_config_assignments.vh(87): (vlog-2583) [SVCHK] - Extra checking for conflicts with always_comb and always_latch variables is done at vopt time.

Top level modules:
End time: 11:28:22 on Jul 13,2023, Elapsed time: 0:00:00
Errors: 0, Warnings: 16
