QuestaSim-64 vmap 2021.2_1 Lib Mapping Utility 2021.05 May 15 2021
vmap debug_tcp_server_v1 /home/binhkieudo/Workspace/XRPIX/serv/build/servant_1.2.1/nexys_a7-vivado/servant_1.2.1.cache/compile_simlib/questa/debug_tcp_server_v1 
Modifying modelsim.ini
In file included from /tools/Xilinx/Vivado/2022.2/data/systemc/simlibs/debug_tcp_server/debug_tcp_server_v1/src/RdWrTCPSocket.cpp:54:0:
/tools/Xilinx/Vivado/2022.2/data/systemc/simlibs/debug_tcp_server/debug_tcp_server_v1/include/RdWrTCPSocket.h: In constructor 'RdWrTCPSocket::RdWrTCPSocket(short unsigned int)':
/tools/Xilinx/Vivado/2022.2/data/systemc/simlibs/debug_tcp_server/debug_tcp_server_v1/include/RdWrTCPSocket.h:155:8: warning: 'RdWrTCPSocket::WrDataToSlave' will be initialized after [-Wreorder]
  char *WrDataToSlave;
        ^~~~~~~~~~~~~
/tools/Xilinx/Vivado/2022.2/data/systemc/simlibs/debug_tcp_server/debug_tcp_server_v1/include/RdWrTCPSocket.h:147:19: warning:   'addrinfo* RdWrTCPSocket::res' [-Wreorder]
  struct addrinfo *res;
                   ^~~
/tools/Xilinx/Vivado/2022.2/data/systemc/simlibs/debug_tcp_server/debug_tcp_server_v1/src/RdWrTCPSocket.cpp:65:1: warning:   when initialized here [-Wreorder]
 RdWrTCPSocket::RdWrTCPSocket(unsigned short int tcp_port) :
 ^~~~~~~~~~~~~
In file included from /tools/Xilinx/Vivado/2022.2/data/systemc/simlibs/debug_tcp_server/debug_tcp_server_v1/src/RdWrTCPSocket.cpp:54:0:
/tools/Xilinx/Vivado/2022.2/data/systemc/simlibs/debug_tcp_server/debug_tcp_server_v1/include/RdWrTCPSocket.h:150:6: warning: 'RdWrTCPSocket::newfd' will be initialized after [-Wreorder]
  int newfd;
      ^~~~~
/tools/Xilinx/Vivado/2022.2/data/systemc/simlibs/debug_tcp_server/debug_tcp_server_v1/include/RdWrTCPSocket.h:148:6: warning:   'int RdWrTCPSocket::sockfd' [-Wreorder]
  int sockfd;
      ^~~~~~
/tools/Xilinx/Vivado/2022.2/data/systemc/simlibs/debug_tcp_server/debug_tcp_server_v1/src/RdWrTCPSocket.cpp:65:1: warning:   when initialized here [-Wreorder]
 RdWrTCPSocket::RdWrTCPSocket(unsigned short int tcp_port) :
 ^~~~~~~~~~~~~
/tools/Xilinx/Vivado/2022.2/data/systemc/simlibs/debug_tcp_server/debug_tcp_server_v1/src/RdWrTCPSocket.cpp: In member function 'void RdWrTCPSocket::DataTransfer()':
/tools/Xilinx/Vivado/2022.2/data/systemc/simlibs/debug_tcp_server/debug_tcp_server_v1/src/RdWrTCPSocket.cpp:329:24: warning: comparison between signed and unsigned integer expressions [-Wsign-compare]
      for (int i = 0; i < (request.DataLength); i++) {
                      ~~^~~~~~~~~~~~~~~~~~~~~~
/tools/Xilinx/Vivado/2022.2/data/systemc/simlibs/debug_tcp_server/debug_tcp_server_v1/src/RdWrTCPSocket.cpp: In member function 'void RdWrTCPSocket::setMembers(const std::vector<std::__cxx11::basic_string<char> >&)':
/tools/Xilinx/Vivado/2022.2/data/systemc/simlibs/debug_tcp_server/debug_tcp_server_v1/src/RdWrTCPSocket.cpp:444:29: warning: comparison between signed and unsigned integer expressions [-Wsign-compare]
    for (int i = 0, j = 0; i < (CmdElems[2].length() );
                           ~~^~~~~~~~~~~~~~~~~~~~~~~~~
/tools/Xilinx/Vivado/2022.2/data/systemc/simlibs/debug_tcp_server/debug_tcp_server_v1/src/RdWrTCPSocket.cpp:473:17: warning: comparison between signed and unsigned integer expressions [-Wsign-compare]
     if ((i + 1) < (CmdElems[2].length())) {
         ~~~~~~~~^~~~~~~~~~~~~~~~~~~~~~~~
/tools/Xilinx/Vivado/2022.2/data/systemc/simlibs/debug_tcp_server/debug_tcp_server_v1/src/RdWrTCPSocket.cpp:442:16: warning: unused variable 'StartWrData' [-Wunused-variable]
    const char *StartWrData = CmdElems[2].c_str();
                ^~~~~~~~~~~
/tools/questasim/gcc-7.4.0-linux_x86_64/bin/../libexec/gcc/x86_64-pc-linux-gnu/7.4.0/ld: cannot find crti.o: No such file or directory
/tools/questasim/gcc-7.4.0-linux_x86_64/bin/../libexec/gcc/x86_64-pc-linux-gnu/7.4.0/ld: cannot find -lm
collect2: error: ld returned 1 exit status
