QuestaSim-64 vmap 2021.2_1 Lib Mapping Utility 2021.05 May 15 2021
vmap v_smpte_uhdsdi_tx_v1_0_2 /home/binhkieudo/Workspace/XRPIX/serv/build/servant_1.2.1/nexys_a7-vivado/servant_1.2.1.cache/compile_simlib/questa/v_smpte_uhdsdi_tx_v1_0_2 
Modifying modelsim.ini
QuestaSim-64 vlog 2021.2_1 Compiler 2021.05 May 15 2021
Start time: 11:30:14 on Jul 13,2023
vlog -64 "+incdir+/home/binhkieudo/Workspace/XRPIX/serv/build/servant_1.2.1/nexys_a7-vivado/.cxl.ip/incl" -work v_smpte_uhdsdi_tx_v1_0_2 -f /home/binhkieudo/Workspace/XRPIX/serv/build/servant_1.2.1/nexys_a7-vivado/servant_1.2.1.cache/compile_simlib/questa/v_smpte_uhdsdi_tx_v1_0_2/.cxl.verilog.v_smpte_uhdsdi_tx_v1_0_2.v_smpte_uhdsdi_tx_v1_0_2.lin64.cmf 
-- Compiling module v_smpte_uhdsdi_tx_v1_0_2_edh_anc_rx
-- Compiling module v_smpte_uhdsdi_tx_v1_0_2_edh_flags
-- Compiling module v_smpte_uhdsdi_tx_v1_0_2_edh_loc
-- Compiling module v_smpte_uhdsdi_tx_v1_0_2_edh_processor
-- Compiling module v_smpte_uhdsdi_tx_v1_0_2_mux
-- Compiling module v_smpte_uhdsdi_tx_v1_0_2_bitrep_20b
-- Compiling module v_smpte_uhdsdi_tx_v1_0_2_edh_video_decode
-- Compiling module v_smpte_uhdsdi_tx_v1_0_2_edh_autodetect
-- Compiling module v_smpte_uhdsdi_tx_v1_0_2_edh_tx
-- Compiling module v_smpte_uhdsdi_tx_v1_0_2_edh_rx
-- Compiling module v_smpte_uhdsdi_tx_v1_0_2_channel
-- Compiling module v_smpte_uhdsdi_tx_v1_0_2_output
-- Compiling module v_smpte_uhdsdi_tx_v1_0_2_syncbit_insert
-- Compiling module v_smpte_uhdsdi_tx_v1_0_2_trsgen
-- Compiling module v_smpte_uhdsdi_tx_v1_0_2_crc2
-- Compiling module v_smpte_uhdsdi_tx_v1_0_2_insert_crc
-- Compiling module v_smpte_uhdsdi_tx_v1_0_2_scrambler
-- Compiling module v_smpte_uhdsdi_tx_v1_0_2_edh_crc16
-- Compiling module v_smpte_uhdsdi_tx_v1_0_2_st352_pid_insert
-- Compiling module v_smpte_uhdsdi_tx_v1_0_2_edh_trs_detect
-- Compiling module v_smpte_uhdsdi_tx_v1_0_2_edh_fly_horz
-- Compiling module v_smpte_uhdsdi_tx_v1_0_2_insert_ln
-- Compiling module v_smpte_uhdsdi_tx_v1_0_2_edh_fly_fsm
-- Compiling module v_smpte_uhdsdi_tx_v1_0_2_s00_axi
-- Compiling module v_smpte_uhdsdi_tx_v1_0_2_edh_errcnt
-- Compiling module v_smpte_uhdsdi_tx_v1_0_2_edh_crc
-- Compiling module v_smpte_uhdsdi_tx_v1_0_2_edh_flywheel
-- Compiling module v_smpte_uhdsdi_tx_v1_0_2_encoder
-- Compiling module v_smpte_uhdsdi_tx_v1_0_2_hdr_pkt_mux
-- Compiling module v_smpte_uhdsdi_tx_v1_0_2_hdr_embedd
-- Compiling module v_smpte_uhdsdi_tx_v1_0_2_hdr_anc_det
-- Compiling module v_smpte_uhdsdi_tx_v1_0_2_edh_fly_vert
-- Compiling module v_smpte_uhdsdi_tx_v1_0_2_edh_fly_field
-- Compiling module v_smpte_uhdsdi_tx_v1_0_2_tx
-- Compiling module v_smpte_uhdsdi_tx_v1_0_2

Top level modules:
	v_smpte_uhdsdi_tx_v1_0_2
End time: 11:30:14 on Jul 13,2023, Elapsed time: 0:00:00
Errors: 0, Warnings: 0
