QuestaSim-64 vmap 2021.2_1 Lib Mapping Utility 2021.05 May 15 2021
vmap v_smpte_uhdsdi_rx_v1_0_1 /home/binhkieudo/Workspace/XRPIX/serv/build/servant_1.2.1/nexys_a7-vivado/servant_1.2.1.cache/compile_simlib/questa/v_smpte_uhdsdi_rx_v1_0_1 
Modifying modelsim.ini
QuestaSim-64 vlog 2021.2_1 Compiler 2021.05 May 15 2021
Start time: 11:29:31 on Jul 13,2023
vlog -64 "+incdir+/home/binhkieudo/Workspace/XRPIX/serv/build/servant_1.2.1/nexys_a7-vivado/.cxl.ip/incl" -work v_smpte_uhdsdi_rx_v1_0_1 -f /home/binhkieudo/Workspace/XRPIX/serv/build/servant_1.2.1/nexys_a7-vivado/servant_1.2.1.cache/compile_simlib/questa/v_smpte_uhdsdi_rx_v1_0_1/.cxl.verilog.v_smpte_uhdsdi_rx_v1_0_1.v_smpte_uhdsdi_rx_v1_0_1.lin64.cmf 
-- Compiling module v_smpte_uhdsdi_rx_v1_0_1_edh_fly_horz
-- Compiling module v_smpte_uhdsdi_rx_v1_0_1_decoder
-- Compiling module v_smpte_uhdsdi_rx_v1_0_1_framer
-- Compiling module v_smpte_uhdsdi_rx_v1_0_1_edh_errcnt
-- Compiling module v_smpte_uhdsdi_rx_v1_0_1_st352_pid_capture
-- Compiling module v_smpte_uhdsdi_rx_v1_0_1_hdr_extract
-- Compiling module v_smpte_uhdsdi_rx_v1_0_1_edh_crc
-- Compiling module v_smpte_uhdsdi_rx_v1_0_1_edh_autodetect
-- Compiling module v_smpte_uhdsdi_rx_v1_0_1_demux_4
-- Compiling module v_smpte_uhdsdi_rx_v1_0_1_edh_flags
-- Compiling module v_smpte_uhdsdi_rx_v1_0_1_trs_restore
-- Compiling module v_smpte_uhdsdi_rx_v1_0_1_edh_video_decode
-- Compiling module v_smpte_uhdsdi_rx_v1_0_1_edh_processor
-- Compiling module v_smpte_uhdsdi_rx_v1_0_1_edh_rx
-- Compiling module v_smpte_uhdsdi_rx_v1_0_1_edh_tx
-- Compiling module v_smpte_uhdsdi_rx_v1_0_1_autorate
-- Compiling module v_smpte_uhdsdi_rx_v1_0_1_edh_loc
-- Compiling module v_smpte_uhdsdi_rx_v1_0_1_edh_fly_fsm
-- Compiling module v_smpte_uhdsdi_rx_v1_0_1_edh_fly_field
-- Compiling module v_smpte_uhdsdi_rx_v1_0_1_edh_crc16
-- Compiling module v_smpte_uhdsdi_rx_v1_0_1_transport_detect
-- Compiling module v_smpte_uhdsdi_rx_v1_0_1_edh_anc_rx
-- Compiling module v_smpte_uhdsdi_rx_v1_0_1_edh_flywheel
-- Compiling module v_smpte_uhdsdi_rx_v1_0_1_edh_fly_vert
-- Compiling module v_smpte_uhdsdi_rx_v1_0_1_to_demux
-- Compiling module v_smpte_uhdsdi_rx_v1_0_1_crc
-- Compiling module v_smpte_uhdsdi_rx_v1_0_1_crc2
-- Compiling module v_smpte_uhdsdi_rx_v1_0_1_edh_trs_detect
-- Compiling module v_smpte_uhdsdi_rx_v1_0_1_s00_axi
-- Compiling module v_smpte_uhdsdi_rx_v1_0_1_rx
-- Compiling module v_smpte_uhdsdi_rx_v1_0_1

Top level modules:
	v_smpte_uhdsdi_rx_v1_0_1
End time: 11:29:31 on Jul 13,2023, Elapsed time: 0:00:00
Errors: 0, Warnings: 0
