QuestaSim-64 vmap 2021.2_1 Lib Mapping Utility 2021.05 May 15 2021
vmap hdmi_gt_controller_v1_0_8 /home/binhkieudo/Workspace/XRPIX/serv/build/servant_1.2.1/nexys_a7-vivado/servant_1.2.1.cache/compile_simlib/questa/hdmi_gt_controller_v1_0_8 
Modifying modelsim.ini
QuestaSim-64 vlog 2021.2_1 Compiler 2021.05 May 15 2021
Start time: 11:29:24 on Jul 13,2023
vlog -64 -L hdmi_gt_controller_v1_0_8 "+incdir+/home/binhkieudo/Workspace/XRPIX/serv/build/servant_1.2.1/nexys_a7-vivado/.cxl.ip/incl" -work hdmi_gt_controller_v1_0_8 -f /home/binhkieudo/Workspace/XRPIX/serv/build/servant_1.2.1/nexys_a7-vivado/servant_1.2.1.cache/compile_simlib/questa/hdmi_gt_controller_v1_0_8/.cxl.verilog.hdmi_gt_controller_v1_0_8.hdmi_gt_controller_v1_0_8.lin64.cmf 
-- Compiling module hdmi_gt_controller_v1_0_8_axi4lite
-- Compiling module hdmi_gt_controller_v1_0_8_drp_control
-- Compiling module hdmi_gt_controller_v1_0_8_interrupts
-- Compiling module hdmi_gt_controller_v1_0_8_lock_debounce
-- Compiling module hdmi_gt_controller_v1_0_8_userdata_rx
-- Compiling module hdmi_gt_controller_v1_0_8_userdata_tx

Top level modules:
	hdmi_gt_controller_v1_0_8_axi4lite
	hdmi_gt_controller_v1_0_8_drp_control
	hdmi_gt_controller_v1_0_8_lock_debounce
	hdmi_gt_controller_v1_0_8_userdata_rx
	hdmi_gt_controller_v1_0_8_userdata_tx
End time: 11:29:25 on Jul 13,2023, Elapsed time: 0:00:01
Errors: 0, Warnings: 0
QuestaSim-64 vlog 2021.2_1 Compiler 2021.05 May 15 2021
Start time: 11:29:25 on Jul 13,2023
vlog -64 -L hdmi_gt_controller_v1_0_8 "+incdir+/home/binhkieudo/Workspace/XRPIX/serv/build/servant_1.2.1/nexys_a7-vivado/.cxl.ip/incl" -sv -svinputport=relaxed -work hdmi_gt_controller_v1_0_8 -f /home/binhkieudo/Workspace/XRPIX/serv/build/servant_1.2.1/nexys_a7-vivado/servant_1.2.1.cache/compile_simlib/questa/hdmi_gt_controller_v1_0_8/.cxl.systemverilog.hdmi_gt_controller_v1_0_8.hdmi_gt_controller_v1_0_8.lin64.cmf 
-- Compiling module hdmi_gt_controller_v1_0_8_dru
-- Compiling module hdmi_gt_controller_v1_0_8_lib_rst_v1_0
-- Compiling module hdmi_gt_controller_v1_0_8_lib_edge_v1_0
-- Compiling module hdmi_gt_controller_v1_0_8_tx_tmdsclk_patgen

Top level modules:
	hdmi_gt_controller_v1_0_8_dru
	hdmi_gt_controller_v1_0_8_lib_edge_v1_0
	hdmi_gt_controller_v1_0_8_tx_tmdsclk_patgen
End time: 11:29:25 on Jul 13,2023, Elapsed time: 0:00:00
Errors: 0, Warnings: 0
