QuestaSim-64 vmap 2021.2_1 Lib Mapping Utility 2021.05 May 15 2021
vmap axi_vdma_v6_3_15 /home/binhkieudo/Workspace/XRPIX/serv/build/servant_1.2.1/nexys_a7-vivado/servant_1.2.1.cache/compile_simlib/questa/axi_vdma_v6_3_15 
Modifying modelsim.ini
QuestaSim-64 vcom 2021.2_1 Compiler 2021.05 May 15 2021
Start time: 11:34:37 on Jul 13,2023
vcom -64 -93 -work axi_vdma_v6_3_15 -f /home/binhkieudo/Workspace/XRPIX/serv/build/servant_1.2.1/nexys_a7-vivado/servant_1.2.1.cache/compile_simlib/questa/axi_vdma_v6_3_15/.cxl.vhdl.axi_vdma_v6_3_15.axi_vdma_v6_3_15.lin64.cmf 
-- Loading package STANDARD
-- Loading package TEXTIO
-- Loading package std_logic_1164
-- Loading package NUMERIC_STD
-- Compiling package axi_sg_pkg
-- Compiling package body axi_sg_pkg
-- Loading package axi_sg_pkg
-- Loading package ATTRIBUTES
-- Loading package std_logic_misc
-- Loading package axi_sg_pkg
-- Loading package std_logic_arith
-- Loading package STD_LOGIC_UNSIGNED
-- Loading package lib_pkg
-- Compiling entity axi_sg_ftch_sm
-- Compiling architecture implementation of axi_sg_ftch_sm
-- Compiling entity axi_sg_ftch_pntr
-- Compiling architecture implementation of axi_sg_ftch_pntr
-- Compiling entity axi_sg_ftch_cmdsts_if
-- Compiling architecture implementation of axi_sg_ftch_cmdsts_if
-- Compiling entity axi_sg_ftch_mngr
-- Compiling architecture implementation of axi_sg_ftch_mngr
-- Loading entity axi_sg_ftch_sm
-- Loading entity axi_sg_ftch_pntr
-- Loading entity axi_sg_ftch_cmdsts_if
-- Loading package VCOMPONENTS
-- Loading entity async_fifo_fg
-- Compiling entity axi_sg_afifo_autord
-- Compiling architecture imp of axi_sg_afifo_autord
-- Loading entity sync_fifo_fg
-- Compiling entity axi_sg_ftch_queue
-- Compiling architecture implementation of axi_sg_ftch_queue
-- Loading entity axi_sg_afifo_autord
-- Compiling entity axi_sg_ftch_noqueue
-- Compiling architecture implementation of axi_sg_ftch_noqueue
-- Compiling entity axi_sg_ftch_q_mngr
-- Compiling architecture implementation of axi_sg_ftch_q_mngr
-- Loading entity axi_sg_ftch_queue
-- Loading entity axi_sg_ftch_noqueue
-- Compiling entity axi_sg_updt_cmdsts_if
-- Compiling architecture implementation of axi_sg_updt_cmdsts_if
-- Compiling entity axi_sg_updt_sm
-- Compiling architecture implementation of axi_sg_updt_sm
-- Compiling entity axi_sg_updt_mngr
-- Compiling architecture implementation of axi_sg_updt_mngr
-- Loading entity axi_sg_updt_sm
-- Loading entity axi_sg_updt_cmdsts_if
-- Compiling entity axi_sg_updt_queue
-- Compiling architecture implementation of axi_sg_updt_queue
-- Compiling entity axi_sg_updt_noqueue
-- Compiling architecture implementation of axi_sg_updt_noqueue
-- Compiling entity axi_sg_updt_q_mngr
-- Compiling architecture implementation of axi_sg_updt_q_mngr
-- Loading entity axi_sg_updt_queue
-- Loading entity axi_sg_updt_noqueue
-- Compiling entity axi_sg_intrpt
-- Compiling architecture implementation of axi_sg_intrpt
-- Compiling entity axi_sg
-- Compiling architecture implementation of axi_sg
-- Loading entity axi_sg_ftch_mngr
-- Loading entity axi_sg_ftch_q_mngr
-- Loading entity axi_sg_updt_mngr
-- Loading entity axi_sg_updt_q_mngr
-- Loading entity axi_sg_intrpt
-- Loading entity axi_datamover_mm2s_omit_wrap
-- Loading entity axi_datamover_reset
-- Loading entity srl_fifo_f
-- Loading entity axi_datamover_sfifo_autord
-- Loading entity axi_datamover_afifo_autord
-- Loading entity axi_datamover_fifo
-- Loading entity axi_datamover_cmd_status
-- Loading entity axi_datamover_strb_gen2
-- Loading entity axi_datamover_pcc
-- Loading entity axi_datamover_addr_cntl
-- Loading entity axi_datamover_rdmux
-- Loading entity axi_datamover_rddata_cntl
-- Loading entity axi_datamover_rd_status_cntl
-- Loading entity axi_datamover_dre_mux8_1_x_n
-- Loading entity axi_datamover_dre_mux4_1_x_n
-- Loading entity axi_datamover_dre_mux2_1_x_n
-- Loading entity axi_datamover_mm2s_dre
-- Loading entity axi_datamover_rd_sf
-- Loading entity axi_datamover_skid_buf
-- Loading entity axi_datamover_mm2s_full_wrap
-- Loading entity axi_datamover_scc
-- Loading entity axi_datamover_mm2s_basic_wrap
-- Loading entity axi_datamover_s2mm_omit_wrap
-- Loading entity axi_datamover_ibttcc
-- Loading entity axi_datamover_stbs_set
-- Loading entity axi_datamover_stbs_set_nodre
-- Loading entity axi_datamover_indet_btt
-- Loading entity axi_datamover_s2mm_dre
-- Loading entity axi_datamover_ms_strb_set
-- Loading entity axi_datamover_mssai_skid_buf
-- Loading entity axi_datamover_slice
-- Loading entity axi_datamover_s2mm_scatter
-- Loading entity axi_datamover_s2mm_realign
-- Loading entity axi_datamover_wrdata_cntl
-- Loading entity axi_datamover_wr_status_cntl
-- Loading entity axi_datamover_wr_demux
-- Loading entity axi_datamover_skid2mm_buf
-- Loading entity axi_datamover_wr_sf
-- Loading entity axi_datamover_s2mm_full_wrap
-- Loading entity axi_datamover_s2mm_basic_wrap
-- Loading entity axi_datamover
-- Compiling package axi_vdma_pkg
-- Compiling package body axi_vdma_pkg
-- Loading package axi_vdma_pkg
-- Loading package axi_vdma_pkg
-- Compiling entity axi_vdma_cdc
-- Compiling architecture implementation of axi_vdma_cdc
-- Compiling entity axi_vdma_vid_cdc
-- Compiling architecture implementation of axi_vdma_vid_cdc
-- Loading entity cdc_sync
-- Compiling entity axi_vdma_sg_cdc
-- Compiling architecture implementation of axi_vdma_sg_cdc
-- Compiling entity axi_vdma_reset
-- Compiling architecture implementation of axi_vdma_reset
-- Compiling entity axi_vdma_rst_module
-- Compiling architecture implementation of axi_vdma_rst_module
-- Loading entity axi_vdma_reset
-- Compiling entity axi_vdma_lite_if
-- Compiling architecture implementation of axi_vdma_lite_if
-- Compiling entity axi_vdma_register
-- Compiling architecture implementation of axi_vdma_register
-- Compiling entity axi_vdma_regdirect
-- Compiling architecture implementation of axi_vdma_regdirect
-- Compiling entity axi_vdma_reg_mux
-- Compiling architecture implementation of axi_vdma_reg_mux
-- Compiling entity axi_vdma_reg_module
-- Compiling architecture implementation of axi_vdma_reg_module
-- Loading entity axi_vdma_register
-- Loading entity axi_vdma_regdirect
-- Loading entity axi_vdma_reg_mux
-- Compiling entity axi_vdma_reg_if
-- Compiling architecture implementation of axi_vdma_reg_if
-- Loading entity axi_vdma_lite_if
-- Compiling entity axi_vdma_intrpt
-- Compiling architecture implementation of axi_vdma_intrpt
-- Compiling entity axi_vdma_sof_gen
-- Compiling architecture implementation of axi_vdma_sof_gen
-- Compiling entity axi_vdma_skid_buf
-- Compiling architecture implementation of axi_vdma_skid_buf
-- Compiling entity axi_vdma_sfifo
-- Compiling architecture xilinx of axi_vdma_sfifo
-- Compiling entity axi_vdma_sfifo_autord
-- Compiling architecture imp of axi_vdma_sfifo_autord
-- Compiling entity axi_vdma_afifo_builtin
-- Compiling architecture xilinx of axi_vdma_afifo_builtin
-- Compiling entity axi_vdma_afifo
-- Compiling architecture xilinx of axi_vdma_afifo
-- Compiling entity axi_vdma_afifo_autord
-- Compiling architecture imp of axi_vdma_afifo_autord
-- Compiling entity axi_vdma_mm2s_linebuf
-- Compiling architecture implementation of axi_vdma_mm2s_linebuf
-- Loading entity axi_vdma_sfifo
-- Loading entity axi_vdma_afifo
-- Loading entity axi_vdma_afifo_builtin
-- Loading entity axi_vdma_skid_buf
-- Compiling entity axi_vdma_s2mm_linebuf
-- Compiling architecture implementation of axi_vdma_s2mm_linebuf
-- Loading entity blk_mem_gen_wrapper
-- Compiling entity axi_vdma_blkmem
-- Compiling architecture implementation of axi_vdma_blkmem
-- Compiling entity axi_vdma_fsync_gen
-- Compiling architecture implementation of axi_vdma_fsync_gen
-- Compiling entity axi_vdma_vregister
-- Compiling architecture implementation of axi_vdma_vregister
-- Compiling entity axi_vdma_vregister_64
-- Compiling architecture implementation of axi_vdma_vregister_64
-- Compiling entity axi_vdma_sgregister
-- Compiling architecture implementation of axi_vdma_sgregister
-- Loading entity axi_vdma_blkmem
-- Compiling entity axi_vdma_vaddrreg_mux
-- Compiling architecture implementation of axi_vdma_vaddrreg_mux
-- Compiling entity axi_vdma_vaddrreg_mux_64
-- Compiling architecture implementation of axi_vdma_vaddrreg_mux_64
-- Compiling entity axi_vdma_vidreg_module
-- Compiling architecture implementation of axi_vdma_vidreg_module
-- Loading entity axi_vdma_sgregister
-- Loading entity axi_vdma_vregister
-- Loading entity axi_vdma_vaddrreg_mux
-- Compiling entity axi_vdma_vidreg_module_64
-- Compiling architecture implementation of axi_vdma_vidreg_module_64
-- Loading entity axi_vdma_vregister_64
-- Loading entity axi_vdma_vaddrreg_mux_64
-- Compiling entity axi_vdma_genlock_mux
-- Compiling architecture implementation of axi_vdma_genlock_mux
-- Compiling entity axi_vdma_greycoder
-- Compiling architecture implementation of axi_vdma_greycoder
-- Compiling entity axi_vdma_genlock_mngr
-- Compiling architecture implementation of axi_vdma_genlock_mngr
-- Loading entity axi_vdma_greycoder
-- Loading entity axi_vdma_genlock_mux
-- Compiling entity axi_vdma_sg_if
-- Compiling architecture implementation of axi_vdma_sg_if
-- Compiling entity axi_vdma_sm
-- Compiling architecture implementation of axi_vdma_sm
-- Compiling entity axi_vdma_cmdsts_if
-- Compiling architecture implementation of axi_vdma_cmdsts_if
-- Compiling entity axi_vdma_sts_mngr
-- Compiling architecture implementation of axi_vdma_sts_mngr
-- Compiling entity axi_vdma_mngr
-- Compiling architecture implementation of axi_vdma_mngr
-- Loading entity axi_vdma_sm
-- Loading entity axi_vdma_sg_if
-- Loading entity axi_vdma_cmdsts_if
-- Loading entity axi_vdma_sts_mngr
-- Loading entity axi_vdma_vidreg_module
-- Loading entity axi_vdma_genlock_mngr
-- Compiling entity axi_vdma_mngr_64
-- Compiling architecture implementation of axi_vdma_mngr_64
-- Loading entity axi_vdma_vidreg_module_64
-- Compiling entity axi_vdma_mm2s_axis_dwidth_converter
-- Compiling architecture implementation of axi_vdma_mm2s_axis_dwidth_converter
-- Compiling entity axi_vdma_s2mm_axis_dwidth_converter
-- Compiling architecture implementation of axi_vdma_s2mm_axis_dwidth_converter
-- Compiling entity axi_vdma
-- Compiling architecture implementation of axi_vdma
-- Loading entity axi_vdma_rst_module
-- Loading entity axi_vdma_reg_if
-- Loading entity axi_vdma_intrpt
-- Loading entity axi_sg
-- Loading entity axi_vdma_sg_cdc
-- Loading entity axi_vdma_mm2s_axis_dwidth_converter
-- Loading entity axi_vdma_reg_module
-- Loading entity axi_vdma_mngr
-- Loading entity axi_vdma_mngr_64
-- Loading entity axi_vdma_fsync_gen
-- Loading entity axi_vdma_vid_cdc
-- Loading entity axi_vdma_sof_gen
-- Loading entity axi_vdma_mm2s_linebuf
-- Loading entity axi_vdma_s2mm_axis_dwidth_converter
-- Loading entity axi_vdma_s2mm_linebuf
End time: 11:34:38 on Jul 13,2023, Elapsed time: 0:00:01
Errors: 0, Warnings: 0
