QuestaSim-64 vmap 2021.2_1 Lib Mapping Utility 2021.05 May 15 2021
vmap axi_tft_v2_0_25 /home/binhkieudo/Workspace/XRPIX/serv/build/servant_1.2.1/nexys_a7-vivado/servant_1.2.1.cache/compile_simlib/questa/axi_tft_v2_0_25 
Modifying modelsim.ini
QuestaSim-64 vcom 2021.2_1 Compiler 2021.05 May 15 2021
Start time: 11:33:39 on Jul 13,2023
vcom -64 -93 -work axi_tft_v2_0_25 -f /home/binhkieudo/Workspace/XRPIX/serv/build/servant_1.2.1/nexys_a7-vivado/servant_1.2.1.cache/compile_simlib/questa/axi_tft_v2_0_25/.cxl.vhdl.axi_tft_v2_0_25.axi_tft_v2_0_25.lin64.cmf 
-- Loading package STANDARD
-- Loading package TEXTIO
-- Loading package std_logic_1164
-- Loading package std_logic_arith
-- Loading package STD_LOGIC_UNSIGNED
-- Loading package ipif_pkg
-- Loading package NUMERIC_STD
-- Loading package ATTRIBUTES
-- Loading package std_logic_misc
-- Loading entity axi_lite_ipif
-- Loading entity axi_master_burst_reset
-- Loading entity axi_master_burst_stbs_set
-- Loading entity axi_master_burst_first_stb_offset
-- Loading entity axi_master_burst_cmd_status
-- Loading entity axi_master_burst_strb_gen
-- Loading entity axi_master_burst_pcc
-- Loading package lib_pkg
-- Loading entity srl_fifo_f
-- Loading entity axi_master_burst_fifo
-- Loading entity axi_master_burst_addr_cntl
-- Loading entity axi_master_burst_rdmux
-- Loading entity axi_master_burst_rddata_cntl
-- Loading entity axi_master_burst_wrdata_cntl
-- Loading entity axi_master_burst_rd_status_cntl
-- Loading entity axi_master_burst_wr_status_cntl
-- Loading entity axi_master_burst_skid_buf
-- Loading entity axi_master_burst_wr_demux
-- Loading entity axi_master_burst_skid2mm_buf
-- Loading entity axi_master_burst_rd_wr_cntlr
-- Loading entity axi_master_burst_rd_llink
-- Loading entity axi_master_burst_wr_llink
-- Loading entity axi_master_burst
-- Compiling entity axi_tft
-- Compiling architecture imp of axi_tft
End time: 11:33:39 on Jul 13,2023, Elapsed time: 0:00:00
Errors: 0, Warnings: 0
