QuestaSim-64 vmap 2021.2_1 Lib Mapping Utility 2021.05 May 15 2021
vmap axi_datamover_v5_1_29 /home/binhkieudo/Workspace/XRPIX/serv/build/servant_1.2.1/nexys_a7-vivado/servant_1.2.1.cache/compile_simlib/questa/axi_datamover_v5_1_29 
Modifying modelsim.ini
QuestaSim-64 vcom 2021.2_1 Compiler 2021.05 May 15 2021
Start time: 11:32:48 on Jul 13,2023
vcom -64 -93 -work axi_datamover_v5_1_29 -f /home/binhkieudo/Workspace/XRPIX/serv/build/servant_1.2.1/nexys_a7-vivado/servant_1.2.1.cache/compile_simlib/questa/axi_datamover_v5_1_29/.cxl.vhdl.axi_datamover_v5_1_29.axi_datamover_v5_1_29.lin64.cmf 
-- Loading package STANDARD
-- Loading package TEXTIO
-- Loading package std_logic_1164
-- Loading package NUMERIC_STD
-- Compiling entity axi_datamover_reset
-- Compiling architecture implementation of axi_datamover_reset
-- Loading package ATTRIBUTES
-- Loading package std_logic_misc
-- Loading entity cdc_sync
-- Loading package std_logic_arith
-- Loading package STD_LOGIC_UNSIGNED
-- Loading package VCOMPONENTS
-- Loading entity async_fifo_fg
-- Compiling entity axi_datamover_afifo_autord
-- Compiling architecture imp of axi_datamover_afifo_autord
-- Loading entity sync_fifo_fg
-- Compiling entity axi_datamover_sfifo_autord
-- Compiling architecture imp of axi_datamover_sfifo_autord
-- Loading package lib_pkg
-- Loading entity srl_fifo_f
-- Loading entity axi_datamover_sfifo_autord
-- Loading entity axi_datamover_afifo_autord
-- Compiling entity axi_datamover_fifo
-- Compiling architecture imp of axi_datamover_fifo
-- Loading entity axi_datamover_fifo
-- Compiling entity axi_datamover_cmd_status
-- Compiling architecture implementation of axi_datamover_cmd_status
-- Compiling entity axi_datamover_scc
-- Compiling architecture implementation of axi_datamover_scc
-- Compiling entity axi_datamover_strb_gen2
-- Compiling architecture implementation of axi_datamover_strb_gen2
-- Loading entity axi_datamover_strb_gen2
-- Compiling entity axi_datamover_pcc
-- Compiling architecture implementation of axi_datamover_pcc
-- Compiling entity axi_datamover_addr_cntl
-- Compiling architecture implementation of axi_datamover_addr_cntl
-- Compiling entity axi_datamover_rdmux
-- Compiling architecture implementation of axi_datamover_rdmux
-- Loading entity axi_datamover_rdmux
-- Compiling entity axi_datamover_rddata_cntl
-- Compiling architecture implementation of axi_datamover_rddata_cntl
-- Compiling entity axi_datamover_rd_status_cntl
-- Compiling architecture implementation of axi_datamover_rd_status_cntl
-- Compiling entity axi_datamover_wr_demux
-- Compiling architecture implementation of axi_datamover_wr_demux
-- Compiling entity axi_datamover_wrdata_cntl
-- Compiling architecture implementation of axi_datamover_wrdata_cntl
-- Compiling entity axi_datamover_wr_status_cntl
-- Compiling architecture implementation of axi_datamover_wr_status_cntl
-- Loading entity axi_datamover_wr_demux
-- Compiling entity axi_datamover_skid2mm_buf
-- Compiling architecture implementation of axi_datamover_skid2mm_buf
-- Compiling entity axi_datamover_skid_buf
-- Compiling architecture implementation of axi_datamover_skid_buf
-- Compiling entity axi_datamover_rd_sf
-- Compiling architecture implementation of axi_datamover_rd_sf
-- Compiling entity axi_datamover_wr_sf
-- Compiling architecture implementation of axi_datamover_wr_sf
-- Compiling entity axi_datamover_stbs_set
-- Compiling architecture implementation of axi_datamover_stbs_set
-- Compiling entity axi_datamover_stbs_set_nodre
-- Compiling architecture implementation of axi_datamover_stbs_set_nodre
-- Compiling entity axi_datamover_ibttcc
-- Compiling architecture implementation of axi_datamover_ibttcc
-- Loading entity axi_datamover_skid_buf
-- Loading entity axi_datamover_stbs_set
-- Loading entity axi_datamover_stbs_set_nodre
-- Compiling entity axi_datamover_indet_btt
-- Compiling architecture implementation of axi_datamover_indet_btt
-- Compiling entity axi_datamover_dre_mux2_1_x_n
-- Compiling architecture implementation of axi_datamover_dre_mux2_1_x_n
-- Compiling entity axi_datamover_dre_mux4_1_x_n
-- Compiling architecture implementation of axi_datamover_dre_mux4_1_x_n
-- Compiling entity axi_datamover_dre_mux8_1_x_n
-- Compiling architecture implementation of axi_datamover_dre_mux8_1_x_n
-- Loading entity axi_datamover_dre_mux8_1_x_n
-- Loading entity axi_datamover_dre_mux4_1_x_n
-- Loading entity axi_datamover_dre_mux2_1_x_n
-- Compiling entity axi_datamover_mm2s_dre
-- Compiling architecture implementation of axi_datamover_mm2s_dre
-- Compiling entity axi_datamover_s2mm_dre
-- Compiling architecture implementation of axi_datamover_s2mm_dre
-- Compiling entity axi_datamover_ms_strb_set
-- Compiling architecture implementation of axi_datamover_ms_strb_set
-- Loading entity axi_datamover_ms_strb_set
-- Compiling entity axi_datamover_mssai_skid_buf
-- Compiling architecture implementation of axi_datamover_mssai_skid_buf
-- Compiling entity axi_datamover_slice
-- Compiling architecture working of axi_datamover_slice
-- Loading entity axi_datamover_mssai_skid_buf
-- Loading entity axi_datamover_slice
-- Compiling entity axi_datamover_s2mm_scatter
-- Compiling architecture implementation of axi_datamover_s2mm_scatter
-- Loading entity axi_datamover_s2mm_dre
-- Loading entity axi_datamover_s2mm_scatter
-- Compiling entity axi_datamover_s2mm_realign
-- Compiling architecture implementation of axi_datamover_s2mm_realign
-- Loading entity axi_datamover_reset
-- Loading entity axi_datamover_cmd_status
-- Loading entity axi_datamover_scc
-- Loading entity axi_datamover_addr_cntl
-- Loading entity axi_datamover_wrdata_cntl
-- Loading entity axi_datamover_wr_status_cntl
-- Loading entity axi_datamover_skid2mm_buf
-- Compiling entity axi_datamover_s2mm_basic_wrap
-- Compiling architecture implementation of axi_datamover_s2mm_basic_wrap
-- Compiling entity axi_datamover_s2mm_omit_wrap
-- Compiling architecture implementation of axi_datamover_s2mm_omit_wrap
-- Loading entity axi_datamover_pcc
-- Loading entity axi_datamover_ibttcc
-- Loading entity axi_datamover_indet_btt
-- Loading entity axi_datamover_s2mm_realign
-- Loading entity axi_datamover_wr_sf
-- Compiling entity axi_datamover_s2mm_full_wrap
-- Compiling architecture implementation of axi_datamover_s2mm_full_wrap
-- Loading entity axi_datamover_rddata_cntl
-- Loading entity axi_datamover_rd_status_cntl
-- Compiling entity axi_datamover_mm2s_basic_wrap
-- Compiling architecture implementation of axi_datamover_mm2s_basic_wrap
-- Compiling entity axi_datamover_mm2s_omit_wrap
-- Compiling architecture implementation of axi_datamover_mm2s_omit_wrap
-- Loading entity axi_datamover_mm2s_dre
-- Loading entity axi_datamover_rd_sf
-- Compiling entity axi_datamover_mm2s_full_wrap
-- Compiling architecture implementation of axi_datamover_mm2s_full_wrap
-- Loading entity axi_datamover_mm2s_omit_wrap
-- Loading entity axi_datamover_mm2s_full_wrap
-- Loading entity axi_datamover_mm2s_basic_wrap
-- Loading entity axi_datamover_s2mm_omit_wrap
-- Loading entity axi_datamover_s2mm_full_wrap
-- Loading entity axi_datamover_s2mm_basic_wrap
-- Compiling entity axi_datamover
-- Compiling architecture implementation of axi_datamover
End time: 11:32:49 on Jul 13,2023, Elapsed time: 0:00:01
Errors: 0, Warnings: 0
