QuestaSim-64 vmap 2021.2_1 Lib Mapping Utility 2021.05 May 15 2021
vmap axi_fifo_mm_s_v4_2_9 /home/binhkieudo/Workspace/XRPIX/serv/build/servant_1.2.1/nexys_a7-vivado/servant_1.2.1.cache/compile_simlib/questa/axi_fifo_mm_s_v4_2_9 
Modifying modelsim.ini
QuestaSim-64 vcom 2021.2_1 Compiler 2021.05 May 15 2021
Start time: 11:34:20 on Jul 13,2023
vcom -64 -93 -work axi_fifo_mm_s_v4_2_9 -f /home/binhkieudo/Workspace/XRPIX/serv/build/servant_1.2.1/nexys_a7-vivado/servant_1.2.1.cache/compile_simlib/questa/axi_fifo_mm_s_v4_2_9/.cxl.vhdl.axi_fifo_mm_s_v4_2_9.axi_fifo_mm_s_v4_2_9.lin64.cmf 
-- Loading package STANDARD
-- Loading package TEXTIO
-- Loading package std_logic_1164
-- Loading package std_logic_arith
-- Loading package STD_LOGIC_UNSIGNED
-- Compiling package axi_fifo_mm_s_pkg
-- Compiling package body axi_fifo_mm_s_pkg
-- Loading package axi_fifo_mm_s_pkg
-- Loading package axi_fifo_mm_s_pkg
-- Compiling entity axi_write_fsm
-- Compiling architecture axi_write_fsm_arch of axi_write_fsm
-- Compiling entity axi_write_wrapper
-- Compiling architecture axi_write_wrap_arch of axi_write_wrapper
-- Loading entity axi_write_fsm
-- Loading package ATTRIBUTES
-- Loading package std_logic_misc
-- Compiling entity axi_read_fsm
-- Compiling architecture axi_read_fsm_arch of axi_read_fsm
-- Compiling entity axi_read_wrapper
-- Compiling architecture axi_read_wrapper_arch of axi_read_wrapper
-- Loading entity axi_read_fsm
-- Compiling entity axi_wrapper
-- Compiling architecture xilinx of axi_wrapper
-- Loading entity axi_write_wrapper
-- Loading entity axi_read_wrapper
-- Loading package NUMERIC_STD
-- Loading package VCOMPONENTS
-- Compiling entity axis_fg
-- Compiling architecture structure of axis_fg
-- Loading package lib_pkg
-- Loading package ipif_pkg
-- Compiling entity fifo
-- Compiling architecture structure of fifo
-- Loading entity axis_fg
-- Compiling entity ipic2axi_s
-- Compiling architecture beh of ipic2axi_s
-- Loading entity fifo
-- Compiling entity axi_fifo_mm_s
-- Compiling architecture structure of axi_fifo_mm_s
-- Loading entity axi_lite_ipif
-- Loading entity axi_wrapper
-- Loading entity ipic2axi_s
End time: 11:34:21 on Jul 13,2023, Elapsed time: 0:00:01
Errors: 0, Warnings: 0
