QuestaSim-64 vmap 2021.2_1 Lib Mapping Utility 2021.05 May 15 2021
vmap axi_master_burst_v2_0_7 /home/binhkieudo/Workspace/XRPIX/serv/build/servant_1.2.1/nexys_a7-vivado/servant_1.2.1.cache/compile_simlib/questa/axi_master_burst_v2_0_7 
Modifying modelsim.ini
QuestaSim-64 vcom 2021.2_1 Compiler 2021.05 May 15 2021
Start time: 11:33:38 on Jul 13,2023
vcom -64 -93 -work axi_master_burst_v2_0_7 -f /home/binhkieudo/Workspace/XRPIX/serv/build/servant_1.2.1/nexys_a7-vivado/servant_1.2.1.cache/compile_simlib/questa/axi_master_burst_v2_0_7/.cxl.vhdl.axi_master_burst_v2_0_7.axi_master_burst_v2_0_7.lin64.cmf 
-- Loading package STANDARD
-- Loading package TEXTIO
-- Loading package std_logic_1164
-- Loading package NUMERIC_STD
-- Compiling entity axi_master_burst_wr_demux
-- Compiling architecture implementation of axi_master_burst_wr_demux
-- Compiling entity axi_master_burst_strb_gen
-- Compiling architecture implementation of axi_master_burst_strb_gen
-- Compiling entity axi_master_burst_rdmux
-- Compiling architecture implementation of axi_master_burst_rdmux
-- Loading package std_logic_arith
-- Loading package STD_LOGIC_UNSIGNED
-- Loading package lib_pkg
-- Loading entity srl_fifo_f
-- Compiling entity axi_master_burst_fifo
-- Compiling architecture imp of axi_master_burst_fifo
-- Loading entity axi_master_burst_fifo
-- Compiling entity axi_master_burst_wr_status_cntl
-- Compiling architecture implementation of axi_master_burst_wr_status_cntl
-- Loading entity axi_master_burst_strb_gen
-- Compiling entity axi_master_burst_wrdata_cntl
-- Compiling architecture implementation of axi_master_burst_wrdata_cntl
-- Compiling entity axi_master_burst_stbs_set
-- Compiling architecture implementation of axi_master_burst_stbs_set
-- Compiling entity axi_master_burst_skid_buf
-- Compiling architecture implementation of axi_master_burst_skid_buf
-- Loading entity axi_master_burst_wr_demux
-- Compiling entity axi_master_burst_skid2mm_buf
-- Compiling architecture implementation of axi_master_burst_skid2mm_buf
-- Compiling entity axi_master_burst_rd_status_cntl
-- Compiling architecture implementation of axi_master_burst_rd_status_cntl
-- Loading entity axi_master_burst_rdmux
-- Compiling entity axi_master_burst_rddata_cntl
-- Compiling architecture implementation of axi_master_burst_rddata_cntl
-- Compiling entity axi_master_burst_pcc
-- Compiling architecture implementation of axi_master_burst_pcc
-- Compiling entity axi_master_burst_first_stb_offset
-- Compiling architecture implementation of axi_master_burst_first_stb_offset
-- Compiling entity axi_master_burst_addr_cntl
-- Compiling architecture implementation of axi_master_burst_addr_cntl
-- Compiling entity axi_master_burst_wr_llink
-- Compiling architecture implementation of axi_master_burst_wr_llink
-- Compiling entity axi_master_burst_reset
-- Compiling architecture implementation of axi_master_burst_reset
-- Loading entity axi_master_burst_pcc
-- Loading entity axi_master_burst_addr_cntl
-- Loading entity axi_master_burst_rddata_cntl
-- Loading entity axi_master_burst_wrdata_cntl
-- Loading entity axi_master_burst_rd_status_cntl
-- Loading entity axi_master_burst_wr_status_cntl
-- Loading entity axi_master_burst_skid_buf
-- Loading entity axi_master_burst_skid2mm_buf
-- Compiling entity axi_master_burst_rd_wr_cntlr
-- Compiling architecture implementation of axi_master_burst_rd_wr_cntlr
-- Compiling entity axi_master_burst_rd_llink
-- Compiling architecture implementation of axi_master_burst_rd_llink
-- Loading entity axi_master_burst_stbs_set
-- Loading entity axi_master_burst_first_stb_offset
-- Compiling entity axi_master_burst_cmd_status
-- Compiling architecture implementation of axi_master_burst_cmd_status
-- Loading entity axi_master_burst_reset
-- Loading entity axi_master_burst_cmd_status
-- Loading entity axi_master_burst_rd_wr_cntlr
-- Loading entity axi_master_burst_rd_llink
-- Loading entity axi_master_burst_wr_llink
-- Compiling entity axi_master_burst
-- Compiling architecture implementation of axi_master_burst
End time: 11:33:38 on Jul 13,2023, Elapsed time: 0:00:00
Errors: 0, Warnings: 0
