QuestaSim-64 vmap 2021.2_1 Lib Mapping Utility 2021.05 May 15 2021
vmap axi_interconnect_v1_7_20 /home/binhkieudo/Workspace/XRPIX/serv/build/servant_1.2.1/nexys_a7-vivado/servant_1.2.1.cache/compile_simlib/questa/axi_interconnect_v1_7_20 
Modifying modelsim.ini
QuestaSim-64 vlog 2021.2_1 Compiler 2021.05 May 15 2021
Start time: 11:33:42 on Jul 13,2023
vlog -64 "+incdir+/home/binhkieudo/Workspace/XRPIX/serv/build/servant_1.2.1/nexys_a7-vivado/.cxl.ip/incl" -work axi_interconnect_v1_7_20 -f /home/binhkieudo/Workspace/XRPIX/serv/build/servant_1.2.1/nexys_a7-vivado/servant_1.2.1.cache/compile_simlib/questa/axi_interconnect_v1_7_20/.cxl.verilog.axi_interconnect_v1_7_20.axi_interconnect_v1_7_20.lin64.cmf 
-- Compiling module axi_interconnect_v1_7_20_a_axi3_conv
-- Compiling module axi_interconnect_v1_7_20_addr_arbiter_sasd
-- Compiling module axi_interconnect_v1_7_20_addr_arbiter
-- Compiling module axi_interconnect_v1_7_20_addr_decoder
-- Compiling module axi_interconnect_v1_7_20_a_downsizer
-- Compiling module axi_interconnect_v1_7_20_arbiter_resp
-- Compiling module axi_interconnect_v1_7_20_a_upsizer
-- Compiling module axi_interconnect_v1_7_20_axi3_conv
-- Compiling module axi_interconnect_v1_7_20_axic_fifo
-- Compiling module axi_interconnect_v1_7_20_axi_clock_converter
-- Compiling module axi_interconnect_v1_7_20_axic_register_slice
-- Compiling module axi_interconnect_v1_7_20_axic_reg_srl_fifo
-- Compiling module axi_interconnect_v1_7_20_axi_crossbar
-- Compiling module axi_interconnect_v1_7_20_axic_srl_fifo
-- Compiling module axi_interconnect_v1_7_20_axi_data_fifo
-- Compiling module axi_interconnect_v1_7_20_axi_downsizer
-- Compiling module axi_interconnect_v1_7_20_axilite_conv
-- Compiling module axi_interconnect_v1_7_20_axi_protocol_converter
-- Compiling module axi_interconnect_v1_7_20_axi_register_slice
-- Compiling module axi_interconnect_v1_7_20_axi_upsizer
-- Compiling module axi_interconnect_v1_7_20_b_downsizer
-- Compiling module axi_interconnect_v1_7_20_carry_and
-- Compiling module axi_interconnect_v1_7_20_carry_latch_and
-- Compiling module axi_interconnect_v1_7_20_carry_latch_or
-- Compiling module axi_interconnect_v1_7_20_carry_or
-- Compiling module axi_interconnect_v1_7_20_carry
-- Compiling module axi_interconnect_v1_7_20_command_fifo
-- Compiling module axi_interconnect_v1_7_20_comparator_mask_static
-- Compiling module axi_interconnect_v1_7_20_comparator_mask
-- Compiling module axi_interconnect_v1_7_20_comparator_sel_mask_static
-- Compiling module axi_interconnect_v1_7_20_comparator_sel_mask
-- Compiling module axi_interconnect_v1_7_20_comparator_sel_static
-- Compiling module axi_interconnect_v1_7_20_comparator_sel
-- Compiling module axi_interconnect_v1_7_20_comparator_static
-- Compiling module axi_interconnect_v1_7_20_comparator
-- Compiling module axi_interconnect_v1_7_20_converter_bank
-- Compiling module axi_interconnect_v1_7_20_crossbar_sasd
-- Compiling module axi_interconnect_v1_7_20_crossbar
-- Compiling module axi_interconnect_v1_7_20_data_fifo_bank
-- Compiling module axi_interconnect_v1_7_20_decerr_slave
-- Compiling module axi_interconnect_v1_7_20_fifo_gen
-- Compiling module axi_interconnect_v1_7_20_mux_enc
-- Compiling module axi_interconnect_v1_7_20_mux
-- Compiling module axi_interconnect_v1_7_20_ndeep_srl
-- Compiling module axi_interconnect_v1_7_20_nto1_mux
-- Compiling module axi_interconnect_v1_7_20_protocol_conv_bank
-- Compiling module axi_interconnect_v1_7_20_r_axi3_conv
-- Compiling module axi_interconnect_v1_7_20_r_downsizer
-- Compiling module axi_interconnect_v1_7_20_register_slice_bank
-- Compiling module axi_interconnect_v1_7_20_r_upsizer
-- Compiling module axi_interconnect_v1_7_20_si_transactor
-- Compiling module axi_interconnect_v1_7_20_splitter
-- Compiling module axi_interconnect_v1_7_20_w_axi3_conv
-- Compiling module axi_interconnect_v1_7_20_wdata_mux
-- Compiling module axi_interconnect_v1_7_20_wdata_router
-- Compiling module axi_interconnect_v1_7_20_w_downsizer
-- Compiling module axi_interconnect_v1_7_20_w_upsizer
-- Compiling module axi_interconnect_v1_7_20_axic_sample_cycle_ratio
-- Compiling module axi_interconnect_v1_7_20_axic_sync_clock_converter
-- Compiling module axi_interconnect_v1_7_20_axi_interconnect
-- Compiling module axi_interconnect_v1_7_20_top

Top level modules:
	axi_interconnect_v1_7_20_carry
	axi_interconnect_v1_7_20_comparator_mask_static
	axi_interconnect_v1_7_20_comparator_mask
	axi_interconnect_v1_7_20_comparator_sel_mask_static
	axi_interconnect_v1_7_20_comparator_sel_mask
	axi_interconnect_v1_7_20_top
End time: 11:33:43 on Jul 13,2023, Elapsed time: 0:00:01
Errors: 0, Warnings: 0
